#
# There is insufficient memory for the Java Runtime Environment to continue.
# Native memory allocation (mmap) failed to map 38797312 bytes for G1 virtual space
# Possible reasons:
#   The system is out of physical RAM or swap space
#   The process is running with CompressedOops enabled, and the Java Heap may be blocking the growth of the native heap
# Possible solutions:
#   Reduce memory load on the system
#   Increase physical memory or swap space
#   Check if swap backing store is full
#   Decrease Java heap size (-Xmx/-Xms)
#   Decrease number of Java threads
#   Decrease Java thread stack sizes (-Xss)
#   Set larger code cache with -XX:ReservedCodeCacheSize=
#   JVM is running with Unscaled Compressed Oops mode in which the Java heap is
#     placed in the first 4GB address space. The Java Heap base address is the
#     maximum limit for the native heap growth. Please use -XX:HeapBaseMinAddress
#     to set the Java Heap base and to place the Java Heap above 4GB virtual address.
# This output file may be truncated or incomplete.
#
#  Out of Memory Error (os_windows.cpp:3753), pid=14924, tid=18896
#
# JRE version: OpenJDK Runtime Environment JBR-17.0.4.1+7-469.62-jcef (17.0.4.1+7) (build 17.0.4.1+7-b469.62)
# Java VM: OpenJDK 64-Bit Server VM JBR-17.0.4.1+7-469.62-jcef (17.0.4.1+7-b469.62, mixed mode, tiered, compressed oops, compressed class ptrs, g1 gc, windows-amd64)
# No core dump will be written. Minidumps are not enabled by default on client versions of Windows
#

---------------  S U M M A R Y ------------

Command Line: -javaagent:C:\Program Files\JetBrains\IntelliJ IDEA Educational Edition 2022.2.2\lib\idea_rt.jar=41690:C:\Program Files\JetBrains\IntelliJ IDEA Educational Edition 2022.2.2\bin -Dfile.encoding=UTF-8 com.proyectojwt.ProyectoJwtApplication

Host: 11th Gen Intel(R) Core(TM) i5-1135G7 @ 2.40GHz, 8 cores, 7G,  Windows 11 , 64 bit Build 22621 (10.0.22621.3085)
Time: Tue Jan 30 14:39:21 2024 Hora est. Pacífico, Sudamérica elapsed time: 2.483602 seconds (0d 0h 0m 2s)

---------------  T H R E A D  ---------------

Current thread (0x0000013386adea20):  VMThread "VM Thread" [stack: 0x0000002298200000,0x0000002298300000] [id=18896]

Stack: [0x0000002298200000,0x0000002298300000]
Native frames: (J=compiled Java code, j=interpreted, Vv=VM code, C=native code)
V  [jvm.dll+0x68356a]
V  [jvm.dll+0x83fab4]
V  [jvm.dll+0x84125e]
V  [jvm.dll+0x8418c3]
V  [jvm.dll+0x249735]
V  [jvm.dll+0x680439]
V  [jvm.dll+0x674a7a]
V  [jvm.dll+0x30956b]
V  [jvm.dll+0x310a26]
V  [jvm.dll+0x36089e]
V  [jvm.dll+0x360acf]
V  [jvm.dll+0x2df658]
V  [jvm.dll+0x2dd924]
V  [jvm.dll+0x2dcf2c]
V  [jvm.dll+0x321adb]
V  [jvm.dll+0x845d9b]
V  [jvm.dll+0x846ad4]
V  [jvm.dll+0x846fed]
V  [jvm.dll+0x8473c4]
V  [jvm.dll+0x847490]
V  [jvm.dll+0x7ef8da]
V  [jvm.dll+0x6823a5]
C  [ucrtbase.dll+0x29363]
C  [KERNEL32.DLL+0x1257d]
C  [ntdll.dll+0x5aa58]

VM_Operation (0x00000022993fc460): G1CollectForAllocation, mode: safepoint, requested by thread 0x0000013389cfeb40


---------------  P R O C E S S  ---------------

Threads class SMR info:
_java_thread_list=0x000001338aac78c0, length=17, elements={
0x00000133ecaa0de0, 0x0000013386ac7ad0, 0x0000013386ac8590, 0x000001338743e4c0,
0x000001338743ef80, 0x0000013387443960, 0x0000013387446230, 0x0000013387446e20,
0x000001338744ac20, 0x0000013387453530, 0x0000013386a61bc0, 0x00000133876e2200,
0x0000013387786c10, 0x00000133876e2710, 0x0000013388c88660, 0x00000133899d0980,
0x0000013389cfeb40
}

Java Threads: ( => current thread )
  0x00000133ecaa0de0 JavaThread "main" [_thread_blocked, id=9780, stack(0x0000002297c00000,0x0000002297d00000)]
  0x0000013386ac7ad0 JavaThread "Reference Handler" daemon [_thread_blocked, id=16732, stack(0x0000002298300000,0x0000002298400000)]
  0x0000013386ac8590 JavaThread "Finalizer" daemon [_thread_blocked, id=7816, stack(0x0000002298400000,0x0000002298500000)]
  0x000001338743e4c0 JavaThread "Signal Dispatcher" daemon [_thread_blocked, id=10780, stack(0x0000002298500000,0x0000002298600000)]
  0x000001338743ef80 JavaThread "Attach Listener" daemon [_thread_blocked, id=6072, stack(0x0000002298600000,0x0000002298700000)]
  0x0000013387443960 JavaThread "Service Thread" daemon [_thread_blocked, id=11320, stack(0x0000002298700000,0x0000002298800000)]
  0x0000013387446230 JavaThread "Monitor Deflation Thread" daemon [_thread_blocked, id=4200, stack(0x0000002298800000,0x0000002298900000)]
  0x0000013387446e20 JavaThread "C2 CompilerThread0" daemon [_thread_in_native, id=12980, stack(0x0000002298900000,0x0000002298a00000)]
  0x000001338744ac20 JavaThread "C1 CompilerThread0" daemon [_thread_blocked, id=12892, stack(0x0000002298a00000,0x0000002298b00000)]
  0x0000013387453530 JavaThread "Sweeper thread" daemon [_thread_blocked, id=1588, stack(0x0000002298b00000,0x0000002298c00000)]
  0x0000013386a61bc0 JavaThread "Common-Cleaner" daemon [_thread_blocked, id=5540, stack(0x0000002298c00000,0x0000002298d00000)]
  0x00000133876e2200 JavaThread "C2 CompilerThread1" daemon [_thread_blocked, id=8492, stack(0x0000002298d00000,0x0000002298e00000)]
  0x0000013387786c10 JavaThread "Monitor Ctrl-Break" daemon [_thread_in_native, id=4492, stack(0x0000002298e00000,0x0000002298f00000)]
  0x00000133876e2710 JavaThread "Notification Thread" daemon [_thread_blocked, id=13844, stack(0x0000002298f00000,0x0000002299000000)]
  0x0000013388c88660 JavaThread "C2 CompilerThread2" daemon [_thread_in_native, id=19128, stack(0x0000002299100000,0x0000002299200000)]
  0x00000133899d0980 JavaThread "Thread-0" [_thread_blocked, id=15084, stack(0x0000002299200000,0x0000002299300000)]
  0x0000013389cfeb40 JavaThread "restartedMain" [_thread_blocked, id=7096, stack(0x0000002299300000,0x0000002299400000)]

Other Threads:
=>0x0000013386adea20 VMThread "VM Thread" [stack: 0x0000002298200000,0x0000002298300000] [id=18896]
  0x0000013387786630 WatcherThread [stack: 0x0000002299000000,0x0000002299100000] [id=5308]
  0x00000133ecafcf10 GCTaskThread "GC Thread#0" [stack: 0x0000002297d00000,0x0000002297e00000] [id=12344]
  0x0000013387cd5ec0 GCTaskThread "GC Thread#1" [stack: 0x0000002299400000,0x0000002299500000] [id=9084]
  0x0000013387cd6420 GCTaskThread "GC Thread#2" [stack: 0x0000002299500000,0x0000002299600000] [id=4180]
  0x0000013387cd6980 GCTaskThread "GC Thread#3" [stack: 0x0000002299600000,0x0000002299700000] [id=15908]
  0x0000013387cd66d0 GCTaskThread "GC Thread#4" [stack: 0x0000002299700000,0x0000002299800000] [id=15636]
  0x0000013387cd7190 GCTaskThread "GC Thread#5" [stack: 0x0000002299800000,0x0000002299900000] [id=18320]
  0x0000013387cd6c30 GCTaskThread "GC Thread#6" [stack: 0x0000002299900000,0x0000002299a00000] [id=13684]
  0x0000013387cd5960 GCTaskThread "GC Thread#7" [stack: 0x0000002299c00000,0x0000002299d00000] [id=5952]
  0x00000133ecb0d720 ConcurrentGCThread "G1 Main Marker" [stack: 0x0000002297e00000,0x0000002297f00000] [id=8556]
  0x00000133ecb0e7e0 ConcurrentGCThread "G1 Conc#0" [stack: 0x0000002297f00000,0x0000002298000000] [id=1856]
  0x0000013387cd5c10 ConcurrentGCThread "G1 Conc#1" [stack: 0x0000002299d00000,0x0000002299e00000] [id=7764]
  0x00000133ecb4df50 ConcurrentGCThread "G1 Refine#0" [stack: 0x0000002298000000,0x0000002298100000] [id=19172]
  0x00000133890b0e70 ConcurrentGCThread "G1 Refine#1" [stack: 0x0000002299a00000,0x0000002299b00000] [id=15484]
  0x00000133ecb4e880 ConcurrentGCThread "G1 Service" [stack: 0x0000002298100000,0x0000002298200000] [id=11068]

Threads with active compile tasks:
C2 CompilerThread0     2500 3604   !   4       org.springframework.core.annotation.AnnotationsScanner::processMethodHierarchy (276 bytes)
C1 CompilerThread0     2500 3746  s    3       java.io.ByteArrayInputStream::read (73 bytes)
C2 CompilerThread1     2500 3737       4       java.util.Properties$LineReader::readLine (584 bytes)
C2 CompilerThread2     2500 3599   !   4       org.springframework.core.annotation.AnnotationsScanner::processClassHierarchy (227 bytes)

VM state: at safepoint (normal execution)

VM Mutex/Monitor currently owned by a thread:  ([mutex/lock_event])
[0x00000133eca9b9f0] Threads_lock - owner thread: 0x0000013386adea20
[0x00000133eca9bf90] Heap_lock - owner thread: 0x0000013389cfeb40

Heap address: 0x0000000083200000, size: 1998 MB, Compressed Oops mode: 32-bit

CDS archive(s) not mapped
Compressed class space mapped at: 0x0000000100000000-0x0000000140000000, reserved size: 1073741824
Narrow klass base: 0x0000000000000000, Narrow klass shift: 3, Narrow klass range: 0x140000000

GC Precious Log:
 CPUs: 8 total, 8 available
 Memory: 7991M
 Large Page Support: Disabled
 NUMA Support: Disabled
 Compressed Oops: Enabled (32-bit)
 Heap Region Size: 1M
 Heap Min Capacity: 8M
 Heap Initial Capacity: 126M
 Heap Max Capacity: 1998M
 Pre-touch: Disabled
 Parallel Workers: 8
 Concurrent Workers: 2
 Concurrent Refinement Workers: 8
 Periodic GC: Disabled

Heap:
 garbage-first heap   total 37888K, used 17714K [0x0000000083200000, 0x0000000100000000)
  region size 1024K, 2 young (2048K), 2 survivors (2048K)
 Metaspace       used 40518K, committed 40832K, reserved 1089536K
  class space    used 5008K, committed 5184K, reserved 1048576K

Heap Regions: E=young(eden), S=young(survivor), O=old, HS=humongous(starts), HC=humongous(continues), CS=collection set, F=free, OA=open archive, CA=closed archive, TAMS=top-at-mark-start (previous, next)
|   0|0x0000000083200000, 0x0000000083300000, 0x0000000083300000|100%|HS|  |TAMS 0x0000000083300000, 0x0000000083300000| Complete 
|   1|0x0000000083300000, 0x0000000083400000, 0x0000000083400000|100%| O|  |TAMS 0x0000000083400000, 0x0000000083400000| Untracked 
|   2|0x0000000083400000, 0x0000000083500000, 0x0000000083500000|100%| O|  |TAMS 0x0000000083500000, 0x0000000083500000| Untracked 
|   3|0x0000000083500000, 0x0000000083600000, 0x0000000083600000|100%| O|  |TAMS 0x0000000083600000, 0x0000000083600000| Untracked 
|   4|0x0000000083600000, 0x0000000083700000, 0x0000000083700000|100%| O|  |TAMS 0x0000000083700000, 0x0000000083700000| Untracked 
|   5|0x0000000083700000, 0x0000000083800000, 0x0000000083800000|100%| O|  |TAMS 0x0000000083800000, 0x0000000083800000| Untracked 
|   6|0x0000000083800000, 0x0000000083900000, 0x0000000083900000|100%| O|  |TAMS 0x0000000083900000, 0x0000000083900000| Untracked 
|   7|0x0000000083900000, 0x0000000083a00000, 0x0000000083a00000|100%| O|  |TAMS 0x0000000083a00000, 0x0000000083a00000| Untracked 
|   8|0x0000000083a00000, 0x0000000083b00000, 0x0000000083b00000|100%| O|  |TAMS 0x0000000083b00000, 0x0000000083b00000| Untracked 
|   9|0x0000000083b00000, 0x0000000083c00000, 0x0000000083c00000|100%| O|  |TAMS 0x0000000083c00000, 0x0000000083c00000| Untracked 
|  10|0x0000000083c00000, 0x0000000083d00000, 0x0000000083d00000|100%| O|  |TAMS 0x0000000083d00000, 0x0000000083d00000| Untracked 
|  11|0x0000000083d00000, 0x0000000083d00000, 0x0000000083e00000|  0%| F|  |TAMS 0x0000000083d00000, 0x0000000083d00000| Untracked 
|  12|0x0000000083e00000, 0x0000000083f00000, 0x0000000083f00000|100%| O|  |TAMS 0x0000000083e23800, 0x0000000083f00000| Untracked 
|  13|0x0000000083f00000, 0x0000000084000000, 0x0000000084000000|100%| O|  |TAMS 0x0000000083f00000, 0x0000000084000000| Untracked 
|  14|0x0000000084000000, 0x0000000084100000, 0x0000000084100000|100%| O|  |TAMS 0x0000000084000000, 0x0000000084100000| Untracked 
|  15|0x0000000084100000, 0x0000000084200000, 0x0000000084200000|100%| O|  |TAMS 0x0000000084100000, 0x0000000084200000| Untracked 
|  16|0x0000000084200000, 0x0000000084300000, 0x0000000084300000|100%| O|  |TAMS 0x0000000084200000, 0x0000000084300000| Untracked 
|  17|0x0000000084300000, 0x0000000084322000, 0x0000000084400000| 13%| O|  |TAMS 0x0000000084300000, 0x0000000084322000| Untracked 
|  18|0x0000000084400000, 0x0000000084400000, 0x0000000084500000|  0%| F|  |TAMS 0x0000000084400000, 0x0000000084400000| Untracked 
|  19|0x0000000084500000, 0x0000000084500000, 0x0000000084600000|  0%| F|  |TAMS 0x0000000084500000, 0x0000000084500000| Untracked 
|  20|0x0000000084600000, 0x0000000084600000, 0x0000000084700000|  0%| F|  |TAMS 0x0000000084600000, 0x0000000084600000| Untracked 
|  21|0x0000000084700000, 0x0000000084700000, 0x0000000084800000|  0%| F|  |TAMS 0x0000000084700000, 0x0000000084700000| Untracked 
|  22|0x0000000084800000, 0x0000000084800000, 0x0000000084900000|  0%| F|  |TAMS 0x0000000084800000, 0x0000000084800000| Untracked 
|  23|0x0000000084900000, 0x000000008492ab20, 0x0000000084a00000| 16%| S|CS|TAMS 0x0000000084900000, 0x0000000084900000| Complete 
|  24|0x0000000084a00000, 0x0000000084b00000, 0x0000000084b00000|100%| S|CS|TAMS 0x0000000084a00000, 0x0000000084a00000| Complete 
|  25|0x0000000084b00000, 0x0000000084b00000, 0x0000000084c00000|  0%| F|  |TAMS 0x0000000084b00000, 0x0000000084b00000| Untracked 
|  26|0x0000000084c00000, 0x0000000084c00000, 0x0000000084d00000|  0%| F|  |TAMS 0x0000000084c00000, 0x0000000084c00000| Untracked 
|  27|0x0000000084d00000, 0x0000000084d00000, 0x0000000084e00000|  0%| F|  |TAMS 0x0000000084d00000, 0x0000000084d00000| Untracked 
|  28|0x0000000084e00000, 0x0000000084e00000, 0x0000000084f00000|  0%| F|  |TAMS 0x0000000084e00000, 0x0000000084e00000| Untracked 
|  29|0x0000000084f00000, 0x0000000084f00000, 0x0000000085000000|  0%| F|  |TAMS 0x0000000084f00000, 0x0000000084f00000| Untracked 
|  30|0x0000000085000000, 0x0000000085000000, 0x0000000085100000|  0%| F|  |TAMS 0x0000000085000000, 0x0000000085000000| Untracked 
|  31|0x0000000085100000, 0x0000000085100000, 0x0000000085200000|  0%| F|  |TAMS 0x0000000085100000, 0x0000000085100000| Untracked 
|  32|0x0000000085200000, 0x0000000085200000, 0x0000000085300000|  0%| F|  |TAMS 0x0000000085200000, 0x0000000085200000| Untracked 
|  33|0x0000000085300000, 0x0000000085300000, 0x0000000085400000|  0%| F|  |TAMS 0x0000000085300000, 0x0000000085300000| Untracked 
|  95|0x0000000089100000, 0x0000000089100000, 0x0000000089200000|  0%| F|  |TAMS 0x0000000089100000, 0x0000000089100000| Untracked 
|  96|0x0000000089200000, 0x0000000089200000, 0x0000000089300000|  0%| F|  |TAMS 0x0000000089200000, 0x0000000089200000| Untracked 
| 125|0x000000008af00000, 0x000000008af00000, 0x000000008b000000|  0%| F|  |TAMS 0x000000008af00000, 0x000000008af00000| Untracked 

Card table byte_map: [0x00000133ff910000,0x00000133ffd00000] _byte_map_base: 0x00000133ff4f7000

Marking Bits (Prev, Next): (CMBitMap*) 0x00000133ecafd430, (CMBitMap*) 0x00000133ecafd470
 Prev Bits: [0x00000133803f0000, 0x0000013382328000)
 Next Bits: [0x0000013382330000, 0x0000013384268000)

Polling page: 0x00000133ec250000

Metaspace:

Usage:
  Non-class:     34.68 MB used.
      Class:      4.89 MB used.
       Both:     39.57 MB used.

Virtual space:
  Non-class space:       40.00 MB reserved,      34.81 MB ( 87%) committed,  5 nodes.
      Class space:        1.00 GB reserved,       5.06 MB ( <1%) committed,  1 nodes.
             Both:        1.04 GB reserved,      39.88 MB (  4%) committed. 

Chunk freelists:
   Non-Class:  480.00 KB
       Class:  2.97 MB
        Both:  3.44 MB

MaxMetaspaceSize: unlimited
CompressedClassSpaceSize: 1.00 GB
Initial GC threshold: 21.00 MB
Current GC threshold: 58.69 MB
CDS: off
MetaspaceReclaimPolicy: balanced
 - commit_granule_bytes: 65536.
 - commit_granule_words: 8192.
 - virtual_space_node_default_size: 1048576.
 - enlarge_chunks_in_place: 1.
 - new_chunks_are_fully_committed: 0.
 - uncommit_free_chunks: 1.
 - use_allocation_guard: 0.
 - handle_deallocations: 1.


Internal statistics:

num_allocs_failed_limit: 6.
num_arena_births: 258.
num_arena_deaths: 0.
num_vsnodes_births: 6.
num_vsnodes_deaths: 0.
num_space_committed: 638.
num_space_uncommitted: 0.
num_chunks_returned_to_freelist: 6.
num_chunks_taken_from_freelist: 1361.
num_chunk_merges: 6.
num_chunk_splits: 950.
num_chunks_enlarged: 745.
num_purges: 0.
num_inconsistent_stats: 0.

CodeHeap 'non-profiled nmethods': size=120000Kb used=1991Kb max_used=1991Kb free=118008Kb
 bounds [0x00000133f7cb0000, 0x00000133f7f20000, 0x00000133ff1e0000]
CodeHeap 'profiled nmethods': size=120000Kb used=8272Kb max_used=8272Kb free=111727Kb
 bounds [0x00000133f0780000, 0x00000133f0fa0000, 0x00000133f7cb0000]
CodeHeap 'non-nmethods': size=5760Kb used=1208Kb max_used=1272Kb free=4551Kb
 bounds [0x00000133f01e0000, 0x00000133f0450000, 0x00000133f0780000]
 total_blobs=4210 nmethods=3717 adapters=405
 compilation: enabled
              stopped_count=0, restarted_count=0
 full_count=0

Compilation events (20 events):
Event: 2.450 Thread 0x000001338744ac20 nmethod 3734 0x00000133f7e9e410 code [0x00000133f7e9e5a0, 0x00000133f7e9e678]
Event: 2.454 Thread 0x000001338744ac20 3736       1       java.util.logging.Level::intValue (5 bytes)
Event: 2.454 Thread 0x000001338744ac20 nmethod 3736 0x00000133f7e9e710 code [0x00000133f7e9e8a0, 0x00000133f7e9e978]
Event: 2.462 Thread 0x00000133876e2200 nmethod 3656% 0x00000133f7e9ea10 code [0x00000133f7e9ec40, 0x00000133f7ea0130]
Event: 2.462 Thread 0x00000133876e2200 3703  s    4       java.io.ByteArrayOutputStream::write (43 bytes)
Event: 2.466 Thread 0x00000133876e2200 nmethod 3703 0x00000133f7ea0d90 code [0x00000133f7ea0f20, 0x00000133f7ea1738]
Event: 2.466 Thread 0x00000133876e2200 3737       4       java.util.Properties$LineReader::readLine (584 bytes)
Event: 2.471 Thread 0x000001338744ac20 3738       1       java.util.ResourceBundle$CacheKey::getLocale (5 bytes)
Event: 2.472 Thread 0x000001338744ac20 nmethod 3738 0x00000133f7ea1a10 code [0x00000133f7ea1ba0, 0x00000133f7ea1c78]
Event: 2.472 Thread 0x000001338744ac20 3739       3       java.util.BitSet::expandTo (23 bytes)
Event: 2.472 Thread 0x000001338744ac20 nmethod 3739 0x00000133f0f91610 code [0x00000133f0f917c0, 0x00000133f0f91968]
Event: 2.472 Thread 0x000001338744ac20 3740       3       java.util.BitSet::set (58 bytes)
Event: 2.473 Thread 0x000001338744ac20 nmethod 3740 0x00000133f0f91a10 code [0x00000133f0f91c80, 0x00000133f0f924d8]
Event: 2.476 Thread 0x000001338744ac20 3742   !   3       java.util.zip.Inflater::needsDictionary (19 bytes)
Event: 2.476 Thread 0x000001338744ac20 nmethod 3742 0x00000133f0f92890 code [0x00000133f0f92a20, 0x00000133f0f92c18]
Event: 2.477 Thread 0x000001338744ac20 3743   !   2       java.util.zip.InflaterInputStream::read (138 bytes)
Event: 2.478 Thread 0x000001338744ac20 nmethod 3743 0x00000133f0f92d10 code [0x00000133f0f92f80, 0x00000133f0f93818]
Event: 2.478 Thread 0x000001338744ac20 3744       3       java.io.ByteArrayOutputStream::<init> (7 bytes)
Event: 2.478 Thread 0x000001338744ac20 nmethod 3744 0x00000133f0f93d90 code [0x00000133f0f93f20, 0x00000133f0f94068]
Event: 2.479 Thread 0x000001338744ac20 3746  s    3       java.io.ByteArrayInputStream::read (73 bytes)

GC Heap History (20 events):
Event: 0.863 GC heap after
{Heap after GC invocations=2 (full 0):
 garbage-first heap   total 129024K, used 9433K [0x0000000083200000, 0x0000000100000000)
  region size 1024K, 2 young (2048K), 2 survivors (2048K)
 Metaspace       used 21322K, committed 21504K, reserved 1073152K
  class space    used 2430K, committed 2560K, reserved 1048576K
}
Event: 1.020 GC heap before
{Heap before GC invocations=3 (full 0):
 garbage-first heap   total 37888K, used 26841K [0x0000000083200000, 0x0000000100000000)
  region size 1024K, 20 young (20480K), 2 survivors (2048K)
 Metaspace       used 25424K, committed 25600K, reserved 1073152K
  class space    used 2994K, committed 3072K, reserved 1048576K
}
Event: 1.022 GC heap after
{Heap after GC invocations=4 (full 0):
 garbage-first heap   total 37888K, used 10490K [0x0000000083200000, 0x0000000100000000)
  region size 1024K, 3 young (3072K), 3 survivors (3072K)
 Metaspace       used 25424K, committed 25600K, reserved 1073152K
  class space    used 2994K, committed 3072K, reserved 1048576K
}
Event: 1.028 GC heap before
{Heap before GC invocations=4 (full 0):
 garbage-first heap   total 37888K, used 11514K [0x0000000083200000, 0x0000000100000000)
  region size 1024K, 4 young (4096K), 3 survivors (3072K)
 Metaspace       used 25551K, committed 25728K, reserved 1073152K
  class space    used 3003K, committed 3072K, reserved 1048576K
}
Event: 1.030 GC heap after
{Heap after GC invocations=5 (full 0):
 garbage-first heap   total 37888K, used 10713K [0x0000000083200000, 0x0000000100000000)
  region size 1024K, 1 young (1024K), 1 survivors (1024K)
 Metaspace       used 25551K, committed 25728K, reserved 1073152K
  class space    used 3003K, committed 3072K, reserved 1048576K
}
Event: 1.138 GC heap before
{Heap before GC invocations=5 (full 0):
 garbage-first heap   total 37888K, used 26073K [0x0000000083200000, 0x0000000100000000)
  region size 1024K, 16 young (16384K), 1 survivors (1024K)
 Metaspace       used 28688K, committed 28928K, reserved 1081344K
  class space    used 3372K, committed 3520K, reserved 1048576K
}
Event: 1.140 GC heap after
{Heap after GC invocations=6 (full 0):
 garbage-first heap   total 37888K, used 11640K [0x0000000083200000, 0x0000000100000000)
  region size 1024K, 2 young (2048K), 2 survivors (2048K)
 Metaspace       used 28688K, committed 28928K, reserved 1081344K
  class space    used 3372K, committed 3520K, reserved 1048576K
}
Event: 1.344 GC heap before
{Heap before GC invocations=6 (full 0):
 garbage-first heap   total 37888K, used 27000K [0x0000000083200000, 0x0000000100000000)
  region size 1024K, 17 young (17408K), 2 survivors (2048K)
 Metaspace       used 30126K, committed 30400K, reserved 1081344K
  class space    used 3563K, committed 3712K, reserved 1048576K
}
Event: 1.345 GC heap after
{Heap after GC invocations=7 (full 0):
 garbage-first heap   total 37888K, used 12648K [0x0000000083200000, 0x0000000100000000)
  region size 1024K, 3 young (3072K), 3 survivors (3072K)
 Metaspace       used 30126K, committed 30400K, reserved 1081344K
  class space    used 3563K, committed 3712K, reserved 1048576K
}
Event: 1.596 GC heap before
{Heap before GC invocations=7 (full 0):
 garbage-first heap   total 37888K, used 26984K [0x0000000083200000, 0x0000000100000000)
  region size 1024K, 18 young (18432K), 3 survivors (3072K)
 Metaspace       used 32290K, committed 32640K, reserved 1081344K
  class space    used 3866K, committed 4032K, reserved 1048576K
}
Event: 1.598 GC heap after
{Heap after GC invocations=8 (full 0):
 garbage-first heap   total 37888K, used 13574K [0x0000000083200000, 0x0000000100000000)
  region size 1024K, 3 young (3072K), 3 survivors (3072K)
 Metaspace       used 32290K, committed 32640K, reserved 1081344K
  class space    used 3866K, committed 4032K, reserved 1048576K
}
Event: 1.886 GC heap before
{Heap before GC invocations=8 (full 0):
 garbage-first heap   total 37888K, used 27910K [0x0000000083200000, 0x0000000100000000)
  region size 1024K, 17 young (17408K), 3 survivors (3072K)
 Metaspace       used 34766K, committed 35072K, reserved 1081344K
  class space    used 4206K, committed 4352K, reserved 1048576K
}
Event: 1.888 GC heap after
{Heap after GC invocations=9 (full 0):
 garbage-first heap   total 37888K, used 14746K [0x0000000083200000, 0x0000000100000000)
  region size 1024K, 3 young (3072K), 3 survivors (3072K)
 Metaspace       used 34766K, committed 35072K, reserved 1081344K
  class space    used 4206K, committed 4352K, reserved 1048576K
}
Event: 2.002 GC heap before
{Heap before GC invocations=9 (full 0):
 garbage-first heap   total 37888K, used 19866K [0x0000000083200000, 0x0000000100000000)
  region size 1024K, 9 young (9216K), 3 survivors (3072K)
 Metaspace       used 35782K, committed 35968K, reserved 1081344K
  class space    used 4374K, committed 4480K, reserved 1048576K
}
Event: 2.005 GC heap after
{Heap after GC invocations=10 (full 0):
 garbage-first heap   total 37888K, used 15543K [0x0000000083200000, 0x0000000100000000)
  region size 1024K, 1 young (1024K), 1 survivors (1024K)
 Metaspace       used 35782K, committed 35968K, reserved 1081344K
  class space    used 4374K, committed 4480K, reserved 1048576K
}
Event: 2.247 GC heap before
{Heap before GC invocations=11 (full 0):
 garbage-first heap   total 37888K, used 27831K [0x0000000083200000, 0x0000000100000000)
  region size 1024K, 13 young (13312K), 1 survivors (1024K)
 Metaspace       used 37967K, committed 38272K, reserved 1089536K
  class space    used 4732K, committed 4864K, reserved 1048576K
}
Event: 2.248 GC heap after
{Heap after GC invocations=12 (full 0):
 garbage-first heap   total 37888K, used 16794K [0x0000000083200000, 0x0000000100000000)
  region size 1024K, 2 young (2048K), 2 survivors (2048K)
 Metaspace       used 37967K, committed 38272K, reserved 1089536K
  class space    used 4732K, committed 4864K, reserved 1048576K
}
Event: 2.303 GC heap before
{Heap before GC invocations=12 (full 0):
 garbage-first heap   total 37888K, used 17818K [0x0000000083200000, 0x0000000100000000)
  region size 1024K, 3 young (3072K), 2 survivors (2048K)
 Metaspace       used 38447K, committed 38656K, reserved 1089536K
  class space    used 4789K, committed 4864K, reserved 1048576K
}
Event: 2.305 GC heap after
{Heap after GC invocations=13 (full 0):
 garbage-first heap   total 37888K, used 16880K [0x0000000083200000, 0x0000000100000000)
  region size 1024K, 1 young (1024K), 1 survivors (1024K)
 Metaspace       used 38447K, committed 38656K, reserved 1089536K
  class space    used 4789K, committed 4864K, reserved 1048576K
}
Event: 2.480 GC heap before
{Heap before GC invocations=13 (full 0):
 garbage-first heap   total 37888K, used 28144K [0x0000000083200000, 0x0000000100000000)
  region size 1024K, 12 young (12288K), 1 survivors (1024K)
 Metaspace       used 40518K, committed 40832K, reserved 1089536K
  class space    used 5008K, committed 5184K, reserved 1048576K
}

Deoptimization events (20 events):
Event: 2.471 Thread 0x0000013389cfeb40 Uncommon trap: trap_request=0xfffffff4 fr.pc=0x00000133f7d60950 relative=0x00000000000023d0
Event: 2.471 Thread 0x0000013389cfeb40 Uncommon trap: reason=null_check action=make_not_entrant pc=0x00000133f7d60950 method=java.net.URL.getURLStreamHandler(Ljava/lang/String;)Ljava/net/URLStreamHandler; @ 7 c2
Event: 2.471 Thread 0x0000013389cfeb40 DEOPT PACKING pc=0x00000133f7d60950 sp=0x00000022993fc270
Event: 2.471 Thread 0x0000013389cfeb40 DEOPT UNPACKING pc=0x00000133f0235c23 sp=0x00000022993fc198 mode 2
Event: 2.474 Thread 0x0000013389cfeb40 Uncommon trap: trap_request=0xffffffde fr.pc=0x00000133f7d892ac relative=0x000000000000158c
Event: 2.474 Thread 0x0000013389cfeb40 Uncommon trap: reason=class_check action=maybe_recompile pc=0x00000133f7d892ac method=java.util.zip.InflaterInputStream.read([BII)I @ 100 c2
Event: 2.474 Thread 0x0000013389cfeb40 DEOPT PACKING pc=0x00000133f7d892ac sp=0x00000022993fc680
Event: 2.474 Thread 0x0000013389cfeb40 DEOPT UNPACKING pc=0x00000133f0235c23 sp=0x00000022993fc6d0 mode 2
Event: 2.474 Thread 0x0000013389cfeb40 Uncommon trap: trap_request=0xffffffde fr.pc=0x00000133f7d892ac relative=0x000000000000158c
Event: 2.474 Thread 0x0000013389cfeb40 Uncommon trap: reason=class_check action=maybe_recompile pc=0x00000133f7d892ac method=java.util.zip.InflaterInputStream.read([BII)I @ 100 c2
Event: 2.474 Thread 0x0000013389cfeb40 DEOPT PACKING pc=0x00000133f7d892ac sp=0x00000022993fc5c0
Event: 2.474 Thread 0x0000013389cfeb40 DEOPT UNPACKING pc=0x00000133f0235c23 sp=0x00000022993fc610 mode 2
Event: 2.475 Thread 0x0000013389cfeb40 Uncommon trap: trap_request=0xffffffde fr.pc=0x00000133f7d892ac relative=0x000000000000158c
Event: 2.475 Thread 0x0000013389cfeb40 Uncommon trap: reason=class_check action=maybe_recompile pc=0x00000133f7d892ac method=java.util.zip.InflaterInputStream.read([BII)I @ 100 c2
Event: 2.475 Thread 0x0000013389cfeb40 DEOPT PACKING pc=0x00000133f7d892ac sp=0x00000022993fc680
Event: 2.475 Thread 0x0000013389cfeb40 DEOPT UNPACKING pc=0x00000133f0235c23 sp=0x00000022993fc6d0 mode 2
Event: 2.475 Thread 0x0000013389cfeb40 Uncommon trap: trap_request=0xffffffde fr.pc=0x00000133f7d892ac relative=0x000000000000158c
Event: 2.475 Thread 0x0000013389cfeb40 Uncommon trap: reason=class_check action=maybe_recompile pc=0x00000133f7d892ac method=java.util.zip.InflaterInputStream.read([BII)I @ 100 c2
Event: 2.475 Thread 0x0000013389cfeb40 DEOPT PACKING pc=0x00000133f7d892ac sp=0x00000022993fc5c0
Event: 2.475 Thread 0x0000013389cfeb40 DEOPT UNPACKING pc=0x00000133f0235c23 sp=0x00000022993fc610 mode 2

Classes unloaded (0 events):
No events

Classes redefined (0 events):
No events

Internal exceptions (20 events):
Event: 2.028 Thread 0x0000013389cfeb40 Exception <a 'java/lang/ClassNotFoundException'{0x000000008afdc348}: org/springframework/security/access/intercept/aopalliance/MethodSecurityMetadataSourceAdvisorCustomizer> (0x000000008afdc348) 
thrown [s\src\hotspot\share\classfile\systemDictionary.cpp, line 256]
Event: 2.028 Thread 0x0000013389cfeb40 Exception <a 'java/lang/ClassNotFoundException'{0x000000008afe8438}: org/springframework/beans/factory/BeanFactoryAwareCustomizer> (0x000000008afe8438) 
thrown [s\src\hotspot\share\classfile\systemDictionary.cpp, line 256]
Event: 2.029 Thread 0x0000013389cfeb40 Exception <a 'java/lang/ClassNotFoundException'{0x000000008afedd10}: org/springframework/beans/factory/AwareCustomizer> (0x000000008afedd10) 
thrown [s\src\hotspot\share\classfile\systemDictionary.cpp, line 256]
Event: 2.029 Thread 0x0000013389cfeb40 Exception <a 'java/lang/ClassNotFoundException'{0x000000008aff2150}: org/springframework/aop/PointcutAdvisorCustomizer> (0x000000008aff2150) 
thrown [s\src\hotspot\share\classfile\systemDictionary.cpp, line 256]
Event: 2.029 Thread 0x0000013389cfeb40 Exception <a 'java/lang/ClassNotFoundException'{0x000000008aff7600}: org/springframework/aop/AdvisorCustomizer> (0x000000008aff7600) 
thrown [s\src\hotspot\share\classfile\systemDictionary.cpp, line 256]
Event: 2.030 Thread 0x0000013389cfeb40 Exception <a 'java/lang/ClassNotFoundException'{0x000000008affd290}: org/springframework/core/OrderedCustomizer> (0x000000008affd290) 
thrown [s\src\hotspot\share\classfile\systemDictionary.cpp, line 256]
Event: 2.109 Thread 0x0000013389cfeb40 Implicit null exception at 0x00000133f7e604e3 to 0x00000133f7e60cec
Event: 2.112 Thread 0x0000013389cfeb40 Exception <a 'java/lang/NoSuchMethodError'{0x00000000852be630}: 'java.lang.Object java.lang.invoke.DirectMethodHandle$Holder.invokeStatic(java.lang.Object, java.lang.Object, int)'> (0x00000000852be630) 
thrown [s\src\hotspot\share\interpreter\linkResolver.cpp, line 771]
Event: 2.113 Thread 0x0000013389cfeb40 Exception <a 'java/lang/NoSuchMethodError'{0x00000000852ca278}: 'void java.lang.invoke.DelegatingMethodHandle$Holder.delegate(java.lang.Object, java.lang.Object, int, java.lang.Object)'> (0x00000000852ca278) 
thrown [s\src\hotspot\share\interpreter\linkResolver.cpp, line 771]
Event: 2.126 Thread 0x0000013389cfeb40 Exception <a 'java/lang/NoSuchMethodError'{0x0000000085161bd8}: 'void java.lang.invoke.DirectMethodHandle$Holder.invokeStatic(java.lang.Object, java.lang.Object, int)'> (0x0000000085161bd8) 
thrown [s\src\hotspot\share\interpreter\linkResolver.cpp, line 771]
Event: 2.155 Thread 0x0000013389cfeb40 Exception <a 'java/lang/NoSuchMethodError'{0x0000000084fbd368}: 'void java.lang.invoke.DirectMethodHandle$Holder.invokeInterface(java.lang.Object, java.lang.Object, int)'> (0x0000000084fbd368) 
thrown [s\src\hotspot\share\interpreter\linkResolver.cpp, line 771]
Event: 2.160 Thread 0x0000013389cfeb40 Exception <a 'java/lang/IncompatibleClassChangeError'{0x0000000084e0d570}: Found class java.lang.Object, but interface was expected> (0x0000000084e0d570) 
thrown [s\src\hotspot\share\interpreter\linkResolver.cpp, line 838]
Event: 2.161 Thread 0x0000013389cfeb40 Exception <a 'java/lang/NoSuchMethodError'{0x0000000084e18798}: 'void java.lang.invoke.DirectMethodHandle$Holder.invokeStatic(java.lang.Object, int, java.lang.Object)'> (0x0000000084e18798) 
thrown [s\src\hotspot\share\interpreter\linkResolver.cpp, line 771]
Event: 2.165 Thread 0x0000013389cfeb40 Exception <a 'java/lang/NoSuchMethodError'{0x0000000084e47c28}: 'int java.lang.invoke.DirectMethodHandle$Holder.invokeSpecial(java.lang.Object, java.lang.Object, int)'> (0x0000000084e47c28) 
thrown [s\src\hotspot\share\interpreter\linkResolver.cpp, line 771]
Event: 2.244 Thread 0x0000013389cfeb40 Exception <a 'java/lang/NoSuchMethodError'{0x0000000084af1720}: 'java.lang.Object java.lang.invoke.DirectMethodHandle$Holder.invokeStaticInit(java.lang.Object, int, int, int, int)'> (0x0000000084af1720) 
thrown [s\src\hotspot\share\interpreter\linkResolver.cpp, line 771]
Event: 2.286 Thread 0x0000013389cfeb40 Exception <a 'java/lang/NoSuchMethodError'{0x000000008af2c3a8}: 'java.lang.Object java.lang.invoke.DirectMethodHandle$Holder.invokeStaticInit(java.lang.Object, java.lang.Object, int, int, int, int)'> (0x000000008af2c3a8) 
thrown [s\src\hotspot\share\interpreter\linkResolver.cpp, line 771]
Event: 2.432 Thread 0x0000013389cfeb40 Exception <a 'sun/nio/fs/WindowsException'{0x0000000084d73c70}> (0x0000000084d73c70) 
thrown [s\src\hotspot\share\prims\jni.cpp, line 517]
Event: 2.433 Thread 0x0000013389cfeb40 Exception <a 'sun/nio/fs/WindowsException'{0x0000000084d79940}> (0x0000000084d79940) 
thrown [s\src\hotspot\share\prims\jni.cpp, line 517]
Event: 2.433 Thread 0x0000013389cfeb40 Exception <a 'sun/nio/fs/WindowsException'{0x0000000084d7a038}> (0x0000000084d7a038) 
thrown [s\src\hotspot\share\prims\jni.cpp, line 517]
Event: 2.471 Thread 0x0000013389cfeb40 Implicit null exception at 0x00000133f7d5eeac to 0x00000133f7d60940

VM Operations (20 events):
Event: 2.032 Executing VM operation: HandshakeAllThreads done
Event: 2.112 Executing VM operation: HandshakeAllThreads
Event: 2.112 Executing VM operation: HandshakeAllThreads done
Event: 2.118 Executing VM operation: HandshakeAllThreads
Event: 2.118 Executing VM operation: HandshakeAllThreads done
Event: 2.122 Executing VM operation: HandshakeAllThreads
Event: 2.122 Executing VM operation: HandshakeAllThreads done
Event: 2.132 Executing VM operation: ICBufferFull
Event: 2.132 Executing VM operation: ICBufferFull done
Event: 2.247 Executing VM operation: G1CollectForAllocation
Event: 2.248 Executing VM operation: G1CollectForAllocation done
Event: 2.284 Executing VM operation: HandshakeAllThreads
Event: 2.284 Executing VM operation: HandshakeAllThreads done
Event: 2.302 Executing VM operation: G1CollectForAllocation
Event: 2.305 Executing VM operation: G1CollectForAllocation done
Event: 2.400 Executing VM operation: HandshakeAllThreads
Event: 2.400 Executing VM operation: HandshakeAllThreads done
Event: 2.466 Executing VM operation: HandshakeAllThreads
Event: 2.466 Executing VM operation: HandshakeAllThreads done
Event: 2.480 Executing VM operation: G1CollectForAllocation

Events (20 events):
Event: 2.447 loading class java/util/concurrent/ScheduledThreadPoolExecutor$DelayedWorkQueue
Event: 2.447 loading class java/util/concurrent/ScheduledThreadPoolExecutor$DelayedWorkQueue done
Event: 2.448 loading class java/util/concurrent/RunnableScheduledFuture
Event: 2.448 loading class java/util/concurrent/ScheduledFuture
Event: 2.448 loading class java/util/concurrent/Delayed
Event: 2.448 loading class java/util/concurrent/Delayed done
Event: 2.448 loading class java/util/concurrent/ScheduledFuture done
Event: 2.448 loading class java/util/concurrent/RunnableScheduledFuture done
Event: 2.448 loading class java/util/logging/LogRecord
Event: 2.449 loading class java/util/logging/LogRecord done
Event: 2.451 loading class java/io/PrintWriter
Event: 2.453 loading class java/io/PrintWriter done
Event: 2.473 loading class java/util/jar/JarInputStream
Event: 2.473 loading class java/util/zip/ZipInputStream
Event: 2.474 loading class java/util/zip/ZipInputStream done
Event: 2.474 loading class java/util/jar/JarInputStream done
Event: 2.474 loading class java/io/PushbackInputStream
Event: 2.474 loading class java/io/PushbackInputStream done
Event: 2.474 loading class sun/security/util/ManifestEntryVerifier
Event: 2.474 loading class sun/security/util/ManifestEntryVerifier done


Dynamic libraries:
0x00007ff740f10000 - 0x00007ff740f1a000 	C:\Program Files\JetBrains\IntelliJ IDEA Educational Edition 2022.2.2\jbr\bin\java.exe
0x00007ffeaf150000 - 0x00007ffeaf367000 	C:\WINDOWS\SYSTEM32\ntdll.dll
0x00007ffead350000 - 0x00007ffead414000 	C:\WINDOWS\System32\KERNEL32.DLL
0x00007ffeac620000 - 0x00007ffeac9c6000 	C:\WINDOWS\System32\KERNELBASE.dll
0x00007ffeacbe0000 - 0x00007ffeaccf1000 	C:\WINDOWS\System32\ucrtbase.dll
0x00007ffea2d50000 - 0x00007ffea2d67000 	C:\Program Files\JetBrains\IntelliJ IDEA Educational Edition 2022.2.2\jbr\bin\jli.dll
0x00007ffea46c0000 - 0x00007ffea46db000 	C:\Program Files\JetBrains\IntelliJ IDEA Educational Edition 2022.2.2\jbr\bin\VCRUNTIME140.dll
0x00007ffeaef60000 - 0x00007ffeaf10e000 	C:\WINDOWS\System32\USER32.dll
0x00007ffeac9d0000 - 0x00007ffeac9f6000 	C:\WINDOWS\System32\win32u.dll
0x00007ffea20d0000 - 0x00007ffea2363000 	C:\WINDOWS\WinSxS\amd64_microsoft.windows.common-controls_6595b64144ccf1df_6.0.22621.2506_none_270c5ae97388e100\COMCTL32.dll
0x00007ffeaef30000 - 0x00007ffeaef59000 	C:\WINDOWS\System32\GDI32.dll
0x00007ffeacd80000 - 0x00007ffeace98000 	C:\WINDOWS\System32\gdi32full.dll
0x00007ffeaee80000 - 0x00007ffeaef27000 	C:\WINDOWS\System32\msvcrt.dll
0x00007ffeac490000 - 0x00007ffeac52a000 	C:\WINDOWS\System32\msvcp_win.dll
0x00007ffeaed40000 - 0x00007ffeaed71000 	C:\WINDOWS\System32\IMM32.DLL
0x00007ffea4790000 - 0x00007ffea479c000 	C:\Program Files\JetBrains\IntelliJ IDEA Educational Edition 2022.2.2\jbr\bin\vcruntime140_1.dll
0x00007ffe88640000 - 0x00007ffe886cd000 	C:\Program Files\JetBrains\IntelliJ IDEA Educational Edition 2022.2.2\jbr\bin\msvcp140.dll
0x00007ffe61280000 - 0x00007ffe61ee9000 	C:\Program Files\JetBrains\IntelliJ IDEA Educational Edition 2022.2.2\jbr\bin\server\jvm.dll
0x00007ffeaec80000 - 0x00007ffeaed33000 	C:\WINDOWS\System32\ADVAPI32.dll
0x00007ffead790000 - 0x00007ffead838000 	C:\WINDOWS\System32\sechost.dll
0x00007ffeac530000 - 0x00007ffeac558000 	C:\WINDOWS\System32\bcrypt.dll
0x00007ffeada40000 - 0x00007ffeadb57000 	C:\WINDOWS\System32\RPCRT4.dll
0x00007ffeada30000 - 0x00007ffeada38000 	C:\WINDOWS\System32\PSAPI.DLL
0x00007ffe954f0000 - 0x00007ffe954f9000 	C:\WINDOWS\SYSTEM32\WSOCK32.dll
0x00007ffea7870000 - 0x00007ffea78a4000 	C:\WINDOWS\SYSTEM32\WINMM.dll
0x00007ffea2e60000 - 0x00007ffea2e6a000 	C:\WINDOWS\SYSTEM32\VERSION.dll
0x00007ffeaed80000 - 0x00007ffeaedf1000 	C:\WINDOWS\System32\WS2_32.dll
0x00007ffeab4d0000 - 0x00007ffeab4e8000 	C:\WINDOWS\SYSTEM32\kernel.appcore.dll
0x00007ffea79a0000 - 0x00007ffea79aa000 	C:\Program Files\JetBrains\IntelliJ IDEA Educational Edition 2022.2.2\jbr\bin\jimage.dll
0x00007ffea9bc0000 - 0x00007ffea9df3000 	C:\WINDOWS\SYSTEM32\DBGHELP.DLL
0x00007ffeae6c0000 - 0x00007ffeaea49000 	C:\WINDOWS\System32\combase.dll
0x00007ffead6b0000 - 0x00007ffead787000 	C:\WINDOWS\System32\OLEAUT32.dll
0x00007ffea3b90000 - 0x00007ffea3bc2000 	C:\WINDOWS\SYSTEM32\dbgcore.DLL
0x00007ffeacd00000 - 0x00007ffeacd7a000 	C:\WINDOWS\System32\bcryptPrimitives.dll
0x00007ffea6b60000 - 0x00007ffea6b6e000 	C:\Program Files\JetBrains\IntelliJ IDEA Educational Edition 2022.2.2\jbr\bin\instrument.dll
0x00007ffea6c80000 - 0x00007ffea6ca5000 	C:\Program Files\JetBrains\IntelliJ IDEA Educational Edition 2022.2.2\jbr\bin\java.dll
0x00007ffea7000000 - 0x00007ffea7018000 	C:\Program Files\JetBrains\IntelliJ IDEA Educational Edition 2022.2.2\jbr\bin\zip.dll
0x00007ffeade60000 - 0x00007ffeae6bb000 	C:\WINDOWS\System32\SHELL32.dll
0x00007ffeaa3f0000 - 0x00007ffeaace6000 	C:\WINDOWS\SYSTEM32\windows.storage.dll
0x00007ffeaa2b0000 - 0x00007ffeaa3ee000 	C:\WINDOWS\SYSTEM32\wintypes.dll
0x00007ffead520000 - 0x00007ffead613000 	C:\WINDOWS\System32\SHCORE.dll
0x00007ffeadc20000 - 0x00007ffeadc7e000 	C:\WINDOWS\System32\shlwapi.dll
0x00007ffeac3c0000 - 0x00007ffeac3e6000 	C:\WINDOWS\SYSTEM32\profapi.dll
0x00007ffea6ad0000 - 0x00007ffea6ae9000 	C:\Program Files\JetBrains\IntelliJ IDEA Educational Edition 2022.2.2\jbr\bin\net.dll
0x00007ffea7300000 - 0x00007ffea7437000 	C:\WINDOWS\SYSTEM32\WINHTTP.dll
0x00007ffeab950000 - 0x00007ffeab9b9000 	C:\WINDOWS\system32\mswsock.dll
0x00007ffea69d0000 - 0x00007ffea69e6000 	C:\Program Files\JetBrains\IntelliJ IDEA Educational Edition 2022.2.2\jbr\bin\nio.dll
0x00007ffea6a10000 - 0x00007ffea6a2a000 	C:\Program Files\JetBrains\IntelliJ IDEA Educational Edition 2022.2.2\bin\breakgen64.dll
0x00007ffe9f7d0000 - 0x00007ffe9f7e0000 	C:\Program Files\JetBrains\IntelliJ IDEA Educational Edition 2022.2.2\jbr\bin\verify.dll
0x00007ffe9e100000 - 0x00007ffe9e109000 	C:\Program Files\JetBrains\IntelliJ IDEA Educational Edition 2022.2.2\jbr\bin\management.dll
0x00007ffe9d5e0000 - 0x00007ffe9d5eb000 	C:\Program Files\JetBrains\IntelliJ IDEA Educational Edition 2022.2.2\jbr\bin\management_ext.dll
0x00007ffe93a30000 - 0x00007ffe93a47000 	C:\WINDOWS\system32\napinsp.dll
0x00007ffe93100000 - 0x00007ffe9311b000 	C:\WINDOWS\system32\pnrpnsp.dll
0x00007ffeaafc0000 - 0x00007ffeab0b9000 	C:\WINDOWS\SYSTEM32\DNSAPI.dll
0x00007ffeaaf90000 - 0x00007ffeaafbd000 	C:\WINDOWS\SYSTEM32\IPHLPAPI.DLL
0x00007ffeadb60000 - 0x00007ffeadb69000 	C:\WINDOWS\System32\NSI.dll
0x00007ffe930a0000 - 0x00007ffe930b1000 	C:\WINDOWS\System32\winrnr.dll
0x00007ffe93080000 - 0x00007ffe93095000 	C:\WINDOWS\system32\wshbth.dll
0x00007ffe93020000 - 0x00007ffe93041000 	C:\WINDOWS\system32\nlansp_c.dll
0x00007ffea60c0000 - 0x00007ffea60ca000 	C:\Windows\System32\rasadhlp.dll
0x00007ffea60d0000 - 0x00007ffea6153000 	C:\WINDOWS\System32\fwpuclnt.dll
0x00007ffeabc10000 - 0x00007ffeabc2b000 	C:\WINDOWS\SYSTEM32\CRYPTSP.dll
0x00007ffeab430000 - 0x00007ffeab465000 	C:\WINDOWS\system32\rsaenh.dll
0x00007ffeabab0000 - 0x00007ffeabadc000 	C:\WINDOWS\SYSTEM32\USERENV.dll
0x00007ffeabc30000 - 0x00007ffeabc3c000 	C:\WINDOWS\SYSTEM32\CRYPTBASE.dll
0x00007ffea72d0000 - 0x00007ffea72e9000 	C:\WINDOWS\SYSTEM32\dhcpcsvc6.DLL
0x00007ffea71f0000 - 0x00007ffea720f000 	C:\WINDOWS\SYSTEM32\dhcpcsvc.DLL
0x00007ffea6200000 - 0x00007ffea620d000 	C:\Program Files\JetBrains\IntelliJ IDEA Educational Edition 2022.2.2\jbr\bin\sunmscapi.dll
0x00007ffeaca00000 - 0x00007ffeacb66000 	C:\WINDOWS\System32\CRYPT32.dll
0x00007ffeabe50000 - 0x00007ffeabe7e000 	C:\WINDOWS\SYSTEM32\ncrypt.dll
0x00007ffeabe10000 - 0x00007ffeabe47000 	C:\WINDOWS\SYSTEM32\NTASN1.dll

dbghelp: loaded successfully - version: 4.0.5 - missing functions: none
symbol engine: initialized successfully - sym options: 0x614 - pdb path: .;C:\Program Files\JetBrains\IntelliJ IDEA Educational Edition 2022.2.2\jbr\bin;C:\WINDOWS\SYSTEM32;C:\WINDOWS\WinSxS\amd64_microsoft.windows.common-controls_6595b64144ccf1df_6.0.22621.2506_none_270c5ae97388e100;C:\Program Files\JetBrains\IntelliJ IDEA Educational Edition 2022.2.2\jbr\bin\server;C:\Program Files\JetBrains\IntelliJ IDEA Educational Edition 2022.2.2\bin

VM Arguments:
jvm_args: -javaagent:C:\Program Files\JetBrains\IntelliJ IDEA Educational Edition 2022.2.2\lib\idea_rt.jar=41690:C:\Program Files\JetBrains\IntelliJ IDEA Educational Edition 2022.2.2\bin -Dfile.encoding=UTF-8 
java_command: com.proyectojwt.ProyectoJwtApplication
java_class_path (initial): D:\a\Proyecto-JWT-Backend-master\Proyecto-JWT-Backend-master\target\classes;C:\Users\PCMovil\.m2\repository\org\springframework\boot\spring-boot-starter-data-jpa\2.7.15\spring-boot-starter-data-jpa-2.7.15.jar;C:\Users\PCMovil\.m2\repository\org\springframework\boot\spring-boot-starter-aop\2.7.15\spring-boot-starter-aop-2.7.15.jar;C:\Users\PCMovil\.m2\repository\org\aspectj\aspectjweaver\1.9.7\aspectjweaver-1.9.7.jar;C:\Users\PCMovil\.m2\repository\org\springframework\boot\spring-boot-starter-jdbc\2.7.15\spring-boot-starter-jdbc-2.7.15.jar;C:\Users\PCMovil\.m2\repository\com\zaxxer\HikariCP\4.0.3\HikariCP-4.0.3.jar;C:\Users\PCMovil\.m2\repository\org\springframework\spring-jdbc\5.3.29\spring-jdbc-5.3.29.jar;C:\Users\PCMovil\.m2\repository\jakarta\transaction\jakarta.transaction-api\1.3.3\jakarta.transaction-api-1.3.3.jar;C:\Users\PCMovil\.m2\repository\jakarta\persistence\jakarta.persistence-api\2.2.3\jakarta.persistence-api-2.2.3.jar;C:\Users\PCMovil\.m2\repository\org\hibernate\hibernate-core\5.6.15.Final\hibernate-core-5.6.15.Final.jar;C:\Users\PCMovil\.m2\repository\org\jboss\logging\jboss-logging\3.4.3.Final\jboss-logging-3.4.3.Final.jar;C:\Users\PCMovil\.m2\repository\net\bytebuddy\byte-buddy\1.12.23\byte-buddy-1.12.23.jar;C:\Users\PCMovil\.m2\repository\antlr\antlr\2.7.7\antlr-2.7.7.jar;C:\Users\PCMovil\.m2\repository\org\jboss\jandex\2.4.2.Final\jandex-2.4.2.Final.jar;C:\Users\PCMovil\.m2\repository\com\fasterxml\classmate\1.5.1\classmate-1.5.1.jar;C:\Users\PCMovil\.m2\repository\org\hibernate\common\hibernate-commons-annotations\5.1.2.Final\hibernate-commons-annotations-5.1.2.Final.jar;C:\Users\PCMovil\.m2\repository\org\glassfish\jaxb\jaxb-runtime\2.3.8\jaxb-runtime-2.3.8.jar;C:\Users\PCMovil\.m2\repository\org\glassfish\jaxb\txw2\2.3.8\txw2-2.3.8.jar;C:\Users\PCMovil\.m2\repository\com\sun\istack\istack-commons-runtime\3.0.12\istack-commons-runtime-3.0.12.jar;C:\Users\PCMovil\.m2\repository\com\sun\activation\jakarta.activation
Launcher Type: SUN_STANDARD

[Global flags]
     intx CICompilerCount                          = 4                                         {product} {ergonomic}
     uint ConcGCThreads                            = 2                                         {product} {ergonomic}
     uint G1ConcRefinementThreads                  = 8                                         {product} {ergonomic}
   size_t G1HeapRegionSize                         = 1048576                                   {product} {ergonomic}
    uintx GCDrainStackTargetSize                   = 64                                        {product} {ergonomic}
   size_t InitialHeapSize                          = 132120576                                 {product} {ergonomic}
   size_t MarkStackSize                            = 4194304                                   {product} {ergonomic}
   size_t MaxHeapSize                              = 2095054848                                {product} {ergonomic}
   size_t MaxNewSize                               = 1256194048                                {product} {ergonomic}
   size_t MinHeapDeltaBytes                        = 1048576                                   {product} {ergonomic}
   size_t MinHeapSize                              = 8388608                                   {product} {ergonomic}
    uintx NonNMethodCodeHeapSize                   = 5839372                                {pd product} {ergonomic}
    uintx NonProfiledCodeHeapSize                  = 122909434                              {pd product} {ergonomic}
    uintx ProfiledCodeHeapSize                     = 122909434                              {pd product} {ergonomic}
    uintx ReservedCodeCacheSize                    = 251658240                              {pd product} {ergonomic}
     bool SegmentedCodeCache                       = true                                      {product} {ergonomic}
   size_t SoftMaxHeapSize                          = 2095054848                             {manageable} {ergonomic}
     bool UseCompressedClassPointers               = true                           {product lp64_product} {ergonomic}
     bool UseCompressedOops                        = true                           {product lp64_product} {ergonomic}
     bool UseG1GC                                  = true                                      {product} {ergonomic}
     bool UseLargePagesIndividualAllocation        = false                                  {pd product} {ergonomic}

Logging:
Log output configuration:
 #0: stdout all=warning uptime,level,tags
 #1: stderr all=off uptime,level,tags

Environment Variables:
JAVA_HOME=C:\Program Files (x86)\Java\jre-1.8
PATH=C:\Program Files\OpenLogic\jdk-8.0.382.05-hotspot\bin;C:\Program Files (x86)\Common Files\Oracle\Java\javapath;C:\Windows\System32\HWAudioDriverLibs;C:\Windows\system32;C:\Windows;C:\Windows\System32\Wbem;C:\Windows\System32\WindowsPowerShell\v1.0\;C:\Windows\System32\OpenSSH\;C:\Windows\system32\config\systemprofile\AppData\Local\Microsoft\WindowsApps;C:\Program Files\PuTTY\;C:\WINDOWS\system32;C:\WINDOWS;C:\WINDOWS\System32\Wbem;C:\WINDOWS\System32\WindowsPowerShell\v1.0\;C:\WINDOWS\System32\OpenSSH\;C:\Program Files\Oberthur Technologies\AuthentIC Webpack\Dlls;C:\Program Files (x86)\Oberthur Technologies\AuthentIC Webpack\Dlls;C:\Program Files\nodejs\;C:\Program Files (x86)\Java\jre-1.8\bin;C:\Program Files\Git\cmd;C:\Users\PCMovil\AppData\Local\Microsoft\WindowsApps;C:\Program Files (x86)\Nmap;C:\Users\PCMovil\AppData\Local\Programs\Microsoft VS Code\bin;C:\Users\PCMovil\AppData\Roaming\npm;C:\Users\PCMovil\AppData\Local\GitHubDesktop\bin
USERNAME=PCMovil
OS=Windows_NT
PROCESSOR_IDENTIFIER=Intel64 Family 6 Model 140 Stepping 1, GenuineIntel
TMP=C:\Users\PCMovil\AppData\Local\Temp
TEMP=C:\Users\PCMovil\AppData\Local\Temp



---------------  S Y S T E M  ---------------

OS:
 Windows 11 , 64 bit Build 22621 (10.0.22621.3085)
OS uptime: 4 days 14:35 hours

CPU: total 8 (initial active 8) (4 cores per cpu, 2 threads per core) family 6 model 140 stepping 1 microcode 0x8a, cx8, cmov, fxsr, ht, mmx, 3dnowpref, sse, sse2, sse3, ssse3, sse4.1, sse4.2, popcnt, lzcnt, tsc, tscinvbit, avx, avx2, aes, erms, clmul, bmi1, bmi2, adx, avx512f, avx512dq, avx512cd, avx512bw, avx512vl, sha, fma, vzeroupper, avx512_vpopcntdq, avx512_vpclmulqdq, avx512_vaes, avx512_vnni, clflush, clflushopt, clwb, avx512_vbmi2, avx512_vbmi

Memory: 4k page, system-wide physical 7991M (603M free)
TotalPageFile size 10039M (AvailPageFile size 22M)
current process WorkingSet (physical memory assigned to process): 194M, peak: 197M
current process commit charge ("private bytes"): 226M, peak: 264M

vm_info: OpenJDK 64-Bit Server VM (17.0.4.1+7-b469.62) for windows-amd64 JRE (17.0.4.1+7-b469.62), built on 2022-09-22 by "builduser" with MS VC++ 16.10 / 16.11 (VS2019)

END.
