#
# There is insufficient memory for the Java Runtime Environment to continue.
# Native memory allocation (malloc) failed to allocate 2666944 bytes for Chunk::new
# Possible reasons:
#   The system is out of physical RAM or swap space
#   The process is running with CompressedOops enabled, and the Java Heap may be blocking the growth of the native heap
# Possible solutions:
#   Reduce memory load on the system
#   Increase physical memory or swap space
#   Check if swap backing store is full
#   Decrease Java heap size (-Xmx/-Xms)
#   Decrease number of Java threads
#   Decrease Java thread stack sizes (-Xss)
#   Set larger code cache with -XX:ReservedCodeCacheSize=
#   JVM is running with Unscaled Compressed Oops mode in which the Java heap is
#     placed in the first 4GB address space. The Java Heap base address is the
#     maximum limit for the native heap growth. Please use -XX:HeapBaseMinAddress
#     to set the Java Heap base and to place the Java Heap above 4GB virtual address.
# This output file may be truncated or incomplete.
#
#  Out of Memory Error (arena.cpp:189), pid=10844, tid=7180
#
# JRE version: OpenJDK Runtime Environment JBR-17.0.4.1+7-469.62-jcef (17.0.4.1+7) (build 17.0.4.1+7-b469.62)
# Java VM: OpenJDK 64-Bit Server VM JBR-17.0.4.1+7-469.62-jcef (17.0.4.1+7-b469.62, mixed mode, tiered, compressed oops, compressed class ptrs, g1 gc, windows-amd64)
# No core dump will be written. Minidumps are not enabled by default on client versions of Windows
#

---------------  S U M M A R Y ------------

Command Line: -javaagent:C:\Program Files\JetBrains\IntelliJ IDEA Educational Edition 2022.2.2\lib\idea_rt.jar=51752:C:\Program Files\JetBrains\IntelliJ IDEA Educational Edition 2022.2.2\bin -Dfile.encoding=UTF-8 com.proyectojwt.ProyectoJwtApplication

Host: 11th Gen Intel(R) Core(TM) i5-1135G7 @ 2.40GHz, 8 cores, 7G,  Windows 11 , 64 bit Build 22621 (10.0.22621.2506)
Time: Tue Dec 19 14:32:08 2023 Hora est. Pacífico, Sudamérica elapsed time: 7.685933 seconds (0d 0h 0m 7s)

---------------  T H R E A D  ---------------

Current thread (0x00000205fc483980):  JavaThread "C2 CompilerThread1" daemon [_thread_in_native, id=7180, stack(0x0000007ac0500000,0x0000007ac0600000)]


Current CompileTask:
C2:   7685 4499       4       org.springframework.core.annotation.AnnotationsScanner::scan (18 bytes)

Stack: [0x0000007ac0500000,0x0000007ac0600000]
Native frames: (J=compiled Java code, j=interpreted, Vv=VM code, C=native code)
V  [jvm.dll+0x68356a]
V  [jvm.dll+0x83fab4]
V  [jvm.dll+0x84125e]
V  [jvm.dll+0x8418c3]
V  [jvm.dll+0x249735]
V  [jvm.dll+0xabd5c]
V  [jvm.dll+0xac32c]
V  [jvm.dll+0x368897]
V  [jvm.dll+0x1bcdd8]
V  [jvm.dll+0x21bf99]
V  [jvm.dll+0x21b261]
V  [jvm.dll+0x1a4dfd]
V  [jvm.dll+0x22acd8]
V  [jvm.dll+0x228d89]
V  [jvm.dll+0x7f53ac]
V  [jvm.dll+0x7ef8da]
V  [jvm.dll+0x6823a5]
C  [ucrtbase.dll+0x29363]
C  [KERNEL32.DLL+0x1257d]
C  [ntdll.dll+0x5aa58]


---------------  P R O C E S S  ---------------

Threads class SMR info:
_java_thread_list=0x000002059215a410, length=18, elements={
0x00000205ee4fc2f0, 0x00000205fb3f4320, 0x00000205fb3f4be0, 0x00000205fbc41000,
0x00000205fbc418c0, 0x00000205fbc42180, 0x00000205fbc44e60, 0x00000205fbc45a50,
0x00000205fbc46400, 0x00000205fbc47d10, 0x00000205fb37b7f0, 0x00000205fc2501a0,
0x00000205fc1b9430, 0x00000205fde243a0, 0x00000205fd7544b0, 0x000002058ff961e0,
0x00000205fc483980, 0x000002058ff95730
}

Java Threads: ( => current thread )
  0x00000205ee4fc2f0 JavaThread "main" [_thread_blocked, id=14668, stack(0x0000007abf100000,0x0000007abf200000)]
  0x00000205fb3f4320 JavaThread "Reference Handler" daemon [_thread_blocked, id=14900, stack(0x0000007abf800000,0x0000007abf900000)]
  0x00000205fb3f4be0 JavaThread "Finalizer" daemon [_thread_blocked, id=6952, stack(0x0000007abf900000,0x0000007abfa00000)]
  0x00000205fbc41000 JavaThread "Signal Dispatcher" daemon [_thread_blocked, id=2788, stack(0x0000007abfa00000,0x0000007abfb00000)]
  0x00000205fbc418c0 JavaThread "Attach Listener" daemon [_thread_blocked, id=14920, stack(0x0000007abfb00000,0x0000007abfc00000)]
  0x00000205fbc42180 JavaThread "Service Thread" daemon [_thread_blocked, id=1788, stack(0x0000007abfc00000,0x0000007abfd00000)]
  0x00000205fbc44e60 JavaThread "Monitor Deflation Thread" daemon [_thread_blocked, id=13068, stack(0x0000007abfd00000,0x0000007abfe00000)]
  0x00000205fbc45a50 JavaThread "C2 CompilerThread0" daemon [_thread_in_native, id=14104, stack(0x0000007abfe00000,0x0000007abff00000)]
  0x00000205fbc46400 JavaThread "C1 CompilerThread0" daemon [_thread_in_native, id=11364, stack(0x0000007abff00000,0x0000007ac0000000)]
  0x00000205fbc47d10 JavaThread "Sweeper thread" daemon [_thread_blocked, id=15144, stack(0x0000007ac0000000,0x0000007ac0100000)]
  0x00000205fb37b7f0 JavaThread "Common-Cleaner" daemon [_thread_blocked, id=5852, stack(0x0000007ac0100000,0x0000007ac0200000)]
  0x00000205fc2501a0 JavaThread "Monitor Ctrl-Break" daemon [_thread_in_native, id=12048, stack(0x0000007ac0200000,0x0000007ac0300000)]
  0x00000205fc1b9430 JavaThread "Notification Thread" daemon [_thread_blocked, id=796, stack(0x0000007ac0300000,0x0000007ac0400000)]
  0x00000205fde243a0 JavaThread "Thread-0" [_thread_blocked, id=5912, stack(0x0000007ac0700000,0x0000007ac0800000)]
  0x00000205fd7544b0 JavaThread "restartedMain" [_thread_in_Java, id=12484, stack(0x0000007ac0800000,0x0000007ac0900000)]
  0x000002058ff961e0 JavaThread "mysql-cj-abandoned-connection-cleanup" daemon [_thread_blocked, id=7904, stack(0x0000007ac0f00000,0x0000007ac1000000)]
=>0x00000205fc483980 JavaThread "C2 CompilerThread1" daemon [_thread_in_native, id=7180, stack(0x0000007ac0500000,0x0000007ac0600000)]
  0x000002058ff95730 JavaThread "C2 CompilerThread2" daemon [_thread_in_native, id=13568, stack(0x0000007ac0600000,0x0000007ac0700000)]

Other Threads:
  0x00000205fb3ee940 VMThread "VM Thread" [stack: 0x0000007abf700000,0x0000007abf800000] [id=15180]
  0x00000205fc15d0b0 WatcherThread [stack: 0x0000007ac0400000,0x0000007ac0500000] [id=14516]
  0x00000205ee557960 GCTaskThread "GC Thread#0" [stack: 0x0000007abf200000,0x0000007abf300000] [id=8004]
  0x00000205fd963680 GCTaskThread "GC Thread#1" [stack: 0x0000007ac0900000,0x0000007ac0a00000] [id=15040]
  0x00000205fda7bca0 GCTaskThread "GC Thread#2" [stack: 0x0000007ac0a00000,0x0000007ac0b00000] [id=11116]
  0x00000205fda7bf50 GCTaskThread "GC Thread#3" [stack: 0x0000007ac0b00000,0x0000007ac0c00000] [id=8344]
  0x00000205fda7c200 GCTaskThread "GC Thread#4" [stack: 0x0000007ac0c00000,0x0000007ac0d00000] [id=2740]
  0x00000205fda7c4b0 GCTaskThread "GC Thread#5" [stack: 0x0000007ac0d00000,0x0000007ac0e00000] [id=6404]
  0x00000205fc94eba0 GCTaskThread "GC Thread#6" [stack: 0x0000007ac0e00000,0x0000007ac0f00000] [id=14872]
  0x00000205fdf813f0 GCTaskThread "GC Thread#7" [stack: 0x0000007ac1000000,0x0000007ac1100000] [id=15920]
  0x00000205ee568170 ConcurrentGCThread "G1 Main Marker" [stack: 0x0000007abf300000,0x0000007abf400000] [id=15036]
  0x00000205ee568a90 ConcurrentGCThread "G1 Conc#0" [stack: 0x0000007abf400000,0x0000007abf500000] [id=6612]
  0x00000205fdda3420 ConcurrentGCThread "G1 Conc#1" [stack: 0x0000007ac1100000,0x0000007ac1200000] [id=2644]
  0x00000205ee5acf30 ConcurrentGCThread "G1 Refine#0" [stack: 0x0000007abf500000,0x0000007abf600000] [id=7884]
  0x00000205fb244240 ConcurrentGCThread "G1 Service" [stack: 0x0000007abf600000,0x0000007abf700000] [id=14700]

Threads with active compile tasks:
C2 CompilerThread0     7701 4509   !   4       org.springframework.core.annotation.AnnotationsScanner::processClassHierarchy (227 bytes)
C2 CompilerThread1     7701 4499       4       org.springframework.core.annotation.AnnotationsScanner::scan (18 bytes)
C2 CompilerThread2     7701 4534       4       org.springframework.util.ConcurrentReferenceHashMap::get (37 bytes)

VM state: not at safepoint (normal execution)

VM Mutex/Monitor currently owned by a thread: None

Heap address: 0x0000000083200000, size: 1998 MB, Compressed Oops mode: 32-bit

CDS archive(s) not mapped
Compressed class space mapped at: 0x0000000100000000-0x0000000140000000, reserved size: 1073741824
Narrow klass base: 0x0000000000000000, Narrow klass shift: 3, Narrow klass range: 0x140000000

GC Precious Log:
 CPUs: 8 total, 8 available
 Memory: 7991M
 Large Page Support: Disabled
 NUMA Support: Disabled
 Compressed Oops: Enabled (32-bit)
 Heap Region Size: 1M
 Heap Min Capacity: 8M
 Heap Initial Capacity: 126M
 Heap Max Capacity: 1998M
 Pre-touch: Disabled
 Parallel Workers: 8
 Concurrent Workers: 2
 Concurrent Refinement Workers: 8
 Periodic GC: Disabled

Heap:
 garbage-first heap   total 75776K, used 38041K [0x0000000083200000, 0x0000000100000000)
  region size 1024K, 19 young (19456K), 3 survivors (3072K)
 Metaspace       used 61773K, committed 62080K, reserved 1105920K
  class space    used 8240K, committed 8384K, reserved 1048576K

Heap Regions: E=young(eden), S=young(survivor), O=old, HS=humongous(starts), HC=humongous(continues), CS=collection set, F=free, OA=open archive, CA=closed archive, TAMS=top-at-mark-start (previous, next)
|   0|0x0000000083200000, 0x0000000083300000, 0x0000000083300000|100%|HS|  |TAMS 0x0000000083300000, 0x0000000083200000| Complete 
|   1|0x0000000083300000, 0x0000000083400000, 0x0000000083400000|100%| O|  |TAMS 0x0000000083400000, 0x0000000083300000| Untracked 
|   2|0x0000000083400000, 0x0000000083500000, 0x0000000083500000|100%| O|  |TAMS 0x0000000083500000, 0x0000000083400000| Untracked 
|   3|0x0000000083500000, 0x0000000083600000, 0x0000000083600000|100%| O|  |TAMS 0x0000000083600000, 0x0000000083500000| Untracked 
|   4|0x0000000083600000, 0x0000000083700000, 0x0000000083700000|100%| O|  |TAMS 0x0000000083700000, 0x0000000083600000| Untracked 
|   5|0x0000000083700000, 0x0000000083800000, 0x0000000083800000|100%| O|  |TAMS 0x0000000083800000, 0x0000000083700000| Untracked 
|   6|0x0000000083800000, 0x0000000083900000, 0x0000000083900000|100%| O|  |TAMS 0x0000000083900000, 0x0000000083800000| Untracked 
|   7|0x0000000083900000, 0x0000000083a00000, 0x0000000083a00000|100%| O|  |TAMS 0x0000000083a00000, 0x0000000083900000| Untracked 
|   8|0x0000000083a00000, 0x0000000083b00000, 0x0000000083b00000|100%| O|  |TAMS 0x0000000083b00000, 0x0000000083a00000| Untracked 
|   9|0x0000000083b00000, 0x0000000083c00000, 0x0000000083c00000|100%| O|  |TAMS 0x0000000083c00000, 0x0000000083b00000| Untracked 
|  10|0x0000000083c00000, 0x0000000083d00000, 0x0000000083d00000|100%| O|  |TAMS 0x0000000083d00000, 0x0000000083c00000| Untracked 
|  11|0x0000000083d00000, 0x0000000083e00000, 0x0000000083e00000|100%| O|  |TAMS 0x0000000083e00000, 0x0000000083d00000| Untracked 
|  12|0x0000000083e00000, 0x0000000083f00000, 0x0000000083f00000|100%| O|  |TAMS 0x0000000083f00000, 0x0000000083e00000| Untracked 
|  13|0x0000000083f00000, 0x0000000084000000, 0x0000000084000000|100%| O|  |TAMS 0x0000000084000000, 0x0000000083f00000| Untracked 
|  14|0x0000000084000000, 0x0000000084100000, 0x0000000084100000|100%| O|  |TAMS 0x0000000084100000, 0x0000000084000000| Untracked 
|  15|0x0000000084100000, 0x0000000084200000, 0x0000000084200000|100%| O|  |TAMS 0x0000000084200000, 0x0000000084100000| Untracked 
|  16|0x0000000084200000, 0x0000000084300000, 0x0000000084300000|100%| O|  |TAMS 0x0000000084300000, 0x0000000084200000| Untracked 
|  17|0x0000000084300000, 0x0000000084400000, 0x0000000084400000|100%| O|  |TAMS 0x000000008430c800, 0x0000000084300000| Untracked 
|  18|0x0000000084400000, 0x0000000084500000, 0x0000000084500000|100%| O|  |TAMS 0x0000000084400000, 0x0000000084400000| Untracked 
|  19|0x0000000084500000, 0x0000000084559600, 0x0000000084600000| 34%| O|  |TAMS 0x0000000084500000, 0x0000000084500000| Untracked 
|  20|0x0000000084600000, 0x0000000084600000, 0x0000000084700000|  0%| F|  |TAMS 0x0000000084600000, 0x0000000084600000| Untracked 
|  21|0x0000000084700000, 0x0000000084700000, 0x0000000084800000|  0%| F|  |TAMS 0x0000000084700000, 0x0000000084700000| Untracked 
|  22|0x0000000084800000, 0x0000000084800000, 0x0000000084900000|  0%| F|  |TAMS 0x0000000084800000, 0x0000000084800000| Untracked 
|  23|0x0000000084900000, 0x0000000084900000, 0x0000000084a00000|  0%| F|  |TAMS 0x0000000084900000, 0x0000000084900000| Untracked 
|  24|0x0000000084a00000, 0x0000000084a00000, 0x0000000084b00000|  0%| F|  |TAMS 0x0000000084a00000, 0x0000000084a00000| Untracked 
|  25|0x0000000084b00000, 0x0000000084b00000, 0x0000000084c00000|  0%| F|  |TAMS 0x0000000084b00000, 0x0000000084b00000| Untracked 
|  26|0x0000000084c00000, 0x0000000084c00000, 0x0000000084d00000|  0%| F|  |TAMS 0x0000000084c00000, 0x0000000084c00000| Untracked 
|  27|0x0000000084d00000, 0x0000000084d00000, 0x0000000084e00000|  0%| F|  |TAMS 0x0000000084d00000, 0x0000000084d00000| Untracked 
|  28|0x0000000084e00000, 0x0000000084e00000, 0x0000000084f00000|  0%| F|  |TAMS 0x0000000084e00000, 0x0000000084e00000| Untracked 
|  29|0x0000000084f00000, 0x0000000084f00000, 0x0000000085000000|  0%| F|  |TAMS 0x0000000084f00000, 0x0000000084f00000| Untracked 
|  30|0x0000000085000000, 0x0000000085000000, 0x0000000085100000|  0%| F|  |TAMS 0x0000000085000000, 0x0000000085000000| Untracked 
|  31|0x0000000085100000, 0x0000000085100000, 0x0000000085200000|  0%| F|  |TAMS 0x0000000085100000, 0x0000000085100000| Untracked 
|  32|0x0000000085200000, 0x0000000085200000, 0x0000000085300000|  0%| F|  |TAMS 0x0000000085200000, 0x0000000085200000| Untracked 
|  33|0x0000000085300000, 0x0000000085300000, 0x0000000085400000|  0%| F|  |TAMS 0x0000000085300000, 0x0000000085300000| Untracked 
|  34|0x0000000085400000, 0x0000000085400000, 0x0000000085500000|  0%| F|  |TAMS 0x0000000085400000, 0x0000000085400000| Untracked 
|  35|0x0000000085500000, 0x0000000085500000, 0x0000000085600000|  0%| F|  |TAMS 0x0000000085500000, 0x0000000085500000| Untracked 
|  36|0x0000000085600000, 0x0000000085600000, 0x0000000085700000|  0%| F|  |TAMS 0x0000000085600000, 0x0000000085600000| Untracked 
|  37|0x0000000085700000, 0x0000000085700000, 0x0000000085800000|  0%| F|  |TAMS 0x0000000085700000, 0x0000000085700000| Untracked 
|  38|0x0000000085800000, 0x0000000085800000, 0x0000000085900000|  0%| F|  |TAMS 0x0000000085800000, 0x0000000085800000| Untracked 
|  39|0x0000000085900000, 0x0000000085900000, 0x0000000085a00000|  0%| F|  |TAMS 0x0000000085900000, 0x0000000085900000| Untracked 
|  40|0x0000000085a00000, 0x0000000085a00000, 0x0000000085b00000|  0%| F|  |TAMS 0x0000000085a00000, 0x0000000085a00000| Untracked 
|  41|0x0000000085b00000, 0x0000000085b00000, 0x0000000085c00000|  0%| F|  |TAMS 0x0000000085b00000, 0x0000000085b00000| Untracked 
|  42|0x0000000085c00000, 0x0000000085c00000, 0x0000000085d00000|  0%| F|  |TAMS 0x0000000085c00000, 0x0000000085c00000| Untracked 
|  43|0x0000000085d00000, 0x0000000085d00000, 0x0000000085e00000|  0%| F|  |TAMS 0x0000000085d00000, 0x0000000085d00000| Untracked 
|  44|0x0000000085e00000, 0x0000000085e00000, 0x0000000085f00000|  0%| F|  |TAMS 0x0000000085e00000, 0x0000000085e00000| Untracked 
|  45|0x0000000085f00000, 0x0000000085f00000, 0x0000000086000000|  0%| F|  |TAMS 0x0000000085f00000, 0x0000000085f00000| Untracked 
|  46|0x0000000086000000, 0x0000000086000000, 0x0000000086100000|  0%| F|  |TAMS 0x0000000086000000, 0x0000000086000000| Untracked 
|  47|0x0000000086100000, 0x0000000086100000, 0x0000000086200000|  0%| F|  |TAMS 0x0000000086100000, 0x0000000086100000| Untracked 
|  48|0x0000000086200000, 0x0000000086200000, 0x0000000086300000|  0%| F|  |TAMS 0x0000000086200000, 0x0000000086200000| Untracked 
|  49|0x0000000086300000, 0x0000000086300000, 0x0000000086400000|  0%| F|  |TAMS 0x0000000086300000, 0x0000000086300000| Untracked 
|  50|0x0000000086400000, 0x0000000086400000, 0x0000000086500000|  0%| F|  |TAMS 0x0000000086400000, 0x0000000086400000| Untracked 
|  51|0x0000000086500000, 0x0000000086500000, 0x0000000086600000|  0%| F|  |TAMS 0x0000000086500000, 0x0000000086500000| Untracked 
|  52|0x0000000086600000, 0x0000000086600000, 0x0000000086700000|  0%| F|  |TAMS 0x0000000086600000, 0x0000000086600000| Untracked 
|  53|0x0000000086700000, 0x0000000086700000, 0x0000000086800000|  0%| F|  |TAMS 0x0000000086700000, 0x0000000086700000| Untracked 
|  54|0x0000000086800000, 0x0000000086800000, 0x0000000086900000|  0%| F|  |TAMS 0x0000000086800000, 0x0000000086800000| Untracked 
|  55|0x0000000086900000, 0x0000000086980800, 0x0000000086a00000| 50%| E|  |TAMS 0x0000000086900000, 0x0000000086900000| Complete 
|  56|0x0000000086a00000, 0x0000000086b00000, 0x0000000086b00000|100%| E|CS|TAMS 0x0000000086a00000, 0x0000000086a00000| Complete 
|  57|0x0000000086b00000, 0x0000000086c00000, 0x0000000086c00000|100%| E|CS|TAMS 0x0000000086b00000, 0x0000000086b00000| Complete 
|  58|0x0000000086c00000, 0x0000000086d00000, 0x0000000086d00000|100%| E|CS|TAMS 0x0000000086c00000, 0x0000000086c00000| Complete 
|  59|0x0000000086d00000, 0x0000000086dcd1b0, 0x0000000086e00000| 80%| S|CS|TAMS 0x0000000086d00000, 0x0000000086d00000| Complete 
|  60|0x0000000086e00000, 0x0000000086f00000, 0x0000000086f00000|100%| S|CS|TAMS 0x0000000086e00000, 0x0000000086e00000| Complete 
|  61|0x0000000086f00000, 0x0000000087000000, 0x0000000087000000|100%| S|CS|TAMS 0x0000000086f00000, 0x0000000086f00000| Complete 
|  62|0x0000000087000000, 0x0000000087100000, 0x0000000087100000|100%| E|CS|TAMS 0x0000000087000000, 0x0000000087000000| Complete 
|  63|0x0000000087100000, 0x0000000087200000, 0x0000000087200000|100%| E|CS|TAMS 0x0000000087100000, 0x0000000087100000| Complete 
|  64|0x0000000087200000, 0x0000000087300000, 0x0000000087300000|100%| E|CS|TAMS 0x0000000087200000, 0x0000000087200000| Complete 
|  65|0x0000000087300000, 0x0000000087400000, 0x0000000087400000|100%| E|CS|TAMS 0x0000000087300000, 0x0000000087300000| Complete 
|  66|0x0000000087400000, 0x0000000087500000, 0x0000000087500000|100%| E|CS|TAMS 0x0000000087400000, 0x0000000087400000| Complete 
|  67|0x0000000087500000, 0x0000000087600000, 0x0000000087600000|100%| E|CS|TAMS 0x0000000087500000, 0x0000000087500000| Complete 
|  68|0x0000000087600000, 0x0000000087700000, 0x0000000087700000|100%| E|CS|TAMS 0x0000000087600000, 0x0000000087600000| Complete 
|  69|0x0000000087700000, 0x0000000087800000, 0x0000000087800000|100%| E|CS|TAMS 0x0000000087700000, 0x0000000087700000| Complete 
|  70|0x0000000087800000, 0x0000000087900000, 0x0000000087900000|100%| E|CS|TAMS 0x0000000087800000, 0x0000000087800000| Complete 
|  96|0x0000000089200000, 0x0000000089300000, 0x0000000089300000|100%| E|CS|TAMS 0x0000000089200000, 0x0000000089200000| Complete 
|  97|0x0000000089300000, 0x0000000089400000, 0x0000000089400000|100%| E|CS|TAMS 0x0000000089300000, 0x0000000089300000| Complete 
| 125|0x000000008af00000, 0x000000008b000000, 0x000000008b000000|100%| E|CS|TAMS 0x000000008af00000, 0x000000008af00000| Complete 

Card table byte_map: [0x00000205f4290000,0x00000205f4680000] _byte_map_base: 0x00000205f3e77000

Marking Bits (Prev, Next): (CMBitMap*) 0x00000205ee557ec0, (CMBitMap*) 0x00000205ee557e80
 Prev Bits: [0x00000205f69b0000, 0x00000205f88e8000)
 Next Bits: [0x00000205f4a70000, 0x00000205f69a8000)

Polling page: 0x00000205ee3a0000

Metaspace:

Usage:
  Non-class:     52.28 MB used.
      Class:      8.05 MB used.
       Both:     60.33 MB used.

Virtual space:
  Non-class space:       56.00 MB reserved,      52.44 MB ( 94%) committed,  7 nodes.
      Class space:        1.00 GB reserved,       8.19 MB ( <1%) committed,  1 nodes.
             Both:        1.05 GB reserved,      60.62 MB (  6%) committed. 

Chunk freelists:
   Non-Class:  3.25 MB
       Class:  3.77 MB
        Both:  7.02 MB

MaxMetaspaceSize: unlimited
CompressedClassSpaceSize: 1.00 GB
Initial GC threshold: 21.00 MB
Current GC threshold: 97.94 MB
CDS: off
MetaspaceReclaimPolicy: balanced
 - commit_granule_bytes: 65536.
 - commit_granule_words: 8192.
 - virtual_space_node_default_size: 1048576.
 - enlarge_chunks_in_place: 1.
 - new_chunks_are_fully_committed: 0.
 - uncommit_free_chunks: 1.
 - use_allocation_guard: 0.
 - handle_deallocations: 1.


Internal statistics:

num_allocs_failed_limit: 9.
num_arena_births: 312.
num_arena_deaths: 0.
num_vsnodes_births: 8.
num_vsnodes_deaths: 0.
num_space_committed: 970.
num_space_uncommitted: 0.
num_chunks_returned_to_freelist: 9.
num_chunks_taken_from_freelist: 2182.
num_chunk_merges: 9.
num_chunk_splits: 1611.
num_chunks_enlarged: 1327.
num_purges: 0.
num_inconsistent_stats: 0.

CodeHeap 'non-profiled nmethods': size=120000Kb used=2374Kb max_used=2951Kb free=117625Kb
 bounds [0x0000020587ad0000, 0x0000020587dc0000, 0x000002058f000000]
CodeHeap 'profiled nmethods': size=120000Kb used=7853Kb max_used=9577Kb free=112146Kb
 bounds [0x00000205805a0000, 0x0000020580f00000, 0x0000020587ad0000]
CodeHeap 'non-nmethods': size=5760Kb used=1286Kb max_used=1334Kb free=4473Kb
 bounds [0x0000020580000000, 0x0000020580270000, 0x00000205805a0000]
 total_blobs=4563 nmethods=3971 adapters=504
 compilation: enabled
              stopped_count=0, restarted_count=0
 full_count=0

Compilation events (20 events):
Event: 7.661 Thread 0x00000205fbc46400 nmethod 4682 0x0000020580612390 code [0x00000205806126c0, 0x0000020580613bc8]
Event: 7.661 Thread 0x00000205fbc46400 4683       2       java.util.regex.Pattern::unread (11 bytes)
Event: 7.662 Thread 0x00000205fbc46400 nmethod 4683 0x0000020580ade790 code [0x0000020580ade920, 0x0000020580adea38]
Event: 7.662 Thread 0x00000205fbc46400 4681       2       java.util.regex.Pattern$Node::study (21 bytes)
Event: 7.662 Thread 0x00000205fbc46400 nmethod 4681 0x00000205807ca090 code [0x00000205807ca240, 0x00000205807ca3a8]
Event: 7.679 Thread 0x00000205fbc46400 4684       2       org.springframework.aop.support.AopUtils::getMostSpecificMethod (24 bytes)
Event: 7.680 Thread 0x00000205fbc46400 nmethod 4684 0x00000205807c9a10 code [0x00000205807c9be0, 0x00000205807c9e08]
Event: 7.680 Thread 0x00000205fbc46400 4686       2       org.springframework.core.MethodClassKey::<init> (15 bytes)
Event: 7.680 Thread 0x00000205fbc46400 nmethod 4686 0x000002058089d190 code [0x000002058089d320, 0x000002058089d4d8]
Event: 7.680 Thread 0x00000205fbc46400 4687       2       org.springframework.transaction.annotation.AnnotationTransactionAttributeSource::findTransactionAttribute (6 bytes)
Event: 7.680 Thread 0x00000205fbc46400 nmethod 4687 0x000002058089ce10 code [0x000002058089cfa0, 0x000002058089d0c8]
Event: 7.680 Thread 0x00000205fbc46400 4688       2       org.springframework.transaction.annotation.AnnotationTransactionAttributeSource::findTransactionAttribute (6 bytes)
Event: 7.680 Thread 0x00000205fbc46400 nmethod 4688 0x0000020580909690 code [0x0000020580909820, 0x0000020580909948]
Event: 7.680 Thread 0x00000205fbc46400 4685       2       org.springframework.transaction.interceptor.AbstractFallbackTransactionAttributeSource::getCacheKey (10 bytes)
Event: 7.680 Thread 0x00000205fbc46400 nmethod 4685 0x0000020580908f90 code [0x0000020580909120, 0x0000020580909338]
Event: 7.682 Thread 0x00000205fbc46400 4689   !   2       org.springframework.util.ClassUtils::isVisible (26 bytes)
Event: 7.683 Thread 0x00000205fbc46400 nmethod 4689 0x0000020580c65e90 code [0x0000020580c66080, 0x0000020580c66498]
Event: 7.683 Thread 0x00000205fbc46400 4690       2       org.springframework.core.SerializableTypeWrapper$TypeProxyInvocationHandler::invoke (324 bytes)
Event: 7.685 Thread 0x00000205fbc46400 nmethod 4690 0x000002058079c010 code [0x000002058079c3c0, 0x000002058079d3f8]
Event: 7.685 Thread 0x00000205fbc46400 4692   !   2       jdk.proxy2.$Proxy120::annotationType (29 bytes)

GC Heap History (20 events):
Event: 1.932 GC heap before
{Heap before GC invocations=6 (full 0):
 garbage-first heap   total 37888K, used 26980K [0x0000000083200000, 0x0000000100000000)
  region size 1024K, 17 young (17408K), 2 survivors (2048K)
 Metaspace       used 30140K, committed 30400K, reserved 1081344K
  class space    used 3560K, committed 3712K, reserved 1048576K
}
Event: 1.933 GC heap after
{Heap after GC invocations=7 (full 0):
 garbage-first heap   total 37888K, used 12591K [0x0000000083200000, 0x0000000100000000)
  region size 1024K, 3 young (3072K), 3 survivors (3072K)
 Metaspace       used 30140K, committed 30400K, reserved 1081344K
  class space    used 3560K, committed 3712K, reserved 1048576K
}
Event: 2.255 GC heap before
{Heap before GC invocations=7 (full 0):
 garbage-first heap   total 37888K, used 27951K [0x0000000083200000, 0x0000000100000000)
  region size 1024K, 18 young (18432K), 3 survivors (3072K)
 Metaspace       used 32375K, committed 32704K, reserved 1081344K
  class space    used 3875K, committed 4032K, reserved 1048576K
}
Event: 2.257 GC heap after
{Heap after GC invocations=8 (full 0):
 garbage-first heap   total 37888K, used 13495K [0x0000000083200000, 0x0000000100000000)
  region size 1024K, 3 young (3072K), 3 survivors (3072K)
 Metaspace       used 32375K, committed 32704K, reserved 1081344K
  class space    used 3875K, committed 4032K, reserved 1048576K
}
Event: 2.594 GC heap before
{Heap before GC invocations=8 (full 0):
 garbage-first heap   total 37888K, used 27831K [0x0000000083200000, 0x0000000100000000)
  region size 1024K, 17 young (17408K), 3 survivors (3072K)
 Metaspace       used 34952K, committed 35200K, reserved 1081344K
  class space    used 4234K, committed 4352K, reserved 1048576K
}
Event: 2.598 GC heap after
{Heap after GC invocations=9 (full 0):
 garbage-first heap   total 37888K, used 14779K [0x0000000083200000, 0x0000000100000000)
  region size 1024K, 3 young (3072K), 3 survivors (3072K)
 Metaspace       used 34952K, committed 35200K, reserved 1081344K
  class space    used 4234K, committed 4352K, reserved 1048576K
}
Event: 2.698 GC heap before
{Heap before GC invocations=9 (full 0):
 garbage-first heap   total 37888K, used 18875K [0x0000000083200000, 0x0000000100000000)
  region size 1024K, 8 young (8192K), 3 survivors (3072K)
 Metaspace       used 35772K, committed 35968K, reserved 1081344K
  class space    used 4372K, committed 4480K, reserved 1048576K
}
Event: 2.701 GC heap after
{Heap after GC invocations=10 (full 0):
 garbage-first heap   total 37888K, used 15313K [0x0000000083200000, 0x0000000100000000)
  region size 1024K, 1 young (1024K), 1 survivors (1024K)
 Metaspace       used 35772K, committed 35968K, reserved 1081344K
  class space    used 4372K, committed 4480K, reserved 1048576K
}
Event: 3.005 GC heap before
{Heap before GC invocations=11 (full 0):
 garbage-first heap   total 37888K, used 28625K [0x0000000083200000, 0x0000000100000000)
  region size 1024K, 14 young (14336K), 1 survivors (1024K)
 Metaspace       used 38364K, committed 38592K, reserved 1089536K
  class space    used 4783K, committed 4864K, reserved 1048576K
}
Event: 3.007 GC heap after
{Heap after GC invocations=12 (full 0):
 garbage-first heap   total 37888K, used 16706K [0x0000000083200000, 0x0000000100000000)
  region size 1024K, 2 young (2048K), 2 survivors (2048K)
 Metaspace       used 38364K, committed 38592K, reserved 1089536K
  class space    used 4783K, committed 4864K, reserved 1048576K
}
Event: 3.029 GC heap before
{Heap before GC invocations=12 (full 0):
 garbage-first heap   total 37888K, used 17730K [0x0000000083200000, 0x0000000100000000)
  region size 1024K, 3 young (3072K), 2 survivors (2048K)
 Metaspace       used 38683K, committed 39040K, reserved 1089536K
  class space    used 4815K, committed 4992K, reserved 1048576K
}
Event: 3.031 GC heap after
{Heap after GC invocations=13 (full 0):
 garbage-first heap   total 37888K, used 16718K [0x0000000083200000, 0x0000000100000000)
  region size 1024K, 1 young (1024K), 1 survivors (1024K)
 Metaspace       used 38683K, committed 39040K, reserved 1089536K
  class space    used 4815K, committed 4992K, reserved 1048576K
}
Event: 3.302 GC heap before
{Heap before GC invocations=13 (full 0):
 garbage-first heap   total 37888K, used 29006K [0x0000000083200000, 0x0000000100000000)
  region size 1024K, 13 young (13312K), 1 survivors (1024K)
 Metaspace       used 40593K, committed 40896K, reserved 1089536K
  class space    used 5013K, committed 5184K, reserved 1048576K
}
Event: 3.304 GC heap after
{Heap after GC invocations=14 (full 0):
 garbage-first heap   total 75776K, used 17496K [0x0000000083200000, 0x0000000100000000)
  region size 1024K, 2 young (2048K), 2 survivors (2048K)
 Metaspace       used 40593K, committed 40896K, reserved 1089536K
  class space    used 5013K, committed 5184K, reserved 1048576K
}
Event: 5.104 GC heap before
{Heap before GC invocations=14 (full 0):
 garbage-first heap   total 75776K, used 55384K [0x0000000083200000, 0x0000000100000000)
  region size 1024K, 39 young (39936K), 2 survivors (2048K)
 Metaspace       used 48829K, committed 49152K, reserved 1097728K
  class space    used 6264K, committed 6400K, reserved 1048576K
}
Event: 5.109 GC heap after
{Heap after GC invocations=15 (full 0):
 garbage-first heap   total 75776K, used 19863K [0x0000000083200000, 0x0000000100000000)
  region size 1024K, 4 young (4096K), 4 survivors (4096K)
 Metaspace       used 48829K, committed 49152K, reserved 1097728K
  class space    used 6264K, committed 6400K, reserved 1048576K
}
Event: 7.043 GC heap before
{Heap before GC invocations=15 (full 0):
 garbage-first heap   total 75776K, used 56727K [0x0000000083200000, 0x0000000100000000)
  region size 1024K, 40 young (40960K), 4 survivors (4096K)
 Metaspace       used 58302K, committed 58624K, reserved 1105920K
  class space    used 7725K, committed 7872K, reserved 1048576K
}
Event: 7.047 GC heap after
{Heap after GC invocations=16 (full 0):
 garbage-first heap   total 75776K, used 21645K [0x0000000083200000, 0x0000000100000000)
  region size 1024K, 5 young (5120K), 5 survivors (5120K)
 Metaspace       used 58302K, committed 58624K, reserved 1105920K
  class space    used 7725K, committed 7872K, reserved 1048576K
}
Event: 7.316 GC heap before
{Heap before GC invocations=16 (full 0):
 garbage-first heap   total 75776K, used 32909K [0x0000000083200000, 0x0000000100000000)
  region size 1024K, 17 young (17408K), 5 survivors (5120K)
 Metaspace       used 59823K, committed 60096K, reserved 1105920K
  class space    used 7896K, committed 8064K, reserved 1048576K
}
Event: 7.320 GC heap after
{Heap after GC invocations=17 (full 0):
 garbage-first heap   total 75776K, used 22681K [0x0000000083200000, 0x0000000100000000)
  region size 1024K, 3 young (3072K), 3 survivors (3072K)
 Metaspace       used 59823K, committed 60096K, reserved 1105920K
  class space    used 7896K, committed 8064K, reserved 1048576K
}

Deoptimization events (20 events):
Event: 7.390 Thread 0x00000205fd7544b0 Uncommon trap: trap_request=0xffffff54 fr.pc=0x0000020587c8da70 relative=0x00000000000005f0
Event: 7.390 Thread 0x00000205fd7544b0 Uncommon trap: reason=speculate_null_assert action=make_not_entrant pc=0x0000020587c8da70 method=org.springframework.util.ConcurrentReferenceHashMap$Segment.restructureIfNecessary(Z)V @ 41 c2
Event: 7.390 Thread 0x00000205fd7544b0 DEOPT PACKING pc=0x0000020587c8da70 sp=0x0000007ac08fa680
Event: 7.390 Thread 0x00000205fd7544b0 DEOPT UNPACKING pc=0x0000020580055c23 sp=0x0000007ac08fa4c8 mode 2
Event: 7.391 Thread 0x00000205fd7544b0 Uncommon trap: trap_request=0xffffffde fr.pc=0x0000020587c8f874 relative=0x0000000000000874
Event: 7.391 Thread 0x00000205fd7544b0 Uncommon trap: reason=class_check action=maybe_recompile pc=0x0000020587c8f874 method=org.springframework.util.ConcurrentReferenceHashMap$Segment.findInChain(Lorg/springframework/util/ConcurrentReferenceHashMap$Reference;Ljava/lang/Object;I)Lorg/springfra
Event: 7.391 Thread 0x00000205fd7544b0 DEOPT PACKING pc=0x0000020587c8f874 sp=0x0000007ac08fa590
Event: 7.391 Thread 0x00000205fd7544b0 DEOPT UNPACKING pc=0x0000020580055c23 sp=0x0000007ac08fa458 mode 2
Event: 7.391 Thread 0x00000205fd7544b0 Uncommon trap: trap_request=0xffffffde fr.pc=0x0000020587c80628 relative=0x0000000000000268
Event: 7.391 Thread 0x00000205fd7544b0 Uncommon trap: reason=class_check action=maybe_recompile pc=0x0000020587c80628 method=org.springframework.util.ConcurrentReferenceHashMap$Segment.findInChain(Lorg/springframework/util/ConcurrentReferenceHashMap$Reference;Ljava/lang/Object;I)Lorg/springfra
Event: 7.391 Thread 0x00000205fd7544b0 DEOPT PACKING pc=0x0000020587c80628 sp=0x0000007ac08fa380
Event: 7.391 Thread 0x00000205fd7544b0 DEOPT UNPACKING pc=0x0000020580055c23 sp=0x0000007ac08fa338 mode 2
Event: 7.457 Thread 0x00000205fd7544b0 Uncommon trap: trap_request=0xffffff54 fr.pc=0x0000020587c8f570 relative=0x0000000000000570
Event: 7.457 Thread 0x00000205fd7544b0 Uncommon trap: reason=speculate_null_assert action=make_not_entrant pc=0x0000020587c8f570 method=org.springframework.util.ConcurrentReferenceHashMap$Segment.restructureIfNecessary(Z)V @ 41 c2
Event: 7.457 Thread 0x00000205fd7544b0 DEOPT PACKING pc=0x0000020587c8f570 sp=0x0000007ac08f9550
Event: 7.457 Thread 0x00000205fd7544b0 DEOPT UNPACKING pc=0x0000020580055c23 sp=0x0000007ac08f9428 mode 2
Event: 7.493 Thread 0x00000205fd7544b0 Uncommon trap: trap_request=0xffffffde fr.pc=0x0000020587c80628 relative=0x0000000000000268
Event: 7.493 Thread 0x00000205fd7544b0 Uncommon trap: reason=class_check action=maybe_recompile pc=0x0000020587c80628 method=org.springframework.util.ConcurrentReferenceHashMap$Segment.findInChain(Lorg/springframework/util/ConcurrentReferenceHashMap$Reference;Ljava/lang/Object;I)Lorg/springfra
Event: 7.493 Thread 0x00000205fd7544b0 DEOPT PACKING pc=0x0000020587c80628 sp=0x0000007ac08fa270
Event: 7.493 Thread 0x00000205fd7544b0 DEOPT UNPACKING pc=0x0000020580055c23 sp=0x0000007ac08fa228 mode 2

Classes unloaded (0 events):
No events

Classes redefined (0 events):
No events

Internal exceptions (20 events):
Event: 7.119 Thread 0x00000205fd7544b0 Exception <a 'java/lang/ClassNotFoundException'{0x000000008789d7d8}: org/springframework/beans/factory/AwareCustomizer> (0x000000008789d7d8) 
thrown [s\src\hotspot\share\classfile\systemDictionary.cpp, line 256]
Event: 7.121 Thread 0x00000205fd7544b0 Exception <a 'java/lang/ClassNotFoundException'{0x00000000878a5848}: org/springframework/context/ApplicationEventPublisherAwareCustomizer> (0x00000000878a5848) 
thrown [s\src\hotspot\share\classfile\systemDictionary.cpp, line 256]
Event: 7.122 Thread 0x00000205fd7544b0 Exception <a 'java/lang/ClassNotFoundException'{0x00000000878ae928}: org/springframework/beans/factory/AwareCustomizer> (0x00000000878ae928) 
thrown [s\src\hotspot\share\classfile\systemDictionary.cpp, line 256]
Event: 7.132 Thread 0x00000205fd7544b0 Exception <a 'java/lang/ClassNotFoundException'{0x00000000878dd710}: java/lang/ObjectCustomizer> (0x00000000878dd710) 
thrown [s\src\hotspot\share\classfile\systemDictionary.cpp, line 256]
Event: 7.134 Thread 0x00000205fd7544b0 Exception <a 'java/lang/ClassNotFoundException'{0x00000000878e9bc0}: org/springframework/core/io/support/PropertiesLoaderSupportCustomizer> (0x00000000878e9bc0) 
thrown [s\src\hotspot\share\classfile\systemDictionary.cpp, line 256]
Event: 7.135 Thread 0x00000205fd7544b0 Exception <a 'java/lang/ClassNotFoundException'{0x00000000878fb368}: org/springframework/beans/factory/config/PropertiesFactoryBeanCustomizer> (0x00000000878fb368) 
thrown [s\src\hotspot\share\classfile\systemDictionary.cpp, line 256]
Event: 7.138 Thread 0x00000205fd7544b0 Exception <a 'java/lang/ClassNotFoundException'{0x0000000087714c28}: org/springframework/beans/factory/FactoryBeanCustomizer> (0x0000000087714c28) 
thrown [s\src\hotspot\share\classfile\systemDictionary.cpp, line 256]
Event: 7.139 Thread 0x00000205fd7544b0 Exception <a 'java/lang/ClassNotFoundException'{0x0000000087720138}: org/springframework/beans/factory/InitializingBeanCustomizer> (0x0000000087720138) 
thrown [s\src\hotspot\share\classfile\systemDictionary.cpp, line 256]
Event: 7.261 Thread 0x00000205fd7544b0 Exception <a 'java/lang/IncompatibleClassChangeError'{0x00000000872f7c60}: Found class java.lang.Object, but interface was expected> (0x00000000872f7c60) 
thrown [s\src\hotspot\share\interpreter\linkResolver.cpp, line 838]
Event: 7.408 Thread 0x00000205fd7544b0 Exception <a 'java/lang/ClassNotFoundException'{0x00000000893bde98}: java/lang/ObjectCustomizer> (0x00000000893bde98) 
thrown [s\src\hotspot\share\classfile\systemDictionary.cpp, line 256]
Event: 7.409 Thread 0x00000205fd7544b0 Exception <a 'java/lang/ClassNotFoundException'{0x00000000893ca190}: com/proyectojwt/entity/UsuarioCustomizer> (0x00000000893ca190) 
thrown [s\src\hotspot\share\classfile\systemDictionary.cpp, line 256]
Event: 7.414 Thread 0x00000205fd7544b0 Exception <a 'java/lang/ClassNotFoundException'{0x00000000893e7fd8}: org/springframework/security/core/userdetails/UserDetailsCustomizer> (0x00000000893e7fd8) 
thrown [s\src\hotspot\share\classfile\systemDictionary.cpp, line 256]
Event: 7.450 Thread 0x00000205fd7544b0 Exception <a 'java/lang/NoSuchMethodError'{0x00000000892e1cd8}: 'int java.lang.invoke.DirectMethodHandle$Holder.invokeVirtual(java.lang.Object, java.lang.Object, java.lang.Object)'> (0x00000000892e1cd8) 
thrown [s\src\hotspot\share\interpreter\linkResolver.cpp, line 771]
Event: 7.466 Thread 0x00000205fd7544b0 Exception <a 'java/lang/ClassNotFoundException'{0x000000008786a200}: java/lang/ObjectCustomizer> (0x000000008786a200) 
thrown [s\src\hotspot\share\classfile\systemDictionary.cpp, line 256]
Event: 7.467 Thread 0x00000205fd7544b0 Exception <a 'java/lang/ClassNotFoundException'{0x0000000087876bb0}: com/proyectojwt/entity/RolCustomizer> (0x0000000087876bb0) 
thrown [s\src\hotspot\share\classfile\systemDictionary.cpp, line 256]
Event: 7.532 Thread 0x00000205fd7544b0 Exception <a 'java/lang/IncompatibleClassChangeError'{0x00000000877f7ea0}: Found class java.lang.Object, but interface was expected> (0x00000000877f7ea0) 
thrown [s\src\hotspot\share\interpreter\linkResolver.cpp, line 838]
Event: 7.613 Thread 0x00000205fd7544b0 Exception <a 'java/lang/reflect/InvocationTargetException'{0x0000000087056438}> (0x0000000087056438) 
thrown [s\src\hotspot\share\runtime\reflection.cpp, line 1127]
Event: 7.626 Thread 0x00000205fd7544b0 Exception <a 'java/lang/NoSuchMethodError'{0x00000000870cbdc0}: 'java.lang.Object java.lang.invoke.DirectMethodHandle$Holder.invokeStatic(java.lang.Object, java.lang.Object, int, java.lang.Object)'> (0x00000000870cbdc0) 
thrown [s\src\hotspot\share\interpreter\linkResolver.cpp, line 771]
Event: 7.627 Thread 0x00000205fd7544b0 Exception <a 'java/lang/NoSuchMethodError'{0x00000000870d3828}: 'java.lang.Object java.lang.invoke.DirectMethodHandle$Holder.newInvokeSpecial(java.lang.Object, java.lang.Object, int)'> (0x00000000870d3828) 
thrown [s\src\hotspot\share\interpreter\linkResolver.cpp, line 771]
Event: 7.632 Thread 0x00000205fd7544b0 Exception <a 'java/lang/IncompatibleClassChangeError'{0x0000000086c015d8}: Found class java.lang.Object, but interface was expected> (0x0000000086c015d8) 
thrown [s\src\hotspot\share\interpreter\linkResolver.cpp, line 838]

VM Operations (20 events):
Event: 7.075 Executing VM operation: HandshakeAllThreads
Event: 7.075 Executing VM operation: HandshakeAllThreads done
Event: 7.086 Executing VM operation: HandshakeAllThreads
Event: 7.086 Executing VM operation: HandshakeAllThreads done
Event: 7.103 Executing VM operation: ICBufferFull
Event: 7.104 Executing VM operation: ICBufferFull done
Event: 7.124 Executing VM operation: HandshakeAllThreads
Event: 7.124 Executing VM operation: HandshakeAllThreads done
Event: 7.163 Executing VM operation: HandshakeAllThreads
Event: 7.163 Executing VM operation: HandshakeAllThreads done
Event: 7.316 Executing VM operation: CollectForMetadataAllocation
Event: 7.321 Executing VM operation: CollectForMetadataAllocation done
Event: 7.341 Executing VM operation: G1Concurrent
Event: 7.348 Executing VM operation: G1Concurrent done
Event: 7.356 Executing VM operation: G1Concurrent
Event: 7.357 Executing VM operation: G1Concurrent done
Event: 7.574 Executing VM operation: HandshakeAllThreads
Event: 7.574 Executing VM operation: HandshakeAllThreads done
Event: 7.574 Executing VM operation: HandshakeAllThreads
Event: 7.574 Executing VM operation: HandshakeAllThreads done

Events (20 events):
Event: 7.591 loading class java/util/stream/ReduceOps$5
Event: 7.591 loading class java/util/stream/ReduceOps$5 done
Event: 7.591 loading class java/util/stream/ReduceOps$CountingSink$OfRef
Event: 7.591 loading class java/util/stream/ReduceOps$CountingSink
Event: 7.591 loading class java/util/stream/ReduceOps$CountingSink done
Event: 7.591 loading class java/util/stream/ReduceOps$CountingSink$OfRef done
Event: 7.619 loading class java/lang/Character$UnicodeBlock
Event: 7.621 loading class java/lang/Character$Subset
Event: 7.621 loading class java/lang/Character$Subset done
Event: 7.621 loading class java/lang/Character$UnicodeBlock done
Event: 7.656 loading class java/util/regex/Pattern$Bound
Event: 7.656 loading class java/util/regex/Pattern$Bound done
Event: 7.657 loading class java/util/regex/Pattern$LookBehindEndNode
Event: 7.657 loading class java/util/regex/Pattern$LookBehindEndNode done
Event: 7.657 loading class java/util/regex/Pattern$NotBehind
Event: 7.657 loading class java/util/regex/Pattern$NotBehind done
Event: 7.657 loading class java/util/regex/Pattern$Behind
Event: 7.657 loading class java/util/regex/Pattern$Behind done
Event: 7.657 loading class java/util/regex/Pattern$GroupCurly
Event: 7.658 loading class java/util/regex/Pattern$GroupCurly done


Dynamic libraries:
0x00007ff77f7b0000 - 0x00007ff77f7ba000 	C:\Program Files\JetBrains\IntelliJ IDEA Educational Edition 2022.2.2\jbr\bin\java.exe
0x00007ff9e6270000 - 0x00007ff9e6487000 	C:\WINDOWS\SYSTEM32\ntdll.dll
0x00007ff9e4be0000 - 0x00007ff9e4ca4000 	C:\WINDOWS\System32\KERNEL32.DLL
0x00007ff9e3af0000 - 0x00007ff9e3e96000 	C:\WINDOWS\System32\KERNELBASE.dll
0x00007ff9e3ea0000 - 0x00007ff9e3fb1000 	C:\WINDOWS\System32\ucrtbase.dll
0x00007ff9c6590000 - 0x00007ff9c65ab000 	C:\Program Files\JetBrains\IntelliJ IDEA Educational Edition 2022.2.2\jbr\bin\VCRUNTIME140.dll
0x00007ff9c6540000 - 0x00007ff9c6557000 	C:\Program Files\JetBrains\IntelliJ IDEA Educational Edition 2022.2.2\jbr\bin\jli.dll
0x00007ff9e4340000 - 0x00007ff9e44ee000 	C:\WINDOWS\System32\USER32.dll
0x00007ff9e3a50000 - 0x00007ff9e3a76000 	C:\WINDOWS\System32\win32u.dll
0x00007ff9e4ac0000 - 0x00007ff9e4ae9000 	C:\WINDOWS\System32\GDI32.dll
0x00007ff9d9d40000 - 0x00007ff9d9fd3000 	C:\WINDOWS\WinSxS\amd64_microsoft.windows.common-controls_6595b64144ccf1df_6.0.22621.2506_none_270c5ae97388e100\COMCTL32.dll
0x00007ff9e37d0000 - 0x00007ff9e38e8000 	C:\WINDOWS\System32\gdi32full.dll
0x00007ff9e4d60000 - 0x00007ff9e4e07000 	C:\WINDOWS\System32\msvcrt.dll
0x00007ff9e38f0000 - 0x00007ff9e398a000 	C:\WINDOWS\System32\msvcp_win.dll
0x00007ff9e5fe0000 - 0x00007ff9e6011000 	C:\WINDOWS\System32\IMM32.DLL
0x00007ff9d1e40000 - 0x00007ff9d1e4c000 	C:\Program Files\JetBrains\IntelliJ IDEA Educational Edition 2022.2.2\jbr\bin\vcruntime140_1.dll
0x00007ff9c6450000 - 0x00007ff9c64dd000 	C:\Program Files\JetBrains\IntelliJ IDEA Educational Edition 2022.2.2\jbr\bin\msvcp140.dll
0x00007ff96c280000 - 0x00007ff96cee9000 	C:\Program Files\JetBrains\IntelliJ IDEA Educational Edition 2022.2.2\jbr\bin\server\jvm.dll
0x00007ff9e4950000 - 0x00007ff9e4a01000 	C:\WINDOWS\System32\ADVAPI32.dll
0x00007ff9e5290000 - 0x00007ff9e5335000 	C:\WINDOWS\System32\sechost.dll
0x00007ff9e3fc0000 - 0x00007ff9e40d7000 	C:\WINDOWS\System32\RPCRT4.dll
0x00007ff9e4cb0000 - 0x00007ff9e4cb8000 	C:\WINDOWS\System32\PSAPI.DLL
0x00007ff9d8d50000 - 0x00007ff9d8d5a000 	C:\WINDOWS\SYSTEM32\VERSION.dll
0x00007ff9cbb40000 - 0x00007ff9cbb49000 	C:\WINDOWS\SYSTEM32\WSOCK32.dll
0x00007ff9ddfe0000 - 0x00007ff9de014000 	C:\WINDOWS\SYSTEM32\WINMM.dll
0x00007ff9e48d0000 - 0x00007ff9e4941000 	C:\WINDOWS\System32\WS2_32.dll
0x00007ff9e2650000 - 0x00007ff9e2668000 	C:\WINDOWS\SYSTEM32\kernel.appcore.dll
0x00007ff9d7a20000 - 0x00007ff9d7a2a000 	C:\Program Files\JetBrains\IntelliJ IDEA Educational Edition 2022.2.2\jbr\bin\jimage.dll
0x00007ff9e0b90000 - 0x00007ff9e0dc3000 	C:\WINDOWS\SYSTEM32\DBGHELP.DLL
0x00007ff9e5c50000 - 0x00007ff9e5fd9000 	C:\WINDOWS\System32\combase.dll
0x00007ff9e4af0000 - 0x00007ff9e4bc7000 	C:\WINDOWS\System32\OLEAUT32.dll
0x00007ff9d7ab0000 - 0x00007ff9d7ae2000 	C:\WINDOWS\SYSTEM32\dbgcore.DLL
0x00007ff9e35e0000 - 0x00007ff9e365a000 	C:\WINDOWS\System32\bcryptPrimitives.dll
0x00007ff9d9fe0000 - 0x00007ff9d9fee000 	C:\Program Files\JetBrains\IntelliJ IDEA Educational Edition 2022.2.2\jbr\bin\instrument.dll
0x00007ff9d2020000 - 0x00007ff9d2045000 	C:\Program Files\JetBrains\IntelliJ IDEA Educational Edition 2022.2.2\jbr\bin\java.dll
0x00007ff9d21f0000 - 0x00007ff9d2208000 	C:\Program Files\JetBrains\IntelliJ IDEA Educational Edition 2022.2.2\jbr\bin\zip.dll
0x00007ff9e53f0000 - 0x00007ff9e5c4a000 	C:\WINDOWS\System32\SHELL32.dll
0x00007ff9e1500000 - 0x00007ff9e1df6000 	C:\WINDOWS\SYSTEM32\windows.storage.dll
0x00007ff9e13c0000 - 0x00007ff9e14fe000 	C:\WINDOWS\SYSTEM32\wintypes.dll
0x00007ff9e4230000 - 0x00007ff9e4323000 	C:\WINDOWS\System32\SHCORE.dll
0x00007ff9e46b0000 - 0x00007ff9e470e000 	C:\WINDOWS\System32\shlwapi.dll
0x00007ff9e3510000 - 0x00007ff9e3536000 	C:\WINDOWS\SYSTEM32\profapi.dll
0x00007ff9d1800000 - 0x00007ff9d1819000 	C:\Program Files\JetBrains\IntelliJ IDEA Educational Edition 2022.2.2\jbr\bin\net.dll
0x00007ff9dde00000 - 0x00007ff9ddf37000 	C:\WINDOWS\SYSTEM32\WINHTTP.dll
0x00007ff9e2b50000 - 0x00007ff9e2bb9000 	C:\WINDOWS\system32\mswsock.dll
0x00007ff9d03c0000 - 0x00007ff9d03d6000 	C:\Program Files\JetBrains\IntelliJ IDEA Educational Edition 2022.2.2\jbr\bin\nio.dll
0x00007ff9d3ea0000 - 0x00007ff9d3eba000 	C:\Program Files\JetBrains\IntelliJ IDEA Educational Edition 2022.2.2\bin\breakgen64.dll
0x00007ff9d3fa0000 - 0x00007ff9d3fb0000 	C:\Program Files\JetBrains\IntelliJ IDEA Educational Edition 2022.2.2\jbr\bin\verify.dll
0x00007ff9d3db0000 - 0x00007ff9d3db9000 	C:\Program Files\JetBrains\IntelliJ IDEA Educational Edition 2022.2.2\jbr\bin\management.dll
0x00007ff9d38e0000 - 0x00007ff9d38eb000 	C:\Program Files\JetBrains\IntelliJ IDEA Educational Edition 2022.2.2\jbr\bin\management_ext.dll
0x00007ff9cb920000 - 0x00007ff9cb937000 	C:\WINDOWS\system32\napinsp.dll
0x00007ff9cb900000 - 0x00007ff9cb91b000 	C:\WINDOWS\system32\pnrpnsp.dll
0x00007ff9e20d0000 - 0x00007ff9e21c9000 	C:\WINDOWS\SYSTEM32\DNSAPI.dll
0x00007ff9e20a0000 - 0x00007ff9e20cd000 	C:\WINDOWS\SYSTEM32\IPHLPAPI.DLL
0x00007ff9e4bd0000 - 0x00007ff9e4bd9000 	C:\WINDOWS\System32\NSI.dll
0x00007ff9cb850000 - 0x00007ff9cb861000 	C:\WINDOWS\System32\winrnr.dll
0x00007ff9cb830000 - 0x00007ff9cb845000 	C:\WINDOWS\system32\wshbth.dll
0x00007ff9cb800000 - 0x00007ff9cb821000 	C:\WINDOWS\system32\nlansp_c.dll
0x00007ff9dc530000 - 0x00007ff9dc53a000 	C:\Windows\System32\rasadhlp.dll
0x00007ff9dacf0000 - 0x00007ff9dad73000 	C:\WINDOWS\System32\fwpuclnt.dll
0x00007ff9e2da0000 - 0x00007ff9e2dbb000 	C:\WINDOWS\SYSTEM32\CRYPTSP.dll
0x00007ff9e25b0000 - 0x00007ff9e25e5000 	C:\WINDOWS\system32\rsaenh.dll
0x00007ff9e2c40000 - 0x00007ff9e2c6c000 	C:\WINDOWS\SYSTEM32\USERENV.dll
0x00007ff9e2f90000 - 0x00007ff9e2fb8000 	C:\WINDOWS\SYSTEM32\bcrypt.dll
0x00007ff9e2dc0000 - 0x00007ff9e2dcc000 	C:\WINDOWS\SYSTEM32\CRYPTBASE.dll
0x00007ff9dc240000 - 0x00007ff9dc259000 	C:\WINDOWS\SYSTEM32\dhcpcsvc6.DLL
0x00007ff9dc220000 - 0x00007ff9dc23f000 	C:\WINDOWS\SYSTEM32\dhcpcsvc.DLL
0x00007ff9d38a0000 - 0x00007ff9d38ad000 	C:\Program Files\JetBrains\IntelliJ IDEA Educational Edition 2022.2.2\jbr\bin\sunmscapi.dll
0x00007ff9e3660000 - 0x00007ff9e37c6000 	C:\WINDOWS\System32\CRYPT32.dll
0x00007ff9e2f60000 - 0x00007ff9e2f8d000 	C:\WINDOWS\SYSTEM32\ncrypt.dll
0x00007ff9e2f20000 - 0x00007ff9e2f57000 	C:\WINDOWS\SYSTEM32\NTASN1.dll

dbghelp: loaded successfully - version: 4.0.5 - missing functions: none
symbol engine: initialized successfully - sym options: 0x614 - pdb path: .;C:\Program Files\JetBrains\IntelliJ IDEA Educational Edition 2022.2.2\jbr\bin;C:\WINDOWS\SYSTEM32;C:\WINDOWS\WinSxS\amd64_microsoft.windows.common-controls_6595b64144ccf1df_6.0.22621.2506_none_270c5ae97388e100;C:\Program Files\JetBrains\IntelliJ IDEA Educational Edition 2022.2.2\jbr\bin\server;C:\Program Files\JetBrains\IntelliJ IDEA Educational Edition 2022.2.2\bin

VM Arguments:
jvm_args: -javaagent:C:\Program Files\JetBrains\IntelliJ IDEA Educational Edition 2022.2.2\lib\idea_rt.jar=51752:C:\Program Files\JetBrains\IntelliJ IDEA Educational Edition 2022.2.2\bin -Dfile.encoding=UTF-8 
java_command: com.proyectojwt.ProyectoJwtApplication
java_class_path (initial): D:\a\Proyecto-JWT-Backend-master\Proyecto-JWT-Backend-master\target\classes;C:\Users\PCMovil\.m2\repository\org\springframework\boot\spring-boot-starter-data-jpa\2.7.15\spring-boot-starter-data-jpa-2.7.15.jar;C:\Users\PCMovil\.m2\repository\org\springframework\boot\spring-boot-starter-aop\2.7.15\spring-boot-starter-aop-2.7.15.jar;C:\Users\PCMovil\.m2\repository\org\aspectj\aspectjweaver\1.9.7\aspectjweaver-1.9.7.jar;C:\Users\PCMovil\.m2\repository\org\springframework\boot\spring-boot-starter-jdbc\2.7.15\spring-boot-starter-jdbc-2.7.15.jar;C:\Users\PCMovil\.m2\repository\com\zaxxer\HikariCP\4.0.3\HikariCP-4.0.3.jar;C:\Users\PCMovil\.m2\repository\org\springframework\spring-jdbc\5.3.29\spring-jdbc-5.3.29.jar;C:\Users\PCMovil\.m2\repository\jakarta\transaction\jakarta.transaction-api\1.3.3\jakarta.transaction-api-1.3.3.jar;C:\Users\PCMovil\.m2\repository\jakarta\persistence\jakarta.persistence-api\2.2.3\jakarta.persistence-api-2.2.3.jar;C:\Users\PCMovil\.m2\repository\org\hibernate\hibernate-core\5.6.15.Final\hibernate-core-5.6.15.Final.jar;C:\Users\PCMovil\.m2\repository\org\jboss\logging\jboss-logging\3.4.3.Final\jboss-logging-3.4.3.Final.jar;C:\Users\PCMovil\.m2\repository\net\bytebuddy\byte-buddy\1.12.23\byte-buddy-1.12.23.jar;C:\Users\PCMovil\.m2\repository\antlr\antlr\2.7.7\antlr-2.7.7.jar;C:\Users\PCMovil\.m2\repository\org\jboss\jandex\2.4.2.Final\jandex-2.4.2.Final.jar;C:\Users\PCMovil\.m2\repository\com\fasterxml\classmate\1.5.1\classmate-1.5.1.jar;C:\Users\PCMovil\.m2\repository\org\hibernate\common\hibernate-commons-annotations\5.1.2.Final\hibernate-commons-annotations-5.1.2.Final.jar;C:\Users\PCMovil\.m2\repository\org\glassfish\jaxb\jaxb-runtime\2.3.8\jaxb-runtime-2.3.8.jar;C:\Users\PCMovil\.m2\repository\org\glassfish\jaxb\txw2\2.3.8\txw2-2.3.8.jar;C:\Users\PCMovil\.m2\repository\com\sun\istack\istack-commons-runtime\3.0.12\istack-commons-runtime-3.0.12.jar;C:\Users\PCMovil\.m2\repository\com\sun\activation\jakarta.activation
Launcher Type: SUN_STANDARD

[Global flags]
     intx CICompilerCount                          = 4                                         {product} {ergonomic}
     uint ConcGCThreads                            = 2                                         {product} {ergonomic}
     uint G1ConcRefinementThreads                  = 8                                         {product} {ergonomic}
   size_t G1HeapRegionSize                         = 1048576                                   {product} {ergonomic}
    uintx GCDrainStackTargetSize                   = 64                                        {product} {ergonomic}
   size_t InitialHeapSize                          = 132120576                                 {product} {ergonomic}
   size_t MarkStackSize                            = 4194304                                   {product} {ergonomic}
   size_t MaxHeapSize                              = 2095054848                                {product} {ergonomic}
   size_t MaxNewSize                               = 1256194048                                {product} {ergonomic}
   size_t MinHeapDeltaBytes                        = 1048576                                   {product} {ergonomic}
   size_t MinHeapSize                              = 8388608                                   {product} {ergonomic}
    uintx NonNMethodCodeHeapSize                   = 5839372                                {pd product} {ergonomic}
    uintx NonProfiledCodeHeapSize                  = 122909434                              {pd product} {ergonomic}
    uintx ProfiledCodeHeapSize                     = 122909434                              {pd product} {ergonomic}
    uintx ReservedCodeCacheSize                    = 251658240                              {pd product} {ergonomic}
     bool SegmentedCodeCache                       = true                                      {product} {ergonomic}
   size_t SoftMaxHeapSize                          = 2095054848                             {manageable} {ergonomic}
     bool UseCompressedClassPointers               = true                           {product lp64_product} {ergonomic}
     bool UseCompressedOops                        = true                           {product lp64_product} {ergonomic}
     bool UseG1GC                                  = true                                      {product} {ergonomic}
     bool UseLargePagesIndividualAllocation        = false                                  {pd product} {ergonomic}

Logging:
Log output configuration:
 #0: stdout all=warning uptime,level,tags
 #1: stderr all=off uptime,level,tags

Environment Variables:
JAVA_HOME=C:\Program Files (x86)\Java\jre-1.8
PATH=C:\Program Files\OpenLogic\jdk-8.0.382.05-hotspot\bin;C:\Program Files (x86)\Common Files\Oracle\Java\javapath;C:\Windows\System32\HWAudioDriverLibs;C:\Windows\system32;C:\Windows;C:\Windows\System32\Wbem;C:\Windows\System32\WindowsPowerShell\v1.0\;C:\Windows\System32\OpenSSH\;C:\Windows\system32\config\systemprofile\AppData\Local\Microsoft\WindowsApps;C:\Program Files\PuTTY\;C:\WINDOWS\system32;C:\WINDOWS;C:\WINDOWS\System32\Wbem;C:\WINDOWS\System32\WindowsPowerShell\v1.0\;C:\WINDOWS\System32\OpenSSH\;C:\Program Files\Oberthur Technologies\AuthentIC Webpack\Dlls;C:\Program Files (x86)\Oberthur Technologies\AuthentIC Webpack\Dlls;C:\Program Files\nodejs\;C:\Program Files (x86)\Java\jre-1.8\bin;C:\Program Files\Git\cmd;C:\Users\PCMovil\AppData\Local\Microsoft\WindowsApps;C:\Program Files (x86)\Nmap;C:\Users\PCMovil\AppData\Local\Programs\Microsoft VS Code\bin;C:\Users\PCMovil\AppData\Roaming\npm;C:\Users\PCMovil\AppData\Local\GitHubDesktop\bin
USERNAME=PCMovil
OS=Windows_NT
PROCESSOR_IDENTIFIER=Intel64 Family 6 Model 140 Stepping 1, GenuineIntel
TMP=C:\Users\PCMovil\AppData\Local\Temp
TEMP=C:\Users\PCMovil\AppData\Local\Temp



---------------  S Y S T E M  ---------------

OS:
 Windows 11 , 64 bit Build 22621 (10.0.22621.2506)
OS uptime: 0 days 0:25 hours

CPU: total 8 (initial active 8) (4 cores per cpu, 2 threads per core) family 6 model 140 stepping 1 microcode 0x8a, cx8, cmov, fxsr, ht, mmx, 3dnowpref, sse, sse2, sse3, ssse3, sse4.1, sse4.2, popcnt, lzcnt, tsc, tscinvbit, avx, avx2, aes, erms, clmul, bmi1, bmi2, adx, avx512f, avx512dq, avx512cd, avx512bw, avx512vl, sha, fma, vzeroupper, avx512_vpopcntdq, avx512_vpclmulqdq, avx512_vaes, avx512_vnni, clflush, clflushopt, clwb, avx512_vbmi2, avx512_vbmi

Memory: 4k page, system-wide physical 7991M (1590M free)
TotalPageFile size 10039M (AvailPageFile size 6M)
current process WorkingSet (physical memory assigned to process): 276M, peak: 279M
current process commit charge ("private bytes"): 310M, peak: 313M

vm_info: OpenJDK 64-Bit Server VM (17.0.4.1+7-b469.62) for windows-amd64 JRE (17.0.4.1+7-b469.62), built on 2022-09-22 by "builduser" with MS VC++ 16.10 / 16.11 (VS2019)

END.
