#
# There is insufficient memory for the Java Runtime Environment to continue.
# Native memory allocation (malloc) failed to allocate 1292176 bytes for Chunk::new
# Possible reasons:
#   The system is out of physical RAM or swap space
#   The process is running with CompressedOops enabled, and the Java Heap may be blocking the growth of the native heap
# Possible solutions:
#   Reduce memory load on the system
#   Increase physical memory or swap space
#   Check if swap backing store is full
#   Decrease Java heap size (-Xmx/-Xms)
#   Decrease number of Java threads
#   Decrease Java thread stack sizes (-Xss)
#   Set larger code cache with -XX:ReservedCodeCacheSize=
#   JVM is running with Unscaled Compressed Oops mode in which the Java heap is
#     placed in the first 4GB address space. The Java Heap base address is the
#     maximum limit for the native heap growth. Please use -XX:HeapBaseMinAddress
#     to set the Java Heap base and to place the Java Heap above 4GB virtual address.
# This output file may be truncated or incomplete.
#
#  Out of Memory Error (arena.cpp:189), pid=6404, tid=16240
#
# JRE version: OpenJDK Runtime Environment JBR-17.0.4.1+7-469.62-jcef (17.0.4.1+7) (build 17.0.4.1+7-b469.62)
# Java VM: OpenJDK 64-Bit Server VM JBR-17.0.4.1+7-469.62-jcef (17.0.4.1+7-b469.62, mixed mode, tiered, compressed oops, compressed class ptrs, g1 gc, windows-amd64)
# No core dump will be written. Minidumps are not enabled by default on client versions of Windows
#

---------------  S U M M A R Y ------------

Command Line: -javaagent:C:\Program Files\JetBrains\IntelliJ IDEA Educational Edition 2022.2.2\lib\idea_rt.jar=18078:C:\Program Files\JetBrains\IntelliJ IDEA Educational Edition 2022.2.2\bin -Dfile.encoding=UTF-8 com.proyectojwt.ProyectoJwtApplication

Host: 11th Gen Intel(R) Core(TM) i5-1135G7 @ 2.40GHz, 8 cores, 7G,  Windows 11 , 64 bit Build 22621 (10.0.22621.3085)
Time: Wed Jan 31 10:39:47 2024 Hora est. Pacífico, Sudamérica elapsed time: 577.889811 seconds (0d 0h 9m 37s)

---------------  T H R E A D  ---------------

Current thread (0x00000267aa988820):  JavaThread "C2 CompilerThread2" daemon [_thread_in_native, id=16240, stack(0x0000007419600000,0x0000007419700000)]


Current CompileTask:
C2: 577889 7514       4       org.springframework.transaction.annotation.AnnotationTransactionAttributeSource::determineTransactionAttribute (51 bytes)

Stack: [0x0000007419600000,0x0000007419700000]
Native frames: (J=compiled Java code, j=interpreted, Vv=VM code, C=native code)
V  [jvm.dll+0x68356a]
V  [jvm.dll+0x83fab4]
V  [jvm.dll+0x84125e]
V  [jvm.dll+0x8418c3]
V  [jvm.dll+0x249735]
V  [jvm.dll+0xabd5c]
V  [jvm.dll+0xac32c]
V  [jvm.dll+0x368842]
V  [jvm.dll+0x1bcbf2]
V  [jvm.dll+0x21bf99]
V  [jvm.dll+0x21b261]
V  [jvm.dll+0x1a4dfd]
V  [jvm.dll+0x22acd8]
V  [jvm.dll+0x228d89]
V  [jvm.dll+0x7f53ac]
V  [jvm.dll+0x7ef8da]
V  [jvm.dll+0x6823a5]
C  [ucrtbase.dll+0x29363]
C  [KERNEL32.DLL+0x1257d]
C  [ntdll.dll+0x5aa58]


---------------  P R O C E S S  ---------------

Threads class SMR info:
_java_thread_list=0x00000267ac270000, length=34, elements={
0x00000267a9e3b260, 0x00000267a9e3be10, 0x00000267aa838900, 0x00000267aa8393c0,
0x00000267aa839f70, 0x00000267aa84f300, 0x00000267aa850090, 0x00000267aa85e580,
0x00000267aa85f6a0, 0x00000267aa9537c0, 0x00000267aaba8210, 0x00000267aaba86e0,
0x00000267af73e080, 0x00000267af4900c0, 0x00000267b18ac100, 0x00000267ad83fc60,
0x00000267b1893ef0, 0x00000267aabf2eb0, 0x00000267af54f150, 0x00000267acfe2f50,
0x00000267ad4080b0, 0x00000267afe7fe50, 0x00000267b1a0cdb0, 0x00000267ad886ec0,
0x00000267ad886050, 0x00000267ad886520, 0x00000267ad8869f0, 0x00000267af8958d0,
0x00000267af891f10, 0x00000267af891570, 0x00000267af892d80, 0x00000267af894590,
0x00000267aa9878f0, 0x00000267aa988820
}

Java Threads: ( => current thread )
  0x00000267a9e3b260 JavaThread "Reference Handler" daemon [_thread_blocked, id=3472, stack(0x0000007419e00000,0x0000007419f00000)]
  0x00000267a9e3be10 JavaThread "Finalizer" daemon [_thread_blocked, id=4528, stack(0x0000007419f00000,0x000000741a000000)]
  0x00000267aa838900 JavaThread "Signal Dispatcher" daemon [_thread_blocked, id=13480, stack(0x000000741a000000,0x000000741a100000)]
  0x00000267aa8393c0 JavaThread "Attach Listener" daemon [_thread_blocked, id=17064, stack(0x000000741a100000,0x000000741a200000)]
  0x00000267aa839f70 JavaThread "Service Thread" daemon [_thread_blocked, id=3300, stack(0x000000741a200000,0x000000741a300000)]
  0x00000267aa84f300 JavaThread "Monitor Deflation Thread" daemon [_thread_blocked, id=784, stack(0x000000741a300000,0x000000741a400000)]
  0x00000267aa850090 JavaThread "C2 CompilerThread0" daemon [_thread_blocked, id=4616, stack(0x000000741a400000,0x000000741a500000)]
  0x00000267aa85e580 JavaThread "C1 CompilerThread0" daemon [_thread_blocked, id=16012, stack(0x000000741a500000,0x000000741a600000)]
  0x00000267aa85f6a0 JavaThread "Sweeper thread" daemon [_thread_blocked, id=14640, stack(0x000000741a600000,0x000000741a700000)]
  0x00000267aa9537c0 JavaThread "Common-Cleaner" daemon [_thread_blocked, id=4588, stack(0x000000741a700000,0x000000741a800000)]
  0x00000267aaba8210 JavaThread "Monitor Ctrl-Break" daemon [_thread_in_native, id=14116, stack(0x000000741a900000,0x000000741aa00000)]
  0x00000267aaba86e0 JavaThread "Notification Thread" daemon [_thread_blocked, id=10252, stack(0x000000741aa00000,0x000000741ab00000)]
  0x00000267af73e080 JavaThread "mysql-cj-abandoned-connection-cleanup" daemon [_thread_blocked, id=14592, stack(0x000000741b400000,0x000000741b500000)]
  0x00000267af4900c0 JavaThread "HikariPool-1 housekeeper" daemon [_thread_blocked, id=11500, stack(0x000000741b800000,0x000000741b900000)]
  0x00000267b18ac100 JavaThread "Catalina-utility-1" [_thread_blocked, id=1892, stack(0x000000741ba00000,0x000000741bb00000)]
  0x00000267ad83fc60 JavaThread "Catalina-utility-2" [_thread_blocked, id=5448, stack(0x000000741bb00000,0x000000741bc00000)]
  0x00000267b1893ef0 JavaThread "container-0" [_thread_blocked, id=14008, stack(0x000000741bc00000,0x000000741bd00000)]
  0x00000267aabf2eb0 JavaThread "File Watcher" daemon [_thread_blocked, id=16264, stack(0x000000741bd00000,0x000000741be00000)]
  0x00000267af54f150 JavaThread "Live Reload Server" daemon [_thread_in_native, id=12164, stack(0x000000741bf00000,0x000000741c000000)]
  0x00000267acfe2f50 JavaThread "http-nio-10.4.7.20-8080-exec-1" daemon [_thread_blocked, id=7532, stack(0x000000741be00000,0x000000741bf00000)]
  0x00000267ad4080b0 JavaThread "http-nio-10.4.7.20-8080-exec-2" daemon [_thread_blocked, id=2360, stack(0x000000741c000000,0x000000741c100000)]
  0x00000267afe7fe50 JavaThread "http-nio-10.4.7.20-8080-exec-3" daemon [_thread_blocked, id=4720, stack(0x000000741c100000,0x000000741c200000)]
  0x00000267b1a0cdb0 JavaThread "http-nio-10.4.7.20-8080-exec-4" daemon [_thread_blocked, id=1448, stack(0x000000741c200000,0x000000741c300000)]
  0x00000267ad886ec0 JavaThread "http-nio-10.4.7.20-8080-exec-5" daemon [_thread_blocked, id=3820, stack(0x000000741c300000,0x000000741c400000)]
  0x00000267ad886050 JavaThread "http-nio-10.4.7.20-8080-exec-6" daemon [_thread_blocked, id=11192, stack(0x000000741c400000,0x000000741c500000)]
  0x00000267ad886520 JavaThread "http-nio-10.4.7.20-8080-exec-7" daemon [_thread_blocked, id=15052, stack(0x000000741c500000,0x000000741c600000)]
  0x00000267ad8869f0 JavaThread "http-nio-10.4.7.20-8080-exec-8" daemon [_thread_blocked, id=7788, stack(0x000000741c600000,0x000000741c700000)]
  0x00000267af8958d0 JavaThread "http-nio-10.4.7.20-8080-exec-9" daemon [_thread_blocked, id=2532, stack(0x000000741c700000,0x000000741c800000)]
  0x00000267af891f10 JavaThread "http-nio-10.4.7.20-8080-exec-10" daemon [_thread_blocked, id=17216, stack(0x000000741c800000,0x000000741c900000)]
  0x00000267af891570 JavaThread "http-nio-10.4.7.20-8080-Poller" daemon [_thread_in_native, id=11216, stack(0x000000741c900000,0x000000741ca00000)]
  0x00000267af892d80 JavaThread "http-nio-10.4.7.20-8080-Acceptor" daemon [_thread_in_native, id=13740, stack(0x000000741ca00000,0x000000741cb00000)]
  0x00000267af894590 JavaThread "DestroyJavaVM" [_thread_blocked, id=10728, stack(0x0000007419700000,0x0000007419800000)]
  0x00000267aa9878f0 JavaThread "C2 CompilerThread1" daemon [_thread_blocked, id=9700, stack(0x0000007419500000,0x0000007419600000)]
=>0x00000267aa988820 JavaThread "C2 CompilerThread2" daemon [_thread_in_native, id=16240, stack(0x0000007419600000,0x0000007419700000)]

Other Threads:
  0x00000267aa820280 VMThread "VM Thread" [stack: 0x0000007419d00000,0x0000007419e00000] [id=10164]
  0x000002678ff66dd0 WatcherThread [stack: 0x000000741ab00000,0x000000741ac00000] [id=8852]
  0x000002678ff4ea70 GCTaskThread "GC Thread#0" [stack: 0x0000007419800000,0x0000007419900000] [id=16040]
  0x00000267ad16e9f0 GCTaskThread "GC Thread#1" [stack: 0x000000741ae00000,0x000000741af00000] [id=12892]
  0x00000267ac4b8240 GCTaskThread "GC Thread#2" [stack: 0x000000741af00000,0x000000741b000000] [id=11348]
  0x00000267ac4b84f0 GCTaskThread "GC Thread#3" [stack: 0x000000741b000000,0x000000741b100000] [id=15820]
  0x00000267acaa2860 GCTaskThread "GC Thread#4" [stack: 0x000000741b100000,0x000000741b200000] [id=15796]
  0x00000267acfe2820 GCTaskThread "GC Thread#5" [stack: 0x000000741b200000,0x000000741b300000] [id=15404]
  0x00000267acd497c0 GCTaskThread "GC Thread#6" [stack: 0x000000741b300000,0x000000741b400000] [id=14740]
  0x00000267aca4f600 GCTaskThread "GC Thread#7" [stack: 0x000000741b500000,0x000000741b600000] [id=9648]
  0x000002678ff5f370 ConcurrentGCThread "G1 Main Marker" [stack: 0x0000007419900000,0x0000007419a00000] [id=2368]
  0x000002678ff60d90 ConcurrentGCThread "G1 Conc#0" [stack: 0x0000007419a00000,0x0000007419b00000] [id=13780]
  0x00000267ac18dac0 ConcurrentGCThread "G1 Conc#1" [stack: 0x000000741b600000,0x000000741b700000] [id=13020]
  0x00000267a9c8a110 ConcurrentGCThread "G1 Refine#0" [stack: 0x0000007419b00000,0x0000007419c00000] [id=17288]
  0x00000267a9c8a940 ConcurrentGCThread "G1 Service" [stack: 0x0000007419c00000,0x0000007419d00000] [id=17392]

Threads with active compile tasks:
C2 CompilerThread2   577906 7514       4       org.springframework.transaction.annotation.AnnotationTransactionAttributeSource::determineTransactionAttribute (51 bytes)

VM state: not at safepoint (normal execution)

VM Mutex/Monitor currently owned by a thread: None

Heap address: 0x0000000083200000, size: 1998 MB, Compressed Oops mode: 32-bit

CDS archive(s) not mapped
Compressed class space mapped at: 0x0000000100000000-0x0000000140000000, reserved size: 1073741824
Narrow klass base: 0x0000000000000000, Narrow klass shift: 3, Narrow klass range: 0x140000000

GC Precious Log:
 CPUs: 8 total, 8 available
 Memory: 7991M
 Large Page Support: Disabled
 NUMA Support: Disabled
 Compressed Oops: Enabled (32-bit)
 Heap Region Size: 1M
 Heap Min Capacity: 8M
 Heap Initial Capacity: 126M
 Heap Max Capacity: 1998M
 Pre-touch: Disabled
 Parallel Workers: 8
 Concurrent Workers: 2
 Concurrent Refinement Workers: 8
 Periodic GC: Disabled

Heap:
 garbage-first heap   total 66560K, used 48076K [0x0000000083200000, 0x0000000100000000)
  region size 1024K, 20 young (20480K), 3 survivors (3072K)
 Metaspace       used 77473K, committed 77824K, reserved 1122304K
  class space    used 10148K, committed 10304K, reserved 1048576K

Heap Regions: E=young(eden), S=young(survivor), O=old, HS=humongous(starts), HC=humongous(continues), CS=collection set, F=free, OA=open archive, CA=closed archive, TAMS=top-at-mark-start (previous, next)
|   0|0x0000000083200000, 0x0000000083300000, 0x0000000083300000|100%|HS|  |TAMS 0x0000000083300000, 0x0000000083200000| Complete 
|   1|0x0000000083300000, 0x0000000083400000, 0x0000000083400000|100%| O|  |TAMS 0x0000000083400000, 0x0000000083300000| Untracked 
|   2|0x0000000083400000, 0x0000000083500000, 0x0000000083500000|100%| O|  |TAMS 0x0000000083500000, 0x0000000083400000| Untracked 
|   3|0x0000000083500000, 0x0000000083600000, 0x0000000083600000|100%| O|  |TAMS 0x0000000083600000, 0x0000000083500000| Untracked 
|   4|0x0000000083600000, 0x0000000083700000, 0x0000000083700000|100%| O|  |TAMS 0x0000000083700000, 0x0000000083600000| Untracked 
|   5|0x0000000083700000, 0x0000000083800000, 0x0000000083800000|100%| O|  |TAMS 0x0000000083800000, 0x0000000083700000| Untracked 
|   6|0x0000000083800000, 0x0000000083900000, 0x0000000083900000|100%| O|  |TAMS 0x0000000083900000, 0x0000000083800000| Untracked 
|   7|0x0000000083900000, 0x0000000083a00000, 0x0000000083a00000|100%| O|  |TAMS 0x0000000083a00000, 0x0000000083900000| Untracked 
|   8|0x0000000083a00000, 0x0000000083b00000, 0x0000000083b00000|100%| O|  |TAMS 0x0000000083b00000, 0x0000000083a00000| Untracked 
|   9|0x0000000083b00000, 0x0000000083c00000, 0x0000000083c00000|100%| O|  |TAMS 0x0000000083c00000, 0x0000000083b00000| Untracked 
|  10|0x0000000083c00000, 0x0000000083d00000, 0x0000000083d00000|100%| O|  |TAMS 0x0000000083d00000, 0x0000000083c00000| Untracked 
|  11|0x0000000083d00000, 0x0000000083e00000, 0x0000000083e00000|100%| O|  |TAMS 0x0000000083e00000, 0x0000000083d00000| Untracked 
|  12|0x0000000083e00000, 0x0000000083f00000, 0x0000000083f00000|100%| O|  |TAMS 0x0000000083f00000, 0x0000000083e00000| Untracked 
|  13|0x0000000083f00000, 0x0000000084000000, 0x0000000084000000|100%| O|  |TAMS 0x0000000084000000, 0x0000000083f00000| Untracked 
|  14|0x0000000084000000, 0x0000000084100000, 0x0000000084100000|100%| O|  |TAMS 0x0000000084100000, 0x0000000084000000| Untracked 
|  15|0x0000000084100000, 0x0000000084200000, 0x0000000084200000|100%| O|  |TAMS 0x0000000084200000, 0x0000000084100000| Untracked 
|  16|0x0000000084200000, 0x0000000084300000, 0x0000000084300000|100%| O|  |TAMS 0x0000000084300000, 0x0000000084200000| Untracked 
|  17|0x0000000084300000, 0x0000000084400000, 0x0000000084400000|100%| O|  |TAMS 0x0000000084400000, 0x0000000084300000| Untracked 
|  18|0x0000000084400000, 0x0000000084500000, 0x0000000084500000|100%| O|  |TAMS 0x0000000084500000, 0x0000000084400000| Untracked 
|  19|0x0000000084500000, 0x0000000084600000, 0x0000000084600000|100%| O|  |TAMS 0x0000000084600000, 0x0000000084500000| Untracked 
|  20|0x0000000084600000, 0x0000000084700000, 0x0000000084700000|100%| O|  |TAMS 0x00000000846d3200, 0x0000000084600000| Untracked 
|  21|0x0000000084700000, 0x0000000084800000, 0x0000000084800000|100%| O|  |TAMS 0x0000000084700000, 0x0000000084700000| Untracked 
|  22|0x0000000084800000, 0x0000000084900000, 0x0000000084900000|100%| O|  |TAMS 0x0000000084800000, 0x0000000084800000| Untracked 
|  23|0x0000000084900000, 0x0000000084a00000, 0x0000000084a00000|100%| O|  |TAMS 0x0000000084900000, 0x0000000084900000| Untracked 
|  24|0x0000000084a00000, 0x0000000084b00000, 0x0000000084b00000|100%| O|  |TAMS 0x0000000084a00000, 0x0000000084a00000| Untracked 
|  25|0x0000000084b00000, 0x0000000084c00000, 0x0000000084c00000|100%| O|  |TAMS 0x0000000084b00000, 0x0000000084b00000| Untracked 
|  26|0x0000000084c00000, 0x0000000084d00000, 0x0000000084d00000|100%| O|  |TAMS 0x0000000084c00000, 0x0000000084c00000| Untracked 
|  27|0x0000000084d00000, 0x0000000084e00000, 0x0000000084e00000|100%| O|  |TAMS 0x0000000084d00000, 0x0000000084d00000| Untracked 
|  28|0x0000000084e00000, 0x0000000084e85800, 0x0000000084f00000| 52%| O|  |TAMS 0x0000000084e00000, 0x0000000084e00000| Untracked 
|  29|0x0000000084f00000, 0x0000000084f00000, 0x0000000085000000|  0%| F|  |TAMS 0x0000000084f00000, 0x0000000084f00000| Untracked 
|  30|0x0000000085000000, 0x0000000085000000, 0x0000000085100000|  0%| F|  |TAMS 0x0000000085000000, 0x0000000085000000| Untracked 
|  31|0x0000000085100000, 0x0000000085100000, 0x0000000085200000|  0%| F|  |TAMS 0x0000000085100000, 0x0000000085100000| Untracked 
|  32|0x0000000085200000, 0x0000000085200000, 0x0000000085300000|  0%| F|  |TAMS 0x0000000085200000, 0x0000000085200000| Untracked 
|  33|0x0000000085300000, 0x0000000085300000, 0x0000000085400000|  0%| F|  |TAMS 0x0000000085300000, 0x0000000085300000| Untracked 
|  34|0x0000000085400000, 0x0000000085400000, 0x0000000085500000|  0%| F|  |TAMS 0x0000000085400000, 0x0000000085400000| Untracked 
|  35|0x0000000085500000, 0x0000000085500000, 0x0000000085600000|  0%| F|  |TAMS 0x0000000085500000, 0x0000000085500000| Untracked 
|  36|0x0000000085600000, 0x000000008566da88, 0x0000000085700000| 42%| S|CS|TAMS 0x0000000085600000, 0x0000000085600000| Complete 
|  37|0x0000000085700000, 0x0000000085700000, 0x0000000085800000|  0%| F|  |TAMS 0x0000000085700000, 0x0000000085700000| Untracked 
|  38|0x0000000085800000, 0x0000000085800000, 0x0000000085900000|  0%| F|  |TAMS 0x0000000085800000, 0x0000000085800000| Untracked 
|  39|0x0000000085900000, 0x0000000085a00000, 0x0000000085a00000|100%| S|CS|TAMS 0x0000000085900000, 0x0000000085900000| Complete 
|  40|0x0000000085a00000, 0x0000000085a00000, 0x0000000085b00000|  0%| F|  |TAMS 0x0000000085a00000, 0x0000000085a00000| Untracked 
|  41|0x0000000085b00000, 0x0000000085b00000, 0x0000000085c00000|  0%| F|  |TAMS 0x0000000085b00000, 0x0000000085b00000| Untracked 
|  42|0x0000000085c00000, 0x0000000085d00000, 0x0000000085d00000|100%| S|CS|TAMS 0x0000000085c00000, 0x0000000085c00000| Complete 
|  43|0x0000000085d00000, 0x0000000085d00000, 0x0000000085e00000|  0%| F|  |TAMS 0x0000000085d00000, 0x0000000085d00000| Untracked 
|  44|0x0000000085e00000, 0x0000000085e00000, 0x0000000085f00000|  0%| F|  |TAMS 0x0000000085e00000, 0x0000000085e00000| Untracked 
|  45|0x0000000085f00000, 0x0000000085f00000, 0x0000000086000000|  0%| F|  |TAMS 0x0000000085f00000, 0x0000000085f00000| Untracked 
|  46|0x0000000086000000, 0x0000000086000000, 0x0000000086100000|  0%| F|  |TAMS 0x0000000086000000, 0x0000000086000000| Untracked 
|  47|0x0000000086100000, 0x0000000086100000, 0x0000000086200000|  0%| F|  |TAMS 0x0000000086100000, 0x0000000086100000| Untracked 
|  48|0x0000000086200000, 0x0000000086245ea0, 0x0000000086300000| 27%| E|  |TAMS 0x0000000086200000, 0x0000000086200000| Complete 
|  49|0x0000000086300000, 0x0000000086400000, 0x0000000086400000|100%| E|CS|TAMS 0x0000000086300000, 0x0000000086300000| Complete 
|  50|0x0000000086400000, 0x0000000086500000, 0x0000000086500000|100%| E|CS|TAMS 0x0000000086400000, 0x0000000086400000| Complete 
|  51|0x0000000086500000, 0x0000000086600000, 0x0000000086600000|100%| E|CS|TAMS 0x0000000086500000, 0x0000000086500000| Complete 
|  52|0x0000000086600000, 0x0000000086700000, 0x0000000086700000|100%| E|CS|TAMS 0x0000000086600000, 0x0000000086600000| Complete 
|  53|0x0000000086700000, 0x0000000086800000, 0x0000000086800000|100%| E|CS|TAMS 0x0000000086700000, 0x0000000086700000| Complete 
|  54|0x0000000086800000, 0x0000000086900000, 0x0000000086900000|100%| E|CS|TAMS 0x0000000086800000, 0x0000000086800000| Complete 
|  55|0x0000000086900000, 0x0000000086a00000, 0x0000000086a00000|100%| E|CS|TAMS 0x0000000086900000, 0x0000000086900000| Complete 
|  56|0x0000000086a00000, 0x0000000086b00000, 0x0000000086b00000|100%| E|CS|TAMS 0x0000000086a00000, 0x0000000086a00000| Complete 
|  57|0x0000000086b00000, 0x0000000086c00000, 0x0000000086c00000|100%| E|CS|TAMS 0x0000000086b00000, 0x0000000086b00000| Complete 
|  58|0x0000000086c00000, 0x0000000086d00000, 0x0000000086d00000|100%| E|CS|TAMS 0x0000000086c00000, 0x0000000086c00000| Complete 
|  59|0x0000000086d00000, 0x0000000086e00000, 0x0000000086e00000|100%| E|CS|TAMS 0x0000000086d00000, 0x0000000086d00000| Complete 
|  60|0x0000000086e00000, 0x0000000086f00000, 0x0000000086f00000|100%| E|CS|TAMS 0x0000000086e00000, 0x0000000086e00000| Complete 
|  61|0x0000000086f00000, 0x0000000087000000, 0x0000000087000000|100%| E|CS|TAMS 0x0000000086f00000, 0x0000000086f00000| Complete 
|  95|0x0000000089100000, 0x0000000089200000, 0x0000000089200000|100%| E|CS|TAMS 0x0000000089100000, 0x0000000089100000| Complete 
|  96|0x0000000089200000, 0x0000000089300000, 0x0000000089300000|100%| E|CS|TAMS 0x0000000089200000, 0x0000000089200000| Complete 
| 125|0x000000008af00000, 0x000000008b000000, 0x000000008b000000|100%| E|CS|TAMS 0x000000008af00000, 0x000000008af00000| Complete 

Card table byte_map: [0x00000267a2d50000,0x00000267a3140000] _byte_map_base: 0x00000267a2937000

Marking Bits (Prev, Next): (CMBitMap*) 0x000002678ff4f0c0, (CMBitMap*) 0x000002678ff4f080
 Prev Bits: [0x00000267a5470000, 0x00000267a73a8000)
 Next Bits: [0x00000267a3530000, 0x00000267a5468000)

Polling page: 0x000002678de60000

Metaspace:

Usage:
  Non-class:     65.75 MB used.
      Class:      9.91 MB used.
       Both:     75.66 MB used.

Virtual space:
  Non-class space:       72.00 MB reserved,      65.94 MB ( 92%) committed,  9 nodes.
      Class space:        1.00 GB reserved,      10.06 MB ( <1%) committed,  1 nodes.
             Both:        1.07 GB reserved,      76.00 MB (  7%) committed. 

Chunk freelists:
   Non-Class:  1.53 MB
       Class:  1.88 MB
        Both:  3.41 MB

MaxMetaspaceSize: unlimited
CompressedClassSpaceSize: 1.00 GB
Initial GC threshold: 21.00 MB
Current GC threshold: 97.94 MB
CDS: off
MetaspaceReclaimPolicy: balanced
 - commit_granule_bytes: 65536.
 - commit_granule_words: 8192.
 - virtual_space_node_default_size: 1048576.
 - enlarge_chunks_in_place: 1.
 - new_chunks_are_fully_committed: 0.
 - uncommit_free_chunks: 1.
 - use_allocation_guard: 0.
 - handle_deallocations: 1.


Internal statistics:

num_allocs_failed_limit: 9.
num_arena_births: 458.
num_arena_deaths: 0.
num_vsnodes_births: 10.
num_vsnodes_deaths: 0.
num_space_committed: 1216.
num_space_uncommitted: 0.
num_chunks_returned_to_freelist: 9.
num_chunks_taken_from_freelist: 2946.
num_chunk_merges: 3.
num_chunk_splits: 2137.
num_chunks_enlarged: 1740.
num_purges: 0.
num_inconsistent_stats: 0.

CodeHeap 'non-profiled nmethods': size=120000Kb used=4024Kb max_used=4024Kb free=115975Kb
 bounds [0x000002679b100000, 0x000002679b4f0000, 0x00000267a2630000]
CodeHeap 'profiled nmethods': size=120000Kb used=12977Kb max_used=12977Kb free=107022Kb
 bounds [0x0000026793bd0000, 0x0000026794880000, 0x000002679b100000]
CodeHeap 'non-nmethods': size=5760Kb used=1339Kb max_used=1381Kb free=4420Kb
 bounds [0x0000026793630000, 0x00000267938a0000, 0x0000026793bd0000]
 total_blobs=7482 nmethods=6831 adapters=562
 compilation: enabled
              stopped_count=0, restarted_count=0
 full_count=0

Compilation events (20 events):
Event: 577.823 Thread 0x00000267aa85e580 nmethod 7567 0x0000026794879990 code [0x0000026794879b80, 0x000002679487a228]
Event: 577.823 Thread 0x00000267aa85e580 7568       3       org.hibernate.dialect.pagination.NoopLimitHandler::setMaxRows (47 bytes)
Event: 577.823 Thread 0x00000267aa85e580 nmethod 7568 0x000002679487a390 code [0x000002679487a5a0, 0x000002679487acb8]
Event: 577.823 Thread 0x00000267aa85e580 7569   !   3       org.hibernate.resource.jdbc.internal.ResourceRegistryStandardImpl::close (54 bytes)
Event: 577.823 Thread 0x00000267aa85e580 nmethod 7569 0x000002679487af10 code [0x000002679487b120, 0x000002679487b718]
Event: 577.823 Thread 0x00000267aa85e580 7561       1       org.hibernate.collection.internal.AbstractPersistentCollection::getSession (5 bytes)
Event: 577.823 Thread 0x00000267aa85e580 nmethod 7561 0x000002679b4ea310 code [0x000002679b4ea4a0, 0x000002679b4ea578]
Event: 577.824 Thread 0x00000267aa85e580 7570       3       org.hibernate.collection.internal.PersistentSet::size (24 bytes)
Event: 577.824 Thread 0x00000267aa9878f0 7572       4       com.fasterxml.jackson.core.json.UTF8JsonGenerator::_writeStringSegment (122 bytes)
Event: 577.824 Thread 0x00000267aa85e580 nmethod 7570 0x000002679487b890 code [0x000002679487ba40, 0x000002679487bdb8]
Event: 577.824 Thread 0x00000267aa85e580 7571       3       org.hibernate.collection.internal.AbstractPersistentCollection::readSize (51 bytes)
Event: 577.825 Thread 0x00000267aa85e580 nmethod 7571 0x000002679487be90 code [0x000002679487c080, 0x000002679487c558]
Event: 577.825 Thread 0x00000267aa85e580 7574       3       org.apache.coyote.AbstractProtocol::getKeepAliveTimeout (8 bytes)
Event: 577.825 Thread 0x00000267aa85e580 nmethod 7574 0x000002679487c690 code [0x000002679487c840, 0x000002679487cc18]
Event: 577.825 Thread 0x00000267aa85e580 7575       3       org.apache.tomcat.util.net.AbstractEndpoint::getKeepAliveTimeout (20 bytes)
Event: 577.826 Thread 0x00000267aa85e580 nmethod 7575 0x000002679487cd90 code [0x000002679487cf40, 0x000002679487d238]
Event: 577.832 Thread 0x00000267aa9878f0 nmethod 7572 0x000002679b4ea610 code [0x000002679b4ea7a0, 0x000002679b4ead18]
Event: 577.832 Thread 0x00000267aa9878f0 7573       4       java.nio.HeapByteBuffer::put (16 bytes)
Event: 577.833 Thread 0x00000267aa9878f0 nmethod 7573 0x000002679b4eaf10 code [0x000002679b4eb080, 0x000002679b4eb178]
Event: 577.849 Thread 0x00000267aa850090 nmethod 7552 0x000002679b4eb290 code [0x000002679b4eb4e0, 0x000002679b4ed390]

GC Heap History (20 events):
Event: 2.619 GC heap before
{Heap before GC invocations=12 (full 0):
 garbage-first heap   total 37888K, used 17645K [0x0000000083200000, 0x0000000100000000)
  region size 1024K, 3 young (3072K), 2 survivors (2048K)
 Metaspace       used 38540K, committed 38848K, reserved 1089536K
  class space    used 4801K, committed 4928K, reserved 1048576K
}
Event: 2.621 GC heap after
{Heap after GC invocations=13 (full 0):
 garbage-first heap   total 66560K, used 16919K [0x0000000083200000, 0x0000000100000000)
  region size 1024K, 1 young (1024K), 1 survivors (1024K)
 Metaspace       used 38540K, committed 38848K, reserved 1089536K
  class space    used 4801K, committed 4928K, reserved 1048576K
}
Event: 3.090 GC heap before
{Heap before GC invocations=13 (full 0):
 garbage-first heap   total 66560K, used 45591K [0x0000000083200000, 0x0000000100000000)
  region size 1024K, 29 young (29696K), 1 survivors (1024K)
 Metaspace       used 42438K, committed 42752K, reserved 1089536K
  class space    used 5272K, committed 5440K, reserved 1048576K
}
Event: 3.092 GC heap after
{Heap after GC invocations=14 (full 0):
 garbage-first heap   total 66560K, used 18822K [0x0000000083200000, 0x0000000100000000)
  region size 1024K, 3 young (3072K), 3 survivors (3072K)
 Metaspace       used 42438K, committed 42752K, reserved 1089536K
  class space    used 5272K, committed 5440K, reserved 1048576K
}
Event: 3.577 GC heap before
{Heap before GC invocations=14 (full 0):
 garbage-first heap   total 66560K, used 46470K [0x0000000083200000, 0x0000000100000000)
  region size 1024K, 30 young (30720K), 3 survivors (3072K)
 Metaspace       used 50296K, committed 50624K, reserved 1097728K
  class space    used 6447K, committed 6592K, reserved 1048576K
}
Event: 3.580 GC heap after
{Heap after GC invocations=15 (full 0):
 garbage-first heap   total 66560K, used 21258K [0x0000000083200000, 0x0000000100000000)
  region size 1024K, 3 young (3072K), 3 survivors (3072K)
 Metaspace       used 50296K, committed 50624K, reserved 1097728K
  class space    used 6447K, committed 6592K, reserved 1048576K
}
Event: 4.025 GC heap before
{Heap before GC invocations=15 (full 0):
 garbage-first heap   total 66560K, used 48906K [0x0000000083200000, 0x0000000100000000)
  region size 1024K, 30 young (30720K), 3 survivors (3072K)
 Metaspace       used 57797K, committed 58112K, reserved 1105920K
  class space    used 7598K, committed 7744K, reserved 1048576K
}
Event: 4.028 GC heap after
{Heap after GC invocations=16 (full 0):
 garbage-first heap   total 66560K, used 22804K [0x0000000083200000, 0x0000000100000000)
  region size 1024K, 2 young (2048K), 2 survivors (2048K)
 Metaspace       used 57797K, committed 58112K, reserved 1105920K
  class space    used 7598K, committed 7744K, reserved 1048576K
}
Event: 4.202 GC heap before
{Heap before GC invocations=16 (full 0):
 garbage-first heap   total 66560K, used 33044K [0x0000000083200000, 0x0000000100000000)
  region size 1024K, 13 young (13312K), 2 survivors (2048K)
 Metaspace       used 59819K, committed 60096K, reserved 1105920K
  class space    used 7917K, committed 8064K, reserved 1048576K
}
Event: 4.204 GC heap after
{Heap after GC invocations=17 (full 0):
 garbage-first heap   total 66560K, used 23258K [0x0000000083200000, 0x0000000100000000)
  region size 1024K, 2 young (2048K), 2 survivors (2048K)
 Metaspace       used 59819K, committed 60096K, reserved 1105920K
  class space    used 7917K, committed 8064K, reserved 1048576K
}
Event: 4.605 GC heap before
{Heap before GC invocations=18 (full 0):
 garbage-first heap   total 66560K, used 51930K [0x0000000083200000, 0x0000000100000000)
  region size 1024K, 30 young (30720K), 2 survivors (2048K)
 Metaspace       used 63618K, committed 64000K, reserved 1105920K
  class space    used 8467K, committed 8640K, reserved 1048576K
}
Event: 4.608 GC heap after
{Heap after GC invocations=19 (full 0):
 garbage-first heap   total 66560K, used 25248K [0x0000000083200000, 0x0000000100000000)
  region size 1024K, 4 young (4096K), 4 survivors (4096K)
 Metaspace       used 63618K, committed 64000K, reserved 1105920K
  class space    used 8467K, committed 8640K, reserved 1048576K
}
Event: 5.039 GC heap before
{Heap before GC invocations=19 (full 0):
 garbage-first heap   total 66560K, used 51872K [0x0000000083200000, 0x0000000100000000)
  region size 1024K, 30 young (30720K), 4 survivors (4096K)
 Metaspace       used 66391K, committed 66752K, reserved 1114112K
  class space    used 8884K, committed 9088K, reserved 1048576K
}
Event: 5.042 GC heap after
{Heap after GC invocations=20 (full 0):
 garbage-first heap   total 66560K, used 27252K [0x0000000083200000, 0x0000000100000000)
  region size 1024K, 4 young (4096K), 4 survivors (4096K)
 Metaspace       used 66391K, committed 66752K, reserved 1114112K
  class space    used 8884K, committed 9088K, reserved 1048576K
}
Event: 5.527 GC heap before
{Heap before GC invocations=20 (full 0):
 garbage-first heap   total 66560K, used 52852K [0x0000000083200000, 0x0000000100000000)
  region size 1024K, 29 young (29696K), 4 survivors (4096K)
 Metaspace       used 69206K, committed 69632K, reserved 1114112K
  class space    used 9249K, committed 9472K, reserved 1048576K
}
Event: 5.532 GC heap after
{Heap after GC invocations=21 (full 0):
 garbage-first heap   total 66560K, used 29249K [0x0000000083200000, 0x0000000100000000)
  region size 1024K, 4 young (4096K), 4 survivors (4096K)
 Metaspace       used 69206K, committed 69632K, reserved 1114112K
  class space    used 9249K, committed 9472K, reserved 1048576K
}
Event: 40.607 GC heap before
{Heap before GC invocations=21 (full 0):
 garbage-first heap   total 66560K, used 51777K [0x0000000083200000, 0x0000000100000000)
  region size 1024K, 27 young (27648K), 4 survivors (4096K)
 Metaspace       used 74981K, committed 75328K, reserved 1122304K
  class space    used 9953K, committed 10112K, reserved 1048576K
}
Event: 40.611 GC heap after
{Heap after GC invocations=22 (full 0):
 garbage-first heap   total 66560K, used 31005K [0x0000000083200000, 0x0000000100000000)
  region size 1024K, 4 young (4096K), 4 survivors (4096K)
 Metaspace       used 74981K, committed 75328K, reserved 1122304K
  class space    used 9953K, committed 10112K, reserved 1048576K
}
Event: 375.652 GC heap before
{Heap before GC invocations=22 (full 0):
 garbage-first heap   total 66560K, used 53533K [0x0000000083200000, 0x0000000100000000)
  region size 1024K, 26 young (26624K), 4 survivors (4096K)
 Metaspace       used 76197K, committed 76480K, reserved 1122304K
  class space    used 10021K, committed 10176K, reserved 1048576K
}
Event: 375.658 GC heap after
{Heap after GC invocations=23 (full 0):
 garbage-first heap   total 66560K, used 31692K [0x0000000083200000, 0x0000000100000000)
  region size 1024K, 3 young (3072K), 3 survivors (3072K)
 Metaspace       used 76197K, committed 76480K, reserved 1122304K
  class space    used 10021K, committed 10176K, reserved 1048576K
}

Deoptimization events (20 events):
Event: 401.798 Thread 0x00000267b1a0cdb0 DEOPT PACKING pc=0x000002679476f483 sp=0x000000741c2f91f0
Event: 401.798 Thread 0x00000267b1a0cdb0 DEOPT UNPACKING pc=0x0000026793686763 sp=0x000000741c2f8660 mode 0
Event: 533.863 Thread 0x00000267afe7fe50 Uncommon trap: trap_request=0xffffffdc fr.pc=0x000002679b4b16c8 relative=0x0000000000000228
Event: 533.863 Thread 0x00000267afe7fe50 Uncommon trap: reason=class_check action=make_not_entrant pc=0x000002679b4b16c8 method=java.util.ArrayList.toArray([Ljava/lang/Object;)[Ljava/lang/Object; @ 21 c2
Event: 533.863 Thread 0x00000267afe7fe50 DEOPT PACKING pc=0x000002679b4b16c8 sp=0x000000741c1fd3e0
Event: 533.863 Thread 0x00000267afe7fe50 DEOPT UNPACKING pc=0x0000026793685c23 sp=0x000000741c1fd390 mode 2
Event: 533.865 Thread 0x00000267afe7fe50 DEOPT PACKING pc=0x000002679459e986 sp=0x000000741c1fb330
Event: 533.865 Thread 0x00000267afe7fe50 DEOPT UNPACKING pc=0x0000026793686763 sp=0x000000741c1faa98 mode 0
Event: 533.881 Thread 0x00000267afe7fe50 DEOPT PACKING pc=0x000002679476f483 sp=0x000000741c1f81a0
Event: 533.881 Thread 0x00000267afe7fe50 DEOPT UNPACKING pc=0x0000026793686763 sp=0x000000741c1f7610 mode 0
Event: 571.940 Thread 0x00000267ad886ec0 DEOPT PACKING pc=0x000002679476f483 sp=0x000000741c3f9820
Event: 571.940 Thread 0x00000267ad886ec0 DEOPT UNPACKING pc=0x0000026793686763 sp=0x000000741c3f8c90 mode 0
Event: 577.745 Thread 0x00000267b1a0cdb0 DEOPT PACKING pc=0x0000026793c230b4 sp=0x000000741c2fa990
Event: 577.745 Thread 0x00000267b1a0cdb0 DEOPT UNPACKING pc=0x0000026793686763 sp=0x000000741c2f9e00 mode 0
Event: 577.745 Thread 0x00000267b1a0cdb0 DEOPT PACKING pc=0x0000026793c230d5 sp=0x000000741c2fa990
Event: 577.745 Thread 0x00000267b1a0cdb0 DEOPT UNPACKING pc=0x0000026793686763 sp=0x000000741c2f9e00 mode 0
Event: 577.751 Thread 0x00000267b1a0cdb0 Uncommon trap: trap_request=0xffffffcc fr.pc=0x000002679b4de1f4 relative=0x0000000000000354
Event: 577.751 Thread 0x00000267b1a0cdb0 Uncommon trap: reason=intrinsic_or_type_checked_inlining action=make_not_entrant pc=0x000002679b4de1f4 method=java.util.ArrayList.toArray([Ljava/lang/Object;)[Ljava/lang/Object; @ 36 c2
Event: 577.751 Thread 0x00000267b1a0cdb0 DEOPT PACKING pc=0x000002679b4de1f4 sp=0x000000741c2fa1a0
Event: 577.751 Thread 0x00000267b1a0cdb0 DEOPT UNPACKING pc=0x0000026793685c23 sp=0x000000741c2fa180 mode 2

Classes unloaded (0 events):
No events

Classes redefined (0 events):
No events

Internal exceptions (20 events):
Event: 4.918 Thread 0x00000267ac792560 Exception <a 'java/lang/NoSuchMethodError'{0x0000000086053ab8}: 'int java.lang.invoke.DirectMethodHandle$Holder.invokeSpecial(java.lang.Object, java.lang.Object, java.lang.Object, int)'> (0x0000000086053ab8) 
thrown [s\src\hotspot\share\interpreter\linkResolver.cpp, line 771]
Event: 4.920 Thread 0x00000267ac792560 Exception <a 'java/lang/NoSuchMethodError'{0x000000008606d108}: 'void java.lang.invoke.DelegatingMethodHandle$Holder.reinvoke_L(java.lang.Object, java.lang.Object, int)'> (0x000000008606d108) 
thrown [s\src\hotspot\share\interpreter\linkResolver.cpp, line 771]
Event: 4.921 Thread 0x00000267ac792560 Exception <a 'java/lang/NoSuchMethodError'{0x000000008607ae38}: 'java.lang.Object java.lang.invoke.Invokers$Holder.invokeExact_MT(java.lang.Object, java.lang.Object, java.lang.Object, java.lang.Object)'> (0x000000008607ae38) 
thrown [s\src\hotspot\share\interpreter\linkResolver.cpp, line 771]
Event: 4.944 Thread 0x00000267ac792560 Exception <a 'java/lang/NoSuchMethodError'{0x0000000085f657c8}: 'java.lang.Object java.lang.invoke.DirectMethodHandle$Holder.invokeInterface(java.lang.Object, java.lang.Object, java.lang.Object, java.lang.Object)'> (0x0000000085f657c8) 
thrown [s\src\hotspot\share\interpreter\linkResolver.cpp, line 771]
Event: 5.068 Thread 0x00000267ac792560 Exception <a 'java/lang/NoSuchMethodError'{0x0000000089270b88}: 'void java.lang.invoke.DirectMethodHandle$Holder.invokeVirtual(java.lang.Object, java.lang.Object, int)'> (0x0000000089270b88) 
thrown [s\src\hotspot\share\interpreter\linkResolver.cpp, line 771]
Event: 5.070 Thread 0x00000267ac792560 Exception <a 'java/lang/NoSuchMethodError'{0x000000008928b828}: 'void java.lang.invoke.DirectMethodHandle$Holder.invokeVirtual(java.lang.Object, java.lang.Object, long)'> (0x000000008928b828) 
thrown [s\src\hotspot\share\interpreter\linkResolver.cpp, line 771]
Event: 5.161 Thread 0x00000267ac792560 Exception <a 'java/lang/IncompatibleClassChangeError'{0x000000008691c578}: Found class java.lang.Object, but interface was expected> (0x000000008691c578) 
thrown [s\src\hotspot\share\interpreter\linkResolver.cpp, line 838]
Event: 5.192 Thread 0x00000267ac792560 Exception <a 'java/lang/NoSuchMethodError'{0x0000000086753920}: 'int java.lang.invoke.DirectMethodHandle$Holder.invokeStaticInit(java.lang.Object, java.lang.Object, java.lang.Object, java.lang.Object)'> (0x0000000086753920) 
thrown [s\src\hotspot\share\interpreter\linkResolver.cpp, line 771]
Event: 5.255 Thread 0x00000267ac792560 Implicit null exception at 0x000002679b23585a to 0x000002679b235a90
Event: 5.314 Thread 0x00000267ac792560 Exception <a 'java/lang/NoSuchMethodError'{0x0000000085e4aaf8}: 'java.lang.Object java.lang.invoke.DirectMethodHandle$Holder.invokeSpecial(java.lang.Object, java.lang.Object, int, java.lang.Object, int, java.lang.Object)'> (0x0000000085e4aaf8) 
thrown [s\src\hotspot\share\interpreter\linkResolver.cpp, line 771]
Event: 5.314 Thread 0x00000267ac792560 Exception <a 'java/lang/NoSuchMethodError'{0x0000000085e52ba0}: 'java.lang.Object java.lang.invoke.DirectMethodHandle$Holder.newInvokeSpecial(java.lang.Object, java.lang.Object, int, java.lang.Object, int)'> (0x0000000085e52ba0) 
thrown [s\src\hotspot\share\interpreter\linkResolver.cpp, line 771]
Event: 5.314 Thread 0x00000267ac792560 Exception <a 'java/lang/NoSuchMethodError'{0x0000000085e56ca0}: 'java.lang.Object java.lang.invoke.DirectMethodHandle$Holder.invokeSpecial(java.lang.Object, java.lang.Object, java.lang.Object, int, java.lang.Object, int)'> (0x0000000085e56ca0) 
thrown [s\src\hotspot\share\interpreter\linkResolver.cpp, line 771]
Event: 5.315 Thread 0x00000267ac792560 Exception <a 'java/lang/NoSuchMethodError'{0x0000000085e60cf0}: 'void java.lang.invoke.DirectMethodHandle$Holder.invokeVirtual(java.lang.Object, java.lang.Object)'> (0x0000000085e60cf0) 
thrown [s\src\hotspot\share\interpreter\linkResolver.cpp, line 771]
Event: 5.634 Thread 0x00000267ad4080b0 Exception <a 'sun/nio/fs/WindowsException'{0x0000000086d8b228}> (0x0000000086d8b228) 
thrown [s\src\hotspot\share\prims\jni.cpp, line 517]
Event: 5.778 Thread 0x00000267ad886ec0 Exception <a 'java/lang/NoSuchMethodError'{0x0000000086458b68}: 'java.lang.Object java.lang.invoke.DirectMethodHandle$Holder.invokeStaticInit(java.lang.Object, java.lang.Object, java.lang.Object, java.lang.Object, java.lang.Object, java.lang.Object)'> (0x0000000086458b68) 
thrown [s\src\hotspot\share\interpreter\linkResolver.cpp, line 771]
Event: 375.634 Thread 0x00000267ad886ec0 Exception <a 'java/lang/ClassNotFoundException'{0x0000000085d2b280}: java/lang/ObjectCustomizer> (0x0000000085d2b280) 
thrown [s\src\hotspot\share\classfile\systemDictionary.cpp, line 256]
Event: 375.635 Thread 0x00000267ad886ec0 Exception <a 'java/lang/ClassNotFoundException'{0x0000000085d39708}: com/proyectojwt/entity/UsuarioCustomizer> (0x0000000085d39708) 
thrown [s\src\hotspot\share\classfile\systemDictionary.cpp, line 256]
Event: 375.636 Thread 0x00000267ad886ec0 Exception <a 'java/lang/ClassNotFoundException'{0x0000000085d58cf8}: org/springframework/security/core/userdetails/UserDetailsCustomizer> (0x0000000085d58cf8) 
thrown [s\src\hotspot\share\classfile\systemDictionary.cpp, line 256]
Event: 577.741 Thread 0x00000267b1a0cdb0 Exception <a 'java/lang/NoSuchMethodError'{0x0000000086492c00}: 'java.lang.Object java.lang.invoke.DirectMethodHandle$Holder.newInvokeSpecial(java.lang.Object, java.lang.Object, java.lang.Object, java.lang.Object, java.lang.Object, java.lang.Object, java.lang.Object)'> (0x0000000086492c00) 
thrown [s\src\hotspot\share\interpreter\linkResolver.cpp, line 771]
Event: 577.742 Thread 0x00000267b1a0cdb0 Exception <a 'java/lang/NoSuchMethodError'{0x0000000086498028}: 'java.lang.Object java.lang.invoke.Invokers$Holder.linkToTargetMethod(java.lang.Object, java.lang.Object, java.lang.Object, java.lang.Object, java.lang.Object, java.lang.Object, java.lang.Object)'> (0x0000000086498028) 
thrown [s\src\hotspot\share\interpreter\linkResolver.cpp, line 771]

VM Operations (20 events):
Event: 394.799 Executing VM operation: Cleanup
Event: 394.800 Executing VM operation: Cleanup done
Event: 398.823 Executing VM operation: Cleanup
Event: 398.823 Executing VM operation: Cleanup done
Event: 401.841 Executing VM operation: Cleanup
Event: 401.842 Executing VM operation: Cleanup done
Event: 414.926 Executing VM operation: Cleanup
Event: 414.927 Executing VM operation: Cleanup done
Event: 421.973 Executing VM operation: Cleanup
Event: 421.973 Executing VM operation: Cleanup done
Event: 474.354 Executing VM operation: Cleanup
Event: 474.354 Executing VM operation: Cleanup done
Event: 534.766 Executing VM operation: Cleanup
Event: 534.766 Executing VM operation: Cleanup done
Event: 563.954 Executing VM operation: Cleanup
Event: 563.954 Executing VM operation: Cleanup done
Event: 565.961 Executing VM operation: Cleanup
Event: 565.961 Executing VM operation: Cleanup done
Event: 571.989 Executing VM operation: Cleanup
Event: 571.989 Executing VM operation: Cleanup done

Events (20 events):
Event: 5.786 loading class jdk/internal/reflect/UnsafeBooleanFieldAccessorImpl done
Event: 5.860 loading class org/w3c/dom/Document
Event: 5.861 loading class org/w3c/dom/Document done
Event: 6.311 Thread 0x00000267aa9864b0 Thread exited: 0x00000267aa9864b0
Event: 10.756 Thread 0x00000267afa6f120 Thread exited: 0x00000267afa6f120
Event: 283.468 Thread 0x00000267aa85f6a0 flushing nmethod 0x0000026794390490
Event: 365.995 Thread 0x00000267aa988820 Thread added: 0x00000267aa988820
Event: 366.015 Thread 0x00000267aa9878f0 Thread added: 0x00000267aa9878f0
Event: 369.357 Thread 0x00000267aa9878f0 Thread exited: 0x00000267aa9878f0
Event: 369.357 Thread 0x00000267aa988820 Thread exited: 0x00000267aa988820
Event: 375.633 loading class java/lang/ObjectCustomizer
Event: 375.633 loading class java/lang/ObjectCustomizer done
Event: 375.634 loading class java/lang/ObjectCustomizer
Event: 375.634 loading class java/lang/ObjectCustomizer done
Event: 375.636 Thread 0x00000267aa988820 Thread added: 0x00000267aa988820
Event: 377.345 Thread 0x00000267aa988820 Thread exited: 0x00000267aa988820
Event: 533.887 Thread 0x00000267aa9878f0 Thread added: 0x00000267aa9878f0
Event: 534.969 Thread 0x00000267aa9878f0 Thread exited: 0x00000267aa9878f0
Event: 577.712 Thread 0x00000267aa9878f0 Thread added: 0x00000267aa9878f0
Event: 577.712 Thread 0x00000267aa988820 Thread added: 0x00000267aa988820


Dynamic libraries:
0x00007ff61f780000 - 0x00007ff61f78a000 	C:\Program Files\JetBrains\IntelliJ IDEA Educational Edition 2022.2.2\jbr\bin\java.exe
0x00007ff8bb050000 - 0x00007ff8bb267000 	C:\WINDOWS\SYSTEM32\ntdll.dll
0x00007ff8ba380000 - 0x00007ff8ba444000 	C:\WINDOWS\System32\KERNEL32.DLL
0x00007ff8b8770000 - 0x00007ff8b8b16000 	C:\WINDOWS\System32\KERNELBASE.dll
0x00007ff8b8b20000 - 0x00007ff8b8c31000 	C:\WINDOWS\System32\ucrtbase.dll
0x00007ff8a4fe0000 - 0x00007ff8a4ff7000 	C:\Program Files\JetBrains\IntelliJ IDEA Educational Edition 2022.2.2\jbr\bin\jli.dll
0x00007ff8ab6c0000 - 0x00007ff8ab6db000 	C:\Program Files\JetBrains\IntelliJ IDEA Educational Edition 2022.2.2\jbr\bin\VCRUNTIME140.dll
0x00007ff8b9e70000 - 0x00007ff8ba01e000 	C:\WINDOWS\System32\USER32.dll
0x00007ff8ae220000 - 0x00007ff8ae4b3000 	C:\WINDOWS\WinSxS\amd64_microsoft.windows.common-controls_6595b64144ccf1df_6.0.22621.2506_none_270c5ae97388e100\COMCTL32.dll
0x00007ff8b84b0000 - 0x00007ff8b84d6000 	C:\WINDOWS\System32\win32u.dll
0x00007ff8ba080000 - 0x00007ff8ba127000 	C:\WINDOWS\System32\msvcrt.dll
0x00007ff8b9500000 - 0x00007ff8b9529000 	C:\WINDOWS\System32\GDI32.dll
0x00007ff8b8650000 - 0x00007ff8b8768000 	C:\WINDOWS\System32\gdi32full.dll
0x00007ff8b8410000 - 0x00007ff8b84aa000 	C:\WINDOWS\System32\msvcp_win.dll
0x00007ff8ba630000 - 0x00007ff8ba661000 	C:\WINDOWS\System32\IMM32.DLL
0x00007ff8b2540000 - 0x00007ff8b254c000 	C:\Program Files\JetBrains\IntelliJ IDEA Educational Edition 2022.2.2\jbr\bin\vcruntime140_1.dll
0x00007ff8a0820000 - 0x00007ff8a08ad000 	C:\Program Files\JetBrains\IntelliJ IDEA Educational Edition 2022.2.2\jbr\bin\msvcp140.dll
0x00007ff86ff50000 - 0x00007ff870bb9000 	C:\Program Files\JetBrains\IntelliJ IDEA Educational Edition 2022.2.2\jbr\bin\server\jvm.dll
0x00007ff8ba950000 - 0x00007ff8baa03000 	C:\WINDOWS\System32\ADVAPI32.dll
0x00007ff8baa20000 - 0x00007ff8baac8000 	C:\WINDOWS\System32\sechost.dll
0x00007ff8b8d70000 - 0x00007ff8b8d98000 	C:\WINDOWS\System32\bcrypt.dll
0x00007ff8b8f40000 - 0x00007ff8b9057000 	C:\WINDOWS\System32\RPCRT4.dll
0x00007ff8ba130000 - 0x00007ff8ba138000 	C:\WINDOWS\System32\PSAPI.DLL
0x00007ff8ae150000 - 0x00007ff8ae15a000 	C:\WINDOWS\SYSTEM32\VERSION.dll
0x00007ff896840000 - 0x00007ff896849000 	C:\WINDOWS\SYSTEM32\WSOCK32.dll
0x00007ff8b52e0000 - 0x00007ff8b5314000 	C:\WINDOWS\SYSTEM32\WINMM.dll
0x00007ff8ba300000 - 0x00007ff8ba371000 	C:\WINDOWS\System32\WS2_32.dll
0x00007ff8b73d0000 - 0x00007ff8b73e8000 	C:\WINDOWS\SYSTEM32\kernel.appcore.dll
0x00007ff8b4600000 - 0x00007ff8b460a000 	C:\Program Files\JetBrains\IntelliJ IDEA Educational Edition 2022.2.2\jbr\bin\jimage.dll
0x00007ff8b5db0000 - 0x00007ff8b5fe3000 	C:\WINDOWS\SYSTEM32\DBGHELP.DLL
0x00007ff8bab70000 - 0x00007ff8baef9000 	C:\WINDOWS\System32\combase.dll
0x00007ff8b9530000 - 0x00007ff8b9607000 	C:\WINDOWS\System32\OLEAUT32.dll
0x00007ff8a4ef0000 - 0x00007ff8a4f22000 	C:\WINDOWS\SYSTEM32\dbgcore.DLL
0x00007ff8b8390000 - 0x00007ff8b840a000 	C:\WINDOWS\System32\bcryptPrimitives.dll
0x00007ff8b0fc0000 - 0x00007ff8b0fce000 	C:\Program Files\JetBrains\IntelliJ IDEA Educational Edition 2022.2.2\jbr\bin\instrument.dll
0x00007ff8b2280000 - 0x00007ff8b22a5000 	C:\Program Files\JetBrains\IntelliJ IDEA Educational Edition 2022.2.2\jbr\bin\java.dll
0x00007ff8b2380000 - 0x00007ff8b2398000 	C:\Program Files\JetBrains\IntelliJ IDEA Educational Edition 2022.2.2\jbr\bin\zip.dll
0x00007ff8b9610000 - 0x00007ff8b9e6b000 	C:\WINDOWS\System32\SHELL32.dll
0x00007ff8b62f0000 - 0x00007ff8b6be6000 	C:\WINDOWS\SYSTEM32\windows.storage.dll
0x00007ff8b61b0000 - 0x00007ff8b62ee000 	C:\WINDOWS\SYSTEM32\wintypes.dll
0x00007ff8ba850000 - 0x00007ff8ba943000 	C:\WINDOWS\System32\SHCORE.dll
0x00007ff8bafb0000 - 0x00007ff8bb00e000 	C:\WINDOWS\System32\shlwapi.dll
0x00007ff8b82c0000 - 0x00007ff8b82e6000 	C:\WINDOWS\SYSTEM32\profapi.dll
0x00007ff8b2330000 - 0x00007ff8b2349000 	C:\Program Files\JetBrains\IntelliJ IDEA Educational Edition 2022.2.2\jbr\bin\net.dll
0x00007ff8b2680000 - 0x00007ff8b27b7000 	C:\WINDOWS\SYSTEM32\WINHTTP.dll
0x00007ff8b7850000 - 0x00007ff8b78b9000 	C:\WINDOWS\system32\mswsock.dll
0x00007ff8b2230000 - 0x00007ff8b2246000 	C:\Program Files\JetBrains\IntelliJ IDEA Educational Edition 2022.2.2\jbr\bin\nio.dll
0x00007ff8a2980000 - 0x00007ff8a299a000 	C:\Program Files\JetBrains\IntelliJ IDEA Educational Edition 2022.2.2\bin\breakgen64.dll
0x00007ff8b45f0000 - 0x00007ff8b4600000 	C:\Program Files\JetBrains\IntelliJ IDEA Educational Edition 2022.2.2\jbr\bin\verify.dll
0x00007ff8b3300000 - 0x00007ff8b3309000 	C:\Program Files\JetBrains\IntelliJ IDEA Educational Edition 2022.2.2\jbr\bin\management.dll
0x00007ff8b3280000 - 0x00007ff8b328b000 	C:\Program Files\JetBrains\IntelliJ IDEA Educational Edition 2022.2.2\jbr\bin\management_ext.dll
0x00007ff897940000 - 0x00007ff897957000 	C:\WINDOWS\system32\napinsp.dll
0x00007ff8968a0000 - 0x00007ff8968bb000 	C:\WINDOWS\system32\pnrpnsp.dll
0x00007ff8b6ec0000 - 0x00007ff8b6fb9000 	C:\WINDOWS\SYSTEM32\DNSAPI.dll
0x00007ff8b6e50000 - 0x00007ff8b6e7d000 	C:\WINDOWS\SYSTEM32\IPHLPAPI.DLL
0x00007ff8ba620000 - 0x00007ff8ba629000 	C:\WINDOWS\System32\NSI.dll
0x00007ff896880000 - 0x00007ff896891000 	C:\WINDOWS\System32\winrnr.dll
0x00007ff898490000 - 0x00007ff8984a5000 	C:\WINDOWS\system32\wshbth.dll
0x00007ff896850000 - 0x00007ff896871000 	C:\WINDOWS\system32\nlansp_c.dll
0x00007ff8affc0000 - 0x00007ff8affca000 	C:\Windows\System32\rasadhlp.dll
0x00007ff8b0d10000 - 0x00007ff8b0d93000 	C:\WINDOWS\System32\fwpuclnt.dll
0x00007ff8b7b10000 - 0x00007ff8b7b2b000 	C:\WINDOWS\SYSTEM32\CRYPTSP.dll
0x00007ff8b7330000 - 0x00007ff8b7365000 	C:\WINDOWS\system32\rsaenh.dll
0x00007ff8b79b0000 - 0x00007ff8b79dc000 	C:\WINDOWS\SYSTEM32\USERENV.dll
0x00007ff8b7b30000 - 0x00007ff8b7b3c000 	C:\WINDOWS\SYSTEM32\CRYPTBASE.dll
0x00007ff8b23c0000 - 0x00007ff8b23d9000 	C:\WINDOWS\SYSTEM32\dhcpcsvc6.DLL
0x00007ff8b23a0000 - 0x00007ff8b23bf000 	C:\WINDOWS\SYSTEM32\dhcpcsvc.DLL
0x00007ff8b3240000 - 0x00007ff8b324d000 	C:\Program Files\JetBrains\IntelliJ IDEA Educational Edition 2022.2.2\jbr\bin\sunmscapi.dll
0x00007ff8b84e0000 - 0x00007ff8b8646000 	C:\WINDOWS\System32\CRYPT32.dll
0x00007ff8b7d50000 - 0x00007ff8b7d7e000 	C:\WINDOWS\SYSTEM32\ncrypt.dll
0x00007ff8b7d10000 - 0x00007ff8b7d47000 	C:\WINDOWS\SYSTEM32\NTASN1.dll
0x00007ff8b2aa0000 - 0x00007ff8b2aa8000 	C:\WINDOWS\system32\wshunix.dll

dbghelp: loaded successfully - version: 4.0.5 - missing functions: none
symbol engine: initialized successfully - sym options: 0x614 - pdb path: .;C:\Program Files\JetBrains\IntelliJ IDEA Educational Edition 2022.2.2\jbr\bin;C:\WINDOWS\SYSTEM32;C:\WINDOWS\WinSxS\amd64_microsoft.windows.common-controls_6595b64144ccf1df_6.0.22621.2506_none_270c5ae97388e100;C:\Program Files\JetBrains\IntelliJ IDEA Educational Edition 2022.2.2\jbr\bin\server;C:\Program Files\JetBrains\IntelliJ IDEA Educational Edition 2022.2.2\bin

VM Arguments:
jvm_args: -javaagent:C:\Program Files\JetBrains\IntelliJ IDEA Educational Edition 2022.2.2\lib\idea_rt.jar=18078:C:\Program Files\JetBrains\IntelliJ IDEA Educational Edition 2022.2.2\bin -Dfile.encoding=UTF-8 
java_command: com.proyectojwt.ProyectoJwtApplication
java_class_path (initial): D:\a\Proyecto-JWT-Backend-master\Proyecto-JWT-Backend-master\target\classes;C:\Users\PCMovil\.m2\repository\org\springframework\boot\spring-boot-starter-data-jpa\2.7.15\spring-boot-starter-data-jpa-2.7.15.jar;C:\Users\PCMovil\.m2\repository\org\springframework\boot\spring-boot-starter-aop\2.7.15\spring-boot-starter-aop-2.7.15.jar;C:\Users\PCMovil\.m2\repository\org\aspectj\aspectjweaver\1.9.7\aspectjweaver-1.9.7.jar;C:\Users\PCMovil\.m2\repository\org\springframework\boot\spring-boot-starter-jdbc\2.7.15\spring-boot-starter-jdbc-2.7.15.jar;C:\Users\PCMovil\.m2\repository\com\zaxxer\HikariCP\4.0.3\HikariCP-4.0.3.jar;C:\Users\PCMovil\.m2\repository\org\springframework\spring-jdbc\5.3.29\spring-jdbc-5.3.29.jar;C:\Users\PCMovil\.m2\repository\jakarta\transaction\jakarta.transaction-api\1.3.3\jakarta.transaction-api-1.3.3.jar;C:\Users\PCMovil\.m2\repository\jakarta\persistence\jakarta.persistence-api\2.2.3\jakarta.persistence-api-2.2.3.jar;C:\Users\PCMovil\.m2\repository\org\hibernate\hibernate-core\5.6.15.Final\hibernate-core-5.6.15.Final.jar;C:\Users\PCMovil\.m2\repository\org\jboss\logging\jboss-logging\3.4.3.Final\jboss-logging-3.4.3.Final.jar;C:\Users\PCMovil\.m2\repository\net\bytebuddy\byte-buddy\1.12.23\byte-buddy-1.12.23.jar;C:\Users\PCMovil\.m2\repository\antlr\antlr\2.7.7\antlr-2.7.7.jar;C:\Users\PCMovil\.m2\repository\org\jboss\jandex\2.4.2.Final\jandex-2.4.2.Final.jar;C:\Users\PCMovil\.m2\repository\com\fasterxml\classmate\1.5.1\classmate-1.5.1.jar;C:\Users\PCMovil\.m2\repository\org\hibernate\common\hibernate-commons-annotations\5.1.2.Final\hibernate-commons-annotations-5.1.2.Final.jar;C:\Users\PCMovil\.m2\repository\org\glassfish\jaxb\jaxb-runtime\2.3.8\jaxb-runtime-2.3.8.jar;C:\Users\PCMovil\.m2\repository\org\glassfish\jaxb\txw2\2.3.8\txw2-2.3.8.jar;C:\Users\PCMovil\.m2\repository\com\sun\istack\istack-commons-runtime\3.0.12\istack-commons-runtime-3.0.12.jar;C:\Users\PCMovil\.m2\repository\com\sun\activation\jakarta.activation
Launcher Type: SUN_STANDARD

[Global flags]
     intx CICompilerCount                          = 4                                         {product} {ergonomic}
     uint ConcGCThreads                            = 2                                         {product} {ergonomic}
     uint G1ConcRefinementThreads                  = 8                                         {product} {ergonomic}
   size_t G1HeapRegionSize                         = 1048576                                   {product} {ergonomic}
    uintx GCDrainStackTargetSize                   = 64                                        {product} {ergonomic}
   size_t InitialHeapSize                          = 132120576                                 {product} {ergonomic}
   size_t MarkStackSize                            = 4194304                                   {product} {ergonomic}
   size_t MaxHeapSize                              = 2095054848                                {product} {ergonomic}
   size_t MaxNewSize                               = 1256194048                                {product} {ergonomic}
   size_t MinHeapDeltaBytes                        = 1048576                                   {product} {ergonomic}
   size_t MinHeapSize                              = 8388608                                   {product} {ergonomic}
    uintx NonNMethodCodeHeapSize                   = 5839372                                {pd product} {ergonomic}
    uintx NonProfiledCodeHeapSize                  = 122909434                              {pd product} {ergonomic}
    uintx ProfiledCodeHeapSize                     = 122909434                              {pd product} {ergonomic}
    uintx ReservedCodeCacheSize                    = 251658240                              {pd product} {ergonomic}
     bool SegmentedCodeCache                       = true                                      {product} {ergonomic}
   size_t SoftMaxHeapSize                          = 2095054848                             {manageable} {ergonomic}
     bool UseCompressedClassPointers               = true                           {product lp64_product} {ergonomic}
     bool UseCompressedOops                        = true                           {product lp64_product} {ergonomic}
     bool UseG1GC                                  = true                                      {product} {ergonomic}
     bool UseLargePagesIndividualAllocation        = false                                  {pd product} {ergonomic}

Logging:
Log output configuration:
 #0: stdout all=warning uptime,level,tags
 #1: stderr all=off uptime,level,tags

Environment Variables:
JAVA_HOME=C:\Program Files (x86)\Java\jre-1.8
PATH=C:\Program Files\OpenLogic\jdk-8.0.382.05-hotspot\bin;C:\Program Files (x86)\Common Files\Oracle\Java\javapath;C:\Windows\System32\HWAudioDriverLibs;C:\Windows\system32;C:\Windows;C:\Windows\System32\Wbem;C:\Windows\System32\WindowsPowerShell\v1.0\;C:\Windows\System32\OpenSSH\;C:\Windows\system32\config\systemprofile\AppData\Local\Microsoft\WindowsApps;C:\Program Files\PuTTY\;C:\WINDOWS\system32;C:\WINDOWS;C:\WINDOWS\System32\Wbem;C:\WINDOWS\System32\WindowsPowerShell\v1.0\;C:\WINDOWS\System32\OpenSSH\;C:\Program Files\Oberthur Technologies\AuthentIC Webpack\Dlls;C:\Program Files (x86)\Oberthur Technologies\AuthentIC Webpack\Dlls;C:\Program Files\nodejs\;C:\Program Files (x86)\Java\jre-1.8\bin;C:\Program Files\Git\cmd;C:\Users\PCMovil\AppData\Local\Microsoft\WindowsApps;C:\Program Files (x86)\Nmap;C:\Users\PCMovil\AppData\Local\Programs\Microsoft VS Code\bin;C:\Users\PCMovil\AppData\Roaming\npm;C:\Users\PCMovil\AppData\Local\GitHubDesktop\bin
USERNAME=PCMovil
OS=Windows_NT
PROCESSOR_IDENTIFIER=Intel64 Family 6 Model 140 Stepping 1, GenuineIntel
TMP=C:\Users\PCMovil\AppData\Local\Temp
TEMP=C:\Users\PCMovil\AppData\Local\Temp



---------------  S Y S T E M  ---------------

OS:
 Windows 11 , 64 bit Build 22621 (10.0.22621.3085)
OS uptime: 0 days 19:42 hours

CPU: total 8 (initial active 8) (4 cores per cpu, 2 threads per core) family 6 model 140 stepping 1 microcode 0x8a, cx8, cmov, fxsr, ht, mmx, 3dnowpref, sse, sse2, sse3, ssse3, sse4.1, sse4.2, popcnt, lzcnt, tsc, tscinvbit, avx, avx2, aes, erms, clmul, bmi1, bmi2, adx, avx512f, avx512dq, avx512cd, avx512bw, avx512vl, sha, fma, vzeroupper, avx512_vpopcntdq, avx512_vpclmulqdq, avx512_vaes, avx512_vnni, clflush, clflushopt, clwb, avx512_vbmi2, avx512_vbmi

Memory: 4k page, system-wide physical 7991M (1107M free)
TotalPageFile size 10039M (AvailPageFile size 5M)
current process WorkingSet (physical memory assigned to process): 196M, peak: 269M
current process commit charge ("private bytes"): 289M, peak: 300M

vm_info: OpenJDK 64-Bit Server VM (17.0.4.1+7-b469.62) for windows-amd64 JRE (17.0.4.1+7-b469.62), built on 2022-09-22 by "builduser" with MS VC++ 16.10 / 16.11 (VS2019)

END.
