#
# There is insufficient memory for the Java Runtime Environment to continue.
# Native memory allocation (malloc) failed to allocate 1064656 bytes for Chunk::new
# Possible reasons:
#   The system is out of physical RAM or swap space
#   The process is running with CompressedOops enabled, and the Java Heap may be blocking the growth of the native heap
# Possible solutions:
#   Reduce memory load on the system
#   Increase physical memory or swap space
#   Check if swap backing store is full
#   Decrease Java heap size (-Xmx/-Xms)
#   Decrease number of Java threads
#   Decrease Java thread stack sizes (-Xss)
#   Set larger code cache with -XX:ReservedCodeCacheSize=
#   JVM is running with Unscaled Compressed Oops mode in which the Java heap is
#     placed in the first 4GB address space. The Java Heap base address is the
#     maximum limit for the native heap growth. Please use -XX:HeapBaseMinAddress
#     to set the Java Heap base and to place the Java Heap above 4GB virtual address.
# This output file may be truncated or incomplete.
#
#  Out of Memory Error (arena.cpp:189), pid=5788, tid=12128
#
# JRE version: OpenJDK Runtime Environment JBR-17.0.4.1+7-469.62-jcef (17.0.4.1+7) (build 17.0.4.1+7-b469.62)
# Java VM: OpenJDK 64-Bit Server VM JBR-17.0.4.1+7-469.62-jcef (17.0.4.1+7-b469.62, mixed mode, tiered, compressed oops, compressed class ptrs, g1 gc, windows-amd64)
# No core dump will be written. Minidumps are not enabled by default on client versions of Windows
#

---------------  S U M M A R Y ------------

Command Line: -javaagent:C:\Program Files\JetBrains\IntelliJ IDEA Educational Edition 2022.2.2\lib\idea_rt.jar=20971:C:\Program Files\JetBrains\IntelliJ IDEA Educational Edition 2022.2.2\bin -Dfile.encoding=UTF-8 com.proyectojwt.ProyectoJwtApplication

Host: 11th Gen Intel(R) Core(TM) i5-1135G7 @ 2.40GHz, 8 cores, 7G,  Windows 11 , 64 bit Build 22621 (10.0.22621.3085)
Time: Tue Jan 30 12:10:02 2024 Hora est. Pacífico, Sudamérica elapsed time: 135.503027 seconds (0d 0h 2m 15s)

---------------  T H R E A D  ---------------

Current thread (0x000002452b882c90):  JavaThread "C2 CompilerThread0" daemon [_thread_in_native, id=12128, stack(0x0000006054c00000,0x0000006054d00000)]


Current CompileTask:
C2: 135503 6299       4       java.util.TreeMap::put (221 bytes)

Stack: [0x0000006054c00000,0x0000006054d00000]
Native frames: (J=compiled Java code, j=interpreted, Vv=VM code, C=native code)
V  [jvm.dll+0x68356a]
V  [jvm.dll+0x83fab4]
V  [jvm.dll+0x84125e]
V  [jvm.dll+0x8418c3]
V  [jvm.dll+0x249735]
V  [jvm.dll+0xabd5c]
V  [jvm.dll+0xac32c]
V  [jvm.dll+0x368842]
V  [jvm.dll+0x332d71]
V  [jvm.dll+0x33221a]
V  [jvm.dll+0x21be41]
V  [jvm.dll+0x21b261]
V  [jvm.dll+0x1a4dfd]
V  [jvm.dll+0x22acd8]
V  [jvm.dll+0x228d89]
V  [jvm.dll+0x7f53ac]
V  [jvm.dll+0x7ef8da]
V  [jvm.dll+0x6823a5]
C  [ucrtbase.dll+0x29363]
C  [KERNEL32.DLL+0x1257d]
C  [ntdll.dll+0x5aa58]


---------------  P R O C E S S  ---------------

Threads class SMR info:
_java_thread_list=0x0000024532b2c2b0, length=33, elements={
0x000002452b830520, 0x000002452b830fe0, 0x000002452b86a2b0, 0x000002452b86ad70,
0x000002452b86bc40, 0x000002452b881be0, 0x000002452b882c90, 0x000002452b88ba60,
0x000002452b88f860, 0x000002452ac077f0, 0x000002452bd381f0, 0x000002452bd386c0,
0x0000024534aea010, 0x000002452ea3d050, 0x0000024534507740, 0x0000024534f57030,
0x000002452ec2f070, 0x000002452ec2f540, 0x000002452ec30880, 0x000002452ec2fa10,
0x000002452ec2fee0, 0x000002452ec303b0, 0x00000245326dee00, 0x00000245326df2d0,
0x00000245326d9760, 0x00000245326d9c30, 0x00000245326dbde0, 0x00000245326da5d0,
0x00000245326dd120, 0x00000245326dc780, 0x00000245326da100, 0x00000245326daaa0,
0x000002452d90b1b0
}

Java Threads: ( => current thread )
  0x000002452b830520 JavaThread "Reference Handler" daemon [_thread_blocked, id=11180, stack(0x0000006054600000,0x0000006054700000)]
  0x000002452b830fe0 JavaThread "Finalizer" daemon [_thread_blocked, id=3356, stack(0x0000006054700000,0x0000006054800000)]
  0x000002452b86a2b0 JavaThread "Signal Dispatcher" daemon [_thread_blocked, id=6432, stack(0x0000006054800000,0x0000006054900000)]
  0x000002452b86ad70 JavaThread "Attach Listener" daemon [_thread_blocked, id=9748, stack(0x0000006054900000,0x0000006054a00000)]
  0x000002452b86bc40 JavaThread "Service Thread" daemon [_thread_blocked, id=14204, stack(0x0000006054a00000,0x0000006054b00000)]
  0x000002452b881be0 JavaThread "Monitor Deflation Thread" daemon [_thread_blocked, id=980, stack(0x0000006054b00000,0x0000006054c00000)]
=>0x000002452b882c90 JavaThread "C2 CompilerThread0" daemon [_thread_in_native, id=12128, stack(0x0000006054c00000,0x0000006054d00000)]
  0x000002452b88ba60 JavaThread "C1 CompilerThread0" daemon [_thread_blocked, id=8756, stack(0x0000006054d00000,0x0000006054e00000)]
  0x000002452b88f860 JavaThread "Sweeper thread" daemon [_thread_blocked, id=17800, stack(0x0000006054e00000,0x0000006054f00000)]
  0x000002452ac077f0 JavaThread "Common-Cleaner" daemon [_thread_blocked, id=16600, stack(0x0000006054f00000,0x0000006055000000)]
  0x000002452bd381f0 JavaThread "Monitor Ctrl-Break" daemon [_thread_in_native, id=14596, stack(0x0000006055100000,0x0000006055200000)]
  0x000002452bd386c0 JavaThread "Notification Thread" daemon [_thread_blocked, id=6320, stack(0x0000006055200000,0x0000006055300000)]
  0x0000024534aea010 JavaThread "mysql-cj-abandoned-connection-cleanup" daemon [_thread_blocked, id=6540, stack(0x0000006055d00000,0x0000006055e00000)]
  0x000002452ea3d050 JavaThread "HikariPool-1 housekeeper" daemon [_thread_blocked, id=9940, stack(0x0000006056100000,0x0000006056200000)]
  0x0000024534507740 JavaThread "Catalina-utility-1" [_thread_blocked, id=9968, stack(0x0000006056300000,0x0000006056400000)]
  0x0000024534f57030 JavaThread "Catalina-utility-2" [_thread_blocked, id=3608, stack(0x0000006056400000,0x0000006056500000)]
  0x000002452ec2f070 JavaThread "container-0" [_thread_blocked, id=8180, stack(0x0000006056500000,0x0000006056600000)]
  0x000002452ec2f540 JavaThread "File Watcher" daemon [_thread_blocked, id=18524, stack(0x0000006056600000,0x0000006056700000)]
  0x000002452ec30880 JavaThread "Live Reload Server" daemon [_thread_in_native, id=2820, stack(0x0000006056800000,0x0000006056900000)]
  0x000002452ec2fa10 JavaThread "http-nio-10.4.7.20-8080-exec-1" daemon [_thread_blocked, id=17996, stack(0x0000006056700000,0x0000006056800000)]
  0x000002452ec2fee0 JavaThread "http-nio-10.4.7.20-8080-exec-2" daemon [_thread_blocked, id=6900, stack(0x0000006056900000,0x0000006056a00000)]
  0x000002452ec303b0 JavaThread "http-nio-10.4.7.20-8080-exec-3" daemon [_thread_blocked, id=13640, stack(0x0000006056a00000,0x0000006056b00000)]
  0x00000245326dee00 JavaThread "http-nio-10.4.7.20-8080-exec-4" daemon [_thread_blocked, id=13804, stack(0x0000006056b00000,0x0000006056c00000)]
  0x00000245326df2d0 JavaThread "http-nio-10.4.7.20-8080-exec-5" daemon [_thread_blocked, id=16704, stack(0x0000006056c00000,0x0000006056d00000)]
  0x00000245326d9760 JavaThread "http-nio-10.4.7.20-8080-exec-6" daemon [_thread_blocked, id=3216, stack(0x0000006056d00000,0x0000006056e00000)]
  0x00000245326d9c30 JavaThread "http-nio-10.4.7.20-8080-exec-7" daemon [_thread_blocked, id=5264, stack(0x0000006056e00000,0x0000006056f00000)]
  0x00000245326dbde0 JavaThread "http-nio-10.4.7.20-8080-exec-8" daemon [_thread_blocked, id=10396, stack(0x0000006056f00000,0x0000006057000000)]
  0x00000245326da5d0 JavaThread "http-nio-10.4.7.20-8080-exec-9" daemon [_thread_blocked, id=11280, stack(0x0000006057000000,0x0000006057100000)]
  0x00000245326dd120 JavaThread "http-nio-10.4.7.20-8080-exec-10" daemon [_thread_blocked, id=11604, stack(0x0000006057100000,0x0000006057200000)]
  0x00000245326dc780 JavaThread "http-nio-10.4.7.20-8080-Poller" daemon [_thread_in_native, id=7696, stack(0x0000006057200000,0x0000006057300000)]
  0x00000245326da100 JavaThread "http-nio-10.4.7.20-8080-Acceptor" daemon [_thread_in_native, id=6396, stack(0x0000006057300000,0x0000006057400000)]
  0x00000245326daaa0 JavaThread "DestroyJavaVM" [_thread_blocked, id=10256, stack(0x0000006053f00000,0x0000006054000000)]
  0x000002452d90b1b0 JavaThread "C2 CompilerThread1" daemon [_thread_in_vm, id=5640, stack(0x0000006053c00000,0x0000006053d00000)]

Other Threads:
  0x000002452ac4e950 VMThread "VM Thread" [stack: 0x0000006054500000,0x0000006054600000] [id=8072]
  0x000002452bbfe6f0 WatcherThread [stack: 0x0000006055300000,0x0000006055400000] [id=19340]
  0x0000024510f8f8b0 GCTaskThread "GC Thread#0" [stack: 0x0000006054000000,0x0000006054100000] [id=10892]
  0x000002452d2dab30 GCTaskThread "GC Thread#1" [stack: 0x0000006055700000,0x0000006055800000] [id=10440]
  0x000002452e2af150 GCTaskThread "GC Thread#2" [stack: 0x0000006055800000,0x0000006055900000] [id=5132]
  0x000002452dfced00 GCTaskThread "GC Thread#3" [stack: 0x0000006055900000,0x0000006055a00000] [id=10364]
  0x000002452df95300 GCTaskThread "GC Thread#4" [stack: 0x0000006055a00000,0x0000006055b00000] [id=1316]
  0x000002452e5b8f70 GCTaskThread "GC Thread#5" [stack: 0x0000006055b00000,0x0000006055c00000] [id=1228]
  0x000002452de66f80 GCTaskThread "GC Thread#6" [stack: 0x0000006055c00000,0x0000006055d00000] [id=4180]
  0x000002452dcf79b0 GCTaskThread "GC Thread#7" [stack: 0x0000006055e00000,0x0000006055f00000] [id=17364]
  0x0000024510fa00c0 ConcurrentGCThread "G1 Main Marker" [stack: 0x0000006054100000,0x0000006054200000] [id=9456]
  0x0000024510fa09e0 ConcurrentGCThread "G1 Conc#0" [stack: 0x0000006054200000,0x0000006054300000] [id=9784]
  0x000002452d1269b0 ConcurrentGCThread "G1 Conc#1" [stack: 0x0000006055f00000,0x0000006056000000] [id=11116]
  0x000002452aad5da0 ConcurrentGCThread "G1 Refine#0" [stack: 0x0000006054300000,0x0000006054400000] [id=4368]
  0x000002452aad76e0 ConcurrentGCThread "G1 Service" [stack: 0x0000006054400000,0x0000006054500000] [id=12236]

Threads with active compile tasks:
C2 CompilerThread0   135514 6299       4       java.util.TreeMap::put (221 bytes)
C2 CompilerThread1   135514 6332       4       java.nio.ByteBuffer::limit (6 bytes)

VM state: not at safepoint (normal execution)

VM Mutex/Monitor currently owned by a thread: None

Heap address: 0x0000000083200000, size: 1998 MB, Compressed Oops mode: 32-bit

CDS archive(s) not mapped
Compressed class space mapped at: 0x0000000100000000-0x0000000140000000, reserved size: 1073741824
Narrow klass base: 0x0000000000000000, Narrow klass shift: 3, Narrow klass range: 0x140000000

GC Precious Log:
 CPUs: 8 total, 8 available
 Memory: 7991M
 Large Page Support: Disabled
 NUMA Support: Disabled
 Compressed Oops: Enabled (32-bit)
 Heap Region Size: 1M
 Heap Min Capacity: 8M
 Heap Initial Capacity: 126M
 Heap Max Capacity: 1998M
 Pre-touch: Disabled
 Parallel Workers: 8
 Concurrent Workers: 2
 Concurrent Refinement Workers: 8
 Periodic GC: Disabled

Heap:
 garbage-first heap   total 70656K, used 53348K [0x0000000083200000, 0x0000000100000000)
  region size 1024K, 27 young (27648K), 3 survivors (3072K)
 Metaspace       used 75770K, committed 76160K, reserved 1122304K
  class space    used 10013K, committed 10176K, reserved 1048576K

Heap Regions: E=young(eden), S=young(survivor), O=old, HS=humongous(starts), HC=humongous(continues), CS=collection set, F=free, OA=open archive, CA=closed archive, TAMS=top-at-mark-start (previous, next)
|   0|0x0000000083200000, 0x0000000083300000, 0x0000000083300000|100%|HS|  |TAMS 0x0000000083300000, 0x0000000083200000| Complete 
|   1|0x0000000083300000, 0x0000000083400000, 0x0000000083400000|100%| O|  |TAMS 0x0000000083400000, 0x0000000083300000| Untracked 
|   2|0x0000000083400000, 0x0000000083500000, 0x0000000083500000|100%| O|  |TAMS 0x0000000083500000, 0x0000000083400000| Untracked 
|   3|0x0000000083500000, 0x0000000083600000, 0x0000000083600000|100%| O|  |TAMS 0x0000000083600000, 0x0000000083500000| Untracked 
|   4|0x0000000083600000, 0x0000000083700000, 0x0000000083700000|100%| O|  |TAMS 0x0000000083700000, 0x0000000083600000| Untracked 
|   5|0x0000000083700000, 0x0000000083800000, 0x0000000083800000|100%| O|  |TAMS 0x0000000083800000, 0x0000000083700000| Untracked 
|   6|0x0000000083800000, 0x0000000083900000, 0x0000000083900000|100%| O|  |TAMS 0x0000000083900000, 0x0000000083800000| Untracked 
|   7|0x0000000083900000, 0x0000000083a00000, 0x0000000083a00000|100%| O|  |TAMS 0x0000000083a00000, 0x0000000083900000| Untracked 
|   8|0x0000000083a00000, 0x0000000083b00000, 0x0000000083b00000|100%| O|  |TAMS 0x0000000083b00000, 0x0000000083a00000| Untracked 
|   9|0x0000000083b00000, 0x0000000083c00000, 0x0000000083c00000|100%| O|  |TAMS 0x0000000083c00000, 0x0000000083b00000| Untracked 
|  10|0x0000000083c00000, 0x0000000083d00000, 0x0000000083d00000|100%| O|  |TAMS 0x0000000083d00000, 0x0000000083c00000| Untracked 
|  11|0x0000000083d00000, 0x0000000083e00000, 0x0000000083e00000|100%| O|  |TAMS 0x0000000083e00000, 0x0000000083d00000| Untracked 
|  12|0x0000000083e00000, 0x0000000083f00000, 0x0000000083f00000|100%| O|  |TAMS 0x0000000083f00000, 0x0000000083e00000| Untracked 
|  13|0x0000000083f00000, 0x0000000084000000, 0x0000000084000000|100%| O|  |TAMS 0x0000000084000000, 0x0000000083f00000| Untracked 
|  14|0x0000000084000000, 0x0000000084100000, 0x0000000084100000|100%| O|  |TAMS 0x0000000084100000, 0x0000000084000000| Untracked 
|  15|0x0000000084100000, 0x0000000084200000, 0x0000000084200000|100%| O|  |TAMS 0x0000000084200000, 0x0000000084100000| Untracked 
|  16|0x0000000084200000, 0x0000000084300000, 0x0000000084300000|100%| O|  |TAMS 0x0000000084300000, 0x0000000084200000| Untracked 
|  17|0x0000000084300000, 0x0000000084400000, 0x0000000084400000|100%| O|  |TAMS 0x0000000084400000, 0x0000000084300000| Untracked 
|  18|0x0000000084400000, 0x0000000084500000, 0x0000000084500000|100%| O|  |TAMS 0x0000000084500000, 0x0000000084400000| Untracked 
|  19|0x0000000084500000, 0x0000000084600000, 0x0000000084600000|100%| O|  |TAMS 0x000000008451b600, 0x0000000084500000| Untracked 
|  20|0x0000000084600000, 0x0000000084700000, 0x0000000084700000|100%| O|  |TAMS 0x0000000084600000, 0x0000000084600000| Untracked 
|  21|0x0000000084700000, 0x0000000084800000, 0x0000000084800000|100%| O|  |TAMS 0x0000000084700000, 0x0000000084700000| Untracked 
|  22|0x0000000084800000, 0x0000000084900000, 0x0000000084900000|100%| O|  |TAMS 0x0000000084800000, 0x0000000084800000| Untracked 
|  23|0x0000000084900000, 0x0000000084a00000, 0x0000000084a00000|100%| O|  |TAMS 0x0000000084900000, 0x0000000084900000| Untracked 
|  24|0x0000000084a00000, 0x0000000084b00000, 0x0000000084b00000|100%| O|  |TAMS 0x0000000084a00000, 0x0000000084a00000| Untracked 
|  25|0x0000000084b00000, 0x0000000084c00000, 0x0000000084c00000|100%| O|  |TAMS 0x0000000084b00000, 0x0000000084b00000| Untracked 
|  26|0x0000000084c00000, 0x0000000084c84a00, 0x0000000084d00000| 51%| O|  |TAMS 0x0000000084c00000, 0x0000000084c00000| Untracked 
|  27|0x0000000084d00000, 0x0000000084d00000, 0x0000000084e00000|  0%| F|  |TAMS 0x0000000084d00000, 0x0000000084d00000| Untracked 
|  28|0x0000000084e00000, 0x0000000084e00000, 0x0000000084f00000|  0%| F|  |TAMS 0x0000000084e00000, 0x0000000084e00000| Untracked 
|  29|0x0000000084f00000, 0x0000000084f00000, 0x0000000085000000|  0%| F|  |TAMS 0x0000000084f00000, 0x0000000084f00000| Untracked 
|  30|0x0000000085000000, 0x0000000085000000, 0x0000000085100000|  0%| F|  |TAMS 0x0000000085000000, 0x0000000085000000| Untracked 
|  31|0x0000000085100000, 0x0000000085100000, 0x0000000085200000|  0%| F|  |TAMS 0x0000000085100000, 0x0000000085100000| Untracked 
|  32|0x0000000085200000, 0x0000000085200000, 0x0000000085300000|  0%| F|  |TAMS 0x0000000085200000, 0x0000000085200000| Untracked 
|  33|0x0000000085300000, 0x0000000085300000, 0x0000000085400000|  0%| F|  |TAMS 0x0000000085300000, 0x0000000085300000| Untracked 
|  34|0x0000000085400000, 0x00000000854947a0, 0x0000000085500000| 57%| S|CS|TAMS 0x0000000085400000, 0x0000000085400000| Complete 
|  35|0x0000000085500000, 0x0000000085500000, 0x0000000085600000|  0%| F|  |TAMS 0x0000000085500000, 0x0000000085500000| Untracked 
|  36|0x0000000085600000, 0x0000000085600000, 0x0000000085700000|  0%| F|  |TAMS 0x0000000085600000, 0x0000000085600000| Untracked 
|  37|0x0000000085700000, 0x0000000085700000, 0x0000000085800000|  0%| F|  |TAMS 0x0000000085700000, 0x0000000085700000| Untracked 
|  38|0x0000000085800000, 0x0000000085800000, 0x0000000085900000|  0%| F|  |TAMS 0x0000000085800000, 0x0000000085800000| Untracked 
|  39|0x0000000085900000, 0x0000000085900000, 0x0000000085a00000|  0%| F|  |TAMS 0x0000000085900000, 0x0000000085900000| Untracked 
|  40|0x0000000085a00000, 0x0000000085b00000, 0x0000000085b00000|100%| S|CS|TAMS 0x0000000085a00000, 0x0000000085a00000| Complete 
|  41|0x0000000085b00000, 0x0000000085c00000, 0x0000000085c00000|100%| S|CS|TAMS 0x0000000085b00000, 0x0000000085b00000| Complete 
|  42|0x0000000085c00000, 0x0000000085c00000, 0x0000000085d00000|  0%| F|  |TAMS 0x0000000085c00000, 0x0000000085c00000| Untracked 
|  43|0x0000000085d00000, 0x0000000085d00000, 0x0000000085e00000|  0%| F|  |TAMS 0x0000000085d00000, 0x0000000085d00000| Untracked 
|  44|0x0000000085e00000, 0x0000000085e00000, 0x0000000085f00000|  0%| F|  |TAMS 0x0000000085e00000, 0x0000000085e00000| Untracked 
|  45|0x0000000085f00000, 0x0000000085fb2220, 0x0000000086000000| 69%| E|  |TAMS 0x0000000085f00000, 0x0000000085f00000| Complete 
|  46|0x0000000086000000, 0x0000000086100000, 0x0000000086100000|100%| E|CS|TAMS 0x0000000086000000, 0x0000000086000000| Complete 
|  47|0x0000000086100000, 0x0000000086200000, 0x0000000086200000|100%| E|CS|TAMS 0x0000000086100000, 0x0000000086100000| Complete 
|  48|0x0000000086200000, 0x0000000086300000, 0x0000000086300000|100%| E|CS|TAMS 0x0000000086200000, 0x0000000086200000| Complete 
|  49|0x0000000086300000, 0x0000000086400000, 0x0000000086400000|100%| E|CS|TAMS 0x0000000086300000, 0x0000000086300000| Complete 
|  50|0x0000000086400000, 0x0000000086500000, 0x0000000086500000|100%| E|CS|TAMS 0x0000000086400000, 0x0000000086400000| Complete 
|  51|0x0000000086500000, 0x0000000086600000, 0x0000000086600000|100%| E|CS|TAMS 0x0000000086500000, 0x0000000086500000| Complete 
|  52|0x0000000086600000, 0x0000000086700000, 0x0000000086700000|100%| E|CS|TAMS 0x0000000086600000, 0x0000000086600000| Complete 
|  53|0x0000000086700000, 0x0000000086800000, 0x0000000086800000|100%| E|CS|TAMS 0x0000000086700000, 0x0000000086700000| Complete 
|  54|0x0000000086800000, 0x0000000086900000, 0x0000000086900000|100%| E|CS|TAMS 0x0000000086800000, 0x0000000086800000| Complete 
|  55|0x0000000086900000, 0x0000000086a00000, 0x0000000086a00000|100%| E|CS|TAMS 0x0000000086900000, 0x0000000086900000| Complete 
|  56|0x0000000086a00000, 0x0000000086b00000, 0x0000000086b00000|100%| E|CS|TAMS 0x0000000086a00000, 0x0000000086a00000| Complete 
|  57|0x0000000086b00000, 0x0000000086c00000, 0x0000000086c00000|100%| E|CS|TAMS 0x0000000086b00000, 0x0000000086b00000| Complete 
|  58|0x0000000086c00000, 0x0000000086d00000, 0x0000000086d00000|100%| E|CS|TAMS 0x0000000086c00000, 0x0000000086c00000| Complete 
|  59|0x0000000086d00000, 0x0000000086e00000, 0x0000000086e00000|100%| E|CS|TAMS 0x0000000086d00000, 0x0000000086d00000| Complete 
|  60|0x0000000086e00000, 0x0000000086f00000, 0x0000000086f00000|100%| E|CS|TAMS 0x0000000086e00000, 0x0000000086e00000| Complete 
|  61|0x0000000086f00000, 0x0000000087000000, 0x0000000087000000|100%| E|CS|TAMS 0x0000000086f00000, 0x0000000086f00000| Complete 
|  62|0x0000000087000000, 0x0000000087100000, 0x0000000087100000|100%| E|CS|TAMS 0x0000000087000000, 0x0000000087000000| Complete 
|  63|0x0000000087100000, 0x0000000087200000, 0x0000000087200000|100%| E|CS|TAMS 0x0000000087100000, 0x0000000087100000| Complete 
|  64|0x0000000087200000, 0x0000000087300000, 0x0000000087300000|100%| E|CS|TAMS 0x0000000087200000, 0x0000000087200000| Complete 
|  65|0x0000000087300000, 0x0000000087400000, 0x0000000087400000|100%| E|CS|TAMS 0x0000000087300000, 0x0000000087300000| Complete 
|  95|0x0000000089100000, 0x0000000089200000, 0x0000000089200000|100%| E|CS|TAMS 0x0000000089100000, 0x0000000089100000| Complete 
|  96|0x0000000089200000, 0x0000000089300000, 0x0000000089300000|100%| E|CS|TAMS 0x0000000089200000, 0x0000000089200000| Complete 
| 125|0x000000008af00000, 0x000000008b000000, 0x000000008b000000|100%| E|CS|TAMS 0x000000008af00000, 0x000000008af00000| Complete 

Card table byte_map: [0x0000024523d90000,0x0000024524180000] _byte_map_base: 0x0000024523977000

Marking Bits (Prev, Next): (CMBitMap*) 0x0000024510f8fe10, (CMBitMap*) 0x0000024510f8fdd0
 Prev Bits: [0x00000245264b0000, 0x00000245283e8000)
 Next Bits: [0x0000024524570000, 0x00000245264a8000)

Polling page: 0x000002450ef20000

Metaspace:

Usage:
  Non-class:     64.22 MB used.
      Class:      9.78 MB used.
       Both:     73.99 MB used.

Virtual space:
  Non-class space:       72.00 MB reserved,      64.44 MB ( 89%) committed,  9 nodes.
      Class space:        1.00 GB reserved,       9.94 MB ( <1%) committed,  1 nodes.
             Both:        1.07 GB reserved,      74.38 MB (  7%) committed. 

Chunk freelists:
   Non-Class:  3.30 MB
       Class:  2.00 MB
        Both:  5.30 MB

MaxMetaspaceSize: unlimited
CompressedClassSpaceSize: 1.00 GB
Initial GC threshold: 21.00 MB
Current GC threshold: 97.94 MB
CDS: off
MetaspaceReclaimPolicy: balanced
 - commit_granule_bytes: 65536.
 - commit_granule_words: 8192.
 - virtual_space_node_default_size: 1048576.
 - enlarge_chunks_in_place: 1.
 - new_chunks_are_fully_committed: 0.
 - uncommit_free_chunks: 1.
 - use_allocation_guard: 0.
 - handle_deallocations: 1.


Internal statistics:

num_allocs_failed_limit: 9.
num_arena_births: 432.
num_arena_deaths: 0.
num_vsnodes_births: 10.
num_vsnodes_deaths: 0.
num_space_committed: 1190.
num_space_uncommitted: 0.
num_chunks_returned_to_freelist: 9.
num_chunks_taken_from_freelist: 2856.
num_chunk_merges: 6.
num_chunk_splits: 2079.
num_chunks_enlarged: 1696.
num_purges: 0.
num_inconsistent_stats: 0.

CodeHeap 'non-profiled nmethods': size=120000Kb used=3980Kb max_used=3980Kb free=116019Kb
 bounds [0x000002451c140000, 0x000002451c530000, 0x0000024523670000]
CodeHeap 'profiled nmethods': size=120000Kb used=10535Kb max_used=10535Kb free=109464Kb
 bounds [0x0000024514c10000, 0x0000024515660000, 0x000002451c140000]
CodeHeap 'non-nmethods': size=5760Kb used=1326Kb max_used=1370Kb free=4433Kb
 bounds [0x0000024514670000, 0x00000245148e0000, 0x0000024514c10000]
 total_blobs=6201 nmethods=5555 adapters=558
 compilation: enabled
              stopped_count=0, restarted_count=0
 full_count=0

Compilation events (20 events):
Event: 135.490 Thread 0x000002452b88ba60 6354       1       org.hibernate.engine.loading.internal.LoadingCollectionEntry::getResultSet (5 bytes)
Event: 135.490 Thread 0x000002452b88ba60 nmethod 6354 0x000002451c51e310 code [0x000002451c51e4a0, 0x000002451c51e578]
Event: 135.490 Thread 0x000002452b88ba60 6361       1       org.hibernate.type.EntityType::isReferenceToPrimaryKey (5 bytes)
Event: 135.490 Thread 0x000002452b88ba60 nmethod 6361 0x000002451c51e610 code [0x000002451c51e7a0, 0x000002451c51e878]
Event: 135.490 Thread 0x000002452b88ba60 6353       1       org.hibernate.boot.internal.SessionFactoryOptionsBuilder::isCommentsEnabled (5 bytes)
Event: 135.490 Thread 0x000002452b88ba60 nmethod 6353 0x000002451c51e910 code [0x000002451c51eaa0, 0x000002451c51eb78]
Event: 135.490 Thread 0x000002452b88ba60 6363       1       org.hibernate.event.spi.LoadEvent::getInstanceToLoad (5 bytes)
Event: 135.490 Thread 0x000002452b88ba60 nmethod 6363 0x000002451c51ec10 code [0x000002451c51eda0, 0x000002451c51ee78]
Event: 135.490 Thread 0x000002452b88ba60 6355       1       org.hibernate.internal.SessionFactoryImpl::getSettings (5 bytes)
Event: 135.490 Thread 0x000002452b88ba60 nmethod 6355 0x000002451c51ef10 code [0x000002451c51f0a0, 0x000002451c51f178]
Event: 135.490 Thread 0x000002452b88ba60 6356       1       com.mysql.cj.protocol.a.ColumnDefinitionFactory::getColumnCount (5 bytes)
Event: 135.490 Thread 0x000002452b88ba60 nmethod 6356 0x000002451c51f210 code [0x000002451c51f3a0, 0x000002451c51f478]
Event: 135.490 Thread 0x000002452b88ba60 6357       1       com.mysql.cj.protocol.AbstractProtocol::getExceptionInterceptor (5 bytes)
Event: 135.490 Thread 0x000002452b88ba60 nmethod 6357 0x000002451c51f510 code [0x000002451c51f6a0, 0x000002451c51f778]
Event: 135.490 Thread 0x000002452b88ba60 6358       1       com.mysql.cj.protocol.a.result.AbstractResultsetRows::getMetadata (5 bytes)
Event: 135.490 Thread 0x000002452b88ba60 nmethod 6358 0x000002451c51f810 code [0x000002451c51f9a0, 0x000002451c51fa78]
Event: 135.490 Thread 0x000002452b88ba60 6360       1       com.mysql.cj.protocol.a.ColumnDefinitionFactory::getColumnDefinitionFromCache (5 bytes)
Event: 135.490 Thread 0x000002452b88ba60 nmethod 6360 0x000002451c51fb10 code [0x000002451c51fca0, 0x000002451c51fd78]
Event: 135.491 Thread 0x000002452b88ba60 6359       1       org.hibernate.tuple.entity.EntityMetamodel::getPropertyUpdateability (5 bytes)
Event: 135.491 Thread 0x000002452b88ba60 nmethod 6359 0x000002451c51fe10 code [0x000002451c51ffa0, 0x000002451c520078]

GC Heap History (20 events):
Event: 2.505 GC heap before
{Heap before GC invocations=8 (full 0):
 garbage-first heap   total 37888K, used 28733K [0x0000000083200000, 0x0000000100000000)
  region size 1024K, 17 young (17408K), 2 survivors (2048K)
 Metaspace       used 34929K, committed 35200K, reserved 1081344K
  class space    used 4229K, committed 4352K, reserved 1048576K
}
Event: 2.508 GC heap after
{Heap after GC invocations=9 (full 0):
 garbage-first heap   total 37888K, used 14802K [0x0000000083200000, 0x0000000100000000)
  region size 1024K, 3 young (3072K), 3 survivors (3072K)
 Metaspace       used 34929K, committed 35200K, reserved 1081344K
  class space    used 4229K, committed 4352K, reserved 1048576K
}
Event: 2.649 GC heap before
{Heap before GC invocations=9 (full 0):
 garbage-first heap   total 37888K, used 19922K [0x0000000083200000, 0x0000000100000000)
  region size 1024K, 9 young (9216K), 3 survivors (3072K)
 Metaspace       used 35779K, committed 35968K, reserved 1081344K
  class space    used 4373K, committed 4480K, reserved 1048576K
}
Event: 2.653 GC heap after
{Heap after GC invocations=10 (full 0):
 garbage-first heap   total 37888K, used 15404K [0x0000000083200000, 0x0000000100000000)
  region size 1024K, 3 young (3072K), 3 survivors (3072K)
 Metaspace       used 35779K, committed 35968K, reserved 1081344K
  class space    used 4373K, committed 4480K, reserved 1048576K
}
Event: 2.999 GC heap before
{Heap before GC invocations=11 (full 0):
 garbage-first heap   total 37888K, used 27692K [0x0000000083200000, 0x0000000100000000)
  region size 1024K, 15 young (15360K), 3 survivors (3072K)
 Metaspace       used 37796K, committed 38080K, reserved 1089536K
  class space    used 4708K, committed 4864K, reserved 1048576K
}
Event: 3.003 GC heap after
{Heap after GC invocations=12 (full 0):
 garbage-first heap   total 37888K, used 16688K [0x0000000083200000, 0x0000000100000000)
  region size 1024K, 2 young (2048K), 2 survivors (2048K)
 Metaspace       used 37796K, committed 38080K, reserved 1089536K
  class space    used 4708K, committed 4864K, reserved 1048576K
}
Event: 3.086 GC heap before
{Heap before GC invocations=12 (full 0):
 garbage-first heap   total 37888K, used 16688K [0x0000000083200000, 0x0000000100000000)
  region size 1024K, 3 young (3072K), 2 survivors (2048K)
 Metaspace       used 38427K, committed 38656K, reserved 1089536K
  class space    used 4785K, committed 4864K, reserved 1048576K
}
Event: 3.089 GC heap after
{Heap after GC invocations=13 (full 0):
 garbage-first heap   total 70656K, used 16773K [0x0000000083200000, 0x0000000100000000)
  region size 1024K, 1 young (1024K), 1 survivors (1024K)
 Metaspace       used 38427K, committed 38656K, reserved 1089536K
  class space    used 4785K, committed 4864K, reserved 1048576K
}
Event: 3.884 GC heap before
{Heap before GC invocations=13 (full 0):
 garbage-first heap   total 70656K, used 51589K [0x0000000083200000, 0x0000000100000000)
  region size 1024K, 35 young (35840K), 1 survivors (1024K)
 Metaspace       used 44430K, committed 44736K, reserved 1089536K
  class space    used 5494K, committed 5632K, reserved 1048576K
}
Event: 3.889 GC heap after
{Heap after GC invocations=14 (full 0):
 garbage-first heap   total 70656K, used 19623K [0x0000000083200000, 0x0000000100000000)
  region size 1024K, 4 young (4096K), 4 survivors (4096K)
 Metaspace       used 44430K, committed 44736K, reserved 1089536K
  class space    used 5494K, committed 5632K, reserved 1048576K
}
Event: 4.789 GC heap before
{Heap before GC invocations=14 (full 0):
 garbage-first heap   total 70656K, used 50343K [0x0000000083200000, 0x0000000100000000)
  region size 1024K, 34 young (34816K), 4 survivors (4096K)
 Metaspace       used 52990K, committed 53312K, reserved 1097728K
  class space    used 6840K, committed 6976K, reserved 1048576K
}
Event: 4.794 GC heap after
{Heap after GC invocations=15 (full 0):
 garbage-first heap   total 70656K, used 21846K [0x0000000083200000, 0x0000000100000000)
  region size 1024K, 3 young (3072K), 3 survivors (3072K)
 Metaspace       used 52990K, committed 53312K, reserved 1097728K
  class space    used 6840K, committed 6976K, reserved 1048576K
}
Event: 5.343 GC heap before
{Heap before GC invocations=15 (full 0):
 garbage-first heap   total 70656K, used 48470K [0x0000000083200000, 0x0000000100000000)
  region size 1024K, 30 young (30720K), 3 survivors (3072K)
 Metaspace       used 59814K, committed 60096K, reserved 1105920K
  class space    used 7912K, committed 8064K, reserved 1048576K
}
Event: 5.346 GC heap after
{Heap after GC invocations=16 (full 0):
 garbage-first heap   total 70656K, used 23116K [0x0000000083200000, 0x0000000100000000)
  region size 1024K, 4 young (4096K), 4 survivors (4096K)
 Metaspace       used 59814K, committed 60096K, reserved 1105920K
  class space    used 7912K, committed 8064K, reserved 1048576K
}
Event: 5.862 GC heap before
{Heap before GC invocations=17 (full 0):
 garbage-first heap   total 70656K, used 53836K [0x0000000083200000, 0x0000000100000000)
  region size 1024K, 34 young (34816K), 4 survivors (4096K)
 Metaspace       used 63984K, committed 64320K, reserved 1105920K
  class space    used 8516K, committed 8704K, reserved 1048576K
}
Event: 5.867 GC heap after
{Heap after GC invocations=18 (full 0):
 garbage-first heap   total 70656K, used 25311K [0x0000000083200000, 0x0000000100000000)
  region size 1024K, 4 young (4096K), 4 survivors (4096K)
 Metaspace       used 63984K, committed 64320K, reserved 1105920K
  class space    used 8516K, committed 8704K, reserved 1048576K
}
Event: 6.348 GC heap before
{Heap before GC invocations=18 (full 0):
 garbage-first heap   total 70656K, used 55007K [0x0000000083200000, 0x0000000100000000)
  region size 1024K, 33 young (33792K), 4 survivors (4096K)
 Metaspace       used 66969K, committed 67328K, reserved 1114112K
  class space    used 8971K, committed 9152K, reserved 1048576K
}
Event: 6.354 GC heap after
{Heap after GC invocations=19 (full 0):
 garbage-first heap   total 70656K, used 27612K [0x0000000083200000, 0x0000000100000000)
  region size 1024K, 5 young (5120K), 5 survivors (5120K)
 Metaspace       used 66969K, committed 67328K, reserved 1114112K
  class space    used 8971K, committed 9152K, reserved 1048576K
}
Event: 7.079 GC heap before
{Heap before GC invocations=19 (full 0):
 garbage-first heap   total 70656K, used 54236K [0x0000000083200000, 0x0000000100000000)
  region size 1024K, 32 young (32768K), 5 survivors (5120K)
 Metaspace       used 71490K, committed 71872K, reserved 1114112K
  class space    used 9534K, committed 9728K, reserved 1048576K
}
Event: 7.087 GC heap after
{Heap after GC invocations=20 (full 0):
 garbage-first heap   total 70656K, used 29796K [0x0000000083200000, 0x0000000100000000)
  region size 1024K, 3 young (3072K), 3 survivors (3072K)
 Metaspace       used 71490K, committed 71872K, reserved 1114112K
  class space    used 9534K, committed 9728K, reserved 1048576K
}

Deoptimization events (20 events):
Event: 17.464 Thread 0x00000245326df2d0 Uncommon trap: trap_request=0xffffff45 fr.pc=0x000002451c219790 relative=0x0000000000001730
Event: 17.464 Thread 0x00000245326df2d0 Uncommon trap: reason=unstable_if action=reinterpret pc=0x000002451c219790 method=java.net.URLStreamHandler.parseURL(Ljava/net/URL;Ljava/lang/String;II)V @ 155 c2
Event: 17.464 Thread 0x00000245326df2d0 DEOPT PACKING pc=0x000002451c219790 sp=0x0000006056cfa240
Event: 17.464 Thread 0x00000245326df2d0 DEOPT UNPACKING pc=0x00000245146c5c23 sp=0x0000006056cfa200 mode 2
Event: 17.465 Thread 0x00000245326df2d0 Uncommon trap: trap_request=0xffffff45 fr.pc=0x000002451c1f6a90 relative=0x00000000000009d0
Event: 17.465 Thread 0x00000245326df2d0 Uncommon trap: reason=unstable_if action=reinterpret pc=0x000002451c1f6a90 method=sun.net.util.IPAddressUtil.scan(Ljava/lang/String;JJ[C)I @ 14 c2
Event: 17.465 Thread 0x00000245326df2d0 DEOPT PACKING pc=0x000002451c1f6a90 sp=0x0000006056cfa140
Event: 17.465 Thread 0x00000245326df2d0 DEOPT UNPACKING pc=0x00000245146c5c23 sp=0x0000006056cfa010 mode 2
Event: 17.505 Thread 0x00000245326d9c30 Uncommon trap: trap_request=0xffffff45 fr.pc=0x000002451c425a9c relative=0x000000000000047c
Event: 17.505 Thread 0x00000245326d9c30 Uncommon trap: reason=unstable_if action=reinterpret pc=0x000002451c425a9c method=jdk.internal.org.objectweb.asm.Type.getArgumentsAndReturnSizes(Ljava/lang/String;)I @ 25 c2
Event: 17.505 Thread 0x00000245326d9c30 DEOPT PACKING pc=0x000002451c425a9c sp=0x0000006056efbc10
Event: 17.505 Thread 0x00000245326d9c30 DEOPT UNPACKING pc=0x00000245146c5c23 sp=0x0000006056efbb18 mode 2
Event: 17.534 Thread 0x00000245326d9c30 Uncommon trap: trap_request=0xffffff45 fr.pc=0x000002451c49dfc0 relative=0x0000000000004aa0
Event: 17.534 Thread 0x00000245326d9c30 Uncommon trap: reason=unstable_if action=reinterpret pc=0x000002451c49dfc0 method=org.springframework.core.annotation.TypeMappedAnnotations$IsPresent.doWithAnnotations(Ljava/lang/Object;ILjava/lang/Object;[Ljava/lang/annotation/Annotation;)Ljava/lang/Bool
Event: 17.534 Thread 0x00000245326d9c30 DEOPT PACKING pc=0x000002451c49dfc0 sp=0x0000006056efbad0
Event: 17.534 Thread 0x00000245326d9c30 DEOPT UNPACKING pc=0x00000245146c5c23 sp=0x0000006056efb9c0 mode 2
Event: 20.966 Thread 0x00000245326dee00 Uncommon trap: trap_request=0xffffffdc fr.pc=0x000002451c5010c8 relative=0x0000000000000228
Event: 20.966 Thread 0x00000245326dee00 Uncommon trap: reason=class_check action=make_not_entrant pc=0x000002451c5010c8 method=java.util.ArrayList.toArray([Ljava/lang/Object;)[Ljava/lang/Object; @ 21 c2
Event: 20.966 Thread 0x00000245326dee00 DEOPT PACKING pc=0x000002451c5010c8 sp=0x0000006056bfb800
Event: 20.966 Thread 0x00000245326dee00 DEOPT UNPACKING pc=0x00000245146c5c23 sp=0x0000006056bfb7b0 mode 2

Classes unloaded (0 events):
No events

Classes redefined (0 events):
No events

Internal exceptions (20 events):
Event: 5.961 Thread 0x000002452d132000 Exception <a 'java/lang/ClassNotFoundException'{0x0000000086d77e38}: org/springframework/context/annotation/ImportAwareCustomizer> (0x0000000086d77e38) 
thrown [s\src\hotspot\share\classfile\systemDictionary.cpp, line 256]
Event: 5.961 Thread 0x000002452d132000 Exception <a 'java/lang/ClassNotFoundException'{0x0000000086d7d090}: org/springframework/beans/factory/AwareCustomizer> (0x0000000086d7d090) 
thrown [s\src\hotspot\share\classfile\systemDictionary.cpp, line 256]
Event: 5.961 Thread 0x000002452d132000 Exception <a 'java/lang/ClassNotFoundException'{0x0000000086d819a8}: org/springframework/beans/factory/BeanClassLoaderAwareCustomizer> (0x0000000086d819a8) 
thrown [s\src\hotspot\share\classfile\systemDictionary.cpp, line 256]
Event: 5.961 Thread 0x000002452d132000 Exception <a 'java/lang/ClassNotFoundException'{0x0000000086d86be0}: org/springframework/beans/factory/AwareCustomizer> (0x0000000086d86be0) 
thrown [s\src\hotspot\share\classfile\systemDictionary.cpp, line 256]
Event: 6.070 Thread 0x000002452d132000 Exception <a 'java/lang/NoSuchMethodError'{0x000000008679b3f8}: 'java.lang.Object java.lang.invoke.Invokers$Holder.invoker(java.lang.Object, java.lang.Object, java.lang.Object, java.lang.Object)'> (0x000000008679b3f8) 
thrown [s\src\hotspot\share\interpreter\linkResolver.cpp, line 771]
Event: 6.071 Thread 0x000002452d132000 Exception <a 'java/lang/NoSuchMethodError'{0x00000000867a5600}: 'int java.lang.invoke.DirectMethodHandle$Holder.invokeSpecial(java.lang.Object, java.lang.Object, java.lang.Object, int)'> (0x00000000867a5600) 
thrown [s\src\hotspot\share\interpreter\linkResolver.cpp, line 771]
Event: 6.074 Thread 0x000002452d132000 Exception <a 'java/lang/NoSuchMethodError'{0x00000000867bec18}: 'void java.lang.invoke.DelegatingMethodHandle$Holder.reinvoke_L(java.lang.Object, java.lang.Object, int)'> (0x00000000867bec18) 
thrown [s\src\hotspot\share\interpreter\linkResolver.cpp, line 771]
Event: 6.075 Thread 0x000002452d132000 Exception <a 'java/lang/NoSuchMethodError'{0x00000000867cc970}: 'java.lang.Object java.lang.invoke.Invokers$Holder.invokeExact_MT(java.lang.Object, java.lang.Object, java.lang.Object, java.lang.Object)'> (0x00000000867cc970) 
thrown [s\src\hotspot\share\interpreter\linkResolver.cpp, line 771]
Event: 6.101 Thread 0x000002452d132000 Exception <a 'java/lang/NoSuchMethodError'{0x00000000866b1688}: 'java.lang.Object java.lang.invoke.DirectMethodHandle$Holder.invokeInterface(java.lang.Object, java.lang.Object, java.lang.Object, java.lang.Object)'> (0x00000000866b1688) 
thrown [s\src\hotspot\share\interpreter\linkResolver.cpp, line 771]
Event: 6.230 Thread 0x000002452d132000 Exception <a 'java/lang/NoSuchMethodError'{0x0000000085ed47b0}: 'void java.lang.invoke.DirectMethodHandle$Holder.invokeVirtual(java.lang.Object, java.lang.Object, int)'> (0x0000000085ed47b0) 
thrown [s\src\hotspot\share\interpreter\linkResolver.cpp, line 771]
Event: 6.231 Thread 0x000002452d132000 Exception <a 'java/lang/NoSuchMethodError'{0x0000000085eef160}: 'void java.lang.invoke.DirectMethodHandle$Holder.invokeVirtual(java.lang.Object, java.lang.Object, long)'> (0x0000000085eef160) 
thrown [s\src\hotspot\share\interpreter\linkResolver.cpp, line 771]
Event: 6.456 Thread 0x000002452d132000 Exception <a 'java/lang/IncompatibleClassChangeError'{0x00000000873a5728}: Found class java.lang.Object, but interface was expected> (0x00000000873a5728) 
thrown [s\src\hotspot\share\interpreter\linkResolver.cpp, line 838]
Event: 6.505 Thread 0x000002452d132000 Exception <a 'java/lang/NoSuchMethodError'{0x00000000871e9938}: 'int java.lang.invoke.DirectMethodHandle$Holder.invokeStaticInit(java.lang.Object, java.lang.Object, java.lang.Object, java.lang.Object)'> (0x00000000871e9938) 
thrown [s\src\hotspot\share\interpreter\linkResolver.cpp, line 771]
Event: 6.605 Thread 0x000002452d132000 Implicit null exception at 0x000002451c282cda to 0x000002451c282f18
Event: 6.682 Thread 0x000002452d132000 Exception <a 'java/lang/NoSuchMethodError'{0x00000000868bf908}: 'java.lang.Object java.lang.invoke.DirectMethodHandle$Holder.invokeSpecial(java.lang.Object, java.lang.Object, int, java.lang.Object, int, java.lang.Object)'> (0x00000000868bf908) 
thrown [s\src\hotspot\share\interpreter\linkResolver.cpp, line 771]
Event: 6.682 Thread 0x000002452d132000 Exception <a 'java/lang/NoSuchMethodError'{0x00000000868c79b0}: 'java.lang.Object java.lang.invoke.DirectMethodHandle$Holder.newInvokeSpecial(java.lang.Object, java.lang.Object, int, java.lang.Object, int)'> (0x00000000868c79b0) 
thrown [s\src\hotspot\share\interpreter\linkResolver.cpp, line 771]
Event: 6.683 Thread 0x000002452d132000 Exception <a 'java/lang/NoSuchMethodError'{0x00000000868cbab0}: 'java.lang.Object java.lang.invoke.DirectMethodHandle$Holder.invokeSpecial(java.lang.Object, java.lang.Object, java.lang.Object, int, java.lang.Object, int)'> (0x00000000868cbab0) 
thrown [s\src\hotspot\share\interpreter\linkResolver.cpp, line 771]
Event: 6.684 Thread 0x000002452d132000 Exception <a 'java/lang/NoSuchMethodError'{0x00000000868d5d10}: 'void java.lang.invoke.DirectMethodHandle$Holder.invokeVirtual(java.lang.Object, java.lang.Object)'> (0x00000000868d5d10) 
thrown [s\src\hotspot\share\interpreter\linkResolver.cpp, line 771]
Event: 7.167 Thread 0x000002452ec2fa10 Exception <a 'java/lang/NoSuchMethodError'{0x000000008919a2a0}: 'java.lang.Object java.lang.invoke.DirectMethodHandle$Holder.invokeStaticInit(java.lang.Object, java.lang.Object, java.lang.Object, java.lang.Object, java.lang.Object, java.lang.Object)'> (0x000000008919a2a0) 
thrown [s\src\hotspot\share\interpreter\linkResolver.cpp, line 771]
Event: 17.460 Thread 0x00000245326df2d0 Exception <a 'sun/nio/fs/WindowsException'{0x0000000086be3ad0}> (0x0000000086be3ad0) 
thrown [s\src\hotspot\share\prims\jni.cpp, line 517]

VM Operations (20 events):
Event: 23.819 Executing VM operation: Cleanup
Event: 23.819 Executing VM operation: Cleanup done
Event: 28.876 Executing VM operation: Cleanup
Event: 28.876 Executing VM operation: Cleanup done
Event: 44.026 Executing VM operation: Cleanup
Event: 44.027 Executing VM operation: Cleanup done
Event: 47.059 Executing VM operation: Cleanup
Event: 47.059 Executing VM operation: Cleanup done
Event: 52.107 Executing VM operation: Cleanup
Event: 52.107 Executing VM operation: Cleanup done
Event: 53.112 Executing VM operation: Cleanup
Event: 53.112 Executing VM operation: Cleanup done
Event: 56.146 Executing VM operation: Cleanup
Event: 56.146 Executing VM operation: Cleanup done
Event: 64.234 Executing VM operation: Cleanup
Event: 64.234 Executing VM operation: Cleanup done
Event: 113.716 Executing VM operation: Cleanup
Event: 113.716 Executing VM operation: Cleanup done
Event: 129.834 Executing VM operation: Cleanup
Event: 129.834 Executing VM operation: Cleanup done

Events (20 events):
Event: 17.465 loading class java/security/AllPermissionCollection done
Event: 17.465 loading class javax/crypto/ProviderVerifier
Event: 17.465 loading class javax/crypto/ProviderVerifier done
Event: 17.465 loading class com/sun/crypto/provider/HmacCore$HmacSHA512
Event: 17.465 loading class com/sun/crypto/provider/HmacCore
Event: 17.465 loading class javax/crypto/MacSpi
Event: 17.465 loading class javax/crypto/MacSpi done
Event: 17.465 loading class com/sun/crypto/provider/HmacCore done
Event: 17.465 loading class com/sun/crypto/provider/HmacCore$HmacSHA512 done
Event: 17.466 loading class sun/security/provider/SHA5$SHA512
Event: 17.466 loading class sun/security/provider/SHA5
Event: 17.466 loading class sun/security/provider/SHA5 done
Event: 17.466 loading class sun/security/provider/SHA5$SHA512 done
Event: 17.506 Thread 0x000002452d909860 Thread added: 0x000002452d909860
Event: 17.759 Thread 0x000002452b88f860 flushing nmethod 0x000002451c3a7210
Event: 19.481 Thread 0x000002452d90c0e0 Thread exited: 0x000002452d90c0e0
Event: 19.481 Thread 0x000002452d909860 Thread exited: 0x000002452d909860
Event: 20.940 Thread 0x000002452d909860 Thread added: 0x000002452d909860
Event: 22.898 Thread 0x000002452d909860 Thread exited: 0x000002452d909860
Event: 135.489 Thread 0x000002452d90b1b0 Thread added: 0x000002452d90b1b0


Dynamic libraries:
0x00007ff740f10000 - 0x00007ff740f1a000 	C:\Program Files\JetBrains\IntelliJ IDEA Educational Edition 2022.2.2\jbr\bin\java.exe
0x00007ffeaf150000 - 0x00007ffeaf367000 	C:\WINDOWS\SYSTEM32\ntdll.dll
0x00007ffead350000 - 0x00007ffead414000 	C:\WINDOWS\System32\KERNEL32.DLL
0x00007ffeac620000 - 0x00007ffeac9c6000 	C:\WINDOWS\System32\KERNELBASE.dll
0x00007ffeacbe0000 - 0x00007ffeaccf1000 	C:\WINDOWS\System32\ucrtbase.dll
0x00007ffea46c0000 - 0x00007ffea46db000 	C:\Program Files\JetBrains\IntelliJ IDEA Educational Edition 2022.2.2\jbr\bin\VCRUNTIME140.dll
0x00007ffea2d50000 - 0x00007ffea2d67000 	C:\Program Files\JetBrains\IntelliJ IDEA Educational Edition 2022.2.2\jbr\bin\jli.dll
0x00007ffeaef60000 - 0x00007ffeaf10e000 	C:\WINDOWS\System32\USER32.dll
0x00007ffea20d0000 - 0x00007ffea2363000 	C:\WINDOWS\WinSxS\amd64_microsoft.windows.common-controls_6595b64144ccf1df_6.0.22621.2506_none_270c5ae97388e100\COMCTL32.dll
0x00007ffeac9d0000 - 0x00007ffeac9f6000 	C:\WINDOWS\System32\win32u.dll
0x00007ffeaee80000 - 0x00007ffeaef27000 	C:\WINDOWS\System32\msvcrt.dll
0x00007ffeaef30000 - 0x00007ffeaef59000 	C:\WINDOWS\System32\GDI32.dll
0x00007ffeacd80000 - 0x00007ffeace98000 	C:\WINDOWS\System32\gdi32full.dll
0x00007ffeac490000 - 0x00007ffeac52a000 	C:\WINDOWS\System32\msvcp_win.dll
0x00007ffeaed40000 - 0x00007ffeaed71000 	C:\WINDOWS\System32\IMM32.DLL
0x00007ffea4790000 - 0x00007ffea479c000 	C:\Program Files\JetBrains\IntelliJ IDEA Educational Edition 2022.2.2\jbr\bin\vcruntime140_1.dll
0x00007ffe88640000 - 0x00007ffe886cd000 	C:\Program Files\JetBrains\IntelliJ IDEA Educational Edition 2022.2.2\jbr\bin\msvcp140.dll
0x00007ffe61280000 - 0x00007ffe61ee9000 	C:\Program Files\JetBrains\IntelliJ IDEA Educational Edition 2022.2.2\jbr\bin\server\jvm.dll
0x00007ffeaec80000 - 0x00007ffeaed33000 	C:\WINDOWS\System32\ADVAPI32.dll
0x00007ffead790000 - 0x00007ffead838000 	C:\WINDOWS\System32\sechost.dll
0x00007ffeac530000 - 0x00007ffeac558000 	C:\WINDOWS\System32\bcrypt.dll
0x00007ffeada40000 - 0x00007ffeadb57000 	C:\WINDOWS\System32\RPCRT4.dll
0x00007ffeada30000 - 0x00007ffeada38000 	C:\WINDOWS\System32\PSAPI.DLL
0x00007ffea7870000 - 0x00007ffea78a4000 	C:\WINDOWS\SYSTEM32\WINMM.dll
0x00007ffea2e60000 - 0x00007ffea2e6a000 	C:\WINDOWS\SYSTEM32\VERSION.dll
0x00007ffe954f0000 - 0x00007ffe954f9000 	C:\WINDOWS\SYSTEM32\WSOCK32.dll
0x00007ffeaed80000 - 0x00007ffeaedf1000 	C:\WINDOWS\System32\WS2_32.dll
0x00007ffeab4d0000 - 0x00007ffeab4e8000 	C:\WINDOWS\SYSTEM32\kernel.appcore.dll
0x00007ffea79a0000 - 0x00007ffea79aa000 	C:\Program Files\JetBrains\IntelliJ IDEA Educational Edition 2022.2.2\jbr\bin\jimage.dll
0x00007ffea9bc0000 - 0x00007ffea9df3000 	C:\WINDOWS\SYSTEM32\DBGHELP.DLL
0x00007ffeae6c0000 - 0x00007ffeaea49000 	C:\WINDOWS\System32\combase.dll
0x00007ffead6b0000 - 0x00007ffead787000 	C:\WINDOWS\System32\OLEAUT32.dll
0x00007ffea3b90000 - 0x00007ffea3bc2000 	C:\WINDOWS\SYSTEM32\dbgcore.DLL
0x00007ffeacd00000 - 0x00007ffeacd7a000 	C:\WINDOWS\System32\bcryptPrimitives.dll
0x00007ffea6b40000 - 0x00007ffea6b4e000 	C:\Program Files\JetBrains\IntelliJ IDEA Educational Edition 2022.2.2\jbr\bin\instrument.dll
0x00007ffea6c80000 - 0x00007ffea6ca5000 	C:\Program Files\JetBrains\IntelliJ IDEA Educational Edition 2022.2.2\jbr\bin\java.dll
0x00007ffea7000000 - 0x00007ffea7018000 	C:\Program Files\JetBrains\IntelliJ IDEA Educational Edition 2022.2.2\jbr\bin\zip.dll
0x00007ffeade60000 - 0x00007ffeae6bb000 	C:\WINDOWS\System32\SHELL32.dll
0x00007ffeaa3f0000 - 0x00007ffeaace6000 	C:\WINDOWS\SYSTEM32\windows.storage.dll
0x00007ffeaa2b0000 - 0x00007ffeaa3ee000 	C:\WINDOWS\SYSTEM32\wintypes.dll
0x00007ffead520000 - 0x00007ffead613000 	C:\WINDOWS\System32\SHCORE.dll
0x00007ffeadc20000 - 0x00007ffeadc7e000 	C:\WINDOWS\System32\shlwapi.dll
0x00007ffeac3c0000 - 0x00007ffeac3e6000 	C:\WINDOWS\SYSTEM32\profapi.dll
0x00007ffea6ad0000 - 0x00007ffea6ae9000 	C:\Program Files\JetBrains\IntelliJ IDEA Educational Edition 2022.2.2\jbr\bin\net.dll
0x00007ffea7300000 - 0x00007ffea7437000 	C:\WINDOWS\SYSTEM32\WINHTTP.dll
0x00007ffeab950000 - 0x00007ffeab9b9000 	C:\WINDOWS\system32\mswsock.dll
0x00007ffea69d0000 - 0x00007ffea69e6000 	C:\Program Files\JetBrains\IntelliJ IDEA Educational Edition 2022.2.2\jbr\bin\nio.dll
0x00007ffea6420000 - 0x00007ffea643a000 	C:\Program Files\JetBrains\IntelliJ IDEA Educational Edition 2022.2.2\bin\breakgen64.dll
0x00007ffea6b60000 - 0x00007ffea6b70000 	C:\Program Files\JetBrains\IntelliJ IDEA Educational Edition 2022.2.2\jbr\bin\verify.dll
0x00007ffea62c0000 - 0x00007ffea62c9000 	C:\Program Files\JetBrains\IntelliJ IDEA Educational Edition 2022.2.2\jbr\bin\management.dll
0x00007ffea62b0000 - 0x00007ffea62bb000 	C:\Program Files\JetBrains\IntelliJ IDEA Educational Edition 2022.2.2\jbr\bin\management_ext.dll
0x00007ffe93a30000 - 0x00007ffe93a47000 	C:\WINDOWS\system32\napinsp.dll
0x00007ffe93100000 - 0x00007ffe9311b000 	C:\WINDOWS\system32\pnrpnsp.dll
0x00007ffeaafc0000 - 0x00007ffeab0b9000 	C:\WINDOWS\SYSTEM32\DNSAPI.dll
0x00007ffeaaf90000 - 0x00007ffeaafbd000 	C:\WINDOWS\SYSTEM32\IPHLPAPI.DLL
0x00007ffeadb60000 - 0x00007ffeadb69000 	C:\WINDOWS\System32\NSI.dll
0x00007ffe930a0000 - 0x00007ffe930b1000 	C:\WINDOWS\System32\winrnr.dll
0x00007ffe93080000 - 0x00007ffe93095000 	C:\WINDOWS\system32\wshbth.dll
0x00007ffe93020000 - 0x00007ffe93041000 	C:\WINDOWS\system32\nlansp_c.dll
0x00007ffea60c0000 - 0x00007ffea60ca000 	C:\Windows\System32\rasadhlp.dll
0x00007ffea60d0000 - 0x00007ffea6153000 	C:\WINDOWS\System32\fwpuclnt.dll
0x00007ffeabc10000 - 0x00007ffeabc2b000 	C:\WINDOWS\SYSTEM32\CRYPTSP.dll
0x00007ffeab430000 - 0x00007ffeab465000 	C:\WINDOWS\system32\rsaenh.dll
0x00007ffeabab0000 - 0x00007ffeabadc000 	C:\WINDOWS\SYSTEM32\USERENV.dll
0x00007ffeabc30000 - 0x00007ffeabc3c000 	C:\WINDOWS\SYSTEM32\CRYPTBASE.dll
0x00007ffea72d0000 - 0x00007ffea72e9000 	C:\WINDOWS\SYSTEM32\dhcpcsvc6.DLL
0x00007ffea71f0000 - 0x00007ffea720f000 	C:\WINDOWS\SYSTEM32\dhcpcsvc.DLL
0x00007ffea6200000 - 0x00007ffea620d000 	C:\Program Files\JetBrains\IntelliJ IDEA Educational Edition 2022.2.2\jbr\bin\sunmscapi.dll
0x00007ffeaca00000 - 0x00007ffeacb66000 	C:\WINDOWS\System32\CRYPT32.dll
0x00007ffeabe50000 - 0x00007ffeabe7e000 	C:\WINDOWS\SYSTEM32\ncrypt.dll
0x00007ffeabe10000 - 0x00007ffeabe47000 	C:\WINDOWS\SYSTEM32\NTASN1.dll
0x00007ffea61f0000 - 0x00007ffea61f8000 	C:\WINDOWS\system32\wshunix.dll

dbghelp: loaded successfully - version: 4.0.5 - missing functions: none
symbol engine: initialized successfully - sym options: 0x614 - pdb path: .;C:\Program Files\JetBrains\IntelliJ IDEA Educational Edition 2022.2.2\jbr\bin;C:\WINDOWS\SYSTEM32;C:\WINDOWS\WinSxS\amd64_microsoft.windows.common-controls_6595b64144ccf1df_6.0.22621.2506_none_270c5ae97388e100;C:\Program Files\JetBrains\IntelliJ IDEA Educational Edition 2022.2.2\jbr\bin\server;C:\Program Files\JetBrains\IntelliJ IDEA Educational Edition 2022.2.2\bin

VM Arguments:
jvm_args: -javaagent:C:\Program Files\JetBrains\IntelliJ IDEA Educational Edition 2022.2.2\lib\idea_rt.jar=20971:C:\Program Files\JetBrains\IntelliJ IDEA Educational Edition 2022.2.2\bin -Dfile.encoding=UTF-8 
java_command: com.proyectojwt.ProyectoJwtApplication
java_class_path (initial): D:\a\Proyecto-JWT-Backend-master\Proyecto-JWT-Backend-master\target\classes;C:\Users\PCMovil\.m2\repository\org\springframework\boot\spring-boot-starter-data-jpa\2.7.15\spring-boot-starter-data-jpa-2.7.15.jar;C:\Users\PCMovil\.m2\repository\org\springframework\boot\spring-boot-starter-aop\2.7.15\spring-boot-starter-aop-2.7.15.jar;C:\Users\PCMovil\.m2\repository\org\aspectj\aspectjweaver\1.9.7\aspectjweaver-1.9.7.jar;C:\Users\PCMovil\.m2\repository\org\springframework\boot\spring-boot-starter-jdbc\2.7.15\spring-boot-starter-jdbc-2.7.15.jar;C:\Users\PCMovil\.m2\repository\com\zaxxer\HikariCP\4.0.3\HikariCP-4.0.3.jar;C:\Users\PCMovil\.m2\repository\org\springframework\spring-jdbc\5.3.29\spring-jdbc-5.3.29.jar;C:\Users\PCMovil\.m2\repository\jakarta\transaction\jakarta.transaction-api\1.3.3\jakarta.transaction-api-1.3.3.jar;C:\Users\PCMovil\.m2\repository\jakarta\persistence\jakarta.persistence-api\2.2.3\jakarta.persistence-api-2.2.3.jar;C:\Users\PCMovil\.m2\repository\org\hibernate\hibernate-core\5.6.15.Final\hibernate-core-5.6.15.Final.jar;C:\Users\PCMovil\.m2\repository\org\jboss\logging\jboss-logging\3.4.3.Final\jboss-logging-3.4.3.Final.jar;C:\Users\PCMovil\.m2\repository\net\bytebuddy\byte-buddy\1.12.23\byte-buddy-1.12.23.jar;C:\Users\PCMovil\.m2\repository\antlr\antlr\2.7.7\antlr-2.7.7.jar;C:\Users\PCMovil\.m2\repository\org\jboss\jandex\2.4.2.Final\jandex-2.4.2.Final.jar;C:\Users\PCMovil\.m2\repository\com\fasterxml\classmate\1.5.1\classmate-1.5.1.jar;C:\Users\PCMovil\.m2\repository\org\hibernate\common\hibernate-commons-annotations\5.1.2.Final\hibernate-commons-annotations-5.1.2.Final.jar;C:\Users\PCMovil\.m2\repository\org\glassfish\jaxb\jaxb-runtime\2.3.8\jaxb-runtime-2.3.8.jar;C:\Users\PCMovil\.m2\repository\org\glassfish\jaxb\txw2\2.3.8\txw2-2.3.8.jar;C:\Users\PCMovil\.m2\repository\com\sun\istack\istack-commons-runtime\3.0.12\istack-commons-runtime-3.0.12.jar;C:\Users\PCMovil\.m2\repository\com\sun\activation\jakarta.activation
Launcher Type: SUN_STANDARD

[Global flags]
     intx CICompilerCount                          = 4                                         {product} {ergonomic}
     uint ConcGCThreads                            = 2                                         {product} {ergonomic}
     uint G1ConcRefinementThreads                  = 8                                         {product} {ergonomic}
   size_t G1HeapRegionSize                         = 1048576                                   {product} {ergonomic}
    uintx GCDrainStackTargetSize                   = 64                                        {product} {ergonomic}
   size_t InitialHeapSize                          = 132120576                                 {product} {ergonomic}
   size_t MarkStackSize                            = 4194304                                   {product} {ergonomic}
   size_t MaxHeapSize                              = 2095054848                                {product} {ergonomic}
   size_t MaxNewSize                               = 1256194048                                {product} {ergonomic}
   size_t MinHeapDeltaBytes                        = 1048576                                   {product} {ergonomic}
   size_t MinHeapSize                              = 8388608                                   {product} {ergonomic}
    uintx NonNMethodCodeHeapSize                   = 5839372                                {pd product} {ergonomic}
    uintx NonProfiledCodeHeapSize                  = 122909434                              {pd product} {ergonomic}
    uintx ProfiledCodeHeapSize                     = 122909434                              {pd product} {ergonomic}
    uintx ReservedCodeCacheSize                    = 251658240                              {pd product} {ergonomic}
     bool SegmentedCodeCache                       = true                                      {product} {ergonomic}
   size_t SoftMaxHeapSize                          = 2095054848                             {manageable} {ergonomic}
     bool UseCompressedClassPointers               = true                           {product lp64_product} {ergonomic}
     bool UseCompressedOops                        = true                           {product lp64_product} {ergonomic}
     bool UseG1GC                                  = true                                      {product} {ergonomic}
     bool UseLargePagesIndividualAllocation        = false                                  {pd product} {ergonomic}

Logging:
Log output configuration:
 #0: stdout all=warning uptime,level,tags
 #1: stderr all=off uptime,level,tags

Environment Variables:
JAVA_HOME=C:\Program Files (x86)\Java\jre-1.8
PATH=C:\Program Files\OpenLogic\jdk-8.0.382.05-hotspot\bin;C:\Program Files (x86)\Common Files\Oracle\Java\javapath;C:\Windows\System32\HWAudioDriverLibs;C:\Windows\system32;C:\Windows;C:\Windows\System32\Wbem;C:\Windows\System32\WindowsPowerShell\v1.0\;C:\Windows\System32\OpenSSH\;C:\Windows\system32\config\systemprofile\AppData\Local\Microsoft\WindowsApps;C:\Program Files\PuTTY\;C:\WINDOWS\system32;C:\WINDOWS;C:\WINDOWS\System32\Wbem;C:\WINDOWS\System32\WindowsPowerShell\v1.0\;C:\WINDOWS\System32\OpenSSH\;C:\Program Files\Oberthur Technologies\AuthentIC Webpack\Dlls;C:\Program Files (x86)\Oberthur Technologies\AuthentIC Webpack\Dlls;C:\Program Files\nodejs\;C:\Program Files (x86)\Java\jre-1.8\bin;C:\Program Files\Git\cmd;C:\Users\PCMovil\AppData\Local\Microsoft\WindowsApps;C:\Program Files (x86)\Nmap;C:\Users\PCMovil\AppData\Local\Programs\Microsoft VS Code\bin;C:\Users\PCMovil\AppData\Roaming\npm;C:\Users\PCMovil\AppData\Local\GitHubDesktop\bin
USERNAME=PCMovil
OS=Windows_NT
PROCESSOR_IDENTIFIER=Intel64 Family 6 Model 140 Stepping 1, GenuineIntel
TMP=C:\Users\PCMovil\AppData\Local\Temp
TEMP=C:\Users\PCMovil\AppData\Local\Temp



---------------  S Y S T E M  ---------------

OS:
 Windows 11 , 64 bit Build 22621 (10.0.22621.3085)
OS uptime: 4 days 12:05 hours

CPU: total 8 (initial active 8) (4 cores per cpu, 2 threads per core) family 6 model 140 stepping 1 microcode 0x8a, cx8, cmov, fxsr, ht, mmx, 3dnowpref, sse, sse2, sse3, ssse3, sse4.1, sse4.2, popcnt, lzcnt, tsc, tscinvbit, avx, avx2, aes, erms, clmul, bmi1, bmi2, adx, avx512f, avx512dq, avx512cd, avx512bw, avx512vl, sha, fma, vzeroupper, avx512_vpopcntdq, avx512_vpclmulqdq, avx512_vaes, avx512_vnni, clflush, clflushopt, clwb, avx512_vbmi2, avx512_vbmi

Memory: 4k page, system-wide physical 7991M (653M free)
TotalPageFile size 10039M (AvailPageFile size 5M)
current process WorkingSet (physical memory assigned to process): 246M, peak: 299M
current process commit charge ("private bytes"): 277M, peak: 330M

vm_info: OpenJDK 64-Bit Server VM (17.0.4.1+7-b469.62) for windows-amd64 JRE (17.0.4.1+7-b469.62), built on 2022-09-22 by "builduser" with MS VC++ 16.10 / 16.11 (VS2019)

END.
