#
# There is insufficient memory for the Java Runtime Environment to continue.
# Native memory allocation (malloc) failed to allocate 32744 bytes for ChunkPool::allocate
# Possible reasons:
#   The system is out of physical RAM or swap space
#   The process is running with CompressedOops enabled, and the Java Heap may be blocking the growth of the native heap
# Possible solutions:
#   Reduce memory load on the system
#   Increase physical memory or swap space
#   Check if swap backing store is full
#   Decrease Java heap size (-Xmx/-Xms)
#   Decrease number of Java threads
#   Decrease Java thread stack sizes (-Xss)
#   Set larger code cache with -XX:ReservedCodeCacheSize=
#   JVM is running with Unscaled Compressed Oops mode in which the Java heap is
#     placed in the first 4GB address space. The Java Heap base address is the
#     maximum limit for the native heap growth. Please use -XX:HeapBaseMinAddress
#     to set the Java Heap base and to place the Java Heap above 4GB virtual address.
# This output file may be truncated or incomplete.
#
#  Out of Memory Error (arena.cpp:78), pid=17460, tid=8156
#
# JRE version: OpenJDK Runtime Environment JBR-17.0.4.1+7-469.62-jcef (17.0.4.1+7) (build 17.0.4.1+7-b469.62)
# Java VM: OpenJDK 64-Bit Server VM JBR-17.0.4.1+7-469.62-jcef (17.0.4.1+7-b469.62, mixed mode, tiered, compressed oops, compressed class ptrs, g1 gc, windows-amd64)
# No core dump will be written. Minidumps are not enabled by default on client versions of Windows
#

---------------  S U M M A R Y ------------

Command Line: -javaagent:C:\Program Files\JetBrains\IntelliJ IDEA Educational Edition 2022.2.2\lib\idea_rt.jar=19987:C:\Program Files\JetBrains\IntelliJ IDEA Educational Edition 2022.2.2\bin -Dfile.encoding=UTF-8 com.proyectojwt.ProyectoJwtApplication

Host: 11th Gen Intel(R) Core(TM) i5-1135G7 @ 2.40GHz, 8 cores, 7G,  Windows 11 , 64 bit Build 22621 (10.0.22621.3085)
Time: Tue Jan 30 11:37:19 2024 Hora est. Pacífico, Sudamérica elapsed time: 80.394621 seconds (0d 0h 1m 20s)

---------------  T H R E A D  ---------------

Current thread (0x000001fd3e84ce40):  JavaThread "C2 CompilerThread0" daemon [_thread_in_native, id=8156, stack(0x00000031c6c00000,0x00000031c6d00000)]


Current CompileTask:
C2:  80394 5335 % !   4       org.springframework.beans.factory.support.DefaultListableBeanFactory::doGetBeanNamesForType @ 20 (528 bytes)

Stack: [0x00000031c6c00000,0x00000031c6d00000]
Native frames: (J=compiled Java code, j=interpreted, Vv=VM code, C=native code)
V  [jvm.dll+0x68356a]
V  [jvm.dll+0x83fab4]
V  [jvm.dll+0x84125e]
V  [jvm.dll+0x8418c3]
V  [jvm.dll+0x249735]
V  [jvm.dll+0xabf7c]
V  [jvm.dll+0xac32c]
V  [jvm.dll+0xabe6b]
V  [jvm.dll+0x6619c9]
V  [jvm.dll+0xb70a7]
V  [jvm.dll+0x33f648]
V  [jvm.dll+0x341d11]
V  [jvm.dll+0x34b8af]
V  [jvm.dll+0x696a59]
V  [jvm.dll+0x696e5e]
V  [jvm.dll+0x699727]
V  [jvm.dll+0x69392b]
V  [jvm.dll+0x692f67]
V  [jvm.dll+0x690e62]
V  [jvm.dll+0x1a7ffc]
V  [jvm.dll+0x1a8bc6]
V  [jvm.dll+0x2afb84]
V  [jvm.dll+0x69b975]
V  [jvm.dll+0x69392b]
V  [jvm.dll+0x692f67]
V  [jvm.dll+0x690e62]
V  [jvm.dll+0x1a7ffc]
V  [jvm.dll+0x1a8bc6]
V  [jvm.dll+0x2afb84]
V  [jvm.dll+0x69b975]
V  [jvm.dll+0x69392b]
V  [jvm.dll+0x692f67]
V  [jvm.dll+0x690e62]
V  [jvm.dll+0x1a7ffc]
V  [jvm.dll+0x2afb84]
V  [jvm.dll+0x69b975]
V  [jvm.dll+0x69392b]
V  [jvm.dll+0x692f67]
V  [jvm.dll+0x690e62]
V  [jvm.dll+0x1a7ffc]
V  [jvm.dll+0x1a8bc6]
V  [jvm.dll+0x2afb84]
V  [jvm.dll+0x69b975]
V  [jvm.dll+0x69392b]
V  [jvm.dll+0x692f67]
V  [jvm.dll+0x690e62]
V  [jvm.dll+0x1a7ffc]
V  [jvm.dll+0x1a8bc6]
V  [jvm.dll+0x2afb84]
V  [jvm.dll+0x69b975]
V  [jvm.dll+0x69392b]
V  [jvm.dll+0x692f67]
V  [jvm.dll+0x690e62]
V  [jvm.dll+0x1a7ffc]
V  [jvm.dll+0x2afb84]
V  [jvm.dll+0x69b975]
V  [jvm.dll+0x69392b]
V  [jvm.dll+0x692f67]
V  [jvm.dll+0x690e62]
V  [jvm.dll+0x1a7ffc]
V  [jvm.dll+0x21ae28]
V  [jvm.dll+0x1a4dfd]
V  [jvm.dll+0x22acd8]
V  [jvm.dll+0x228d89]
V  [jvm.dll+0x7f53ac]
V  [jvm.dll+0x7ef8da]
V  [jvm.dll+0x6823a5]
C  [ucrtbase.dll+0x29363]
C  [KERNEL32.DLL+0x1257d]
C  [ntdll.dll+0x5aa58]


---------------  P R O C E S S  ---------------

Threads class SMR info:
_java_thread_list=0x000001fd42922810, length=32, elements={
0x000001fd3dc44880, 0x000001fd3dc45340, 0x000001fd3dc5d630, 0x000001fd3dc5e0f0,
0x000001fd3e8473c0, 0x000001fd3e84c1a0, 0x000001fd3e84ce40, 0x000001fd3e84f540,
0x000001fd3e85bbd0, 0x000001fd3e920e60, 0x000001fd3ef1c280, 0x000001fd3eb08290,
0x000001fd4098e7d0, 0x000001fd438f6870, 0x000001fd43bb4900, 0x000001fd43bb5c40,
0x000001fd43bb52a0, 0x000001fd43bb5770, 0x000001fd3f23aef0, 0x000001fd3f23a080,
0x000001fd3f23b3c0, 0x000001fd3f237530, 0x000001fd3f237ed0, 0x000001fd3f23d0a0,
0x000001fd3f238870, 0x000001fd3f23b890, 0x000001fd3f239bb0, 0x000001fd3f23d570,
0x000001fd3f23bd60, 0x000001fd3f23c230, 0x000001fd3f2383a0, 0x000001fd3f23c700
}

Java Threads: ( => current thread )
  0x000001fd3dc44880 JavaThread "Reference Handler" daemon [_thread_blocked, id=11860, stack(0x00000031c6600000,0x00000031c6700000)]
  0x000001fd3dc45340 JavaThread "Finalizer" daemon [_thread_blocked, id=19240, stack(0x00000031c6700000,0x00000031c6800000)]
  0x000001fd3dc5d630 JavaThread "Signal Dispatcher" daemon [_thread_blocked, id=9808, stack(0x00000031c6800000,0x00000031c6900000)]
  0x000001fd3dc5e0f0 JavaThread "Attach Listener" daemon [_thread_blocked, id=16888, stack(0x00000031c6900000,0x00000031c6a00000)]
  0x000001fd3e8473c0 JavaThread "Service Thread" daemon [_thread_blocked, id=13724, stack(0x00000031c6a00000,0x00000031c6b00000)]
  0x000001fd3e84c1a0 JavaThread "Monitor Deflation Thread" daemon [_thread_blocked, id=17528, stack(0x00000031c6b00000,0x00000031c6c00000)]
=>0x000001fd3e84ce40 JavaThread "C2 CompilerThread0" daemon [_thread_in_native, id=8156, stack(0x00000031c6c00000,0x00000031c6d00000)]
  0x000001fd3e84f540 JavaThread "C1 CompilerThread0" daemon [_thread_in_native, id=18128, stack(0x00000031c6d00000,0x00000031c6e00000)]
  0x000001fd3e85bbd0 JavaThread "Sweeper thread" daemon [_thread_blocked, id=9060, stack(0x00000031c6e00000,0x00000031c6f00000)]
  0x000001fd3e920e60 JavaThread "Common-Cleaner" daemon [_thread_blocked, id=16232, stack(0x00000031c6f00000,0x00000031c7000000)]
  0x000001fd3ef1c280 JavaThread "Monitor Ctrl-Break" daemon [_thread_in_native, id=1376, stack(0x00000031c7200000,0x00000031c7300000)]
  0x000001fd3eb08290 JavaThread "Notification Thread" daemon [_thread_blocked, id=15036, stack(0x00000031c7300000,0x00000031c7400000)]
  0x000001fd4098e7d0 JavaThread "mysql-cj-abandoned-connection-cleanup" daemon [_thread_blocked, id=15224, stack(0x00000031c7e00000,0x00000031c7f00000)]
  0x000001fd438f6870 JavaThread "HikariPool-1 housekeeper" daemon [_thread_blocked, id=13016, stack(0x00000031c8200000,0x00000031c8300000)]
  0x000001fd43bb4900 JavaThread "Catalina-utility-1" [_thread_blocked, id=9840, stack(0x00000031c8400000,0x00000031c8500000)]
  0x000001fd43bb5c40 JavaThread "Catalina-utility-2" [_thread_blocked, id=10260, stack(0x00000031c8500000,0x00000031c8600000)]
  0x000001fd43bb52a0 JavaThread "container-0" [_thread_blocked, id=13560, stack(0x00000031c8600000,0x00000031c8700000)]
  0x000001fd43bb5770 JavaThread "File Watcher" daemon [_thread_blocked, id=15696, stack(0x00000031c8700000,0x00000031c8800000)]
  0x000001fd3f23aef0 JavaThread "Live Reload Server" daemon [_thread_in_native, id=6340, stack(0x00000031c8900000,0x00000031c8a00000)]
  0x000001fd3f23a080 JavaThread "http-nio-10.4.7.20-8080-exec-1" daemon [_thread_blocked, id=8840, stack(0x00000031c8800000,0x00000031c8900000)]
  0x000001fd3f23b3c0 JavaThread "http-nio-10.4.7.20-8080-exec-2" daemon [_thread_blocked, id=8536, stack(0x00000031c8a00000,0x00000031c8b00000)]
  0x000001fd3f237530 JavaThread "http-nio-10.4.7.20-8080-exec-3" daemon [_thread_blocked, id=7656, stack(0x00000031c8b00000,0x00000031c8c00000)]
  0x000001fd3f237ed0 JavaThread "http-nio-10.4.7.20-8080-exec-4" daemon [_thread_blocked, id=14872, stack(0x00000031c8c00000,0x00000031c8d00000)]
  0x000001fd3f23d0a0 JavaThread "http-nio-10.4.7.20-8080-exec-5" daemon [_thread_blocked, id=16772, stack(0x00000031c8d00000,0x00000031c8e00000)]
  0x000001fd3f238870 JavaThread "http-nio-10.4.7.20-8080-exec-6" daemon [_thread_blocked, id=10016, stack(0x00000031c8e00000,0x00000031c8f00000)]
  0x000001fd3f23b890 JavaThread "http-nio-10.4.7.20-8080-exec-7" daemon [_thread_blocked, id=11072, stack(0x00000031c8f00000,0x00000031c9000000)]
  0x000001fd3f239bb0 JavaThread "http-nio-10.4.7.20-8080-exec-8" daemon [_thread_blocked, id=11824, stack(0x00000031c9000000,0x00000031c9100000)]
  0x000001fd3f23d570 JavaThread "http-nio-10.4.7.20-8080-exec-9" daemon [_thread_blocked, id=9136, stack(0x00000031c9100000,0x00000031c9200000)]
  0x000001fd3f23bd60 JavaThread "http-nio-10.4.7.20-8080-exec-10" daemon [_thread_blocked, id=11232, stack(0x00000031c9200000,0x00000031c9300000)]
  0x000001fd3f23c230 JavaThread "http-nio-10.4.7.20-8080-Poller" daemon [_thread_in_native, id=13648, stack(0x00000031c9300000,0x00000031c9400000)]
  0x000001fd3f2383a0 JavaThread "http-nio-10.4.7.20-8080-Acceptor" daemon [_thread_in_native, id=18532, stack(0x00000031c9400000,0x00000031c9500000)]
  0x000001fd3f23c700 JavaThread "DestroyJavaVM" [_thread_blocked, id=6992, stack(0x00000031c5f00000,0x00000031c6000000)]

Other Threads:
  0x000001fd3e813910 VMThread "VM Thread" [stack: 0x00000031c6500000,0x00000031c6600000] [id=3612]
  0x000001fd23d79220 WatcherThread [stack: 0x00000031c7400000,0x00000031c7500000] [id=12232]
  0x000001fd23d5fa80 GCTaskThread "GC Thread#0" [stack: 0x00000031c6000000,0x00000031c6100000] [id=18712]
  0x000001fd40218810 GCTaskThread "GC Thread#1" [stack: 0x00000031c7700000,0x00000031c7800000] [id=19168]
  0x000001fd4040f840 GCTaskThread "GC Thread#2" [stack: 0x00000031c7800000,0x00000031c7900000] [id=5308]
  0x000001fd40471980 GCTaskThread "GC Thread#3" [stack: 0x00000031c7900000,0x00000031c7a00000] [id=980]
  0x000001fd3ffb3660 GCTaskThread "GC Thread#4" [stack: 0x00000031c7a00000,0x00000031c7b00000] [id=19340]
  0x000001fd3ffb3910 GCTaskThread "GC Thread#5" [stack: 0x00000031c7b00000,0x00000031c7c00000] [id=15452]
  0x000001fd3f081600 GCTaskThread "GC Thread#6" [stack: 0x00000031c7c00000,0x00000031c7d00000] [id=19084]
  0x000001fd3fd737d0 GCTaskThread "GC Thread#7" [stack: 0x00000031c7f00000,0x00000031c8000000] [id=18504]
  0x000001fd23d70290 ConcurrentGCThread "G1 Main Marker" [stack: 0x00000031c6100000,0x00000031c6200000] [id=16212]
  0x000001fd23d71bc0 ConcurrentGCThread "G1 Conc#0" [stack: 0x00000031c6200000,0x00000031c6300000] [id=13000]
  0x000001fd401dbd10 ConcurrentGCThread "G1 Conc#1" [stack: 0x00000031c8000000,0x00000031c8100000] [id=9228]
  0x000001fd23dad150 ConcurrentGCThread "G1 Refine#0" [stack: 0x00000031c6300000,0x00000031c6400000] [id=1216]
  0x000001fd3fc67680 ConcurrentGCThread "G1 Refine#1" [stack: 0x00000031c7d00000,0x00000031c7e00000] [id=19284]
  0x000001fd23dada80 ConcurrentGCThread "G1 Service" [stack: 0x00000031c6400000,0x00000031c6500000] [id=12884]

Threads with active compile tasks:
C2 CompilerThread0    80427 5335 % !   4       org.springframework.beans.factory.support.DefaultListableBeanFactory::doGetBeanNamesForType @ 20 (528 bytes)
C1 CompilerThread0    80427 5348       3       java.util.regex.Pattern::sequence (647 bytes)

VM state: not at safepoint (normal execution)

VM Mutex/Monitor currently owned by a thread: None

Heap address: 0x0000000083200000, size: 1998 MB, Compressed Oops mode: 32-bit

CDS archive(s) not mapped
Compressed class space mapped at: 0x0000000100000000-0x0000000140000000, reserved size: 1073741824
Narrow klass base: 0x0000000000000000, Narrow klass shift: 3, Narrow klass range: 0x140000000

GC Precious Log:
 CPUs: 8 total, 8 available
 Memory: 7991M
 Large Page Support: Disabled
 NUMA Support: Disabled
 Compressed Oops: Enabled (32-bit)
 Heap Region Size: 1M
 Heap Min Capacity: 8M
 Heap Initial Capacity: 126M
 Heap Max Capacity: 1998M
 Pre-touch: Disabled
 Parallel Workers: 8
 Concurrent Workers: 2
 Concurrent Refinement Workers: 8
 Periodic GC: Disabled

Heap:
 garbage-first heap   total 68608K, used 45473K [0x0000000083200000, 0x0000000100000000)
  region size 1024K, 22 young (22528K), 4 survivors (4096K)
 Metaspace       used 70017K, committed 70400K, reserved 1114112K
  class space    used 9352K, committed 9536K, reserved 1048576K

Heap Regions: E=young(eden), S=young(survivor), O=old, HS=humongous(starts), HC=humongous(continues), CS=collection set, F=free, OA=open archive, CA=closed archive, TAMS=top-at-mark-start (previous, next)
|   0|0x0000000083200000, 0x0000000083300000, 0x0000000083300000|100%|HS|  |TAMS 0x0000000083300000, 0x0000000083200000| Complete 
|   1|0x0000000083300000, 0x0000000083400000, 0x0000000083400000|100%| O|  |TAMS 0x0000000083400000, 0x0000000083300000| Untracked 
|   2|0x0000000083400000, 0x0000000083500000, 0x0000000083500000|100%| O|  |TAMS 0x0000000083500000, 0x0000000083400000| Untracked 
|   3|0x0000000083500000, 0x0000000083600000, 0x0000000083600000|100%| O|  |TAMS 0x0000000083600000, 0x0000000083500000| Untracked 
|   4|0x0000000083600000, 0x0000000083700000, 0x0000000083700000|100%| O|  |TAMS 0x0000000083700000, 0x0000000083600000| Untracked 
|   5|0x0000000083700000, 0x0000000083800000, 0x0000000083800000|100%| O|  |TAMS 0x0000000083800000, 0x0000000083700000| Untracked 
|   6|0x0000000083800000, 0x0000000083900000, 0x0000000083900000|100%| O|  |TAMS 0x0000000083900000, 0x0000000083800000| Untracked 
|   7|0x0000000083900000, 0x0000000083a00000, 0x0000000083a00000|100%| O|  |TAMS 0x0000000083a00000, 0x0000000083900000| Untracked 
|   8|0x0000000083a00000, 0x0000000083b00000, 0x0000000083b00000|100%| O|  |TAMS 0x0000000083b00000, 0x0000000083a00000| Untracked 
|   9|0x0000000083b00000, 0x0000000083c00000, 0x0000000083c00000|100%| O|  |TAMS 0x0000000083c00000, 0x0000000083b00000| Untracked 
|  10|0x0000000083c00000, 0x0000000083d00000, 0x0000000083d00000|100%| O|  |TAMS 0x0000000083d00000, 0x0000000083c00000| Untracked 
|  11|0x0000000083d00000, 0x0000000083e00000, 0x0000000083e00000|100%| O|  |TAMS 0x0000000083e00000, 0x0000000083d00000| Untracked 
|  12|0x0000000083e00000, 0x0000000083f00000, 0x0000000083f00000|100%| O|  |TAMS 0x0000000083f00000, 0x0000000083e00000| Untracked 
|  13|0x0000000083f00000, 0x0000000084000000, 0x0000000084000000|100%| O|  |TAMS 0x0000000084000000, 0x0000000083f00000| Untracked 
|  14|0x0000000084000000, 0x0000000084100000, 0x0000000084100000|100%| O|  |TAMS 0x0000000084100000, 0x0000000084000000| Complete 
|  15|0x0000000084100000, 0x0000000084200000, 0x0000000084200000|100%| O|  |TAMS 0x0000000084200000, 0x0000000084100000| Untracked 
|  16|0x0000000084200000, 0x0000000084300000, 0x0000000084300000|100%| O|  |TAMS 0x0000000084300000, 0x0000000084200000| Untracked 
|  17|0x0000000084300000, 0x0000000084400000, 0x0000000084400000|100%| O|  |TAMS 0x00000000843b0600, 0x0000000084300000| Untracked 
|  18|0x0000000084400000, 0x0000000084500000, 0x0000000084500000|100%| O|  |TAMS 0x0000000084500000, 0x0000000084400000| Untracked 
|  19|0x0000000084500000, 0x0000000084600000, 0x0000000084600000|100%| O|  |TAMS 0x0000000084600000, 0x0000000084500000| Untracked 
|  20|0x0000000084600000, 0x0000000084700000, 0x0000000084700000|100%| O|  |TAMS 0x0000000084700000, 0x0000000084600000| Untracked 
|  21|0x0000000084700000, 0x0000000084800000, 0x0000000084800000|100%| O|  |TAMS 0x0000000084800000, 0x0000000084700000| Untracked 
|  22|0x0000000084800000, 0x0000000084900000, 0x0000000084900000|100%| O|  |TAMS 0x0000000084800000, 0x0000000084800000| Untracked 
|  23|0x0000000084900000, 0x0000000084997000, 0x0000000084a00000| 58%| O|  |TAMS 0x0000000084900000, 0x0000000084900000| Untracked 
|  24|0x0000000084a00000, 0x0000000084a00000, 0x0000000084b00000|  0%| F|  |TAMS 0x0000000084a00000, 0x0000000084a00000| Untracked 
|  25|0x0000000084b00000, 0x0000000084b00000, 0x0000000084c00000|  0%| F|  |TAMS 0x0000000084b00000, 0x0000000084b00000| Untracked 
|  26|0x0000000084c00000, 0x0000000084c00000, 0x0000000084d00000|  0%| F|  |TAMS 0x0000000084c00000, 0x0000000084c00000| Untracked 
|  27|0x0000000084d00000, 0x0000000084d00000, 0x0000000084e00000|  0%| F|  |TAMS 0x0000000084d00000, 0x0000000084d00000| Untracked 
|  28|0x0000000084e00000, 0x0000000084e00000, 0x0000000084f00000|  0%| F|  |TAMS 0x0000000084e00000, 0x0000000084e00000| Untracked 
|  29|0x0000000084f00000, 0x0000000084f00000, 0x0000000085000000|  0%| F|  |TAMS 0x0000000084f00000, 0x0000000084f00000| Untracked 
|  30|0x0000000085000000, 0x0000000085000000, 0x0000000085100000|  0%| F|  |TAMS 0x0000000085000000, 0x0000000085000000| Untracked 
|  31|0x0000000085100000, 0x0000000085100000, 0x0000000085200000|  0%| F|  |TAMS 0x0000000085100000, 0x0000000085100000| Untracked 
|  32|0x0000000085200000, 0x0000000085200000, 0x0000000085300000|  0%| F|  |TAMS 0x0000000085200000, 0x0000000085200000| Untracked 
|  33|0x0000000085300000, 0x0000000085300000, 0x0000000085400000|  0%| F|  |TAMS 0x0000000085300000, 0x0000000085300000| Untracked 
|  34|0x0000000085400000, 0x0000000085400000, 0x0000000085500000|  0%| F|  |TAMS 0x0000000085400000, 0x0000000085400000| Untracked 
|  35|0x0000000085500000, 0x0000000085500000, 0x0000000085600000|  0%| F|  |TAMS 0x0000000085500000, 0x0000000085500000| Untracked 
|  36|0x0000000085600000, 0x0000000085600000, 0x0000000085700000|  0%| F|  |TAMS 0x0000000085600000, 0x0000000085600000| Untracked 
|  37|0x0000000085700000, 0x0000000085700000, 0x0000000085800000|  0%| F|  |TAMS 0x0000000085700000, 0x0000000085700000| Untracked 
|  38|0x0000000085800000, 0x0000000085800000, 0x0000000085900000|  0%| F|  |TAMS 0x0000000085800000, 0x0000000085800000| Untracked 
|  39|0x0000000085900000, 0x0000000085900000, 0x0000000085a00000|  0%| F|  |TAMS 0x0000000085900000, 0x0000000085900000| Untracked 
|  40|0x0000000085a00000, 0x0000000085ad1550, 0x0000000085b00000| 81%| S|CS|TAMS 0x0000000085a00000, 0x0000000085a00000| Complete 
|  41|0x0000000085b00000, 0x0000000085c00000, 0x0000000085c00000|100%| S|CS|TAMS 0x0000000085b00000, 0x0000000085b00000| Complete 
|  42|0x0000000085c00000, 0x0000000085d00000, 0x0000000085d00000|100%| S|CS|TAMS 0x0000000085c00000, 0x0000000085c00000| Complete 
|  43|0x0000000085d00000, 0x0000000085e00000, 0x0000000085e00000|100%| S|CS|TAMS 0x0000000085d00000, 0x0000000085d00000| Complete 
|  44|0x0000000085e00000, 0x0000000085e00000, 0x0000000085f00000|  0%| F|  |TAMS 0x0000000085e00000, 0x0000000085e00000| Untracked 
|  45|0x0000000085f00000, 0x0000000085f00000, 0x0000000086000000|  0%| F|  |TAMS 0x0000000085f00000, 0x0000000085f00000| Untracked 
|  46|0x0000000086000000, 0x0000000086000000, 0x0000000086100000|  0%| F|  |TAMS 0x0000000086000000, 0x0000000086000000| Untracked 
|  47|0x0000000086100000, 0x0000000086100000, 0x0000000086200000|  0%| F|  |TAMS 0x0000000086100000, 0x0000000086100000| Untracked 
|  48|0x0000000086200000, 0x0000000086200000, 0x0000000086300000|  0%| F|  |TAMS 0x0000000086200000, 0x0000000086200000| Untracked 
|  49|0x0000000086300000, 0x000000008635c678, 0x0000000086400000| 36%| E|  |TAMS 0x0000000086300000, 0x0000000086300000| Complete 
|  50|0x0000000086400000, 0x0000000086500000, 0x0000000086500000|100%| E|CS|TAMS 0x0000000086400000, 0x0000000086400000| Complete 
|  51|0x0000000086500000, 0x0000000086600000, 0x0000000086600000|100%| E|CS|TAMS 0x0000000086500000, 0x0000000086500000| Complete 
|  52|0x0000000086600000, 0x0000000086700000, 0x0000000086700000|100%| E|CS|TAMS 0x0000000086600000, 0x0000000086600000| Complete 
|  53|0x0000000086700000, 0x0000000086800000, 0x0000000086800000|100%| E|CS|TAMS 0x0000000086700000, 0x0000000086700000| Complete 
|  54|0x0000000086800000, 0x0000000086900000, 0x0000000086900000|100%| E|CS|TAMS 0x0000000086800000, 0x0000000086800000| Complete 
|  55|0x0000000086900000, 0x0000000086a00000, 0x0000000086a00000|100%| E|CS|TAMS 0x0000000086900000, 0x0000000086900000| Complete 
|  56|0x0000000086a00000, 0x0000000086b00000, 0x0000000086b00000|100%| E|CS|TAMS 0x0000000086a00000, 0x0000000086a00000| Complete 
|  57|0x0000000086b00000, 0x0000000086c00000, 0x0000000086c00000|100%| E|CS|TAMS 0x0000000086b00000, 0x0000000086b00000| Complete 
|  58|0x0000000086c00000, 0x0000000086d00000, 0x0000000086d00000|100%| E|CS|TAMS 0x0000000086c00000, 0x0000000086c00000| Complete 
|  59|0x0000000086d00000, 0x0000000086e00000, 0x0000000086e00000|100%| E|CS|TAMS 0x0000000086d00000, 0x0000000086d00000| Complete 
|  60|0x0000000086e00000, 0x0000000086f00000, 0x0000000086f00000|100%| E|CS|TAMS 0x0000000086e00000, 0x0000000086e00000| Complete 
|  61|0x0000000086f00000, 0x0000000087000000, 0x0000000087000000|100%| E|CS|TAMS 0x0000000086f00000, 0x0000000086f00000| Complete 
|  62|0x0000000087000000, 0x0000000087100000, 0x0000000087100000|100%| E|CS|TAMS 0x0000000087000000, 0x0000000087000000| Complete 
|  63|0x0000000087100000, 0x0000000087200000, 0x0000000087200000|100%| E|CS|TAMS 0x0000000087100000, 0x0000000087100000| Complete 
|  64|0x0000000087200000, 0x0000000087300000, 0x0000000087300000|100%| E|CS|TAMS 0x0000000087200000, 0x0000000087200000| Complete 
|  65|0x0000000087300000, 0x0000000087400000, 0x0000000087400000|100%| E|CS|TAMS 0x0000000087300000, 0x0000000087300000| Complete 
| 125|0x000000008af00000, 0x000000008b000000, 0x000000008b000000|100%| E|CS|TAMS 0x000000008af00000, 0x000000008af00000| Complete 

Card table byte_map: [0x000001fd36b70000,0x000001fd36f60000] _byte_map_base: 0x000001fd36757000

Marking Bits (Prev, Next): (CMBitMap*) 0x000001fd23d5ffa0, (CMBitMap*) 0x000001fd23d5ffe0
 Prev Bits: [0x000001fd37350000, 0x000001fd39288000)
 Next Bits: [0x000001fd39290000, 0x000001fd3b1c8000)

Polling page: 0x000001fd234b0000

Metaspace:

Usage:
  Non-class:     59.24 MB used.
      Class:      9.13 MB used.
       Both:     68.38 MB used.

Virtual space:
  Non-class space:       64.00 MB reserved,      59.44 MB ( 93%) committed,  8 nodes.
      Class space:        1.00 GB reserved,       9.31 MB ( <1%) committed,  1 nodes.
             Both:        1.06 GB reserved,      68.75 MB (  6%) committed. 

Chunk freelists:
   Non-Class:  432.00 KB
       Class:  2.64 MB
        Both:  3.06 MB

MaxMetaspaceSize: unlimited
CompressedClassSpaceSize: 1.00 GB
Initial GC threshold: 21.00 MB
Current GC threshold: 111.38 MB
CDS: off
MetaspaceReclaimPolicy: balanced
 - commit_granule_bytes: 65536.
 - commit_granule_words: 8192.
 - virtual_space_node_default_size: 1048576.
 - enlarge_chunks_in_place: 1.
 - new_chunks_are_fully_committed: 0.
 - uncommit_free_chunks: 1.
 - use_allocation_guard: 0.
 - handle_deallocations: 1.


Internal statistics:

num_allocs_failed_limit: 9.
num_arena_births: 370.
num_arena_deaths: 0.
num_vsnodes_births: 9.
num_vsnodes_deaths: 0.
num_space_committed: 1100.
num_space_uncommitted: 0.
num_chunks_returned_to_freelist: 9.
num_chunks_taken_from_freelist: 2571.
num_chunk_merges: 9.
num_chunk_splits: 1883.
num_chunks_enlarged: 1536.
num_purges: 0.
num_inconsistent_stats: 0.

CodeHeap 'non-profiled nmethods': size=120000Kb used=3118Kb max_used=3118Kb free=116881Kb
 bounds [0x000001fd2ef10000, 0x000001fd2f280000, 0x000001fd36440000]
CodeHeap 'profiled nmethods': size=120000Kb used=8844Kb max_used=9918Kb free=111155Kb
 bounds [0x000001fd279e0000, 0x000001fd28390000, 0x000001fd2ef10000]
CodeHeap 'non-nmethods': size=5760Kb used=1303Kb max_used=1404Kb free=4456Kb
 bounds [0x000001fd27440000, 0x000001fd276b0000, 0x000001fd279e0000]
 total_blobs=5173 nmethods=4558 adapters=527
 compilation: enabled
              stopped_count=0, restarted_count=0
 full_count=0

Compilation events (20 events):
Event: 80.366 Thread 0x000001fd3e84f540 nmethod 5339 0x000001fd27c6ad90 code [0x000001fd27c6af20, 0x000001fd27c6b038]
Event: 80.368 Thread 0x000001fd3e84f540 5340       3       jdk.internal.jimage.ImageLocation::verify (218 bytes)
Event: 80.369 Thread 0x000001fd3e84f540 nmethod 5340 0x000001fd27e20090 code [0x000001fd27e20340, 0x000001fd27e21098]
Event: 80.379 Thread 0x000001fd3e84f540 5341       3       java.lang.String::indexOf (64 bytes)
Event: 80.380 Thread 0x000001fd3e84f540 nmethod 5341 0x000001fd27c6a510 code [0x000001fd27c6a720, 0x000001fd27c6abe8]
Event: 80.383 Thread 0x000001fd3e84ce40 nmethod 5331% 0x000001fd2f072f10 code [0x000001fd2f073140, 0x000001fd2f0744f0]
Event: 80.383 Thread 0x000001fd3e84ce40 5335 % !   4       org.springframework.beans.factory.support.DefaultListableBeanFactory::doGetBeanNamesForType @ 20 (528 bytes)
Event: 80.385 Thread 0x000001fd3e84f540 5342       3       org.springframework.core.convert.TypeDescriptor::getObjectType (8 bytes)
Event: 80.385 Thread 0x000001fd3e84f540 nmethod 5342 0x000001fd27e1fc10 code [0x000001fd27e1fdc0, 0x000001fd27e1ff88]
Event: 80.388 Thread 0x000001fd3e84f540 5343       1       org.apache.tomcat.util.http.MimeHeaderField::getName (5 bytes)
Event: 80.388 Thread 0x000001fd3e84f540 nmethod 5343 0x000001fd2ef40c90 code [0x000001fd2ef40e20, 0x000001fd2ef40ef8]
Event: 80.388 Thread 0x000001fd3e84f540 5344       3       java.nio.charset.CoderResult::isOverflow (14 bytes)
Event: 80.388 Thread 0x000001fd3e84f540 nmethod 5344 0x000001fd27c6a190 code [0x000001fd27c6a320, 0x000001fd27c6a498]
Event: 80.390 Thread 0x000001fd3e84f540 5345   !   3       java.util.regex.Pattern::RemoveQEQuoting (370 bytes)
Event: 80.392 Thread 0x000001fd3e84f540 nmethod 5345 0x000001fd27f98d10 code [0x000001fd27f98fe0, 0x000001fd27f9a1a8]
Event: 80.392 Thread 0x000001fd3e84f540 5346       3       java.util.regex.Pattern$BmpCharProperty::<init> (6 bytes)
Event: 80.392 Thread 0x000001fd3e84f540 nmethod 5346 0x000001fd27f98490 code [0x000001fd27f98640, 0x000001fd27f98938]
Event: 80.392 Thread 0x000001fd3e84f540 5347       3       java.util.regex.Pattern$CharProperty::<init> (10 bytes)
Event: 80.392 Thread 0x000001fd3e84f540 nmethod 5347 0x000001fd27e1f710 code [0x000001fd27e1f8c0, 0x000001fd27e1fb58]
Event: 80.392 Thread 0x000001fd3e84f540 5348       3       java.util.regex.Pattern::sequence (647 bytes)

GC Heap History (20 events):
Event: 1.984 GC heap before
{Heap before GC invocations=10 (full 0):
 garbage-first heap   total 37888K, used 18170K [0x0000000083200000, 0x0000000100000000)
  region size 1024K, 7 young (7168K), 3 survivors (3072K)
 Metaspace       used 35778K, committed 35968K, reserved 1081344K
  class space    used 4369K, committed 4480K, reserved 1048576K
}
Event: 1.986 GC heap after
{Heap after GC invocations=11 (full 0):
 garbage-first heap   total 37888K, used 15522K [0x0000000083200000, 0x0000000100000000)
  region size 1024K, 1 young (1024K), 1 survivors (1024K)
 Metaspace       used 35778K, committed 35968K, reserved 1081344K
  class space    used 4369K, committed 4480K, reserved 1048576K
}
Event: 2.278 GC heap before
{Heap before GC invocations=12 (full 0):
 garbage-first heap   total 37888K, used 28834K [0x0000000083200000, 0x0000000100000000)
  region size 1024K, 14 young (14336K), 1 survivors (1024K)
 Metaspace       used 38419K, committed 38656K, reserved 1089536K
  class space    used 4784K, committed 4864K, reserved 1048576K
}
Event: 2.280 GC heap after
{Heap after GC invocations=13 (full 0):
 garbage-first heap   total 37888K, used 16730K [0x0000000083200000, 0x0000000100000000)
  region size 1024K, 2 young (2048K), 2 survivors (2048K)
 Metaspace       used 38419K, committed 38656K, reserved 1089536K
  class space    used 4784K, committed 4864K, reserved 1048576K
}
Event: 2.301 GC heap before
{Heap before GC invocations=13 (full 0):
 garbage-first heap   total 37888K, used 16730K [0x0000000083200000, 0x0000000100000000)
  region size 1024K, 3 young (3072K), 2 survivors (2048K)
 Metaspace       used 38720K, committed 39040K, reserved 1089536K
  class space    used 4817K, committed 4992K, reserved 1048576K
}
Event: 2.304 GC heap after
{Heap after GC invocations=14 (full 0):
 garbage-first heap   total 37888K, used 16753K [0x0000000083200000, 0x0000000100000000)
  region size 1024K, 1 young (1024K), 1 survivors (1024K)
 Metaspace       used 38720K, committed 39040K, reserved 1089536K
  class space    used 4817K, committed 4992K, reserved 1048576K
}
Event: 2.458 GC heap before
{Heap before GC invocations=14 (full 0):
 garbage-first heap   total 37888K, used 28017K [0x0000000083200000, 0x0000000100000000)
  region size 1024K, 12 young (12288K), 1 survivors (1024K)
 Metaspace       used 40541K, committed 40896K, reserved 1089536K
  class space    used 5008K, committed 5184K, reserved 1048576K
}
Event: 2.460 GC heap after
{Heap after GC invocations=15 (full 0):
 garbage-first heap   total 73728K, used 17545K [0x0000000083200000, 0x0000000100000000)
  region size 1024K, 2 young (2048K), 2 survivors (2048K)
 Metaspace       used 40541K, committed 40896K, reserved 1089536K
  class space    used 5008K, committed 5184K, reserved 1048576K
}
Event: 3.220 GC heap before
{Heap before GC invocations=16 (full 0):
 garbage-first heap   total 68608K, used 54409K [0x0000000083200000, 0x0000000100000000)
  region size 1024K, 38 young (38912K), 2 survivors (2048K)
 Metaspace       used 48222K, committed 48576K, reserved 1097728K
  class space    used 6052K, committed 6208K, reserved 1048576K
}
Event: 3.223 GC heap after
{Heap after GC invocations=17 (full 0):
 garbage-first heap   total 68608K, used 20650K [0x0000000083200000, 0x0000000100000000)
  region size 1024K, 5 young (5120K), 5 survivors (5120K)
 Metaspace       used 48222K, committed 48576K, reserved 1097728K
  class space    used 6052K, committed 6208K, reserved 1048576K
}
Event: 3.245 GC heap before
{Heap before GC invocations=17 (full 0):
 garbage-first heap   total 68608K, used 21674K [0x0000000083200000, 0x0000000100000000)
  region size 1024K, 6 young (6144K), 5 survivors (5120K)
 Metaspace       used 48467K, committed 48832K, reserved 1097728K
  class space    used 6088K, committed 6272K, reserved 1048576K
}
Event: 3.247 GC heap after
{Heap after GC invocations=18 (full 0):
 garbage-first heap   total 68608K, used 21192K [0x0000000083200000, 0x0000000100000000)
  region size 1024K, 1 young (1024K), 1 survivors (1024K)
 Metaspace       used 48467K, committed 48832K, reserved 1097728K
  class space    used 6088K, committed 6272K, reserved 1048576K
}
Event: 3.748 GC heap before
{Heap before GC invocations=18 (full 0):
 garbage-first heap   total 68608K, used 50888K [0x0000000083200000, 0x0000000100000000)
  region size 1024K, 30 young (30720K), 1 survivors (1024K)
 Metaspace       used 57000K, committed 57280K, reserved 1105920K
  class space    used 7456K, committed 7616K, reserved 1048576K
}
Event: 3.751 GC heap after
{Heap after GC invocations=19 (full 0):
 garbage-first heap   total 68608K, used 22331K [0x0000000083200000, 0x0000000100000000)
  region size 1024K, 2 young (2048K), 2 survivors (2048K)
 Metaspace       used 57000K, committed 57280K, reserved 1105920K
  class space    used 7456K, committed 7616K, reserved 1048576K
}
Event: 4.281 GC heap before
{Heap before GC invocations=19 (full 0):
 garbage-first heap   total 68608K, used 52027K [0x0000000083200000, 0x0000000100000000)
  region size 1024K, 31 young (31744K), 2 survivors (2048K)
 Metaspace       used 62197K, committed 62528K, reserved 1105920K
  class space    used 8234K, committed 8384K, reserved 1048576K
}
Event: 4.286 GC heap after
{Heap after GC invocations=20 (full 0):
 garbage-first heap   total 68608K, used 24147K [0x0000000083200000, 0x0000000100000000)
  region size 1024K, 4 young (4096K), 4 survivors (4096K)
 Metaspace       used 62197K, committed 62528K, reserved 1105920K
  class space    used 8234K, committed 8384K, reserved 1048576K
}
Event: 4.763 GC heap before
{Heap before GC invocations=20 (full 0):
 garbage-first heap   total 68608K, used 52819K [0x0000000083200000, 0x0000000100000000)
  region size 1024K, 32 young (32768K), 4 survivors (4096K)
 Metaspace       used 65582K, committed 65920K, reserved 1114112K
  class space    used 8729K, committed 8896K, reserved 1048576K
}
Event: 4.767 GC heap after
{Heap after GC invocations=21 (full 0):
 garbage-first heap   total 68608K, used 25908K [0x0000000083200000, 0x0000000100000000)
  region size 1024K, 4 young (4096K), 4 survivors (4096K)
 Metaspace       used 65582K, committed 65920K, reserved 1114112K
  class space    used 8729K, committed 8896K, reserved 1048576K
}
Event: 5.252 GC heap before
{Heap before GC invocations=21 (full 0):
 garbage-first heap   total 68608K, used 48436K [0x0000000083200000, 0x0000000100000000)
  region size 1024K, 27 young (27648K), 4 survivors (4096K)
 Metaspace       used 67988K, committed 68288K, reserved 1114112K
  class space    used 9075K, committed 9216K, reserved 1048576K
}
Event: 5.258 GC heap after
{Heap after GC invocations=22 (full 0):
 garbage-first heap   total 68608K, used 28065K [0x0000000083200000, 0x0000000100000000)
  region size 1024K, 4 young (4096K), 4 survivors (4096K)
 Metaspace       used 67988K, committed 68288K, reserved 1114112K
  class space    used 9075K, committed 9216K, reserved 1048576K
}

Deoptimization events (20 events):
Event: 5.289 Thread 0x000001fd3f12ceb0 Uncommon trap: trap_request=0xffffffde fr.pc=0x000001fd2ef926b4 relative=0x0000000000000114
Event: 5.289 Thread 0x000001fd3f12ceb0 Uncommon trap: reason=class_check action=maybe_recompile pc=0x000001fd2ef926b4 method=org.springframework.boot.context.properties.source.ConfigurationPropertyName$Elements.charAt(II)C @ 43 c2
Event: 5.289 Thread 0x000001fd3f12ceb0 DEOPT PACKING pc=0x000001fd2ef926b4 sp=0x00000031c76f9eb0
Event: 5.289 Thread 0x000001fd3f12ceb0 DEOPT UNPACKING pc=0x000001fd27495c23 sp=0x00000031c76f9e28 mode 2
Event: 5.309 Thread 0x000001fd3f12ceb0 Uncommon trap: trap_request=0xfffffff4 fr.pc=0x000001fd2f0448a4 relative=0x0000000000000264
Event: 5.309 Thread 0x000001fd3f12ceb0 Uncommon trap: reason=null_check action=make_not_entrant pc=0x000001fd2f0448a4 method=org.springframework.util.ClassUtils.isAssignable(Ljava/lang/Class;Ljava/lang/Class;)Z @ 14 c2
Event: 5.309 Thread 0x000001fd3f12ceb0 DEOPT PACKING pc=0x000001fd2f0448a4 sp=0x00000031c76fd970
Event: 5.309 Thread 0x000001fd3f12ceb0 DEOPT UNPACKING pc=0x000001fd27495c23 sp=0x00000031c76fd900 mode 2
Event: 7.681 Thread 0x000001fd4098e7d0 Uncommon trap: trap_request=0xffffff45 fr.pc=0x000001fd2f14a528 relative=0x0000000000001f48
Event: 7.681 Thread 0x000001fd4098e7d0 Uncommon trap: reason=unstable_if action=reinterpret pc=0x000001fd2f14a528 method=java.net.URL.<init>(Ljava/net/URL;Ljava/lang/String;Ljava/net/URLStreamHandler;)V @ 57 c2
Event: 7.681 Thread 0x000001fd4098e7d0 DEOPT PACKING pc=0x000001fd2f14a528 sp=0x00000031c7eff1b0
Event: 7.681 Thread 0x000001fd4098e7d0 DEOPT UNPACKING pc=0x000001fd27495c23 sp=0x00000031c7eff170 mode 2
Event: 80.348 Thread 0x000001fd3f23a080 Uncommon trap: trap_request=0xffffff45 fr.pc=0x000001fd2f103dbc relative=0x0000000000001c9c
Event: 80.348 Thread 0x000001fd3f23a080 Uncommon trap: reason=unstable_if action=reinterpret pc=0x000001fd2f103dbc method=jdk.internal.jimage.ImageLocation.verifyName(Ljava/lang/String;Ljava/lang/String;IIIIIILjdk/internal/jimage/ImageStrings;)Z @ 2 c2
Event: 80.348 Thread 0x000001fd3f23a080 DEOPT PACKING pc=0x000001fd2f103dbc sp=0x00000031c88fd110
Event: 80.348 Thread 0x000001fd3f23a080 DEOPT UNPACKING pc=0x000001fd27495c23 sp=0x00000031c88fd008 mode 2
Event: 80.366 Thread 0x000001fd3f23a080 Uncommon trap: trap_request=0xffffff45 fr.pc=0x000001fd2efb3cd0 relative=0x00000000000001d0
Event: 80.366 Thread 0x000001fd3f23a080 Uncommon trap: reason=unstable_if action=reinterpret pc=0x000001fd2efb3cd0 method=java.lang.String.indexOf(Ljava/lang/String;)I @ 10 c2
Event: 80.366 Thread 0x000001fd3f23a080 DEOPT PACKING pc=0x000001fd2efb3cd0 sp=0x00000031c88fda60
Event: 80.366 Thread 0x000001fd3f23a080 DEOPT UNPACKING pc=0x000001fd27495c23 sp=0x00000031c88fd9f0 mode 2

Classes unloaded (0 events):
No events

Classes redefined (0 events):
No events

Internal exceptions (20 events):
Event: 4.672 Thread 0x000001fd3f12ceb0 Exception <a 'java/lang/ClassNotFoundException'{0x0000000085d2ae18}: java/lang/ObjectCustomizer> (0x0000000085d2ae18) 
thrown [s\src\hotspot\share\classfile\systemDictionary.cpp, line 256]
Event: 4.673 Thread 0x000001fd3f12ceb0 Exception <a 'java/lang/ClassNotFoundException'{0x0000000085d331c0}: org/springframework/security/config/annotation/web/configuration/WebSecurityConfigurationCustomizer> (0x0000000085d331c0) 
thrown [s\src\hotspot\share\classfile\systemDictionary.cpp, line 256]
Event: 4.674 Thread 0x000001fd3f12ceb0 Exception <a 'java/lang/ClassNotFoundException'{0x0000000085d40530}: org/springframework/context/annotation/ImportAwareCustomizer> (0x0000000085d40530) 
thrown [s\src\hotspot\share\classfile\systemDictionary.cpp, line 256]
Event: 4.674 Thread 0x000001fd3f12ceb0 Exception <a 'java/lang/ClassNotFoundException'{0x0000000085d45788}: org/springframework/beans/factory/AwareCustomizer> (0x0000000085d45788) 
thrown [s\src\hotspot\share\classfile\systemDictionary.cpp, line 256]
Event: 4.674 Thread 0x000001fd3f12ceb0 Exception <a 'java/lang/ClassNotFoundException'{0x0000000085d49e38}: org/springframework/beans/factory/BeanClassLoaderAwareCustomizer> (0x0000000085d49e38) 
thrown [s\src\hotspot\share\classfile\systemDictionary.cpp, line 256]
Event: 4.674 Thread 0x000001fd3f12ceb0 Exception <a 'java/lang/ClassNotFoundException'{0x0000000085d4f070}: org/springframework/beans/factory/AwareCustomizer> (0x0000000085d4f070) 
thrown [s\src\hotspot\share\classfile\systemDictionary.cpp, line 256]
Event: 4.799 Thread 0x000001fd3f12ceb0 Exception <a 'java/lang/NoSuchMethodError'{0x0000000087358750}: 'java.lang.Object java.lang.invoke.Invokers$Holder.invoker(java.lang.Object, java.lang.Object, java.lang.Object, java.lang.Object)'> (0x0000000087358750) 
thrown [s\src\hotspot\share\interpreter\linkResolver.cpp, line 771]
Event: 4.800 Thread 0x000001fd3f12ceb0 Exception <a 'java/lang/NoSuchMethodError'{0x0000000087362958}: 'int java.lang.invoke.DirectMethodHandle$Holder.invokeSpecial(java.lang.Object, java.lang.Object, java.lang.Object, int)'> (0x0000000087362958) 
thrown [s\src\hotspot\share\interpreter\linkResolver.cpp, line 771]
Event: 4.803 Thread 0x000001fd3f12ceb0 Exception <a 'java/lang/NoSuchMethodError'{0x000000008737bfa8}: 'void java.lang.invoke.DelegatingMethodHandle$Holder.reinvoke_L(java.lang.Object, java.lang.Object, int)'> (0x000000008737bfa8) 
thrown [s\src\hotspot\share\interpreter\linkResolver.cpp, line 771]
Event: 4.804 Thread 0x000001fd3f12ceb0 Exception <a 'java/lang/NoSuchMethodError'{0x000000008738a040}: 'java.lang.Object java.lang.invoke.Invokers$Holder.invokeExact_MT(java.lang.Object, java.lang.Object, java.lang.Object, java.lang.Object)'> (0x000000008738a040) 
thrown [s\src\hotspot\share\interpreter\linkResolver.cpp, line 771]
Event: 4.831 Thread 0x000001fd3f12ceb0 Exception <a 'java/lang/NoSuchMethodError'{0x000000008727ad50}: 'java.lang.Object java.lang.invoke.DirectMethodHandle$Holder.invokeInterface(java.lang.Object, java.lang.Object, java.lang.Object, java.lang.Object)'> (0x000000008727ad50) 
thrown [s\src\hotspot\share\interpreter\linkResolver.cpp, line 771]
Event: 4.978 Thread 0x000001fd3f12ceb0 Exception <a 'java/lang/NoSuchMethodError'{0x0000000086aa2c60}: 'void java.lang.invoke.DirectMethodHandle$Holder.invokeVirtual(java.lang.Object, java.lang.Object, int)'> (0x0000000086aa2c60) 
thrown [s\src\hotspot\share\interpreter\linkResolver.cpp, line 771]
Event: 4.981 Thread 0x000001fd3f12ceb0 Exception <a 'java/lang/NoSuchMethodError'{0x0000000086abd610}: 'void java.lang.invoke.DirectMethodHandle$Holder.invokeVirtual(java.lang.Object, java.lang.Object, long)'> (0x0000000086abd610) 
thrown [s\src\hotspot\share\interpreter\linkResolver.cpp, line 771]
Event: 5.147 Thread 0x000001fd3f12ceb0 Exception <a 'java/lang/IncompatibleClassChangeError'{0x000000008622ae18}: Found class java.lang.Object, but interface was expected> (0x000000008622ae18) 
thrown [s\src\hotspot\share\interpreter\linkResolver.cpp, line 838]
Event: 5.199 Thread 0x000001fd3f12ceb0 Exception <a 'java/lang/NoSuchMethodError'{0x0000000086060b08}: 'int java.lang.invoke.DirectMethodHandle$Holder.invokeStaticInit(java.lang.Object, java.lang.Object, java.lang.Object, java.lang.Object)'> (0x0000000086060b08) 
thrown [s\src\hotspot\share\interpreter\linkResolver.cpp, line 771]
Event: 5.309 Thread 0x000001fd3f12ceb0 Implicit null exception at 0x000001fd2f04465a to 0x000001fd2f044890
Event: 5.399 Thread 0x000001fd3f12ceb0 Exception <a 'java/lang/NoSuchMethodError'{0x0000000086eddb90}: 'java.lang.Object java.lang.invoke.DirectMethodHandle$Holder.invokeSpecial(java.lang.Object, java.lang.Object, int, java.lang.Object, int, java.lang.Object)'> (0x0000000086eddb90) 
thrown [s\src\hotspot\share\interpreter\linkResolver.cpp, line 771]
Event: 5.399 Thread 0x000001fd3f12ceb0 Exception <a 'java/lang/NoSuchMethodError'{0x0000000086ee5c38}: 'java.lang.Object java.lang.invoke.DirectMethodHandle$Holder.newInvokeSpecial(java.lang.Object, java.lang.Object, int, java.lang.Object, int)'> (0x0000000086ee5c38) 
thrown [s\src\hotspot\share\interpreter\linkResolver.cpp, line 771]
Event: 5.400 Thread 0x000001fd3f12ceb0 Exception <a 'java/lang/NoSuchMethodError'{0x0000000086ee9d38}: 'java.lang.Object java.lang.invoke.DirectMethodHandle$Holder.invokeSpecial(java.lang.Object, java.lang.Object, java.lang.Object, int, java.lang.Object, int)'> (0x0000000086ee9d38) 
thrown [s\src\hotspot\share\interpreter\linkResolver.cpp, line 771]
Event: 5.401 Thread 0x000001fd3f12ceb0 Exception <a 'java/lang/NoSuchMethodError'{0x0000000086ef3bd8}: 'void java.lang.invoke.DirectMethodHandle$Holder.invokeVirtual(java.lang.Object, java.lang.Object)'> (0x0000000086ef3bd8) 
thrown [s\src\hotspot\share\interpreter\linkResolver.cpp, line 771]

VM Operations (20 events):
Event: 5.447 Executing VM operation: HandshakeAllThreads
Event: 5.447 Executing VM operation: HandshakeAllThreads done
Event: 6.461 Executing VM operation: Cleanup
Event: 6.461 Executing VM operation: Cleanup done
Event: 11.504 Executing VM operation: Cleanup
Event: 11.504 Executing VM operation: Cleanup done
Event: 23.604 Executing VM operation: Cleanup
Event: 23.604 Executing VM operation: Cleanup done
Event: 25.621 Executing VM operation: Cleanup
Event: 25.621 Executing VM operation: Cleanup done
Event: 45.806 Executing VM operation: Cleanup
Event: 45.806 Executing VM operation: Cleanup done
Event: 71.042 Executing VM operation: Cleanup
Event: 71.042 Executing VM operation: Cleanup done
Event: 79.115 Executing VM operation: Cleanup
Event: 79.115 Executing VM operation: Cleanup done
Event: 80.334 Executing VM operation: HandshakeAllThreads
Event: 80.334 Executing VM operation: HandshakeAllThreads done
Event: 80.334 Executing VM operation: Cleanup
Event: 80.334 Executing VM operation: Cleanup done

Events (20 events):
Event: 80.286 loading class sun/nio/ch/SocketAdaptor
Event: 80.287 loading class sun/nio/ch/SocketAdaptor done
Event: 80.288 loading class sun/nio/ch/SocketChannelImpl$DefaultOptionsHolder
Event: 80.288 loading class sun/nio/ch/SocketChannelImpl$DefaultOptionsHolder done
Event: 80.289 loading class sun/nio/ch/SelectionKeyImpl
Event: 80.289 loading class java/nio/channels/spi/AbstractSelectionKey
Event: 80.289 loading class java/nio/channels/SelectionKey
Event: 80.289 loading class java/nio/channels/SelectionKey done
Event: 80.289 loading class java/nio/channels/spi/AbstractSelectionKey done
Event: 80.289 loading class sun/nio/ch/SelectionKeyImpl done
Event: 80.289 loading class java/lang/invoke/ConstantBootstraps
Event: 80.290 loading class java/lang/invoke/ConstantBootstraps done
Event: 80.323 loading class sun/nio/cs/ThreadLocalCoders
Event: 80.323 loading class sun/nio/cs/ThreadLocalCoders done
Event: 80.323 loading class sun/nio/cs/ThreadLocalCoders$1
Event: 80.323 loading class sun/nio/cs/ThreadLocalCoders$Cache
Event: 80.323 loading class sun/nio/cs/ThreadLocalCoders$Cache done
Event: 80.323 loading class sun/nio/cs/ThreadLocalCoders$1 done
Event: 80.323 loading class sun/nio/cs/ThreadLocalCoders$2
Event: 80.323 loading class sun/nio/cs/ThreadLocalCoders$2 done


Dynamic libraries:
0x00007ff740f10000 - 0x00007ff740f1a000 	C:\Program Files\JetBrains\IntelliJ IDEA Educational Edition 2022.2.2\jbr\bin\java.exe
0x00007ffeaf150000 - 0x00007ffeaf367000 	C:\WINDOWS\SYSTEM32\ntdll.dll
0x00007ffead350000 - 0x00007ffead414000 	C:\WINDOWS\System32\KERNEL32.DLL
0x00007ffeac620000 - 0x00007ffeac9c6000 	C:\WINDOWS\System32\KERNELBASE.dll
0x00007ffeacbe0000 - 0x00007ffeaccf1000 	C:\WINDOWS\System32\ucrtbase.dll
0x00007ffea7000000 - 0x00007ffea7017000 	C:\Program Files\JetBrains\IntelliJ IDEA Educational Edition 2022.2.2\jbr\bin\jli.dll
0x00007ffea2d40000 - 0x00007ffea2d5b000 	C:\Program Files\JetBrains\IntelliJ IDEA Educational Edition 2022.2.2\jbr\bin\VCRUNTIME140.dll
0x00007ffeaef60000 - 0x00007ffeaf10e000 	C:\WINDOWS\System32\USER32.dll
0x00007ffeac9d0000 - 0x00007ffeac9f6000 	C:\WINDOWS\System32\win32u.dll
0x00007ffea20d0000 - 0x00007ffea2363000 	C:\WINDOWS\WinSxS\amd64_microsoft.windows.common-controls_6595b64144ccf1df_6.0.22621.2506_none_270c5ae97388e100\COMCTL32.dll
0x00007ffeaef30000 - 0x00007ffeaef59000 	C:\WINDOWS\System32\GDI32.dll
0x00007ffeaee80000 - 0x00007ffeaef27000 	C:\WINDOWS\System32\msvcrt.dll
0x00007ffeacd80000 - 0x00007ffeace98000 	C:\WINDOWS\System32\gdi32full.dll
0x00007ffeac490000 - 0x00007ffeac52a000 	C:\WINDOWS\System32\msvcp_win.dll
0x00007ffeaed40000 - 0x00007ffeaed71000 	C:\WINDOWS\System32\IMM32.DLL
0x00007ffea31b0000 - 0x00007ffea31bc000 	C:\Program Files\JetBrains\IntelliJ IDEA Educational Edition 2022.2.2\jbr\bin\vcruntime140_1.dll
0x00007ffe85db0000 - 0x00007ffe85e3d000 	C:\Program Files\JetBrains\IntelliJ IDEA Educational Edition 2022.2.2\jbr\bin\msvcp140.dll
0x00007ffe61280000 - 0x00007ffe61ee9000 	C:\Program Files\JetBrains\IntelliJ IDEA Educational Edition 2022.2.2\jbr\bin\server\jvm.dll
0x00007ffeaec80000 - 0x00007ffeaed33000 	C:\WINDOWS\System32\ADVAPI32.dll
0x00007ffead790000 - 0x00007ffead838000 	C:\WINDOWS\System32\sechost.dll
0x00007ffeac530000 - 0x00007ffeac558000 	C:\WINDOWS\System32\bcrypt.dll
0x00007ffeada40000 - 0x00007ffeadb57000 	C:\WINDOWS\System32\RPCRT4.dll
0x00007ffeada30000 - 0x00007ffeada38000 	C:\WINDOWS\System32\PSAPI.DLL
0x00007ffea2e60000 - 0x00007ffea2e6a000 	C:\WINDOWS\SYSTEM32\VERSION.dll
0x00007ffea7870000 - 0x00007ffea78a4000 	C:\WINDOWS\SYSTEM32\WINMM.dll
0x00007ffe954f0000 - 0x00007ffe954f9000 	C:\WINDOWS\SYSTEM32\WSOCK32.dll
0x00007ffeaed80000 - 0x00007ffeaedf1000 	C:\WINDOWS\System32\WS2_32.dll
0x00007ffeab4d0000 - 0x00007ffeab4e8000 	C:\WINDOWS\SYSTEM32\kernel.appcore.dll
0x00007ffea6ca0000 - 0x00007ffea6caa000 	C:\Program Files\JetBrains\IntelliJ IDEA Educational Edition 2022.2.2\jbr\bin\jimage.dll
0x00007ffea9bc0000 - 0x00007ffea9df3000 	C:\WINDOWS\SYSTEM32\DBGHELP.DLL
0x00007ffeae6c0000 - 0x00007ffeaea49000 	C:\WINDOWS\System32\combase.dll
0x00007ffead6b0000 - 0x00007ffead787000 	C:\WINDOWS\System32\OLEAUT32.dll
0x00007ffea3b90000 - 0x00007ffea3bc2000 	C:\WINDOWS\SYSTEM32\dbgcore.DLL
0x00007ffeacd00000 - 0x00007ffeacd7a000 	C:\WINDOWS\System32\bcryptPrimitives.dll
0x00007ffea79a0000 - 0x00007ffea79ae000 	C:\Program Files\JetBrains\IntelliJ IDEA Educational Edition 2022.2.2\jbr\bin\instrument.dll
0x00007ffea69c0000 - 0x00007ffea69e5000 	C:\Program Files\JetBrains\IntelliJ IDEA Educational Edition 2022.2.2\jbr\bin\java.dll
0x00007ffea6c80000 - 0x00007ffea6c98000 	C:\Program Files\JetBrains\IntelliJ IDEA Educational Edition 2022.2.2\jbr\bin\zip.dll
0x00007ffeade60000 - 0x00007ffeae6bb000 	C:\WINDOWS\System32\SHELL32.dll
0x00007ffeaa3f0000 - 0x00007ffeaace6000 	C:\WINDOWS\SYSTEM32\windows.storage.dll
0x00007ffeaa2b0000 - 0x00007ffeaa3ee000 	C:\WINDOWS\SYSTEM32\wintypes.dll
0x00007ffead520000 - 0x00007ffead613000 	C:\WINDOWS\System32\SHCORE.dll
0x00007ffeadc20000 - 0x00007ffeadc7e000 	C:\WINDOWS\System32\shlwapi.dll
0x00007ffeac3c0000 - 0x00007ffeac3e6000 	C:\WINDOWS\SYSTEM32\profapi.dll
0x00007ffea6ad0000 - 0x00007ffea6ae9000 	C:\Program Files\JetBrains\IntelliJ IDEA Educational Edition 2022.2.2\jbr\bin\net.dll
0x00007ffea7300000 - 0x00007ffea7437000 	C:\WINDOWS\SYSTEM32\WINHTTP.dll
0x00007ffeab950000 - 0x00007ffeab9b9000 	C:\WINDOWS\system32\mswsock.dll
0x00007ffea6860000 - 0x00007ffea6876000 	C:\Program Files\JetBrains\IntelliJ IDEA Educational Edition 2022.2.2\jbr\bin\nio.dll
0x00007ffea61f0000 - 0x00007ffea620a000 	C:\Program Files\JetBrains\IntelliJ IDEA Educational Edition 2022.2.2\bin\breakgen64.dll
0x00007ffea6b60000 - 0x00007ffea6b70000 	C:\Program Files\JetBrains\IntelliJ IDEA Educational Edition 2022.2.2\jbr\bin\verify.dll
0x00007ffea4790000 - 0x00007ffea4799000 	C:\Program Files\JetBrains\IntelliJ IDEA Educational Edition 2022.2.2\jbr\bin\management.dll
0x00007ffea46d0000 - 0x00007ffea46db000 	C:\Program Files\JetBrains\IntelliJ IDEA Educational Edition 2022.2.2\jbr\bin\management_ext.dll
0x00007ffe93a30000 - 0x00007ffe93a47000 	C:\WINDOWS\system32\napinsp.dll
0x00007ffe93100000 - 0x00007ffe9311b000 	C:\WINDOWS\system32\pnrpnsp.dll
0x00007ffeaafc0000 - 0x00007ffeab0b9000 	C:\WINDOWS\SYSTEM32\DNSAPI.dll
0x00007ffeaaf90000 - 0x00007ffeaafbd000 	C:\WINDOWS\SYSTEM32\IPHLPAPI.DLL
0x00007ffeadb60000 - 0x00007ffeadb69000 	C:\WINDOWS\System32\NSI.dll
0x00007ffe930a0000 - 0x00007ffe930b1000 	C:\WINDOWS\System32\winrnr.dll
0x00007ffe93080000 - 0x00007ffe93095000 	C:\WINDOWS\system32\wshbth.dll
0x00007ffe93020000 - 0x00007ffe93041000 	C:\WINDOWS\system32\nlansp_c.dll
0x00007ffea60c0000 - 0x00007ffea60ca000 	C:\Windows\System32\rasadhlp.dll
0x00007ffea60d0000 - 0x00007ffea6153000 	C:\WINDOWS\System32\fwpuclnt.dll
0x00007ffeabc10000 - 0x00007ffeabc2b000 	C:\WINDOWS\SYSTEM32\CRYPTSP.dll
0x00007ffeab430000 - 0x00007ffeab465000 	C:\WINDOWS\system32\rsaenh.dll
0x00007ffeabab0000 - 0x00007ffeabadc000 	C:\WINDOWS\SYSTEM32\USERENV.dll
0x00007ffeabc30000 - 0x00007ffeabc3c000 	C:\WINDOWS\SYSTEM32\CRYPTBASE.dll
0x00007ffea72d0000 - 0x00007ffea72e9000 	C:\WINDOWS\SYSTEM32\dhcpcsvc6.DLL
0x00007ffea71f0000 - 0x00007ffea720f000 	C:\WINDOWS\SYSTEM32\dhcpcsvc.DLL
0x00007ffea46c0000 - 0x00007ffea46cd000 	C:\Program Files\JetBrains\IntelliJ IDEA Educational Edition 2022.2.2\jbr\bin\sunmscapi.dll
0x00007ffeaca00000 - 0x00007ffeacb66000 	C:\WINDOWS\System32\CRYPT32.dll
0x00007ffeabe50000 - 0x00007ffeabe7e000 	C:\WINDOWS\SYSTEM32\ncrypt.dll
0x00007ffeabe10000 - 0x00007ffeabe47000 	C:\WINDOWS\SYSTEM32\NTASN1.dll
0x00007ffea4370000 - 0x00007ffea4378000 	C:\WINDOWS\system32\wshunix.dll

dbghelp: loaded successfully - version: 4.0.5 - missing functions: none
symbol engine: initialized successfully - sym options: 0x614 - pdb path: .;C:\Program Files\JetBrains\IntelliJ IDEA Educational Edition 2022.2.2\jbr\bin;C:\WINDOWS\SYSTEM32;C:\WINDOWS\WinSxS\amd64_microsoft.windows.common-controls_6595b64144ccf1df_6.0.22621.2506_none_270c5ae97388e100;C:\Program Files\JetBrains\IntelliJ IDEA Educational Edition 2022.2.2\jbr\bin\server;C:\Program Files\JetBrains\IntelliJ IDEA Educational Edition 2022.2.2\bin

VM Arguments:
jvm_args: -javaagent:C:\Program Files\JetBrains\IntelliJ IDEA Educational Edition 2022.2.2\lib\idea_rt.jar=19987:C:\Program Files\JetBrains\IntelliJ IDEA Educational Edition 2022.2.2\bin -Dfile.encoding=UTF-8 
java_command: com.proyectojwt.ProyectoJwtApplication
java_class_path (initial): D:\a\Proyecto-JWT-Backend-master\Proyecto-JWT-Backend-master\target\classes;C:\Users\PCMovil\.m2\repository\org\springframework\boot\spring-boot-starter-data-jpa\2.7.15\spring-boot-starter-data-jpa-2.7.15.jar;C:\Users\PCMovil\.m2\repository\org\springframework\boot\spring-boot-starter-aop\2.7.15\spring-boot-starter-aop-2.7.15.jar;C:\Users\PCMovil\.m2\repository\org\aspectj\aspectjweaver\1.9.7\aspectjweaver-1.9.7.jar;C:\Users\PCMovil\.m2\repository\org\springframework\boot\spring-boot-starter-jdbc\2.7.15\spring-boot-starter-jdbc-2.7.15.jar;C:\Users\PCMovil\.m2\repository\com\zaxxer\HikariCP\4.0.3\HikariCP-4.0.3.jar;C:\Users\PCMovil\.m2\repository\org\springframework\spring-jdbc\5.3.29\spring-jdbc-5.3.29.jar;C:\Users\PCMovil\.m2\repository\jakarta\transaction\jakarta.transaction-api\1.3.3\jakarta.transaction-api-1.3.3.jar;C:\Users\PCMovil\.m2\repository\jakarta\persistence\jakarta.persistence-api\2.2.3\jakarta.persistence-api-2.2.3.jar;C:\Users\PCMovil\.m2\repository\org\hibernate\hibernate-core\5.6.15.Final\hibernate-core-5.6.15.Final.jar;C:\Users\PCMovil\.m2\repository\org\jboss\logging\jboss-logging\3.4.3.Final\jboss-logging-3.4.3.Final.jar;C:\Users\PCMovil\.m2\repository\net\bytebuddy\byte-buddy\1.12.23\byte-buddy-1.12.23.jar;C:\Users\PCMovil\.m2\repository\antlr\antlr\2.7.7\antlr-2.7.7.jar;C:\Users\PCMovil\.m2\repository\org\jboss\jandex\2.4.2.Final\jandex-2.4.2.Final.jar;C:\Users\PCMovil\.m2\repository\com\fasterxml\classmate\1.5.1\classmate-1.5.1.jar;C:\Users\PCMovil\.m2\repository\org\hibernate\common\hibernate-commons-annotations\5.1.2.Final\hibernate-commons-annotations-5.1.2.Final.jar;C:\Users\PCMovil\.m2\repository\org\glassfish\jaxb\jaxb-runtime\2.3.8\jaxb-runtime-2.3.8.jar;C:\Users\PCMovil\.m2\repository\org\glassfish\jaxb\txw2\2.3.8\txw2-2.3.8.jar;C:\Users\PCMovil\.m2\repository\com\sun\istack\istack-commons-runtime\3.0.12\istack-commons-runtime-3.0.12.jar;C:\Users\PCMovil\.m2\repository\com\sun\activation\jakarta.activation
Launcher Type: SUN_STANDARD

[Global flags]
     intx CICompilerCount                          = 4                                         {product} {ergonomic}
     uint ConcGCThreads                            = 2                                         {product} {ergonomic}
     uint G1ConcRefinementThreads                  = 8                                         {product} {ergonomic}
   size_t G1HeapRegionSize                         = 1048576                                   {product} {ergonomic}
    uintx GCDrainStackTargetSize                   = 64                                        {product} {ergonomic}
   size_t InitialHeapSize                          = 132120576                                 {product} {ergonomic}
   size_t MarkStackSize                            = 4194304                                   {product} {ergonomic}
   size_t MaxHeapSize                              = 2095054848                                {product} {ergonomic}
   size_t MaxNewSize                               = 1256194048                                {product} {ergonomic}
   size_t MinHeapDeltaBytes                        = 1048576                                   {product} {ergonomic}
   size_t MinHeapSize                              = 8388608                                   {product} {ergonomic}
    uintx NonNMethodCodeHeapSize                   = 5839372                                {pd product} {ergonomic}
    uintx NonProfiledCodeHeapSize                  = 122909434                              {pd product} {ergonomic}
    uintx ProfiledCodeHeapSize                     = 122909434                              {pd product} {ergonomic}
    uintx ReservedCodeCacheSize                    = 251658240                              {pd product} {ergonomic}
     bool SegmentedCodeCache                       = true                                      {product} {ergonomic}
   size_t SoftMaxHeapSize                          = 2095054848                             {manageable} {ergonomic}
     bool UseCompressedClassPointers               = true                           {product lp64_product} {ergonomic}
     bool UseCompressedOops                        = true                           {product lp64_product} {ergonomic}
     bool UseG1GC                                  = true                                      {product} {ergonomic}
     bool UseLargePagesIndividualAllocation        = false                                  {pd product} {ergonomic}

Logging:
Log output configuration:
 #0: stdout all=warning uptime,level,tags
 #1: stderr all=off uptime,level,tags

Environment Variables:
JAVA_HOME=C:\Program Files (x86)\Java\jre-1.8
PATH=C:\Program Files\OpenLogic\jdk-8.0.382.05-hotspot\bin;C:\Program Files (x86)\Common Files\Oracle\Java\javapath;C:\Windows\System32\HWAudioDriverLibs;C:\Windows\system32;C:\Windows;C:\Windows\System32\Wbem;C:\Windows\System32\WindowsPowerShell\v1.0\;C:\Windows\System32\OpenSSH\;C:\Windows\system32\config\systemprofile\AppData\Local\Microsoft\WindowsApps;C:\Program Files\PuTTY\;C:\WINDOWS\system32;C:\WINDOWS;C:\WINDOWS\System32\Wbem;C:\WINDOWS\System32\WindowsPowerShell\v1.0\;C:\WINDOWS\System32\OpenSSH\;C:\Program Files\Oberthur Technologies\AuthentIC Webpack\Dlls;C:\Program Files (x86)\Oberthur Technologies\AuthentIC Webpack\Dlls;C:\Program Files\nodejs\;C:\Program Files (x86)\Java\jre-1.8\bin;C:\Program Files\Git\cmd;C:\Users\PCMovil\AppData\Local\Microsoft\WindowsApps;C:\Program Files (x86)\Nmap;C:\Users\PCMovil\AppData\Local\Programs\Microsoft VS Code\bin;C:\Users\PCMovil\AppData\Roaming\npm;C:\Users\PCMovil\AppData\Local\GitHubDesktop\bin
USERNAME=PCMovil
OS=Windows_NT
PROCESSOR_IDENTIFIER=Intel64 Family 6 Model 140 Stepping 1, GenuineIntel
TMP=C:\Users\PCMovil\AppData\Local\Temp
TEMP=C:\Users\PCMovil\AppData\Local\Temp



---------------  S Y S T E M  ---------------

OS:
 Windows 11 , 64 bit Build 22621 (10.0.22621.3085)
OS uptime: 4 days 11:33 hours

CPU: total 8 (initial active 8) (4 cores per cpu, 2 threads per core) family 6 model 140 stepping 1 microcode 0x8a, cx8, cmov, fxsr, ht, mmx, 3dnowpref, sse, sse2, sse3, ssse3, sse4.1, sse4.2, popcnt, lzcnt, tsc, tscinvbit, avx, avx2, aes, erms, clmul, bmi1, bmi2, adx, avx512f, avx512dq, avx512cd, avx512bw, avx512vl, sha, fma, vzeroupper, avx512_vpopcntdq, avx512_vpclmulqdq, avx512_vaes, avx512_vnni, clflush, clflushopt, clwb, avx512_vbmi2, avx512_vbmi

Memory: 4k page, system-wide physical 7991M (406M free)
TotalPageFile size 10039M (AvailPageFile size 1M)
current process WorkingSet (physical memory assigned to process): 230M, peak: 315M
current process commit charge ("private bytes"): 272M, peak: 346M

vm_info: OpenJDK 64-Bit Server VM (17.0.4.1+7-b469.62) for windows-amd64 JRE (17.0.4.1+7-b469.62), built on 2022-09-22 by "builduser" with MS VC++ 16.10 / 16.11 (VS2019)

END.
