#
# There is insufficient memory for the Java Runtime Environment to continue.
# Native memory allocation (malloc) failed to allocate 865776 bytes for Chunk::new
# Possible reasons:
#   The system is out of physical RAM or swap space
#   The process is running with CompressedOops enabled, and the Java Heap may be blocking the growth of the native heap
# Possible solutions:
#   Reduce memory load on the system
#   Increase physical memory or swap space
#   Check if swap backing store is full
#   Decrease Java heap size (-Xmx/-Xms)
#   Decrease number of Java threads
#   Decrease Java thread stack sizes (-Xss)
#   Set larger code cache with -XX:ReservedCodeCacheSize=
#   JVM is running with Unscaled Compressed Oops mode in which the Java heap is
#     placed in the first 4GB address space. The Java Heap base address is the
#     maximum limit for the native heap growth. Please use -XX:HeapBaseMinAddress
#     to set the Java Heap base and to place the Java Heap above 4GB virtual address.
# This output file may be truncated or incomplete.
#
#  Out of Memory Error (arena.cpp:189), pid=12076, tid=10080
#
# JRE version: OpenJDK Runtime Environment JBR-17.0.4.1+7-469.62-jcef (17.0.4.1+7) (build 17.0.4.1+7-b469.62)
# Java VM: OpenJDK 64-Bit Server VM JBR-17.0.4.1+7-469.62-jcef (17.0.4.1+7-b469.62, mixed mode, tiered, compressed oops, compressed class ptrs, g1 gc, windows-amd64)
# No core dump will be written. Minidumps are not enabled by default on client versions of Windows
#

---------------  S U M M A R Y ------------

Command Line: -javaagent:C:\Program Files\JetBrains\IntelliJ IDEA Educational Edition 2022.2.2\lib\idea_rt.jar=41703:C:\Program Files\JetBrains\IntelliJ IDEA Educational Edition 2022.2.2\bin -Dfile.encoding=UTF-8 com.proyectojwt.ProyectoJwtApplication

Host: 11th Gen Intel(R) Core(TM) i5-1135G7 @ 2.40GHz, 8 cores, 7G,  Windows 11 , 64 bit Build 22621 (10.0.22621.3085)
Time: Tue Jan 30 14:41:03 2024 Hora est. Pacífico, Sudamérica elapsed time: 87.802716 seconds (0d 0h 1m 27s)

---------------  T H R E A D  ---------------

Current thread (0x000002654bb49b80):  JavaThread "C2 CompilerThread1" daemon [_thread_in_native, id=10080, stack(0x000000b96e700000,0x000000b96e800000)]


Current CompileTask:
C2:  87802 5320 % !   4       org.springframework.beans.factory.support.DefaultListableBeanFactory::doGetBeanNamesForType @ 20 (528 bytes)

Stack: [0x000000b96e700000,0x000000b96e800000]
Native frames: (J=compiled Java code, j=interpreted, Vv=VM code, C=native code)
V  [jvm.dll+0x68356a]
V  [jvm.dll+0x83fab4]
V  [jvm.dll+0x84125e]
V  [jvm.dll+0x8418c3]
V  [jvm.dll+0x249735]
V  [jvm.dll+0xabd5c]
V  [jvm.dll+0xac32c]
V  [jvm.dll+0x2b096f]
V  [jvm.dll+0x589bb7]
V  [jvm.dll+0x223fe2]
V  [jvm.dll+0x21d942]
V  [jvm.dll+0x21b15b]
V  [jvm.dll+0x1a4dfd]
V  [jvm.dll+0x22acd8]
V  [jvm.dll+0x228d89]
V  [jvm.dll+0x7f53ac]
V  [jvm.dll+0x7ef8da]
V  [jvm.dll+0x6823a5]
C  [ucrtbase.dll+0x29363]
C  [KERNEL32.DLL+0x1257d]
C  [ntdll.dll+0x5aa58]


---------------  P R O C E S S  ---------------

Threads class SMR info:
_java_thread_list=0x000002655333f210, length=33, elements={
0x0000026548709b20, 0x000002654870a5e0, 0x0000026549033660, 0x0000026549034120,
0x0000026549046780, 0x0000026549048c60, 0x0000026549054e10, 0x00000265490557c0,
0x00000265490680b0, 0x0000026549141f80, 0x000002654969cae0, 0x00000265495b5b40,
0x000002654c5f8d50, 0x000002654c411480, 0x000002654b6b08e0, 0x000002654e1765e0,
0x000002654ab10fe0, 0x000002655143a4b0, 0x0000026551439640, 0x0000026551439b10,
0x000002655143a980, 0x0000026551bb5a20, 0x0000026551bb6890, 0x0000026551bb63c0,
0x0000026551bb7bd0, 0x0000026551bb98b0, 0x0000026551bb5ef0, 0x0000026551bb6d60,
0x0000026551bb46e0, 0x0000026551bb33a0, 0x0000026551bb2ed0, 0x0000026551bb8570,
0x000002654bb49b80
}

Java Threads: ( => current thread )
  0x0000026548709b20 JavaThread "Reference Handler" daemon [_thread_blocked, id=17868, stack(0x000000b96f100000,0x000000b96f200000)]
  0x000002654870a5e0 JavaThread "Finalizer" daemon [_thread_blocked, id=10112, stack(0x000000b96f200000,0x000000b96f300000)]
  0x0000026549033660 JavaThread "Signal Dispatcher" daemon [_thread_blocked, id=17980, stack(0x000000b96f300000,0x000000b96f400000)]
  0x0000026549034120 JavaThread "Attach Listener" daemon [_thread_blocked, id=4896, stack(0x000000b96f400000,0x000000b96f500000)]
  0x0000026549046780 JavaThread "Service Thread" daemon [_thread_blocked, id=13668, stack(0x000000b96f500000,0x000000b96f600000)]
  0x0000026549048c60 JavaThread "Monitor Deflation Thread" daemon [_thread_blocked, id=3364, stack(0x000000b96f600000,0x000000b96f700000)]
  0x0000026549054e10 JavaThread "C2 CompilerThread0" daemon [_thread_in_native, id=13248, stack(0x000000b96f700000,0x000000b96f800000)]
  0x00000265490557c0 JavaThread "C1 CompilerThread0" daemon [_thread_blocked, id=4012, stack(0x000000b96f800000,0x000000b96f900000)]
  0x00000265490680b0 JavaThread "Sweeper thread" daemon [_thread_blocked, id=3836, stack(0x000000b96f900000,0x000000b96fa00000)]
  0x0000026549141f80 JavaThread "Common-Cleaner" daemon [_thread_blocked, id=9592, stack(0x000000b96fa00000,0x000000b96fb00000)]
  0x000002654969cae0 JavaThread "Monitor Ctrl-Break" daemon [_thread_in_native, id=13664, stack(0x000000b96fc00000,0x000000b96fd00000)]
  0x00000265495b5b40 JavaThread "Notification Thread" daemon [_thread_blocked, id=4144, stack(0x000000b96fd00000,0x000000b96fe00000)]
  0x000002654c5f8d50 JavaThread "mysql-cj-abandoned-connection-cleanup" daemon [_thread_blocked, id=12048, stack(0x000000b970800000,0x000000b970900000)]
  0x000002654c411480 JavaThread "HikariPool-1 housekeeper" daemon [_thread_blocked, id=6452, stack(0x000000b970c00000,0x000000b970d00000)]
  0x000002654b6b08e0 JavaThread "Catalina-utility-1" [_thread_blocked, id=612, stack(0x000000b970e00000,0x000000b970f00000)]
  0x000002654e1765e0 JavaThread "Catalina-utility-2" [_thread_blocked, id=5452, stack(0x000000b970f00000,0x000000b971000000)]
  0x000002654ab10fe0 JavaThread "container-0" [_thread_blocked, id=8152, stack(0x000000b971000000,0x000000b971100000)]
  0x000002655143a4b0 JavaThread "File Watcher" daemon [_thread_blocked, id=5700, stack(0x000000b971100000,0x000000b971200000)]
  0x0000026551439640 JavaThread "Live Reload Server" daemon [_thread_in_native, id=12428, stack(0x000000b971300000,0x000000b971400000)]
  0x0000026551439b10 JavaThread "http-nio-10.4.7.20-8080-exec-1" daemon [_thread_blocked, id=3780, stack(0x000000b971200000,0x000000b971300000)]
  0x000002655143a980 JavaThread "http-nio-10.4.7.20-8080-exec-2" daemon [_thread_in_vm, id=6892, stack(0x000000b971400000,0x000000b971500000)]
  0x0000026551bb5a20 JavaThread "http-nio-10.4.7.20-8080-exec-3" daemon [_thread_blocked, id=5788, stack(0x000000b971500000,0x000000b971600000)]
  0x0000026551bb6890 JavaThread "http-nio-10.4.7.20-8080-exec-4" daemon [_thread_blocked, id=10536, stack(0x000000b971600000,0x000000b971700000)]
  0x0000026551bb63c0 JavaThread "http-nio-10.4.7.20-8080-exec-5" daemon [_thread_blocked, id=17336, stack(0x000000b971700000,0x000000b971800000)]
  0x0000026551bb7bd0 JavaThread "http-nio-10.4.7.20-8080-exec-6" daemon [_thread_blocked, id=4092, stack(0x000000b971800000,0x000000b971900000)]
  0x0000026551bb98b0 JavaThread "http-nio-10.4.7.20-8080-exec-7" daemon [_thread_blocked, id=13124, stack(0x000000b971900000,0x000000b971a00000)]
  0x0000026551bb5ef0 JavaThread "http-nio-10.4.7.20-8080-exec-8" daemon [_thread_blocked, id=5772, stack(0x000000b971a00000,0x000000b971b00000)]
  0x0000026551bb6d60 JavaThread "http-nio-10.4.7.20-8080-exec-9" daemon [_thread_blocked, id=2256, stack(0x000000b971b00000,0x000000b971c00000)]
  0x0000026551bb46e0 JavaThread "http-nio-10.4.7.20-8080-exec-10" daemon [_thread_blocked, id=17468, stack(0x000000b971c00000,0x000000b971d00000)]
  0x0000026551bb33a0 JavaThread "http-nio-10.4.7.20-8080-Poller" daemon [_thread_in_native, id=8972, stack(0x000000b971d00000,0x000000b971e00000)]
  0x0000026551bb2ed0 JavaThread "http-nio-10.4.7.20-8080-Acceptor" daemon [_thread_in_native, id=12100, stack(0x000000b971e00000,0x000000b971f00000)]
  0x0000026551bb8570 JavaThread "DestroyJavaVM" [_thread_blocked, id=1376, stack(0x000000b96ea00000,0x000000b96eb00000)]
=>0x000002654bb49b80 JavaThread "C2 CompilerThread1" daemon [_thread_in_native, id=10080, stack(0x000000b96e700000,0x000000b96e800000)]

Other Threads:
  0x0000026548704040 VMThread "VM Thread" [stack: 0x000000b96f000000,0x000000b96f100000] [id=1112]
  0x000002652c63c0f0 WatcherThread [stack: 0x000000b96fe00000,0x000000b96ff00000] [id=5300]
  0x000002652e80db70 GCTaskThread "GC Thread#0" [stack: 0x000000b96eb00000,0x000000b96ec00000] [id=9072]
  0x000002654b3c5620 GCTaskThread "GC Thread#1" [stack: 0x000000b970200000,0x000000b970300000] [id=11920]
  0x000002654ab11890 GCTaskThread "GC Thread#2" [stack: 0x000000b970300000,0x000000b970400000] [id=10888]
  0x000002654a8a0dd0 GCTaskThread "GC Thread#3" [stack: 0x000000b970400000,0x000000b970500000] [id=10624]
  0x000002654a8a1080 GCTaskThread "GC Thread#4" [stack: 0x000000b970500000,0x000000b970600000] [id=10448]
  0x000002654a8a1330 GCTaskThread "GC Thread#5" [stack: 0x000000b970600000,0x000000b970700000] [id=16248]
  0x000002654b39fb10 GCTaskThread "GC Thread#6" [stack: 0x000000b970700000,0x000000b970800000] [id=5288]
  0x000002654bb0f670 GCTaskThread "GC Thread#7" [stack: 0x000000b970900000,0x000000b970a00000] [id=17696]
  0x000002652e81e380 ConcurrentGCThread "G1 Main Marker" [stack: 0x000000b96ec00000,0x000000b96ed00000] [id=15032]
  0x000002652e81eca0 ConcurrentGCThread "G1 Conc#0" [stack: 0x000000b96ed00000,0x000000b96ee00000] [id=6096]
  0x000002654b25f840 ConcurrentGCThread "G1 Conc#1" [stack: 0x000000b970a00000,0x000000b970b00000] [id=13680]
  0x000002652e85d710 ConcurrentGCThread "G1 Refine#0" [stack: 0x000000b96ee00000,0x000000b96ef00000] [id=15656]
  0x000002654855d130 ConcurrentGCThread "G1 Service" [stack: 0x000000b96ef00000,0x000000b96f000000] [id=12232]

Threads with active compile tasks:
C2 CompilerThread0    87813 5333   !   4       java.lang.reflect.Executable::declaredAnnotations (85 bytes)
C1 CompilerThread0    87813 5343       3       java.util.stream.StreamSupport::intStream (14 bytes)
C2 CompilerThread1    87814 5320 % !   4       org.springframework.beans.factory.support.DefaultListableBeanFactory::doGetBeanNamesForType @ 20 (528 bytes)

VM state: not at safepoint (normal execution)

VM Mutex/Monitor currently owned by a thread: None

OutOfMemory and StackOverflow Exception counts:
OutOfMemoryError java_heap_errors=1
LinkageErrors=89

Heap address: 0x0000000083200000, size: 1998 MB, Compressed Oops mode: 32-bit

CDS archive(s) not mapped
Compressed class space mapped at: 0x0000000100000000-0x0000000140000000, reserved size: 1073741824
Narrow klass base: 0x0000000000000000, Narrow klass shift: 3, Narrow klass range: 0x140000000

GC Precious Log:
 CPUs: 8 total, 8 available
 Memory: 7991M
 Large Page Support: Disabled
 NUMA Support: Disabled
 Compressed Oops: Enabled (32-bit)
 Heap Region Size: 1M
 Heap Min Capacity: 8M
 Heap Initial Capacity: 126M
 Heap Max Capacity: 1998M
 Pre-touch: Disabled
 Parallel Workers: 8
 Concurrent Workers: 2
 Concurrent Refinement Workers: 8
 Periodic GC: Disabled

Heap:
 garbage-first heap   total 75776K, used 45521K [0x0000000083200000, 0x0000000100000000)
  region size 1024K, 23 young (23552K), 5 survivors (5120K)
 Metaspace       used 70283K, committed 70656K, reserved 1114112K
  class space    used 9405K, committed 9600K, reserved 1048576K

Heap Regions: E=young(eden), S=young(survivor), O=old, HS=humongous(starts), HC=humongous(continues), CS=collection set, F=free, OA=open archive, CA=closed archive, TAMS=top-at-mark-start (previous, next)
|   0|0x0000000083200000, 0x0000000083300000, 0x0000000083300000|100%|HS|  |TAMS 0x0000000083300000, 0x0000000083200000| Complete 
|   1|0x0000000083300000, 0x0000000083400000, 0x0000000083400000|100%| O|  |TAMS 0x0000000083400000, 0x0000000083300000| Untracked 
|   2|0x0000000083400000, 0x0000000083500000, 0x0000000083500000|100%| O|  |TAMS 0x0000000083500000, 0x0000000083400000| Untracked 
|   3|0x0000000083500000, 0x0000000083600000, 0x0000000083600000|100%| O|  |TAMS 0x0000000083600000, 0x0000000083500000| Untracked 
|   4|0x0000000083600000, 0x0000000083700000, 0x0000000083700000|100%| O|  |TAMS 0x0000000083700000, 0x0000000083600000| Untracked 
|   5|0x0000000083700000, 0x0000000083800000, 0x0000000083800000|100%| O|  |TAMS 0x0000000083800000, 0x0000000083700000| Untracked 
|   6|0x0000000083800000, 0x0000000083900000, 0x0000000083900000|100%| O|  |TAMS 0x0000000083900000, 0x0000000083800000| Untracked 
|   7|0x0000000083900000, 0x0000000083a00000, 0x0000000083a00000|100%| O|  |TAMS 0x0000000083a00000, 0x0000000083900000| Untracked 
|   8|0x0000000083a00000, 0x0000000083b00000, 0x0000000083b00000|100%| O|  |TAMS 0x0000000083b00000, 0x0000000083a00000| Untracked 
|   9|0x0000000083b00000, 0x0000000083c00000, 0x0000000083c00000|100%| O|  |TAMS 0x0000000083c00000, 0x0000000083b00000| Untracked 
|  10|0x0000000083c00000, 0x0000000083d00000, 0x0000000083d00000|100%| O|  |TAMS 0x0000000083d00000, 0x0000000083c00000| Untracked 
|  11|0x0000000083d00000, 0x0000000083e00000, 0x0000000083e00000|100%| O|  |TAMS 0x0000000083e00000, 0x0000000083d00000| Untracked 
|  12|0x0000000083e00000, 0x0000000083f00000, 0x0000000083f00000|100%| O|  |TAMS 0x0000000083f00000, 0x0000000083e00000| Untracked 
|  13|0x0000000083f00000, 0x0000000084000000, 0x0000000084000000|100%| O|  |TAMS 0x0000000084000000, 0x0000000083f00000| Untracked 
|  14|0x0000000084000000, 0x0000000084100000, 0x0000000084100000|100%| O|  |TAMS 0x0000000084100000, 0x0000000084000000| Untracked 
|  15|0x0000000084100000, 0x0000000084200000, 0x0000000084200000|100%| O|  |TAMS 0x0000000084200000, 0x0000000084100000| Untracked 
|  16|0x0000000084200000, 0x0000000084300000, 0x0000000084300000|100%| O|  |TAMS 0x0000000084300000, 0x0000000084200000| Untracked 
|  17|0x0000000084300000, 0x0000000084400000, 0x0000000084400000|100%| O|  |TAMS 0x0000000084400000, 0x0000000084300000| Untracked 
|  18|0x0000000084400000, 0x0000000084500000, 0x0000000084500000|100%| O|  |TAMS 0x0000000084500000, 0x0000000084400000| Untracked 
|  19|0x0000000084500000, 0x0000000084600000, 0x0000000084600000|100%| O|  |TAMS 0x00000000845c3a00, 0x0000000084500000| Untracked 
|  20|0x0000000084600000, 0x0000000084700000, 0x0000000084700000|100%| O|  |TAMS 0x0000000084600000, 0x0000000084600000| Untracked 
|  21|0x0000000084700000, 0x0000000084800000, 0x0000000084800000|100%| O|  |TAMS 0x0000000084700000, 0x0000000084700000| Untracked 
|  22|0x0000000084800000, 0x0000000084894000, 0x0000000084900000| 57%| O|  |TAMS 0x0000000084800000, 0x0000000084800000| Untracked 
|  23|0x0000000084900000, 0x0000000084900000, 0x0000000084a00000|  0%| F|  |TAMS 0x0000000084900000, 0x0000000084900000| Untracked 
|  24|0x0000000084a00000, 0x0000000084a00000, 0x0000000084b00000|  0%| F|  |TAMS 0x0000000084a00000, 0x0000000084a00000| Untracked 
|  25|0x0000000084b00000, 0x0000000084b00000, 0x0000000084c00000|  0%| F|  |TAMS 0x0000000084b00000, 0x0000000084b00000| Untracked 
|  26|0x0000000084c00000, 0x0000000084c00000, 0x0000000084d00000|  0%| F|  |TAMS 0x0000000084c00000, 0x0000000084c00000| Untracked 
|  27|0x0000000084d00000, 0x0000000084d00000, 0x0000000084e00000|  0%| F|  |TAMS 0x0000000084d00000, 0x0000000084d00000| Untracked 
|  28|0x0000000084e00000, 0x0000000084e00000, 0x0000000084f00000|  0%| F|  |TAMS 0x0000000084e00000, 0x0000000084e00000| Untracked 
|  29|0x0000000084f00000, 0x0000000084f00000, 0x0000000085000000|  0%| F|  |TAMS 0x0000000084f00000, 0x0000000084f00000| Untracked 
|  30|0x0000000085000000, 0x0000000085000000, 0x0000000085100000|  0%| F|  |TAMS 0x0000000085000000, 0x0000000085000000| Untracked 
|  31|0x0000000085100000, 0x0000000085100000, 0x0000000085200000|  0%| F|  |TAMS 0x0000000085100000, 0x0000000085100000| Untracked 
|  32|0x0000000085200000, 0x0000000085200000, 0x0000000085300000|  0%| F|  |TAMS 0x0000000085200000, 0x0000000085200000| Untracked 
|  33|0x0000000085300000, 0x0000000085300000, 0x0000000085400000|  0%| F|  |TAMS 0x0000000085300000, 0x0000000085300000| Untracked 
|  34|0x0000000085400000, 0x0000000085400000, 0x0000000085500000|  0%| F|  |TAMS 0x0000000085400000, 0x0000000085400000| Untracked 
|  35|0x0000000085500000, 0x0000000085500000, 0x0000000085600000|  0%| F|  |TAMS 0x0000000085500000, 0x0000000085500000| Untracked 
|  36|0x0000000085600000, 0x0000000085600000, 0x0000000085700000|  0%| F|  |TAMS 0x0000000085600000, 0x0000000085600000| Untracked 
|  37|0x0000000085700000, 0x00000000857e0760, 0x0000000085800000| 87%| S|CS|TAMS 0x0000000085700000, 0x0000000085700000| Complete 
|  38|0x0000000085800000, 0x0000000085900000, 0x0000000085900000|100%| S|CS|TAMS 0x0000000085800000, 0x0000000085800000| Complete 
|  39|0x0000000085900000, 0x0000000085a00000, 0x0000000085a00000|100%| S|CS|TAMS 0x0000000085900000, 0x0000000085900000| Complete 
|  40|0x0000000085a00000, 0x0000000085b00000, 0x0000000085b00000|100%| S|CS|TAMS 0x0000000085a00000, 0x0000000085a00000| Complete 
|  41|0x0000000085b00000, 0x0000000085c00000, 0x0000000085c00000|100%| S|CS|TAMS 0x0000000085b00000, 0x0000000085b00000| Complete 
|  42|0x0000000085c00000, 0x0000000085c00000, 0x0000000085d00000|  0%| F|  |TAMS 0x0000000085c00000, 0x0000000085c00000| Untracked 
|  43|0x0000000085d00000, 0x0000000085d00000, 0x0000000085e00000|  0%| F|  |TAMS 0x0000000085d00000, 0x0000000085d00000| Untracked 
|  44|0x0000000085e00000, 0x0000000085e00000, 0x0000000085f00000|  0%| F|  |TAMS 0x0000000085e00000, 0x0000000085e00000| Untracked 
|  45|0x0000000085f00000, 0x0000000085f00000, 0x0000000086000000|  0%| F|  |TAMS 0x0000000085f00000, 0x0000000085f00000| Untracked 
|  46|0x0000000086000000, 0x0000000086000000, 0x0000000086100000|  0%| F|  |TAMS 0x0000000086000000, 0x0000000086000000| Untracked 
|  47|0x0000000086100000, 0x0000000086100000, 0x0000000086200000|  0%| F|  |TAMS 0x0000000086100000, 0x0000000086100000| Untracked 
|  48|0x0000000086200000, 0x0000000086200000, 0x0000000086300000|  0%| F|  |TAMS 0x0000000086200000, 0x0000000086200000| Untracked 
|  49|0x0000000086300000, 0x0000000086300000, 0x0000000086400000|  0%| F|  |TAMS 0x0000000086300000, 0x0000000086300000| Untracked 
|  50|0x0000000086400000, 0x0000000086400000, 0x0000000086500000|  0%| F|  |TAMS 0x0000000086400000, 0x0000000086400000| Untracked 
|  51|0x0000000086500000, 0x0000000086500000, 0x0000000086600000|  0%| F|  |TAMS 0x0000000086500000, 0x0000000086500000| Untracked 
|  52|0x0000000086600000, 0x0000000086600000, 0x0000000086700000|  0%| F|  |TAMS 0x0000000086600000, 0x0000000086600000| Untracked 
|  53|0x0000000086700000, 0x0000000086700000, 0x0000000086800000|  0%| F|  |TAMS 0x0000000086700000, 0x0000000086700000| Untracked 
|  54|0x0000000086800000, 0x0000000086800000, 0x0000000086900000|  0%| F|  |TAMS 0x0000000086800000, 0x0000000086800000| Untracked 
|  55|0x0000000086900000, 0x0000000086900000, 0x0000000086a00000|  0%| F|  |TAMS 0x0000000086900000, 0x0000000086900000| Untracked 
|  56|0x0000000086a00000, 0x0000000086afba30, 0x0000000086b00000| 98%| E|  |TAMS 0x0000000086a00000, 0x0000000086a00000| Complete 
|  57|0x0000000086b00000, 0x0000000086c00000, 0x0000000086c00000|100%| E|CS|TAMS 0x0000000086b00000, 0x0000000086b00000| Complete 
|  58|0x0000000086c00000, 0x0000000086d00000, 0x0000000086d00000|100%| E|CS|TAMS 0x0000000086c00000, 0x0000000086c00000| Complete 
|  59|0x0000000086d00000, 0x0000000086e00000, 0x0000000086e00000|100%| E|CS|TAMS 0x0000000086d00000, 0x0000000086d00000| Complete 
|  60|0x0000000086e00000, 0x0000000086f00000, 0x0000000086f00000|100%| E|CS|TAMS 0x0000000086e00000, 0x0000000086e00000| Complete 
|  61|0x0000000086f00000, 0x0000000087000000, 0x0000000087000000|100%| E|CS|TAMS 0x0000000086f00000, 0x0000000086f00000| Complete 
|  62|0x0000000087000000, 0x0000000087100000, 0x0000000087100000|100%| E|CS|TAMS 0x0000000087000000, 0x0000000087000000| Complete 
|  63|0x0000000087100000, 0x0000000087200000, 0x0000000087200000|100%| E|CS|TAMS 0x0000000087100000, 0x0000000087100000| Complete 
|  64|0x0000000087200000, 0x0000000087300000, 0x0000000087300000|100%| E|CS|TAMS 0x0000000087200000, 0x0000000087200000| Complete 
|  65|0x0000000087300000, 0x0000000087400000, 0x0000000087400000|100%| E|CS|TAMS 0x0000000087300000, 0x0000000087300000| Complete 
|  66|0x0000000087400000, 0x0000000087500000, 0x0000000087500000|100%| E|CS|TAMS 0x0000000087400000, 0x0000000087400000| Complete 
|  67|0x0000000087500000, 0x0000000087600000, 0x0000000087600000|100%| E|CS|TAMS 0x0000000087500000, 0x0000000087500000| Complete 
|  68|0x0000000087600000, 0x0000000087700000, 0x0000000087700000|100%| E|CS|TAMS 0x0000000087600000, 0x0000000087600000| Complete 
|  69|0x0000000087700000, 0x0000000087800000, 0x0000000087800000|100%| E|CS|TAMS 0x0000000087700000, 0x0000000087700000| Complete 
|  70|0x0000000087800000, 0x0000000087900000, 0x0000000087900000|100%| E|CS|TAMS 0x0000000087800000, 0x0000000087800000| Complete 
|  95|0x0000000089100000, 0x0000000089200000, 0x0000000089200000|100%| E|CS|TAMS 0x0000000089100000, 0x0000000089100000| Complete 
|  96|0x0000000089200000, 0x0000000089300000, 0x0000000089300000|100%| E|CS|TAMS 0x0000000089200000, 0x0000000089200000| Complete 
| 125|0x000000008af00000, 0x000000008b000000, 0x000000008b000000|100%| E|CS|TAMS 0x000000008af00000, 0x000000008af00000| Complete 

Card table byte_map: [0x0000026541620000,0x0000026541a10000] _byte_map_base: 0x0000026541207000

Marking Bits (Prev, Next): (CMBitMap*) 0x000002652e80e0d0, (CMBitMap*) 0x000002652e80e090
 Prev Bits: [0x0000026543d40000, 0x0000026545c78000)
 Next Bits: [0x0000026541e00000, 0x0000026543d38000)

Polling page: 0x000002652c720000

Metaspace:

Usage:
  Non-class:     59.48 MB used.
      Class:      9.19 MB used.
       Both:     68.66 MB used.

Virtual space:
  Non-class space:       64.00 MB reserved,      59.62 MB ( 93%) committed,  8 nodes.
      Class space:        1.00 GB reserved,       9.38 MB ( <1%) committed,  1 nodes.
             Both:        1.06 GB reserved,      69.00 MB (  6%) committed. 

Chunk freelists:
   Non-Class:  288.00 KB
       Class:  2.59 MB
        Both:  2.88 MB

MaxMetaspaceSize: unlimited
CompressedClassSpaceSize: 1.00 GB
Initial GC threshold: 21.00 MB
Current GC threshold: 98.38 MB
CDS: off
MetaspaceReclaimPolicy: balanced
 - commit_granule_bytes: 65536.
 - commit_granule_words: 8192.
 - virtual_space_node_default_size: 1048576.
 - enlarge_chunks_in_place: 1.
 - new_chunks_are_fully_committed: 0.
 - uncommit_free_chunks: 1.
 - use_allocation_guard: 0.
 - handle_deallocations: 1.


Internal statistics:

num_allocs_failed_limit: 9.
num_arena_births: 370.
num_arena_deaths: 0.
num_vsnodes_births: 9.
num_vsnodes_deaths: 0.
num_space_committed: 1104.
num_space_uncommitted: 0.
num_chunks_returned_to_freelist: 9.
num_chunks_taken_from_freelist: 2580.
num_chunk_merges: 9.
num_chunk_splits: 1888.
num_chunks_enlarged: 1546.
num_purges: 0.
num_inconsistent_stats: 0.

CodeHeap 'non-profiled nmethods': size=120000Kb used=3298Kb max_used=3298Kb free=116701Kb
 bounds [0x00000265399c0000, 0x0000026539d30000, 0x0000026540ef0000]
CodeHeap 'profiled nmethods': size=120000Kb used=8753Kb max_used=9684Kb free=111246Kb
 bounds [0x0000026532490000, 0x0000026532e10000, 0x00000265399c0000]
CodeHeap 'non-nmethods': size=5760Kb used=1305Kb max_used=1371Kb free=4454Kb
 bounds [0x0000026531ef0000, 0x0000026532160000, 0x0000026532490000]
 total_blobs=5217 nmethods=4602 adapters=526
 compilation: enabled
              stopped_count=0, restarted_count=0
 full_count=0

Compilation events (20 events):
Event: 87.780 Thread 0x0000026549054e10 nmethod 5315% 0x0000026539b43e90 code [0x0000026539b440c0, 0x0000026539b45390]
Event: 87.780 Thread 0x0000026549054e10 5308   !   4       java.util.zip.ZipFile$CleanableResource::releaseInflater (53 bytes)
Event: 87.782 Thread 0x00000265490557c0 5329       1       org.apache.tomcat.util.http.MimeHeaderField::getName (5 bytes)
Event: 87.782 Thread 0x00000265490557c0 nmethod 5329 0x0000026539b43b90 code [0x0000026539b43d20, 0x0000026539b43df8]
Event: 87.784 Thread 0x00000265490557c0 5330       3       org.springframework.core.annotation.AnnotationTypeMapping::isBetterConventionAnnotationValue (42 bytes)
Event: 87.784 Thread 0x00000265490557c0 nmethod 5330 0x000002653271af10 code [0x000002653271b0c0, 0x000002653271b338]
Event: 87.785 Thread 0x0000026549054e10 nmethod 5308 0x0000026539b1ec10 code [0x0000026539b1edc0, 0x0000026539b1f6b8]
Event: 87.785 Thread 0x0000026549054e10 5316       4       java.util.concurrent.ConcurrentHashMap$EntryIterator::next (51 bytes)
Event: 87.787 Thread 0x00000265490557c0 5331   !   3       jdk.proxy1.$Proxy4::annotationType (29 bytes)
Event: 87.787 Thread 0x00000265490557c0 nmethod 5331 0x000002653271a790 code [0x000002653271a960, 0x000002653271ad38]
Event: 87.790 Thread 0x0000026549054e10 nmethod 5316 0x0000026539b43290 code [0x0000026539b43420, 0x0000026539b438d8]
Event: 87.793 Thread 0x00000265490557c0 5332       3       java.lang.ThreadLocal::setInitialValue (50 bytes)
Event: 87.793 Thread 0x00000265490557c0 nmethod 5332 0x0000026532719a90 code [0x0000026532719cc0, 0x000002653271a5b8]
Event: 87.793 Thread 0x0000026549054e10 5333   !   4       java.lang.reflect.Executable::declaredAnnotations (85 bytes)
Event: 87.795 Thread 0x00000265490557c0 5334       3       org.springframework.core.annotation.AnnotationTypeMapping::resolveAliasTarget (394 bytes)
Event: 87.801 Thread 0x00000265490557c0 nmethod 5334 0x0000026532591310 code [0x0000026532591e00, 0x0000026532598de8]
Event: 87.801 Thread 0x00000265490557c0 5339       3       java.lang.String::indexOf (64 bytes)
Event: 87.801 Thread 0x00000265490557c0 nmethod 5339 0x0000026532719210 code [0x0000026532719420, 0x00000265327198e8]
Event: 87.801 Thread 0x00000265490557c0 5335   !   3       jdk.proxy2.$Proxy10::annotation (29 bytes)
Event: 87.801 Thread 0x00000265490557c0 nmethod 5335 0x00000265327e8d90 code [0x00000265327e8f60, 0x00000265327e9338]

GC Heap History (20 events):
Event: 1.925 GC heap before
{Heap before GC invocations=8 (full 0):
 garbage-first heap   total 37888K, used 27780K [0x0000000083200000, 0x0000000100000000)
  region size 1024K, 17 young (17408K), 3 survivors (3072K)
 Metaspace       used 34458K, committed 34688K, reserved 1081344K
  class space    used 4172K, committed 4288K, reserved 1048576K
}
Event: 1.927 GC heap after
{Heap after GC invocations=9 (full 0):
 garbage-first heap   total 37888K, used 14706K [0x0000000083200000, 0x0000000100000000)
  region size 1024K, 3 young (3072K), 3 survivors (3072K)
 Metaspace       used 34458K, committed 34688K, reserved 1081344K
  class space    used 4172K, committed 4288K, reserved 1048576K
}
Event: 2.050 GC heap before
{Heap before GC invocations=9 (full 0):
 garbage-first heap   total 37888K, used 19826K [0x0000000083200000, 0x0000000100000000)
  region size 1024K, 9 young (9216K), 3 survivors (3072K)
 Metaspace       used 35746K, committed 35968K, reserved 1081344K
  class space    used 4371K, committed 4480K, reserved 1048576K
}
Event: 2.053 GC heap after
{Heap after GC invocations=10 (full 0):
 garbage-first heap   total 37888K, used 15454K [0x0000000083200000, 0x0000000100000000)
  region size 1024K, 2 young (2048K), 2 survivors (2048K)
 Metaspace       used 35746K, committed 35968K, reserved 1081344K
  class space    used 4371K, committed 4480K, reserved 1048576K
}
Event: 2.254 GC heap before
{Heap before GC invocations=11 (full 0):
 garbage-first heap   total 37888K, used 26718K [0x0000000083200000, 0x0000000100000000)
  region size 1024K, 13 young (13312K), 2 survivors (2048K)
 Metaspace       used 37596K, committed 37888K, reserved 1089536K
  class space    used 4684K, committed 4800K, reserved 1048576K
}
Event: 2.256 GC heap after
{Heap after GC invocations=12 (full 0):
 garbage-first heap   total 37888K, used 16465K [0x0000000083200000, 0x0000000100000000)
  region size 1024K, 2 young (2048K), 2 survivors (2048K)
 Metaspace       used 37596K, committed 37888K, reserved 1089536K
  class space    used 4684K, committed 4800K, reserved 1048576K
}
Event: 2.270 GC heap before
{Heap before GC invocations=12 (full 0):
 garbage-first heap   total 37888K, used 17489K [0x0000000083200000, 0x0000000100000000)
  region size 1024K, 3 young (3072K), 2 survivors (2048K)
 Metaspace       used 37763K, committed 38016K, reserved 1089536K
  class space    used 4706K, committed 4864K, reserved 1048576K
}
Event: 2.272 GC heap after
{Heap after GC invocations=13 (full 0):
 garbage-first heap   total 37888K, used 16486K [0x0000000083200000, 0x0000000100000000)
  region size 1024K, 1 young (1024K), 1 survivors (1024K)
 Metaspace       used 37763K, committed 38016K, reserved 1089536K
  class space    used 4706K, committed 4864K, reserved 1048576K
}
Event: 2.477 GC heap before
{Heap before GC invocations=13 (full 0):
 garbage-first heap   total 37888K, used 27750K [0x0000000083200000, 0x0000000100000000)
  region size 1024K, 12 young (12288K), 1 survivors (1024K)
 Metaspace       used 40372K, committed 40640K, reserved 1089536K
  class space    used 4994K, committed 5120K, reserved 1048576K
}
Event: 2.479 GC heap after
{Heap after GC invocations=14 (full 0):
 garbage-first heap   total 75776K, used 17434K [0x0000000083200000, 0x0000000100000000)
  region size 1024K, 2 young (2048K), 2 survivors (2048K)
 Metaspace       used 40372K, committed 40640K, reserved 1089536K
  class space    used 4994K, committed 5120K, reserved 1048576K
}
Event: 3.101 GC heap before
{Heap before GC invocations=14 (full 0):
 garbage-first heap   total 75776K, used 51226K [0x0000000083200000, 0x0000000100000000)
  region size 1024K, 35 young (35840K), 2 survivors (2048K)
 Metaspace       used 46978K, committed 47296K, reserved 1097728K
  class space    used 5815K, committed 6016K, reserved 1048576K
}
Event: 3.104 GC heap after
{Heap after GC invocations=15 (full 0):
 garbage-first heap   total 75776K, used 20389K [0x0000000083200000, 0x0000000100000000)
  region size 1024K, 5 young (5120K), 5 survivors (5120K)
 Metaspace       used 46978K, committed 47296K, reserved 1097728K
  class space    used 5815K, committed 6016K, reserved 1048576K
}
Event: 3.673 GC heap before
{Heap before GC invocations=15 (full 0):
 garbage-first heap   total 75776K, used 54181K [0x0000000083200000, 0x0000000100000000)
  region size 1024K, 38 young (38912K), 5 survivors (5120K)
 Metaspace       used 56395K, committed 56640K, reserved 1105920K
  class space    used 7306K, committed 7424K, reserved 1048576K
}
Event: 3.677 GC heap after
{Heap after GC invocations=16 (full 0):
 garbage-first heap   total 75776K, used 22286K [0x0000000083200000, 0x0000000100000000)
  region size 1024K, 2 young (2048K), 2 survivors (2048K)
 Metaspace       used 56395K, committed 56640K, reserved 1105920K
  class space    used 7306K, committed 7424K, reserved 1048576K
}
Event: 3.971 GC heap before
{Heap before GC invocations=16 (full 0):
 garbage-first heap   total 75776K, used 40718K [0x0000000083200000, 0x0000000100000000)
  region size 1024K, 21 young (21504K), 2 survivors (2048K)
 Metaspace       used 59916K, committed 60160K, reserved 1105920K
  class space    used 7923K, committed 8064K, reserved 1048576K
}
Event: 3.973 GC heap after
{Heap after GC invocations=17 (full 0):
 garbage-first heap   total 75776K, used 23191K [0x0000000083200000, 0x0000000100000000)
  region size 1024K, 3 young (3072K), 3 survivors (3072K)
 Metaspace       used 59916K, committed 60160K, reserved 1105920K
  class space    used 7923K, committed 8064K, reserved 1048576K
}
Event: 4.441 GC heap before
{Heap before GC invocations=18 (full 0):
 garbage-first heap   total 75776K, used 58007K [0x0000000083200000, 0x0000000100000000)
  region size 1024K, 37 young (37888K), 3 survivors (3072K)
 Metaspace       used 64538K, committed 64896K, reserved 1105920K
  class space    used 8604K, committed 8768K, reserved 1048576K
}
Event: 4.444 GC heap after
{Heap after GC invocations=19 (full 0):
 garbage-first heap   total 75776K, used 25331K [0x0000000083200000, 0x0000000100000000)
  region size 1024K, 4 young (4096K), 4 survivors (4096K)
 Metaspace       used 64538K, committed 64896K, reserved 1105920K
  class space    used 8604K, committed 8768K, reserved 1048576K
}
Event: 4.873 GC heap before
{Heap before GC invocations=19 (full 0):
 garbage-first heap   total 75776K, used 58099K [0x0000000083200000, 0x0000000100000000)
  region size 1024K, 36 young (36864K), 4 survivors (4096K)
 Metaspace       used 67870K, committed 68224K, reserved 1114112K
  class space    used 9095K, committed 9280K, reserved 1048576K
}
Event: 4.878 GC heap after
{Heap after GC invocations=20 (full 0):
 garbage-first heap   total 75776K, used 28113K [0x0000000083200000, 0x0000000100000000)
  region size 1024K, 5 young (5120K), 5 survivors (5120K)
 Metaspace       used 67870K, committed 68224K, reserved 1114112K
  class space    used 9095K, committed 9280K, reserved 1048576K
}

Deoptimization events (20 events):
Event: 6.963 Thread 0x000002655143a4b0 DEOPT PACKING pc=0x0000026532822437 sp=0x000000b9711fedd0
Event: 6.963 Thread 0x000002655143a4b0 DEOPT UNPACKING pc=0x0000026531f46763 sp=0x000000b9711fe298 mode 0
Event: 7.677 Thread 0x000002654c5f8d50 Uncommon trap: trap_request=0xffffff45 fr.pc=0x0000026539bf4d24 relative=0x0000000000001f44
Event: 7.677 Thread 0x000002654c5f8d50 Uncommon trap: reason=unstable_if action=reinterpret pc=0x0000026539bf4d24 method=java.net.URL.<init>(Ljava/net/URL;Ljava/lang/String;Ljava/net/URLStreamHandler;)V @ 57 c2
Event: 7.677 Thread 0x000002654c5f8d50 DEOPT PACKING pc=0x0000026539bf4d24 sp=0x000000b9708feb30
Event: 7.677 Thread 0x000002654c5f8d50 DEOPT UNPACKING pc=0x0000026531f45c23 sp=0x000000b9708feaf0 mode 2
Event: 87.748 Thread 0x000002655143a980 Uncommon trap: trap_request=0xffffff45 fr.pc=0x0000026539b15a28 relative=0x0000000000001d88
Event: 87.748 Thread 0x000002655143a980 Uncommon trap: reason=unstable_if action=reinterpret pc=0x0000026539b15a28 method=jdk.internal.jimage.ImageLocation.verifyName(Ljava/lang/String;Ljava/lang/String;IIIIIILjdk/internal/jimage/ImageStrings;)Z @ 2 c2
Event: 87.748 Thread 0x000002655143a980 DEOPT PACKING pc=0x0000026539b15a28 sp=0x000000b9714fd320
Event: 87.748 Thread 0x000002655143a980 DEOPT UNPACKING pc=0x0000026531f45c23 sp=0x000000b9714fd218 mode 2
Event: 87.758 Thread 0x000002655143a980 Uncommon trap: trap_request=0xffffff45 fr.pc=0x0000026539a63e50 relative=0x00000000000001d0
Event: 87.758 Thread 0x000002655143a980 Uncommon trap: reason=unstable_if action=reinterpret pc=0x0000026539a63e50 method=java.lang.String.indexOf(Ljava/lang/String;)I @ 10 c2
Event: 87.758 Thread 0x000002655143a980 DEOPT PACKING pc=0x0000026539a63e50 sp=0x000000b9714fdc70
Event: 87.758 Thread 0x000002655143a980 DEOPT UNPACKING pc=0x0000026531f45c23 sp=0x000000b9714fdc00 mode 2
Event: 87.776 Thread 0x000002654c5f8d50 Uncommon trap: trap_request=0xffffff45 fr.pc=0x0000026539a642b0 relative=0x00000000000001b0
Event: 87.776 Thread 0x000002654c5f8d50 Uncommon trap: reason=unstable_if action=reinterpret pc=0x0000026539a642b0 method=java.lang.StringLatin1.indexOf([B[B)I @ 9 c2
Event: 87.776 Thread 0x000002654c5f8d50 DEOPT PACKING pc=0x0000026539a642b0 sp=0x000000b9708feb30
Event: 87.776 Thread 0x000002654c5f8d50 DEOPT UNPACKING pc=0x0000026531f45c23 sp=0x000000b9708fead0 mode 2
Event: 87.796 Thread 0x000002655143a980 DEOPT PACKING pc=0x000002653269a51b sp=0x000000b9714f9290
Event: 87.796 Thread 0x000002655143a980 DEOPT UNPACKING pc=0x0000026531f46763 sp=0x000000b9714f8700 mode 0

Classes unloaded (0 events):
No events

Classes redefined (0 events):
No events

Internal exceptions (20 events):
Event: 4.467 Thread 0x000002654ab1ac30 Exception <a 'java/lang/ClassNotFoundException'{0x0000000087846698}: java/lang/ObjectCustomizer> (0x0000000087846698) 
thrown [s\src\hotspot\share\classfile\systemDictionary.cpp, line 256]
Event: 4.467 Thread 0x000002654ab1ac30 Exception <a 'java/lang/ClassNotFoundException'{0x000000008784ea40}: org/springframework/security/config/annotation/web/configuration/WebSecurityConfigurationCustomizer> (0x000000008784ea40) 
thrown [s\src\hotspot\share\classfile\systemDictionary.cpp, line 256]
Event: 4.468 Thread 0x000002654ab1ac30 Exception <a 'java/lang/ClassNotFoundException'{0x000000008785bdb0}: org/springframework/context/annotation/ImportAwareCustomizer> (0x000000008785bdb0) 
thrown [s\src\hotspot\share\classfile\systemDictionary.cpp, line 256]
Event: 4.468 Thread 0x000002654ab1ac30 Exception <a 'java/lang/ClassNotFoundException'{0x0000000087861008}: org/springframework/beans/factory/AwareCustomizer> (0x0000000087861008) 
thrown [s\src\hotspot\share\classfile\systemDictionary.cpp, line 256]
Event: 4.469 Thread 0x000002654ab1ac30 Exception <a 'java/lang/ClassNotFoundException'{0x00000000878656b8}: org/springframework/beans/factory/BeanClassLoaderAwareCustomizer> (0x00000000878656b8) 
thrown [s\src\hotspot\share\classfile\systemDictionary.cpp, line 256]
Event: 4.469 Thread 0x000002654ab1ac30 Exception <a 'java/lang/ClassNotFoundException'{0x000000008786a8f0}: org/springframework/beans/factory/AwareCustomizer> (0x000000008786a8f0) 
thrown [s\src\hotspot\share\classfile\systemDictionary.cpp, line 256]
Event: 4.557 Thread 0x000002654ab1ac30 Exception <a 'java/lang/NoSuchMethodError'{0x0000000087279bb0}: 'java.lang.Object java.lang.invoke.Invokers$Holder.invoker(java.lang.Object, java.lang.Object, java.lang.Object, java.lang.Object)'> (0x0000000087279bb0) 
thrown [s\src\hotspot\share\interpreter\linkResolver.cpp, line 771]
Event: 4.558 Thread 0x000002654ab1ac30 Exception <a 'java/lang/NoSuchMethodError'{0x0000000087284090}: 'int java.lang.invoke.DirectMethodHandle$Holder.invokeSpecial(java.lang.Object, java.lang.Object, java.lang.Object, int)'> (0x0000000087284090) 
thrown [s\src\hotspot\share\interpreter\linkResolver.cpp, line 771]
Event: 4.560 Thread 0x000002654ab1ac30 Exception <a 'java/lang/NoSuchMethodError'{0x000000008729d6e0}: 'void java.lang.invoke.DelegatingMethodHandle$Holder.reinvoke_L(java.lang.Object, java.lang.Object, int)'> (0x000000008729d6e0) 
thrown [s\src\hotspot\share\interpreter\linkResolver.cpp, line 771]
Event: 4.561 Thread 0x000002654ab1ac30 Exception <a 'java/lang/NoSuchMethodError'{0x00000000872ab438}: 'java.lang.Object java.lang.invoke.Invokers$Holder.invokeExact_MT(java.lang.Object, java.lang.Object, java.lang.Object, java.lang.Object)'> (0x00000000872ab438) 
thrown [s\src\hotspot\share\interpreter\linkResolver.cpp, line 771]
Event: 4.580 Thread 0x000002654ab1ac30 Exception <a 'java/lang/NoSuchMethodError'{0x0000000087199cb0}: 'java.lang.Object java.lang.invoke.DirectMethodHandle$Holder.invokeInterface(java.lang.Object, java.lang.Object, java.lang.Object, java.lang.Object)'> (0x0000000087199cb0) 
thrown [s\src\hotspot\share\interpreter\linkResolver.cpp, line 771]
Event: 4.683 Thread 0x000002654ab1ac30 Exception <a 'java/lang/NoSuchMethodError'{0x00000000869b7778}: 'void java.lang.invoke.DirectMethodHandle$Holder.invokeVirtual(java.lang.Object, java.lang.Object, int)'> (0x00000000869b7778) 
thrown [s\src\hotspot\share\interpreter\linkResolver.cpp, line 771]
Event: 4.685 Thread 0x000002654ab1ac30 Exception <a 'java/lang/NoSuchMethodError'{0x00000000869d2128}: 'void java.lang.invoke.DirectMethodHandle$Holder.invokeVirtual(java.lang.Object, java.lang.Object, long)'> (0x00000000869d2128) 
thrown [s\src\hotspot\share\interpreter\linkResolver.cpp, line 771]
Event: 4.790 Thread 0x000002654ab1ac30 Exception <a 'java/lang/IncompatibleClassChangeError'{0x00000000861394a0}: Found class java.lang.Object, but interface was expected> (0x00000000861394a0) 
thrown [s\src\hotspot\share\interpreter\linkResolver.cpp, line 838]
Event: 4.823 Thread 0x000002654ab1ac30 Exception <a 'java/lang/NoSuchMethodError'{0x0000000085f6a240}: 'int java.lang.invoke.DirectMethodHandle$Holder.invokeStaticInit(java.lang.Object, java.lang.Object, java.lang.Object, java.lang.Object)'> (0x0000000085f6a240) 
thrown [s\src\hotspot\share\interpreter\linkResolver.cpp, line 771]
Event: 4.884 Thread 0x000002654ab1ac30 Implicit null exception at 0x0000026539af1e5a to 0x0000026539af2088
Event: 4.949 Thread 0x000002654ab1ac30 Exception <a 'java/lang/NoSuchMethodError'{0x0000000087650fb8}: 'java.lang.Object java.lang.invoke.DirectMethodHandle$Holder.invokeSpecial(java.lang.Object, java.lang.Object, int, java.lang.Object, int, java.lang.Object)'> (0x0000000087650fb8) 
thrown [s\src\hotspot\share\interpreter\linkResolver.cpp, line 771]
Event: 4.950 Thread 0x000002654ab1ac30 Exception <a 'java/lang/NoSuchMethodError'{0x0000000087659060}: 'java.lang.Object java.lang.invoke.DirectMethodHandle$Holder.newInvokeSpecial(java.lang.Object, java.lang.Object, int, java.lang.Object, int)'> (0x0000000087659060) 
thrown [s\src\hotspot\share\interpreter\linkResolver.cpp, line 771]
Event: 4.950 Thread 0x000002654ab1ac30 Exception <a 'java/lang/NoSuchMethodError'{0x000000008765d160}: 'java.lang.Object java.lang.invoke.DirectMethodHandle$Holder.invokeSpecial(java.lang.Object, java.lang.Object, java.lang.Object, int, java.lang.Object, int)'> (0x000000008765d160) 
thrown [s\src\hotspot\share\interpreter\linkResolver.cpp, line 771]
Event: 4.951 Thread 0x000002654ab1ac30 Exception <a 'java/lang/NoSuchMethodError'{0x0000000087667000}: 'void java.lang.invoke.DirectMethodHandle$Holder.invokeVirtual(java.lang.Object, java.lang.Object)'> (0x0000000087667000) 
thrown [s\src\hotspot\share\interpreter\linkResolver.cpp, line 771]

VM Operations (20 events):
Event: 5.997 Executing VM operation: Cleanup
Event: 5.997 Executing VM operation: Cleanup done
Event: 22.086 Executing VM operation: Cleanup
Event: 22.086 Executing VM operation: Cleanup done
Event: 33.171 Executing VM operation: Cleanup
Event: 33.171 Executing VM operation: Cleanup done
Event: 45.342 Executing VM operation: Cleanup
Event: 45.342 Executing VM operation: Cleanup done
Event: 64.479 Executing VM operation: Cleanup
Event: 64.479 Executing VM operation: Cleanup done
Event: 70.527 Executing VM operation: Cleanup
Event: 70.527 Executing VM operation: Cleanup done
Event: 78.597 Executing VM operation: Cleanup
Event: 78.597 Executing VM operation: Cleanup done
Event: 87.738 Executing VM operation: HandshakeAllThreads
Event: 87.739 Executing VM operation: HandshakeAllThreads done
Event: 87.739 Executing VM operation: Cleanup
Event: 87.739 Executing VM operation: Cleanup done
Event: 87.789 Executing VM operation: HandshakeAllThreads
Event: 87.789 Executing VM operation: HandshakeAllThreads done

Events (20 events):
Event: 87.701 loading class sun/nio/ch/SocketAdaptor done
Event: 87.701 loading class sun/nio/ch/SocketChannelImpl$DefaultOptionsHolder
Event: 87.701 loading class sun/nio/ch/SocketChannelImpl$DefaultOptionsHolder done
Event: 87.702 loading class sun/nio/ch/SelectionKeyImpl
Event: 87.702 loading class java/nio/channels/spi/AbstractSelectionKey
Event: 87.702 loading class java/nio/channels/SelectionKey
Event: 87.702 loading class java/nio/channels/SelectionKey done
Event: 87.702 loading class java/nio/channels/spi/AbstractSelectionKey done
Event: 87.702 loading class sun/nio/ch/SelectionKeyImpl done
Event: 87.703 loading class java/lang/invoke/ConstantBootstraps
Event: 87.703 loading class java/lang/invoke/ConstantBootstraps done
Event: 87.729 loading class sun/nio/cs/ThreadLocalCoders
Event: 87.729 loading class sun/nio/cs/ThreadLocalCoders done
Event: 87.729 loading class sun/nio/cs/ThreadLocalCoders$1
Event: 87.729 loading class sun/nio/cs/ThreadLocalCoders$Cache
Event: 87.729 loading class sun/nio/cs/ThreadLocalCoders$Cache done
Event: 87.729 loading class sun/nio/cs/ThreadLocalCoders$1 done
Event: 87.729 loading class sun/nio/cs/ThreadLocalCoders$2
Event: 87.729 loading class sun/nio/cs/ThreadLocalCoders$2 done
Event: 87.752 Thread 0x000002654bb49b80 Thread added: 0x000002654bb49b80


Dynamic libraries:
0x00007ff740f10000 - 0x00007ff740f1a000 	C:\Program Files\JetBrains\IntelliJ IDEA Educational Edition 2022.2.2\jbr\bin\java.exe
0x00007ffeaf150000 - 0x00007ffeaf367000 	C:\WINDOWS\SYSTEM32\ntdll.dll
0x00007ffead350000 - 0x00007ffead414000 	C:\WINDOWS\System32\KERNEL32.DLL
0x00007ffeac620000 - 0x00007ffeac9c6000 	C:\WINDOWS\System32\KERNELBASE.dll
0x00007ffeacbe0000 - 0x00007ffeaccf1000 	C:\WINDOWS\System32\ucrtbase.dll
0x00007ffea2d50000 - 0x00007ffea2d67000 	C:\Program Files\JetBrains\IntelliJ IDEA Educational Edition 2022.2.2\jbr\bin\jli.dll
0x00007ffea46c0000 - 0x00007ffea46db000 	C:\Program Files\JetBrains\IntelliJ IDEA Educational Edition 2022.2.2\jbr\bin\VCRUNTIME140.dll
0x00007ffeaef60000 - 0x00007ffeaf10e000 	C:\WINDOWS\System32\USER32.dll
0x00007ffea20d0000 - 0x00007ffea2363000 	C:\WINDOWS\WinSxS\amd64_microsoft.windows.common-controls_6595b64144ccf1df_6.0.22621.2506_none_270c5ae97388e100\COMCTL32.dll
0x00007ffeac9d0000 - 0x00007ffeac9f6000 	C:\WINDOWS\System32\win32u.dll
0x00007ffeaee80000 - 0x00007ffeaef27000 	C:\WINDOWS\System32\msvcrt.dll
0x00007ffeaef30000 - 0x00007ffeaef59000 	C:\WINDOWS\System32\GDI32.dll
0x00007ffeacd80000 - 0x00007ffeace98000 	C:\WINDOWS\System32\gdi32full.dll
0x00007ffeac490000 - 0x00007ffeac52a000 	C:\WINDOWS\System32\msvcp_win.dll
0x00007ffeaed40000 - 0x00007ffeaed71000 	C:\WINDOWS\System32\IMM32.DLL
0x00007ffea4790000 - 0x00007ffea479c000 	C:\Program Files\JetBrains\IntelliJ IDEA Educational Edition 2022.2.2\jbr\bin\vcruntime140_1.dll
0x00007ffe88640000 - 0x00007ffe886cd000 	C:\Program Files\JetBrains\IntelliJ IDEA Educational Edition 2022.2.2\jbr\bin\msvcp140.dll
0x00007ffe61280000 - 0x00007ffe61ee9000 	C:\Program Files\JetBrains\IntelliJ IDEA Educational Edition 2022.2.2\jbr\bin\server\jvm.dll
0x00007ffeaec80000 - 0x00007ffeaed33000 	C:\WINDOWS\System32\ADVAPI32.dll
0x00007ffead790000 - 0x00007ffead838000 	C:\WINDOWS\System32\sechost.dll
0x00007ffeac530000 - 0x00007ffeac558000 	C:\WINDOWS\System32\bcrypt.dll
0x00007ffeada40000 - 0x00007ffeadb57000 	C:\WINDOWS\System32\RPCRT4.dll
0x00007ffeada30000 - 0x00007ffeada38000 	C:\WINDOWS\System32\PSAPI.DLL
0x00007ffe954f0000 - 0x00007ffe954f9000 	C:\WINDOWS\SYSTEM32\WSOCK32.dll
0x00007ffea2e60000 - 0x00007ffea2e6a000 	C:\WINDOWS\SYSTEM32\VERSION.dll
0x00007ffea7870000 - 0x00007ffea78a4000 	C:\WINDOWS\SYSTEM32\WINMM.dll
0x00007ffeaed80000 - 0x00007ffeaedf1000 	C:\WINDOWS\System32\WS2_32.dll
0x00007ffeab4d0000 - 0x00007ffeab4e8000 	C:\WINDOWS\SYSTEM32\kernel.appcore.dll
0x00007ffea79a0000 - 0x00007ffea79aa000 	C:\Program Files\JetBrains\IntelliJ IDEA Educational Edition 2022.2.2\jbr\bin\jimage.dll
0x00007ffea9bc0000 - 0x00007ffea9df3000 	C:\WINDOWS\SYSTEM32\DBGHELP.DLL
0x00007ffeae6c0000 - 0x00007ffeaea49000 	C:\WINDOWS\System32\combase.dll
0x00007ffead6b0000 - 0x00007ffead787000 	C:\WINDOWS\System32\OLEAUT32.dll
0x00007ffea3b90000 - 0x00007ffea3bc2000 	C:\WINDOWS\SYSTEM32\dbgcore.DLL
0x00007ffeacd00000 - 0x00007ffeacd7a000 	C:\WINDOWS\System32\bcryptPrimitives.dll
0x00007ffea6b60000 - 0x00007ffea6b6e000 	C:\Program Files\JetBrains\IntelliJ IDEA Educational Edition 2022.2.2\jbr\bin\instrument.dll
0x00007ffea6c80000 - 0x00007ffea6ca5000 	C:\Program Files\JetBrains\IntelliJ IDEA Educational Edition 2022.2.2\jbr\bin\java.dll
0x00007ffea7000000 - 0x00007ffea7018000 	C:\Program Files\JetBrains\IntelliJ IDEA Educational Edition 2022.2.2\jbr\bin\zip.dll
0x00007ffeade60000 - 0x00007ffeae6bb000 	C:\WINDOWS\System32\SHELL32.dll
0x00007ffeaa3f0000 - 0x00007ffeaace6000 	C:\WINDOWS\SYSTEM32\windows.storage.dll
0x00007ffeaa2b0000 - 0x00007ffeaa3ee000 	C:\WINDOWS\SYSTEM32\wintypes.dll
0x00007ffead520000 - 0x00007ffead613000 	C:\WINDOWS\System32\SHCORE.dll
0x00007ffeadc20000 - 0x00007ffeadc7e000 	C:\WINDOWS\System32\shlwapi.dll
0x00007ffeac3c0000 - 0x00007ffeac3e6000 	C:\WINDOWS\SYSTEM32\profapi.dll
0x00007ffea6ad0000 - 0x00007ffea6ae9000 	C:\Program Files\JetBrains\IntelliJ IDEA Educational Edition 2022.2.2\jbr\bin\net.dll
0x00007ffea7300000 - 0x00007ffea7437000 	C:\WINDOWS\SYSTEM32\WINHTTP.dll
0x00007ffeab950000 - 0x00007ffeab9b9000 	C:\WINDOWS\system32\mswsock.dll
0x00007ffea69d0000 - 0x00007ffea69e6000 	C:\Program Files\JetBrains\IntelliJ IDEA Educational Edition 2022.2.2\jbr\bin\nio.dll
0x00007ffea6a10000 - 0x00007ffea6a2a000 	C:\Program Files\JetBrains\IntelliJ IDEA Educational Edition 2022.2.2\bin\breakgen64.dll
0x00007ffe9f7d0000 - 0x00007ffe9f7e0000 	C:\Program Files\JetBrains\IntelliJ IDEA Educational Edition 2022.2.2\jbr\bin\verify.dll
0x00007ffe9e100000 - 0x00007ffe9e109000 	C:\Program Files\JetBrains\IntelliJ IDEA Educational Edition 2022.2.2\jbr\bin\management.dll
0x00007ffe9d5e0000 - 0x00007ffe9d5eb000 	C:\Program Files\JetBrains\IntelliJ IDEA Educational Edition 2022.2.2\jbr\bin\management_ext.dll
0x00007ffe93a30000 - 0x00007ffe93a47000 	C:\WINDOWS\system32\napinsp.dll
0x00007ffe93100000 - 0x00007ffe9311b000 	C:\WINDOWS\system32\pnrpnsp.dll
0x00007ffeaafc0000 - 0x00007ffeab0b9000 	C:\WINDOWS\SYSTEM32\DNSAPI.dll
0x00007ffeaaf90000 - 0x00007ffeaafbd000 	C:\WINDOWS\SYSTEM32\IPHLPAPI.DLL
0x00007ffeadb60000 - 0x00007ffeadb69000 	C:\WINDOWS\System32\NSI.dll
0x00007ffe930a0000 - 0x00007ffe930b1000 	C:\WINDOWS\System32\winrnr.dll
0x00007ffe93080000 - 0x00007ffe93095000 	C:\WINDOWS\system32\wshbth.dll
0x00007ffe93020000 - 0x00007ffe93041000 	C:\WINDOWS\system32\nlansp_c.dll
0x00007ffea60c0000 - 0x00007ffea60ca000 	C:\Windows\System32\rasadhlp.dll
0x00007ffea60d0000 - 0x00007ffea6153000 	C:\WINDOWS\System32\fwpuclnt.dll
0x00007ffeabc10000 - 0x00007ffeabc2b000 	C:\WINDOWS\SYSTEM32\CRYPTSP.dll
0x00007ffeab430000 - 0x00007ffeab465000 	C:\WINDOWS\system32\rsaenh.dll
0x00007ffeabab0000 - 0x00007ffeabadc000 	C:\WINDOWS\SYSTEM32\USERENV.dll
0x00007ffeabc30000 - 0x00007ffeabc3c000 	C:\WINDOWS\SYSTEM32\CRYPTBASE.dll
0x00007ffea72d0000 - 0x00007ffea72e9000 	C:\WINDOWS\SYSTEM32\dhcpcsvc6.DLL
0x00007ffea71f0000 - 0x00007ffea720f000 	C:\WINDOWS\SYSTEM32\dhcpcsvc.DLL
0x00007ffea6200000 - 0x00007ffea620d000 	C:\Program Files\JetBrains\IntelliJ IDEA Educational Edition 2022.2.2\jbr\bin\sunmscapi.dll
0x00007ffeaca00000 - 0x00007ffeacb66000 	C:\WINDOWS\System32\CRYPT32.dll
0x00007ffeabe50000 - 0x00007ffeabe7e000 	C:\WINDOWS\SYSTEM32\ncrypt.dll
0x00007ffeabe10000 - 0x00007ffeabe47000 	C:\WINDOWS\SYSTEM32\NTASN1.dll
0x00007ffea61f0000 - 0x00007ffea61f8000 	C:\WINDOWS\system32\wshunix.dll

dbghelp: loaded successfully - version: 4.0.5 - missing functions: none
symbol engine: initialized successfully - sym options: 0x614 - pdb path: .;C:\Program Files\JetBrains\IntelliJ IDEA Educational Edition 2022.2.2\jbr\bin;C:\WINDOWS\SYSTEM32;C:\WINDOWS\WinSxS\amd64_microsoft.windows.common-controls_6595b64144ccf1df_6.0.22621.2506_none_270c5ae97388e100;C:\Program Files\JetBrains\IntelliJ IDEA Educational Edition 2022.2.2\jbr\bin\server;C:\Program Files\JetBrains\IntelliJ IDEA Educational Edition 2022.2.2\bin

VM Arguments:
jvm_args: -javaagent:C:\Program Files\JetBrains\IntelliJ IDEA Educational Edition 2022.2.2\lib\idea_rt.jar=41703:C:\Program Files\JetBrains\IntelliJ IDEA Educational Edition 2022.2.2\bin -Dfile.encoding=UTF-8 
java_command: com.proyectojwt.ProyectoJwtApplication
java_class_path (initial): D:\a\Proyecto-JWT-Backend-master\Proyecto-JWT-Backend-master\target\classes;C:\Users\PCMovil\.m2\repository\org\springframework\boot\spring-boot-starter-data-jpa\2.7.15\spring-boot-starter-data-jpa-2.7.15.jar;C:\Users\PCMovil\.m2\repository\org\springframework\boot\spring-boot-starter-aop\2.7.15\spring-boot-starter-aop-2.7.15.jar;C:\Users\PCMovil\.m2\repository\org\aspectj\aspectjweaver\1.9.7\aspectjweaver-1.9.7.jar;C:\Users\PCMovil\.m2\repository\org\springframework\boot\spring-boot-starter-jdbc\2.7.15\spring-boot-starter-jdbc-2.7.15.jar;C:\Users\PCMovil\.m2\repository\com\zaxxer\HikariCP\4.0.3\HikariCP-4.0.3.jar;C:\Users\PCMovil\.m2\repository\org\springframework\spring-jdbc\5.3.29\spring-jdbc-5.3.29.jar;C:\Users\PCMovil\.m2\repository\jakarta\transaction\jakarta.transaction-api\1.3.3\jakarta.transaction-api-1.3.3.jar;C:\Users\PCMovil\.m2\repository\jakarta\persistence\jakarta.persistence-api\2.2.3\jakarta.persistence-api-2.2.3.jar;C:\Users\PCMovil\.m2\repository\org\hibernate\hibernate-core\5.6.15.Final\hibernate-core-5.6.15.Final.jar;C:\Users\PCMovil\.m2\repository\org\jboss\logging\jboss-logging\3.4.3.Final\jboss-logging-3.4.3.Final.jar;C:\Users\PCMovil\.m2\repository\net\bytebuddy\byte-buddy\1.12.23\byte-buddy-1.12.23.jar;C:\Users\PCMovil\.m2\repository\antlr\antlr\2.7.7\antlr-2.7.7.jar;C:\Users\PCMovil\.m2\repository\org\jboss\jandex\2.4.2.Final\jandex-2.4.2.Final.jar;C:\Users\PCMovil\.m2\repository\com\fasterxml\classmate\1.5.1\classmate-1.5.1.jar;C:\Users\PCMovil\.m2\repository\org\hibernate\common\hibernate-commons-annotations\5.1.2.Final\hibernate-commons-annotations-5.1.2.Final.jar;C:\Users\PCMovil\.m2\repository\org\glassfish\jaxb\jaxb-runtime\2.3.8\jaxb-runtime-2.3.8.jar;C:\Users\PCMovil\.m2\repository\org\glassfish\jaxb\txw2\2.3.8\txw2-2.3.8.jar;C:\Users\PCMovil\.m2\repository\com\sun\istack\istack-commons-runtime\3.0.12\istack-commons-runtime-3.0.12.jar;C:\Users\PCMovil\.m2\repository\com\sun\activation\jakarta.activation
Launcher Type: SUN_STANDARD

[Global flags]
     intx CICompilerCount                          = 4                                         {product} {ergonomic}
     uint ConcGCThreads                            = 2                                         {product} {ergonomic}
     uint G1ConcRefinementThreads                  = 8                                         {product} {ergonomic}
   size_t G1HeapRegionSize                         = 1048576                                   {product} {ergonomic}
    uintx GCDrainStackTargetSize                   = 64                                        {product} {ergonomic}
   size_t InitialHeapSize                          = 132120576                                 {product} {ergonomic}
   size_t MarkStackSize                            = 4194304                                   {product} {ergonomic}
   size_t MaxHeapSize                              = 2095054848                                {product} {ergonomic}
   size_t MaxNewSize                               = 1256194048                                {product} {ergonomic}
   size_t MinHeapDeltaBytes                        = 1048576                                   {product} {ergonomic}
   size_t MinHeapSize                              = 8388608                                   {product} {ergonomic}
    uintx NonNMethodCodeHeapSize                   = 5839372                                {pd product} {ergonomic}
    uintx NonProfiledCodeHeapSize                  = 122909434                              {pd product} {ergonomic}
    uintx ProfiledCodeHeapSize                     = 122909434                              {pd product} {ergonomic}
    uintx ReservedCodeCacheSize                    = 251658240                              {pd product} {ergonomic}
     bool SegmentedCodeCache                       = true                                      {product} {ergonomic}
   size_t SoftMaxHeapSize                          = 2095054848                             {manageable} {ergonomic}
     bool UseCompressedClassPointers               = true                           {product lp64_product} {ergonomic}
     bool UseCompressedOops                        = true                           {product lp64_product} {ergonomic}
     bool UseG1GC                                  = true                                      {product} {ergonomic}
     bool UseLargePagesIndividualAllocation        = false                                  {pd product} {ergonomic}

Logging:
Log output configuration:
 #0: stdout all=warning uptime,level,tags
 #1: stderr all=off uptime,level,tags

Environment Variables:
JAVA_HOME=C:\Program Files (x86)\Java\jre-1.8
PATH=C:\Program Files\OpenLogic\jdk-8.0.382.05-hotspot\bin;C:\Program Files (x86)\Common Files\Oracle\Java\javapath;C:\Windows\System32\HWAudioDriverLibs;C:\Windows\system32;C:\Windows;C:\Windows\System32\Wbem;C:\Windows\System32\WindowsPowerShell\v1.0\;C:\Windows\System32\OpenSSH\;C:\Windows\system32\config\systemprofile\AppData\Local\Microsoft\WindowsApps;C:\Program Files\PuTTY\;C:\WINDOWS\system32;C:\WINDOWS;C:\WINDOWS\System32\Wbem;C:\WINDOWS\System32\WindowsPowerShell\v1.0\;C:\WINDOWS\System32\OpenSSH\;C:\Program Files\Oberthur Technologies\AuthentIC Webpack\Dlls;C:\Program Files (x86)\Oberthur Technologies\AuthentIC Webpack\Dlls;C:\Program Files\nodejs\;C:\Program Files (x86)\Java\jre-1.8\bin;C:\Program Files\Git\cmd;C:\Users\PCMovil\AppData\Local\Microsoft\WindowsApps;C:\Program Files (x86)\Nmap;C:\Users\PCMovil\AppData\Local\Programs\Microsoft VS Code\bin;C:\Users\PCMovil\AppData\Roaming\npm;C:\Users\PCMovil\AppData\Local\GitHubDesktop\bin
USERNAME=PCMovil
OS=Windows_NT
PROCESSOR_IDENTIFIER=Intel64 Family 6 Model 140 Stepping 1, GenuineIntel
TMP=C:\Users\PCMovil\AppData\Local\Temp
TEMP=C:\Users\PCMovil\AppData\Local\Temp



---------------  S Y S T E M  ---------------

OS:
 Windows 11 , 64 bit Build 22621 (10.0.22621.3085)
OS uptime: 4 days 14:36 hours

CPU: total 8 (initial active 8) (4 cores per cpu, 2 threads per core) family 6 model 140 stepping 1 microcode 0x8a, cx8, cmov, fxsr, ht, mmx, 3dnowpref, sse, sse2, sse3, ssse3, sse4.1, sse4.2, popcnt, lzcnt, tsc, tscinvbit, avx, avx2, aes, erms, clmul, bmi1, bmi2, adx, avx512f, avx512dq, avx512cd, avx512bw, avx512vl, sha, fma, vzeroupper, avx512_vpopcntdq, avx512_vpclmulqdq, avx512_vaes, avx512_vnni, clflush, clflushopt, clwb, avx512_vbmi2, avx512_vbmi

Memory: 4k page, system-wide physical 7991M (584M free)
TotalPageFile size 10039M (AvailPageFile size 5M)
current process WorkingSet (physical memory assigned to process): 247M, peak: 309M
current process commit charge ("private bytes"): 279M, peak: 341M

vm_info: OpenJDK 64-Bit Server VM (17.0.4.1+7-b469.62) for windows-amd64 JRE (17.0.4.1+7-b469.62), built on 2022-09-22 by "builduser" with MS VC++ 16.10 / 16.11 (VS2019)

END.
