#
# There is insufficient memory for the Java Runtime Environment to continue.
# Native memory allocation (malloc) failed to allocate 1162256 bytes for Chunk::new
# Possible reasons:
#   The system is out of physical RAM or swap space
#   The process is running with CompressedOops enabled, and the Java Heap may be blocking the growth of the native heap
# Possible solutions:
#   Reduce memory load on the system
#   Increase physical memory or swap space
#   Check if swap backing store is full
#   Decrease Java heap size (-Xmx/-Xms)
#   Decrease number of Java threads
#   Decrease Java thread stack sizes (-Xss)
#   Set larger code cache with -XX:ReservedCodeCacheSize=
#   JVM is running with Unscaled Compressed Oops mode in which the Java heap is
#     placed in the first 4GB address space. The Java Heap base address is the
#     maximum limit for the native heap growth. Please use -XX:HeapBaseMinAddress
#     to set the Java Heap base and to place the Java Heap above 4GB virtual address.
# This output file may be truncated or incomplete.
#
#  Out of Memory Error (arena.cpp:189), pid=17868, tid=11128
#
# JRE version: OpenJDK Runtime Environment JBR-17.0.4.1+7-469.62-jcef (17.0.4.1+7) (build 17.0.4.1+7-b469.62)
# Java VM: OpenJDK 64-Bit Server VM JBR-17.0.4.1+7-469.62-jcef (17.0.4.1+7-b469.62, mixed mode, tiered, compressed oops, compressed class ptrs, g1 gc, windows-amd64)
# No core dump will be written. Minidumps are not enabled by default on client versions of Windows
#

---------------  S U M M A R Y ------------

Command Line: -javaagent:C:\Program Files\JetBrains\IntelliJ IDEA Educational Edition 2022.2.2\lib\idea_rt.jar=13722:C:\Program Files\JetBrains\IntelliJ IDEA Educational Edition 2022.2.2\bin -Dfile.encoding=UTF-8 com.proyectojwt.ProyectoJwtApplication

Host: 11th Gen Intel(R) Core(TM) i5-1135G7 @ 2.40GHz, 8 cores, 7G,  Windows 11 , 64 bit Build 22621 (10.0.22621.3085)
Time: Tue Jan 30 10:06:19 2024 Hora est. Pacífico, Sudamérica elapsed time: 5866.552547 seconds (0d 1h 37m 46s)

---------------  T H R E A D  ---------------

Current thread (0x000001bef2847fa0):  JavaThread "C2 CompilerThread0" daemon [_thread_in_native, id=11128, stack(0x000000801f400000,0x000000801f500000)]


Current CompileTask:
C2:5866552 9491       4       org.springframework.util.ConcurrentReferenceHashMap$Segment::restructureIfNecessary (56 bytes)

Stack: [0x000000801f400000,0x000000801f500000]
Native frames: (J=compiled Java code, j=interpreted, Vv=VM code, C=native code)
V  [jvm.dll+0x68356a]
V  [jvm.dll+0x83fab4]
V  [jvm.dll+0x84125e]
V  [jvm.dll+0x8418c3]
V  [jvm.dll+0x249735]
V  [jvm.dll+0xabd5c]
V  [jvm.dll+0xac32c]
V  [jvm.dll+0x368842]
V  [jvm.dll+0x332d71]
V  [jvm.dll+0x33221a]
V  [jvm.dll+0x21be41]
V  [jvm.dll+0x21b261]
V  [jvm.dll+0x1a4dfd]
V  [jvm.dll+0x22acd8]
V  [jvm.dll+0x228d89]
V  [jvm.dll+0x7f53ac]
V  [jvm.dll+0x7ef8da]
V  [jvm.dll+0x6823a5]
C  [ucrtbase.dll+0x29363]
C  [KERNEL32.DLL+0x1257d]
C  [ntdll.dll+0x5aa58]


---------------  P R O C E S S  ---------------

Threads class SMR info:
_java_thread_list=0x000001bef495d1c0, length=32, elements={
0x000001bef1cbac10, 0x000001bef1cbb7c0, 0x000001bef2830600, 0x000001bef28311b0,
0x000001bef2831c60, 0x000001bef28462f0, 0x000001bef2847fa0, 0x000001bef285e860,
0x000001bef2866d60, 0x000001bef29d8390, 0x000001bef2b78c50, 0x000001bef2cf13d0,
0x000001bef3c5aa90, 0x000001bef3c5a0f0, 0x000001bef9a396c0, 0x000001bef9a391f0,
0x000001bef9a39b90, 0x000001bef9a3a060, 0x000001bef9a3a530, 0x000001bef9a38380,
0x000001bef9a38850, 0x000001bef9a3b3a0, 0x000001bef9a3aed0, 0x000001bef9a38d20,
0x000001bef9a3b870, 0x000001bef9a37eb0, 0x000001bef9a3aa00, 0x000001befb9edb10,
0x000001befb9ee980, 0x000001befb9e8e10, 0x000001befb9edfe0, 0x000001befb9e92e0
}

Java Threads: ( => current thread )
  0x000001bef1cbac10 JavaThread "Reference Handler" daemon [_thread_blocked, id=8336, stack(0x000000801ee00000,0x000000801ef00000)]
  0x000001bef1cbb7c0 JavaThread "Finalizer" daemon [_thread_blocked, id=13624, stack(0x000000801ef00000,0x000000801f000000)]
  0x000001bef2830600 JavaThread "Signal Dispatcher" daemon [_thread_blocked, id=2552, stack(0x000000801f000000,0x000000801f100000)]
  0x000001bef28311b0 JavaThread "Attach Listener" daemon [_thread_blocked, id=18000, stack(0x000000801f100000,0x000000801f200000)]
  0x000001bef2831c60 JavaThread "Service Thread" daemon [_thread_blocked, id=4104, stack(0x000000801f200000,0x000000801f300000)]
  0x000001bef28462f0 JavaThread "Monitor Deflation Thread" daemon [_thread_blocked, id=2040, stack(0x000000801f300000,0x000000801f400000)]
=>0x000001bef2847fa0 JavaThread "C2 CompilerThread0" daemon [_thread_in_native, id=11128, stack(0x000000801f400000,0x000000801f500000)]
  0x000001bef285e860 JavaThread "C1 CompilerThread0" daemon [_thread_blocked, id=11444, stack(0x000000801f500000,0x000000801f600000)]
  0x000001bef2866d60 JavaThread "Sweeper thread" daemon [_thread_blocked, id=8048, stack(0x000000801f600000,0x000000801f700000)]
  0x000001bef29d8390 JavaThread "Common-Cleaner" daemon [_thread_blocked, id=18524, stack(0x000000801f700000,0x000000801f800000)]
  0x000001bef2b78c50 JavaThread "Monitor Ctrl-Break" daemon [_thread_in_native, id=14564, stack(0x000000801f800000,0x000000801f900000)]
  0x000001bef2cf13d0 JavaThread "Notification Thread" daemon [_thread_blocked, id=11052, stack(0x000000801f900000,0x000000801fa00000)]
  0x000001bef3c5aa90 JavaThread "mysql-cj-abandoned-connection-cleanup" daemon [_thread_blocked, id=12476, stack(0x0000008020600000,0x0000008020700000)]
  0x000001bef3c5a0f0 JavaThread "HikariPool-1 housekeeper" daemon [_thread_blocked, id=3788, stack(0x0000008020b00000,0x0000008020c00000)]
  0x000001bef9a396c0 JavaThread "Catalina-utility-1" [_thread_blocked, id=5964, stack(0x0000008020d00000,0x0000008020e00000)]
  0x000001bef9a391f0 JavaThread "Catalina-utility-2" [_thread_blocked, id=7940, stack(0x0000008020e00000,0x0000008020f00000)]
  0x000001bef9a39b90 JavaThread "container-0" [_thread_blocked, id=13156, stack(0x0000008020f00000,0x0000008021000000)]
  0x000001bef9a3a060 JavaThread "File Watcher" daemon [_thread_blocked, id=19260, stack(0x0000008021000000,0x0000008021100000)]
  0x000001bef9a3a530 JavaThread "Live Reload Server" daemon [_thread_in_native, id=12592, stack(0x0000008021200000,0x0000008021300000)]
  0x000001bef9a38380 JavaThread "http-nio-10.4.7.20-8080-exec-1" daemon [_thread_blocked, id=10296, stack(0x0000008021100000,0x0000008021200000)]
  0x000001bef9a38850 JavaThread "http-nio-10.4.7.20-8080-exec-2" daemon [_thread_blocked, id=15788, stack(0x0000008021300000,0x0000008021400000)]
  0x000001bef9a3b3a0 JavaThread "http-nio-10.4.7.20-8080-exec-3" daemon [_thread_blocked, id=13724, stack(0x0000008021400000,0x0000008021500000)]
  0x000001bef9a3aed0 JavaThread "http-nio-10.4.7.20-8080-exec-4" daemon [_thread_blocked, id=7648, stack(0x0000008021500000,0x0000008021600000)]
  0x000001bef9a38d20 JavaThread "http-nio-10.4.7.20-8080-exec-5" daemon [_thread_blocked, id=3524, stack(0x0000008021600000,0x0000008021700000)]
  0x000001bef9a3b870 JavaThread "http-nio-10.4.7.20-8080-exec-6" daemon [_thread_blocked, id=11964, stack(0x0000008021700000,0x0000008021800000)]
  0x000001bef9a37eb0 JavaThread "http-nio-10.4.7.20-8080-exec-7" daemon [_thread_blocked, id=15364, stack(0x0000008021800000,0x0000008021900000)]
  0x000001bef9a3aa00 JavaThread "http-nio-10.4.7.20-8080-exec-8" daemon [_thread_blocked, id=3732, stack(0x0000008021900000,0x0000008021a00000)]
  0x000001befb9edb10 JavaThread "http-nio-10.4.7.20-8080-exec-9" daemon [_thread_blocked, id=12964, stack(0x0000008021a00000,0x0000008021b00000)]
  0x000001befb9ee980 JavaThread "http-nio-10.4.7.20-8080-exec-10" daemon [_thread_blocked, id=11040, stack(0x0000008021b00000,0x0000008021c00000)]
  0x000001befb9e8e10 JavaThread "http-nio-10.4.7.20-8080-Poller" daemon [_thread_in_native, id=17012, stack(0x0000008021c00000,0x0000008021d00000)]
  0x000001befb9edfe0 JavaThread "http-nio-10.4.7.20-8080-Acceptor" daemon [_thread_in_native, id=19244, stack(0x0000008021d00000,0x0000008021e00000)]
  0x000001befb9e92e0 JavaThread "DestroyJavaVM" [_thread_blocked, id=2324, stack(0x000000801e700000,0x000000801e800000)]

Other Threads:
  0x000001bef1cb3040 VMThread "VM Thread" [stack: 0x000000801ed00000,0x000000801ee00000] [id=15116]
  0x000001bed7d62130 WatcherThread [stack: 0x000000801fa00000,0x000000801fb00000] [id=2860]
  0x000001bed7dba660 GCTaskThread "GC Thread#0" [stack: 0x000000801e800000,0x000000801e900000] [id=9964]
  0x000001bef3c47240 GCTaskThread "GC Thread#1" [stack: 0x000000801fe00000,0x000000801ff00000] [id=16496]
  0x000001bef3c46f90 GCTaskThread "GC Thread#2" [stack: 0x000000801ff00000,0x0000008020000000] [id=16608]
  0x000001bef3c46a30 GCTaskThread "GC Thread#3" [stack: 0x0000008020000000,0x0000008020100000] [id=7660]
  0x000001bef3c45a10 GCTaskThread "GC Thread#4" [stack: 0x0000008020100000,0x0000008020200000] [id=10908]
  0x000001bef3c45cc0 GCTaskThread "GC Thread#5" [stack: 0x0000008020200000,0x0000008020300000] [id=17712]
  0x000001bef3c46220 GCTaskThread "GC Thread#6" [stack: 0x0000008020300000,0x0000008020400000] [id=10404]
  0x000001bef3c45f70 GCTaskThread "GC Thread#7" [stack: 0x0000008020700000,0x0000008020800000] [id=13076]
  0x000001bed7dcaf60 ConcurrentGCThread "G1 Main Marker" [stack: 0x000000801e900000,0x000000801ea00000] [id=11184]
  0x000001bed7dcb970 ConcurrentGCThread "G1 Conc#0" [stack: 0x000000801ea00000,0x000000801eb00000] [id=18164]
  0x000001bef3c464d0 ConcurrentGCThread "G1 Conc#1" [stack: 0x0000008020800000,0x0000008020900000] [id=18956]
  0x000001bed7e0d980 ConcurrentGCThread "G1 Refine#0" [stack: 0x000000801eb00000,0x000000801ec00000] [id=2992]
  0x000001bef3d40360 ConcurrentGCThread "G1 Refine#1" [stack: 0x0000008020400000,0x0000008020500000] [id=14080]
  0x000001bef3d3fb80 ConcurrentGCThread "G1 Refine#2" [stack: 0x0000008020500000,0x0000008020600000] [id=10948]
  0x000001bed7e0e3a0 ConcurrentGCThread "G1 Service" [stack: 0x000000801ec00000,0x000000801ed00000] [id=14848]

Threads with active compile tasks:
C2 CompilerThread0  5866569 9491       4       org.springframework.util.ConcurrentReferenceHashMap$Segment::restructureIfNecessary (56 bytes)

VM state: not at safepoint (normal execution)

VM Mutex/Monitor currently owned by a thread: None

Heap address: 0x0000000083200000, size: 1998 MB, Compressed Oops mode: 32-bit

CDS archive(s) not mapped
Compressed class space mapped at: 0x0000000100000000-0x0000000140000000, reserved size: 1073741824
Narrow klass base: 0x0000000000000000, Narrow klass shift: 3, Narrow klass range: 0x140000000

GC Precious Log:
 CPUs: 8 total, 8 available
 Memory: 7991M
 Large Page Support: Disabled
 NUMA Support: Disabled
 Compressed Oops: Enabled (32-bit)
 Heap Region Size: 1M
 Heap Min Capacity: 8M
 Heap Initial Capacity: 126M
 Heap Max Capacity: 1998M
 Pre-touch: Disabled
 Parallel Workers: 8
 Concurrent Workers: 2
 Concurrent Refinement Workers: 8
 Periodic GC: Disabled

Heap:
 garbage-first heap   total 66560K, used 37568K [0x0000000083200000, 0x0000000100000000)
  region size 1024K, 9 young (9216K), 1 survivors (1024K)
 Metaspace       used 78819K, committed 79168K, reserved 1122304K
  class space    used 10126K, committed 10304K, reserved 1048576K

Heap Regions: E=young(eden), S=young(survivor), O=old, HS=humongous(starts), HC=humongous(continues), CS=collection set, F=free, OA=open archive, CA=closed archive, TAMS=top-at-mark-start (previous, next)
|   0|0x0000000083200000, 0x0000000083300000, 0x0000000083300000|100%|HS|  |TAMS 0x0000000083300000, 0x0000000083200000| Complete 
|   1|0x0000000083300000, 0x0000000083400000, 0x0000000083400000|100%| O|  |TAMS 0x0000000083400000, 0x0000000083300000| Untracked 
|   2|0x0000000083400000, 0x0000000083500000, 0x0000000083500000|100%| O|  |TAMS 0x0000000083500000, 0x0000000083400000| Untracked 
|   3|0x0000000083500000, 0x0000000083600000, 0x0000000083600000|100%| O|  |TAMS 0x0000000083600000, 0x0000000083500000| Untracked 
|   4|0x0000000083600000, 0x0000000083700000, 0x0000000083700000|100%| O|  |TAMS 0x0000000083700000, 0x0000000083600000| Untracked 
|   5|0x0000000083700000, 0x0000000083800000, 0x0000000083800000|100%| O|  |TAMS 0x0000000083800000, 0x0000000083700000| Untracked 
|   6|0x0000000083800000, 0x0000000083900000, 0x0000000083900000|100%| O|  |TAMS 0x0000000083900000, 0x0000000083800000| Untracked 
|   7|0x0000000083900000, 0x0000000083a00000, 0x0000000083a00000|100%| O|  |TAMS 0x0000000083a00000, 0x0000000083900000| Untracked 
|   8|0x0000000083a00000, 0x0000000083b00000, 0x0000000083b00000|100%| O|  |TAMS 0x0000000083b00000, 0x0000000083a00000| Untracked 
|   9|0x0000000083b00000, 0x0000000083c00000, 0x0000000083c00000|100%| O|  |TAMS 0x0000000083b00000, 0x0000000083b00000| Untracked 
|  10|0x0000000083c00000, 0x0000000083d00000, 0x0000000083d00000|100%| O|  |TAMS 0x0000000083d00000, 0x0000000083c00000| Untracked 
|  11|0x0000000083d00000, 0x0000000083d00000, 0x0000000083e00000|  0%| F|  |TAMS 0x0000000083d00000, 0x0000000083d00000| Untracked 
|  12|0x0000000083e00000, 0x0000000083e00000, 0x0000000083f00000|  0%| F|  |TAMS 0x0000000083e00000, 0x0000000083e00000| Untracked 
|  13|0x0000000083f00000, 0x0000000084000000, 0x0000000084000000|100%| O|  |TAMS 0x0000000084000000, 0x0000000083f00000| Untracked 
|  14|0x0000000084000000, 0x0000000084100000, 0x0000000084100000|100%| O|  |TAMS 0x0000000084100000, 0x0000000084000000| Untracked 
|  15|0x0000000084100000, 0x0000000084200000, 0x0000000084200000|100%| O|  |TAMS 0x0000000084200000, 0x0000000084100000| Untracked 
|  16|0x0000000084200000, 0x0000000084300000, 0x0000000084300000|100%| O|  |TAMS 0x0000000084300000, 0x0000000084200000| Untracked 
|  17|0x0000000084300000, 0x0000000084400000, 0x0000000084400000|100%| O|  |TAMS 0x0000000084360a00, 0x0000000084300000| Untracked 
|  18|0x0000000084400000, 0x0000000084500000, 0x0000000084500000|100%| O|  |TAMS 0x0000000084500000, 0x0000000084400000| Untracked 
|  19|0x0000000084500000, 0x0000000084600000, 0x0000000084600000|100%| O|  |TAMS 0x0000000084600000, 0x0000000084500000| Untracked 
|  20|0x0000000084600000, 0x000000008469dc00, 0x0000000084700000| 61%| O|  |TAMS 0x0000000084600000, 0x0000000084600000| Untracked 
|  21|0x0000000084700000, 0x0000000084800000, 0x0000000084800000|100%| O|  |TAMS 0x0000000084800000, 0x0000000084700000| Untracked 
|  22|0x0000000084800000, 0x0000000084900000, 0x0000000084900000|100%| O|  |TAMS 0x0000000084900000, 0x0000000084800000| Untracked 
|  23|0x0000000084900000, 0x0000000084a00000, 0x0000000084a00000|100%| O|  |TAMS 0x0000000084a00000, 0x0000000084900000| Untracked 
|  24|0x0000000084a00000, 0x0000000084a00000, 0x0000000084b00000|  0%| F|  |TAMS 0x0000000084a00000, 0x0000000084a00000| Untracked 
|  25|0x0000000084b00000, 0x0000000084c00000, 0x0000000084c00000|100%| O|  |TAMS 0x0000000084c00000, 0x0000000084b00000| Untracked 
|  26|0x0000000084c00000, 0x0000000084c00000, 0x0000000084d00000|  0%| F|  |TAMS 0x0000000084c00000, 0x0000000084c00000| Untracked 
|  27|0x0000000084d00000, 0x0000000084d00000, 0x0000000084e00000|  0%| F|  |TAMS 0x0000000084d00000, 0x0000000084d00000| Untracked 
|  28|0x0000000084e00000, 0x0000000084f00000, 0x0000000084f00000|100%| O|  |TAMS 0x0000000084f00000, 0x0000000084e00000| Untracked 
|  29|0x0000000084f00000, 0x0000000085000000, 0x0000000085000000|100%| O|  |TAMS 0x0000000085000000, 0x0000000084f00000| Untracked 
|  30|0x0000000085000000, 0x0000000085100000, 0x0000000085100000|100%| O|  |TAMS 0x0000000085100000, 0x0000000085000000| Untracked 
|  31|0x0000000085100000, 0x0000000085200000, 0x0000000085200000|100%| O|  |TAMS 0x0000000085200000, 0x0000000085100000| Untracked 
|  32|0x0000000085200000, 0x0000000085300000, 0x0000000085300000|100%| O|  |TAMS 0x0000000085300000, 0x0000000085200000| Untracked 
|  33|0x0000000085300000, 0x0000000085400000, 0x0000000085400000|100%| O|  |TAMS 0x0000000085400000, 0x0000000085300000| Untracked 
|  34|0x0000000085400000, 0x0000000085500000, 0x0000000085500000|100%| O|  |TAMS 0x0000000085500000, 0x0000000085400000| Untracked 
|  35|0x0000000085500000, 0x0000000085500000, 0x0000000085600000|  0%| F|  |TAMS 0x0000000085500000, 0x0000000085500000| Untracked 
|  36|0x0000000085600000, 0x0000000085600000, 0x0000000085700000|  0%| F|  |TAMS 0x0000000085600000, 0x0000000085600000| Untracked 
|  37|0x0000000085700000, 0x0000000085700000, 0x0000000085800000|  0%| F|  |TAMS 0x0000000085700000, 0x0000000085700000| Untracked 
|  38|0x0000000085800000, 0x0000000085800000, 0x0000000085900000|  0%| F|  |TAMS 0x0000000085800000, 0x0000000085800000| Untracked 
|  39|0x0000000085900000, 0x0000000085900000, 0x0000000085a00000|  0%| F|  |TAMS 0x0000000085900000, 0x0000000085900000| Untracked 
|  40|0x0000000085a00000, 0x0000000085a00000, 0x0000000085b00000|  0%| F|  |TAMS 0x0000000085a00000, 0x0000000085a00000| Untracked 
|  41|0x0000000085b00000, 0x0000000085b00000, 0x0000000085c00000|  0%| F|  |TAMS 0x0000000085b00000, 0x0000000085b00000| Untracked 
|  42|0x0000000085c00000, 0x0000000085c00000, 0x0000000085d00000|  0%| F|  |TAMS 0x0000000085c00000, 0x0000000085c00000| Untracked 
|  43|0x0000000085d00000, 0x0000000085d00000, 0x0000000085e00000|  0%| F|  |TAMS 0x0000000085d00000, 0x0000000085d00000| Untracked 
|  44|0x0000000085e00000, 0x0000000085e00000, 0x0000000085f00000|  0%| F|  |TAMS 0x0000000085e00000, 0x0000000085e00000| Untracked 
|  45|0x0000000085f00000, 0x0000000085f00000, 0x0000000086000000|  0%| F|  |TAMS 0x0000000085f00000, 0x0000000085f00000| Untracked 
|  46|0x0000000086000000, 0x0000000086000000, 0x0000000086100000|  0%| F|  |TAMS 0x0000000086000000, 0x0000000086000000| Untracked 
|  47|0x0000000086100000, 0x0000000086100000, 0x0000000086200000|  0%| F|  |TAMS 0x0000000086100000, 0x0000000086100000| Untracked 
|  48|0x0000000086200000, 0x0000000086200000, 0x0000000086300000|  0%| F|  |TAMS 0x0000000086200000, 0x0000000086200000| Untracked 
|  49|0x0000000086300000, 0x0000000086300000, 0x0000000086400000|  0%| F|  |TAMS 0x0000000086300000, 0x0000000086300000| Untracked 
|  50|0x0000000086400000, 0x0000000086400000, 0x0000000086500000|  0%| F|  |TAMS 0x0000000086400000, 0x0000000086400000| Untracked 
|  51|0x0000000086500000, 0x0000000086500000, 0x0000000086600000|  0%| F|  |TAMS 0x0000000086500000, 0x0000000086500000| Untracked 
|  52|0x0000000086600000, 0x0000000086600000, 0x0000000086700000|  0%| F|  |TAMS 0x0000000086600000, 0x0000000086600000| Untracked 
|  53|0x0000000086700000, 0x0000000086700000, 0x0000000086800000|  0%| F|  |TAMS 0x0000000086700000, 0x0000000086700000| Untracked 
|  54|0x0000000086800000, 0x0000000086800000, 0x0000000086900000|  0%| F|  |TAMS 0x0000000086800000, 0x0000000086800000| Untracked 
|  55|0x0000000086900000, 0x0000000086900000, 0x0000000086a00000|  0%| F|  |TAMS 0x0000000086900000, 0x0000000086900000| Untracked 
|  56|0x0000000086a00000, 0x0000000086a083a8, 0x0000000086b00000|  3%| E|  |TAMS 0x0000000086a00000, 0x0000000086a00000| Complete 
|  57|0x0000000086b00000, 0x0000000086c00000, 0x0000000086c00000|100%| E|CS|TAMS 0x0000000086b00000, 0x0000000086b00000| Complete 
|  58|0x0000000086c00000, 0x0000000086d00000, 0x0000000086d00000|100%| E|CS|TAMS 0x0000000086c00000, 0x0000000086c00000| Complete 
|  59|0x0000000086d00000, 0x0000000086e00000, 0x0000000086e00000|100%| E|CS|TAMS 0x0000000086d00000, 0x0000000086d00000| Complete 
|  60|0x0000000086e00000, 0x0000000086f00000, 0x0000000086f00000|100%| E|CS|TAMS 0x0000000086e00000, 0x0000000086e00000| Complete 
|  61|0x0000000086f00000, 0x0000000087000000, 0x0000000087000000|100%| E|CS|TAMS 0x0000000086f00000, 0x0000000086f00000| Complete 
| 123|0x000000008ad00000, 0x000000008ad126e0, 0x000000008ae00000|  7%| S|CS|TAMS 0x000000008ad00000, 0x000000008ad00000| Complete 
| 124|0x000000008ae00000, 0x000000008af00000, 0x000000008af00000|100%| E|CS|TAMS 0x000000008ae00000, 0x000000008ae00000| Complete 
| 125|0x000000008af00000, 0x000000008b000000, 0x000000008b000000|100%| E|CS|TAMS 0x000000008af00000, 0x000000008af00000| Complete 

Card table byte_map: [0x000001beeabc0000,0x000001beeafb0000] _byte_map_base: 0x000001beea7a7000

Marking Bits (Prev, Next): (CMBitMap*) 0x000001bed7dbac70, (CMBitMap*) 0x000001bed7dbacb0
 Prev Bits: [0x000001beeb3a0000, 0x000001beed2d8000)
 Next Bits: [0x000001beed2e0000, 0x000001beef218000)

Polling page: 0x000001bed7510000

Metaspace:

Usage:
  Non-class:     67.08 MB used.
      Class:      9.89 MB used.
       Both:     76.97 MB used.

Virtual space:
  Non-class space:       72.00 MB reserved,      67.25 MB ( 93%) committed,  9 nodes.
      Class space:        1.00 GB reserved,      10.06 MB ( <1%) committed,  1 nodes.
             Both:        1.07 GB reserved,      77.31 MB (  7%) committed. 

Chunk freelists:
   Non-Class:  397.00 KB
       Class:  1.91 MB
        Both:  2.30 MB

MaxMetaspaceSize: unlimited
CompressedClassSpaceSize: 1.00 GB
Initial GC threshold: 21.00 MB
Current GC threshold: 128.38 MB
CDS: off
MetaspaceReclaimPolicy: balanced
 - commit_granule_bytes: 65536.
 - commit_granule_words: 8192.
 - virtual_space_node_default_size: 1048576.
 - enlarge_chunks_in_place: 1.
 - new_chunks_are_fully_committed: 0.
 - uncommit_free_chunks: 1.
 - use_allocation_guard: 0.
 - handle_deallocations: 1.


Internal statistics:

num_allocs_failed_limit: 6.
num_arena_births: 476.
num_arena_deaths: 64.
num_vsnodes_births: 10.
num_vsnodes_deaths: 0.
num_space_committed: 1237.
num_space_uncommitted: 0.
num_chunks_returned_to_freelist: 79.
num_chunks_taken_from_freelist: 3067.
num_chunk_merges: 15.
num_chunk_splits: 2170.
num_chunks_enlarged: 1766.
num_purges: 4.
num_inconsistent_stats: 0.

CodeHeap 'non-profiled nmethods': size=120000Kb used=5611Kb max_used=5611Kb free=114388Kb
 bounds [0x000001bee2f70000, 0x000001bee34f0000, 0x000001beea4a0000]
CodeHeap 'profiled nmethods': size=120000Kb used=18299Kb max_used=18299Kb free=101700Kb
 bounds [0x000001bedba40000, 0x000001bedcc20000, 0x000001bee2f70000]
CodeHeap 'non-nmethods': size=5760Kb used=1337Kb max_used=1379Kb free=4423Kb
 bounds [0x000001bedb4a0000, 0x000001bedb710000, 0x000001bedba40000]
 total_blobs=9380 nmethods=8730 adapters=561
 compilation: enabled
              stopped_count=0, restarted_count=0
 full_count=0

Compilation events (20 events):
Event: 5675.045 Thread 0x000001bef2847fa0 nmethod 9486 0x000001bee34ea090 code [0x000001bee34ea260, 0x000001bee34eb2f8]
Event: 5866.486 Thread 0x000001bef2847fa0 9487       4       sun.util.locale.LocaleUtils::isAlphaString (33 bytes)
Event: 5866.491 Thread 0x000001bef2847fa0 nmethod 9487 0x000001bee31a5c10 code [0x000001bee31a5da0, 0x000001bee31a6098]
Event: 5866.508 Thread 0x000001bef285e860 9488       3       org.springframework.http.HttpHeaders::setContentType (59 bytes)
Event: 5866.509 Thread 0x000001bef285e860 nmethod 9488 0x000001bedcc19510 code [0x000001bedcc197c0, 0x000001bedcc1a6d8]
Event: 5866.510 Thread 0x000001bef285e860 9489       3       sun.nio.ch.Net::setSocketOption (338 bytes)
Event: 5866.511 Thread 0x000001bef285e860 nmethod 9489 0x000001bedcc1aa90 code [0x000001bedcc1ae00, 0x000001bedcc1c608]
Event: 5866.511 Thread 0x000001bef285e860 9490       3       java.lang.String::getBytes (25 bytes)
Event: 5866.511 Thread 0x000001bef285e860 nmethod 9490 0x000001bedcc1cc90 code [0x000001bedcc1ce60, 0x000001bedcc1d138]
Event: 5866.514 Thread 0x000001bef2847fa0 9491       4       org.springframework.util.ConcurrentReferenceHashMap$Segment::restructureIfNecessary (56 bytes)
Event: 5866.514 Thread 0x000001bef285e860 9492       1       org.springframework.data.jpa.repository.support.MutableQueryHints::getValues (5 bytes)
Event: 5866.514 Thread 0x000001bef285e860 nmethod 9492 0x000001bee31a5910 code [0x000001bee31a5aa0, 0x000001bee31a5b78]
Event: 5866.514 Thread 0x000001bef285e860 9493       3       org.hibernate.internal.SessionImpl::getReadOnlyFromLoadQueryInfluencers (19 bytes)
Event: 5866.514 Thread 0x000001bef285e860 nmethod 9493 0x000001bedcc1d290 code [0x000001bedcc1d440, 0x000001bedcc1d5f8]
Event: 5866.515 Thread 0x000001bef285e860 9494       3       org.hibernate.event.spi.LoadEvent::<init> (105 bytes)
Event: 5866.515 Thread 0x000001bef285e860 nmethod 9494 0x000001bedcc1d690 code [0x000001bedcc1d8c0, 0x000001bedcc1e3a8]
Event: 5866.518 Thread 0x000001bef285e860 9496       3       org.hibernate.event.spi.LoadEvent::<init> (16 bytes)
Event: 5866.518 Thread 0x000001bef285e860 nmethod 9496 0x000001bedcc1e690 code [0x000001bedcc1e840, 0x000001bedcc1e9a8]
Event: 5866.519 Thread 0x000001bef285e860 9497       3       com.fasterxml.jackson.databind.ObjectWriter::_serializerProvider (16 bytes)
Event: 5866.519 Thread 0x000001bef285e860 nmethod 9497 0x000001bedcc1ea90 code [0x000001bedcc1ec40, 0x000001bedcc1ede8]

GC Heap History (20 events):
Event: 2486.986 GC heap before
{Heap before GC invocations=36 (full 0):
 garbage-first heap   total 66560K, used 33127K [0x0000000083200000, 0x0000000100000000)
  region size 1024K, 3 young (3072K), 2 survivors (2048K)
 Metaspace       used 76123K, committed 76480K, reserved 1122304K
  class space    used 10018K, committed 10176K, reserved 1048576K
}
Event: 2486.996 GC heap after
{Heap after GC invocations=37 (full 0):
 garbage-first heap   total 66560K, used 31662K [0x0000000083200000, 0x0000000100000000)
  region size 1024K, 1 young (1024K), 1 survivors (1024K)
 Metaspace       used 76123K, committed 76480K, reserved 1122304K
  class space    used 10018K, committed 10176K, reserved 1048576K
}
Event: 2946.154 GC heap before
{Heap before GC invocations=37 (full 0):
 garbage-first heap   total 66560K, used 55214K [0x0000000083200000, 0x0000000100000000)
  region size 1024K, 24 young (24576K), 1 survivors (1024K)
 Metaspace       used 77100K, committed 77504K, reserved 1122304K
  class space    used 10129K, committed 10304K, reserved 1048576K
}
Event: 2946.158 GC heap after
{Heap after GC invocations=38 (full 0):
 garbage-first heap   total 66560K, used 31823K [0x0000000083200000, 0x0000000100000000)
  region size 1024K, 1 young (1024K), 1 survivors (1024K)
 Metaspace       used 77100K, committed 77504K, reserved 1122304K
  class space    used 10129K, committed 10304K, reserved 1048576K
}
Event: 3529.025 GC heap before
{Heap before GC invocations=39 (full 0):
 garbage-first heap   total 66560K, used 55375K [0x0000000083200000, 0x0000000100000000)
  region size 1024K, 24 young (24576K), 1 survivors (1024K)
 Metaspace       used 77223K, committed 77632K, reserved 1122304K
  class space    used 10115K, committed 10304K, reserved 1048576K
}
Event: 3529.027 GC heap after
{Heap after GC invocations=40 (full 0):
 garbage-first heap   total 66560K, used 31839K [0x0000000083200000, 0x0000000100000000)
  region size 1024K, 1 young (1024K), 1 survivors (1024K)
 Metaspace       used 77223K, committed 77632K, reserved 1122304K
  class space    used 10115K, committed 10304K, reserved 1048576K
}
Event: 3565.477 GC heap before
{Heap before GC invocations=40 (full 0):
 garbage-first heap   total 66560K, used 33887K [0x0000000083200000, 0x0000000100000000)
  region size 1024K, 3 young (3072K), 1 survivors (1024K)
 Metaspace       used 77226K, committed 77632K, reserved 1122304K
  class space    used 10115K, committed 10304K, reserved 1048576K
}
Event: 3565.489 GC heap after
{Heap after GC invocations=41 (full 0):
 garbage-first heap   total 66560K, used 30454K [0x0000000083200000, 0x0000000100000000)
  region size 1024K, 1 young (1024K), 1 survivors (1024K)
 Metaspace       used 77226K, committed 77632K, reserved 1122304K
  class space    used 10115K, committed 10304K, reserved 1048576K
}
Event: 4093.007 GC heap before
{Heap before GC invocations=41 (full 0):
 garbage-first heap   total 66560K, used 55030K [0x0000000083200000, 0x0000000100000000)
  region size 1024K, 25 young (25600K), 1 survivors (1024K)
 Metaspace       used 77584K, committed 78016K, reserved 1122304K
  class space    used 10115K, committed 10304K, reserved 1048576K
}
Event: 4093.014 GC heap after
{Heap after GC invocations=42 (full 0):
 garbage-first heap   total 66560K, used 30830K [0x0000000083200000, 0x0000000100000000)
  region size 1024K, 1 young (1024K), 1 survivors (1024K)
 Metaspace       used 77584K, committed 78016K, reserved 1122304K
  class space    used 10115K, committed 10304K, reserved 1048576K
}
Event: 4578.283 GC heap before
{Heap before GC invocations=43 (full 0):
 garbage-first heap   total 66560K, used 55406K [0x0000000083200000, 0x0000000100000000)
  region size 1024K, 25 young (25600K), 1 survivors (1024K)
 Metaspace       used 78043K, committed 78400K, reserved 1122304K
  class space    used 10117K, committed 10304K, reserved 1048576K
}
Event: 4578.285 GC heap after
{Heap after GC invocations=44 (full 0):
 garbage-first heap   total 66560K, used 30854K [0x0000000083200000, 0x0000000100000000)
  region size 1024K, 1 young (1024K), 1 survivors (1024K)
 Metaspace       used 78043K, committed 78400K, reserved 1122304K
  class space    used 10117K, committed 10304K, reserved 1048576K
}
Event: 4625.182 GC heap before
{Heap before GC invocations=44 (full 0):
 garbage-first heap   total 66560K, used 32902K [0x0000000083200000, 0x0000000100000000)
  region size 1024K, 3 young (3072K), 1 survivors (1024K)
 Metaspace       used 78048K, committed 78400K, reserved 1122304K
  class space    used 10117K, committed 10304K, reserved 1048576K
}
Event: 4625.194 GC heap after
{Heap after GC invocations=45 (full 0):
 garbage-first heap   total 66560K, used 30524K [0x0000000083200000, 0x0000000100000000)
  region size 1024K, 1 young (1024K), 1 survivors (1024K)
 Metaspace       used 78048K, committed 78400K, reserved 1122304K
  class space    used 10117K, committed 10304K, reserved 1048576K
}
Event: 5114.689 GC heap before
{Heap before GC invocations=45 (full 0):
 garbage-first heap   total 66560K, used 56124K [0x0000000083200000, 0x0000000100000000)
  region size 1024K, 26 young (26624K), 1 survivors (1024K)
 Metaspace       used 78456K, committed 78848K, reserved 1122304K
  class space    used 10126K, committed 10304K, reserved 1048576K
}
Event: 5114.696 GC heap after
{Heap after GC invocations=46 (full 0):
 garbage-first heap   total 66560K, used 30653K [0x0000000083200000, 0x0000000100000000)
  region size 1024K, 1 young (1024K), 1 survivors (1024K)
 Metaspace       used 78456K, committed 78848K, reserved 1122304K
  class space    used 10126K, committed 10304K, reserved 1048576K
}
Event: 5631.021 GC heap before
{Heap before GC invocations=47 (full 0):
 garbage-first heap   total 66560K, used 56253K [0x0000000083200000, 0x0000000100000000)
  region size 1024K, 26 young (26624K), 1 survivors (1024K)
 Metaspace       used 78815K, committed 79168K, reserved 1122304K
  class space    used 10126K, committed 10304K, reserved 1048576K
}
Event: 5631.026 GC heap after
{Heap after GC invocations=48 (full 0):
 garbage-first heap   total 66560K, used 31093K [0x0000000083200000, 0x0000000100000000)
  region size 1024K, 1 young (1024K), 1 survivors (1024K)
 Metaspace       used 78815K, committed 79168K, reserved 1122304K
  class space    used 10126K, committed 10304K, reserved 1048576K
}
Event: 5686.141 GC heap before
{Heap before GC invocations=48 (full 0):
 garbage-first heap   total 66560K, used 33141K [0x0000000083200000, 0x0000000100000000)
  region size 1024K, 3 young (3072K), 1 survivors (1024K)
 Metaspace       used 78815K, committed 79168K, reserved 1122304K
  class space    used 10126K, committed 10304K, reserved 1048576K
}
Event: 5686.158 GC heap after
{Heap after GC invocations=49 (full 0):
 garbage-first heap   total 66560K, used 30400K [0x0000000083200000, 0x0000000100000000)
  region size 1024K, 1 young (1024K), 1 survivors (1024K)
 Metaspace       used 78815K, committed 79168K, reserved 1122304K
  class space    used 10126K, committed 10304K, reserved 1048576K
}

Deoptimization events (20 events):
Event: 5385.023 Thread 0x000001bef9a391f0 Uncommon trap: trap_request=0xffffffbe fr.pc=0x000001bee34e25c4 relative=0x0000000000000324
Event: 5385.023 Thread 0x000001bef9a391f0 Uncommon trap: reason=profile_predicate action=maybe_recompile pc=0x000001bee34e25c4 method=java.util.concurrent.ConcurrentHashMap$Traverser.advance()Ljava/util/concurrent/ConcurrentHashMap$Node; @ 15 c2
Event: 5385.023 Thread 0x000001bef9a391f0 DEOPT PACKING pc=0x000001bee34e25c4 sp=0x0000008020eff4a0
Event: 5385.023 Thread 0x000001bef9a391f0 DEOPT UNPACKING pc=0x000001bedb4f5c23 sp=0x0000008020eff1f8 mode 2
Event: 5866.485 Thread 0x000001bef9a3aa00 Uncommon trap: trap_request=0xffffffbe fr.pc=0x000001bee34e457c relative=0x000000000000071c
Event: 5866.485 Thread 0x000001bef9a3aa00 Uncommon trap: reason=profile_predicate action=maybe_recompile pc=0x000001bee34e457c method=org.apache.tomcat.util.buf.AbstractChunk.indexOf(Ljava/lang/String;III)I @ 29 c2
Event: 5866.485 Thread 0x000001bef9a3aa00 DEOPT PACKING pc=0x000001bee34e457c sp=0x00000080219fe8a0
Event: 5866.485 Thread 0x000001bef9a3aa00 DEOPT UNPACKING pc=0x000001bedb4f5c23 sp=0x00000080219fe818 mode 2
Event: 5866.485 Thread 0x000001bef9a3aa00 Uncommon trap: trap_request=0xffffffbe fr.pc=0x000001bee34e457c relative=0x000000000000071c
Event: 5866.485 Thread 0x000001bef9a3aa00 Uncommon trap: reason=profile_predicate action=maybe_recompile pc=0x000001bee34e457c method=org.apache.tomcat.util.buf.AbstractChunk.indexOf(Ljava/lang/String;III)I @ 29 c2
Event: 5866.485 Thread 0x000001bef9a3aa00 DEOPT PACKING pc=0x000001bee34e457c sp=0x00000080219fe8a0
Event: 5866.485 Thread 0x000001bef9a3aa00 DEOPT UNPACKING pc=0x000001bedb4f5c23 sp=0x00000080219fe818 mode 2
Event: 5866.490 Thread 0x000001bef9a38850 Uncommon trap: trap_request=0xffffffbe fr.pc=0x000001bee34e457c relative=0x000000000000071c
Event: 5866.490 Thread 0x000001bef9a38850 Uncommon trap: reason=profile_predicate action=maybe_recompile pc=0x000001bee34e457c method=org.apache.tomcat.util.buf.AbstractChunk.indexOf(Ljava/lang/String;III)I @ 29 c2
Event: 5866.490 Thread 0x000001bef9a38850 DEOPT PACKING pc=0x000001bee34e457c sp=0x00000080213fe930
Event: 5866.491 Thread 0x000001bef9a38850 DEOPT UNPACKING pc=0x000001bedb4f5c23 sp=0x00000080213fe8a8 mode 2
Event: 5866.491 Thread 0x000001bef9a38850 Uncommon trap: trap_request=0xffffffbe fr.pc=0x000001bee34e457c relative=0x000000000000071c
Event: 5866.491 Thread 0x000001bef9a38850 Uncommon trap: reason=profile_predicate action=maybe_recompile pc=0x000001bee34e457c method=org.apache.tomcat.util.buf.AbstractChunk.indexOf(Ljava/lang/String;III)I @ 29 c2
Event: 5866.491 Thread 0x000001bef9a38850 DEOPT PACKING pc=0x000001bee34e457c sp=0x00000080213fe930
Event: 5866.491 Thread 0x000001bef9a38850 DEOPT UNPACKING pc=0x000001bedb4f5c23 sp=0x00000080213fe8a8 mode 2

Classes unloaded (20 events):
Event: 2946.195 Thread 0x000001bef1cb3040 Unloading class 0x000000010038c400 'jdk/internal/reflect/GeneratedConstructorAccessor10'
Event: 2946.195 Thread 0x000001bef1cb3040 Unloading class 0x000000010038c000 'jdk/internal/reflect/GeneratedConstructorAccessor9'
Event: 2946.195 Thread 0x000001bef1cb3040 Unloading class 0x000000010037c400 'jdk/internal/reflect/GeneratedConstructorAccessor8'
Event: 2946.195 Thread 0x000001bef1cb3040 Unloading class 0x0000000100370400 'java/lang/invoke/LambdaForm$DMH+0x0000000100370400'
Event: 2946.195 Thread 0x000001bef1cb3040 Unloading class 0x00000001002ea000 'java/lang/invoke/LambdaForm$MH+0x00000001002ea000'
Event: 2946.195 Thread 0x000001bef1cb3040 Unloading class 0x00000001002e9c00 'java/lang/invoke/LambdaForm$MH+0x00000001002e9c00'
Event: 2946.195 Thread 0x000001bef1cb3040 Unloading class 0x00000001002e9800 'java/lang/invoke/LambdaForm$MH+0x00000001002e9800'
Event: 2946.195 Thread 0x000001bef1cb3040 Unloading class 0x00000001002e9400 'java/lang/invoke/LambdaForm$MH+0x00000001002e9400'
Event: 2946.195 Thread 0x000001bef1cb3040 Unloading class 0x00000001002e8c00 'java/lang/invoke/LambdaForm$MH+0x00000001002e8c00'
Event: 2946.195 Thread 0x000001bef1cb3040 Unloading class 0x00000001002e8800 'java/lang/invoke/LambdaForm$MH+0x00000001002e8800'
Event: 2946.195 Thread 0x000001bef1cb3040 Unloading class 0x00000001002e8400 'java/lang/invoke/LambdaForm$MH+0x00000001002e8400'
Event: 2946.195 Thread 0x000001bef1cb3040 Unloading class 0x00000001002e8000 'java/lang/invoke/LambdaForm$MH+0x00000001002e8000'
Event: 2946.195 Thread 0x000001bef1cb3040 Unloading class 0x0000000100201000 'java/lang/invoke/LambdaForm$MH+0x0000000100201000'
Event: 2946.195 Thread 0x000001bef1cb3040 Unloading class 0x0000000100200800 'java/lang/invoke/LambdaForm$MH+0x0000000100200800'
Event: 2946.195 Thread 0x000001bef1cb3040 Unloading class 0x0000000100200400 'java/lang/invoke/LambdaForm$MH+0x0000000100200400'
Event: 2946.195 Thread 0x000001bef1cb3040 Unloading class 0x0000000100200000 'java/lang/invoke/LambdaForm$MH+0x0000000100200000'
Event: 2946.195 Thread 0x000001bef1cb3040 Unloading class 0x00000001001bd800 'java/lang/invoke/LambdaForm$MH+0x00000001001bd800'
Event: 2946.195 Thread 0x000001bef1cb3040 Unloading class 0x00000001001bd000 'java/lang/invoke/LambdaForm$MH+0x00000001001bd000'
Event: 5114.725 Thread 0x000001bef1cb3040 Unloading class 0x0000000100640000 'jdk/internal/reflect/GeneratedConstructorAccessor29'
Event: 5114.725 Thread 0x000001bef1cb3040 Unloading class 0x0000000100264800 'jdk/internal/reflect/GeneratedConstructorAccessor3'

Classes redefined (0 events):
No events

Internal exceptions (20 events):
Event: 4.998 Thread 0x000001bef33cbad0 Exception <a 'java/lang/NoSuchMethodError'{0x00000000861e4698}: 'java.lang.Object java.lang.invoke.DirectMethodHandle$Holder.invokeSpecial(java.lang.Object, java.lang.Object, int, java.lang.Object, int, java.lang.Object)'> (0x00000000861e4698) 
thrown [s\src\hotspot\share\interpreter\linkResolver.cpp, line 771]
Event: 4.998 Thread 0x000001bef33cbad0 Exception <a 'java/lang/NoSuchMethodError'{0x00000000861ec740}: 'java.lang.Object java.lang.invoke.DirectMethodHandle$Holder.newInvokeSpecial(java.lang.Object, java.lang.Object, int, java.lang.Object, int)'> (0x00000000861ec740) 
thrown [s\src\hotspot\share\interpreter\linkResolver.cpp, line 771]
Event: 4.999 Thread 0x000001bef33cbad0 Exception <a 'java/lang/NoSuchMethodError'{0x00000000861f0840}: 'java.lang.Object java.lang.invoke.DirectMethodHandle$Holder.invokeSpecial(java.lang.Object, java.lang.Object, java.lang.Object, int, java.lang.Object, int)'> (0x00000000861f0840) 
thrown [s\src\hotspot\share\interpreter\linkResolver.cpp, line 771]
Event: 5.000 Thread 0x000001bef33cbad0 Exception <a 'java/lang/NoSuchMethodError'{0x00000000861fab58}: 'void java.lang.invoke.DirectMethodHandle$Holder.invokeVirtual(java.lang.Object, java.lang.Object)'> (0x00000000861fab58) 
thrown [s\src\hotspot\share\interpreter\linkResolver.cpp, line 771]
Event: 467.348 Thread 0x000001bef9a38380 Exception <a 'java/lang/NoSuchMethodError'{0x0000000085d5c720}: 'java.lang.Object java.lang.invoke.DirectMethodHandle$Holder.invokeStaticInit(java.lang.Object, java.lang.Object, java.lang.Object, java.lang.Object, java.lang.Object, java.lang.Object)'> (0x0000000085d5c720) 
thrown [s\src\hotspot\share\interpreter\linkResolver.cpp, line 771]
Event: 479.392 Thread 0x000001bef9a38850 Exception <a 'sun/nio/fs/WindowsException'{0x000000008ad74440}> (0x000000008ad74440) 
thrown [s\src\hotspot\share\prims\jni.cpp, line 517]
Event: 2940.884 Thread 0x000001bef9a38d20 Exception <a 'java/lang/NoSuchMethodError'{0x0000000085e8e798}: 'java.lang.Object java.lang.invoke.DirectMethodHandle$Holder.newInvokeSpecial(java.lang.Object, java.lang.Object, java.lang.Object, java.lang.Object, java.lang.Object, java.lang.Object, java.lang.Object)'> (0x0000000085e8e798) 
thrown [s\src\hotspot\share\interpreter\linkResolver.cpp, line 771]
Event: 2940.884 Thread 0x000001bef9a38d20 Exception <a 'java/lang/NoSuchMethodError'{0x0000000085e93b30}: 'java.lang.Object java.lang.invoke.Invokers$Holder.linkToTargetMethod(java.lang.Object, java.lang.Object, java.lang.Object, java.lang.Object, java.lang.Object, java.lang.Object, java.lang.Object)'> (0x0000000085e93b30) 
thrown [s\src\hotspot\share\interpreter\linkResolver.cpp, line 771]
Event: 2941.035 Thread 0x000001bef9a38d20 Exception <a 'java/lang/ClassNotFoundException'{0x0000000085df4ab8}: java/lang/ObjectCustomizer> (0x0000000085df4ab8) 
thrown [s\src\hotspot\share\classfile\systemDictionary.cpp, line 256]
Event: 2941.037 Thread 0x000001bef9a38d20 Exception <a 'java/lang/ClassNotFoundException'{0x0000000085c03480}: com/proyectojwt/entity/UsuarioCustomizer> (0x0000000085c03480) 
thrown [s\src\hotspot\share\classfile\systemDictionary.cpp, line 256]
Event: 2941.038 Thread 0x000001bef9a38d20 Exception <a 'java/lang/ClassNotFoundException'{0x0000000085c22ca0}: org/springframework/security/core/userdetails/UserDetailsCustomizer> (0x0000000085c22ca0) 
thrown [s\src\hotspot\share\classfile\systemDictionary.cpp, line 256]
Event: 4728.460 Thread 0x000001bef9a38d20 Implicit null exception at 0x000001bee30fdb36 to 0x000001bee30fe4d8
Event: 4728.461 Thread 0x000001bef9a38d20 Implicit null exception at 0x000001bee30e85b0 to 0x000001bee30e8cac
Event: 4728.461 Thread 0x000001bef9a38d20 Implicit null exception at 0x000001bee31ab156 to 0x000001bee31abc6c
Event: 4728.468 Thread 0x000001bef9a38d20 Implicit null exception at 0x000001bee32090d9 to 0x000001bee320ed90
Event: 4728.604 Thread 0x000001bef9a38d20 Implicit null exception at 0x000001bee32138c7 to 0x000001bee3216090
Event: 5382.023 Thread 0x000001bef9a391f0 Implicit null exception at 0x000001bee34e2315 to 0x000001bee34e25a8
Event: 5383.031 Thread 0x000001bef9a391f0 Implicit null exception at 0x000001bee34e2315 to 0x000001bee34e25a8
Event: 5384.022 Thread 0x000001bef9a391f0 Implicit null exception at 0x000001bee34e2315 to 0x000001bee34e25a8
Event: 5385.023 Thread 0x000001bef9a391f0 Implicit null exception at 0x000001bee34e2315 to 0x000001bee34e25a8

VM Operations (20 events):
Event: 5311.136 Executing VM operation: Cleanup
Event: 5311.136 Executing VM operation: Cleanup done
Event: 5316.191 Executing VM operation: Cleanup
Event: 5316.192 Executing VM operation: Cleanup done
Event: 5363.512 Executing VM operation: Cleanup
Event: 5363.512 Executing VM operation: Cleanup done
Event: 5365.525 Executing VM operation: Cleanup
Event: 5365.525 Executing VM operation: Cleanup done
Event: 5384.676 Executing VM operation: Cleanup
Event: 5384.676 Executing VM operation: Cleanup done
Event: 5456.658 Executing VM operation: HandshakeAllThreads
Event: 5456.658 Executing VM operation: HandshakeAllThreads done
Event: 5456.658 Executing VM operation: Cleanup
Event: 5456.658 Executing VM operation: Cleanup done
Event: 5457.670 Executing VM operation: Cleanup
Event: 5457.670 Executing VM operation: Cleanup done
Event: 5631.020 Executing VM operation: G1CollectForAllocation
Event: 5631.026 Executing VM operation: G1CollectForAllocation done
Event: 5686.141 Executing VM operation: G1CollectForAllocation
Event: 5686.158 Executing VM operation: G1CollectForAllocation done

Events (20 events):
Event: 5348.430 Thread 0x000001befb9eee50 Thread exited: 0x000001befb9eee50
Event: 5348.430 Thread 0x000001befb9ebe30 Thread exited: 0x000001befb9ebe30
Event: 5350.898 Thread 0x000001befb9ed170 Thread added: 0x000001befb9ed170
Event: 5350.898 Thread 0x000001befb9ebe30 Thread added: 0x000001befb9ebe30
Event: 5355.902 Thread 0x000001befb9ed170 Thread exited: 0x000001befb9ed170
Event: 5355.917 Thread 0x000001befb9ebe30 Thread exited: 0x000001befb9ebe30
Event: 5362.591 Thread 0x000001befb9eee50 Thread added: 0x000001befb9eee50
Event: 5362.591 Thread 0x000001befb9ea620 Thread added: 0x000001befb9ea620
Event: 5367.606 Thread 0x000001befb9ea620 Thread exited: 0x000001befb9ea620
Event: 5367.606 Thread 0x000001befb9eee50 Thread exited: 0x000001befb9eee50
Event: 5367.763 Thread 0x000001befb9eafc0 Thread added: 0x000001befb9eafc0
Event: 5367.764 Thread 0x000001befb9ebe30 Thread added: 0x000001befb9ebe30
Event: 5372.777 Thread 0x000001befb9eafc0 Thread exited: 0x000001befb9eafc0
Event: 5372.777 Thread 0x000001befb9ebe30 Thread exited: 0x000001befb9ebe30
Event: 5376.643 Thread 0x000001befb9eee50 Thread added: 0x000001befb9eee50
Event: 5376.643 Thread 0x000001befb9eafc0 Thread added: 0x000001befb9eafc0
Event: 5381.652 Thread 0x000001befb9eafc0 Thread exited: 0x000001befb9eafc0
Event: 5381.652 Thread 0x000001befb9eee50 Thread exited: 0x000001befb9eee50
Event: 5456.659 Thread 0x000001bef2866d60 flushing nmethod 0x000001bee30aa890
Event: 5456.659 Thread 0x000001bef2866d60 flushing nmethod 0x000001bee31a4d90


Dynamic libraries:
0x00007ff740f10000 - 0x00007ff740f1a000 	C:\Program Files\JetBrains\IntelliJ IDEA Educational Edition 2022.2.2\jbr\bin\java.exe
0x00007ffeaf150000 - 0x00007ffeaf367000 	C:\WINDOWS\SYSTEM32\ntdll.dll
0x00007ffead350000 - 0x00007ffead414000 	C:\WINDOWS\System32\KERNEL32.DLL
0x00007ffeac620000 - 0x00007ffeac9c6000 	C:\WINDOWS\System32\KERNELBASE.dll
0x00007ffeacbe0000 - 0x00007ffeaccf1000 	C:\WINDOWS\System32\ucrtbase.dll
0x00007ffea2d40000 - 0x00007ffea2d5b000 	C:\Program Files\JetBrains\IntelliJ IDEA Educational Edition 2022.2.2\jbr\bin\VCRUNTIME140.dll
0x00007ffea7000000 - 0x00007ffea7017000 	C:\Program Files\JetBrains\IntelliJ IDEA Educational Edition 2022.2.2\jbr\bin\jli.dll
0x00007ffeaef60000 - 0x00007ffeaf10e000 	C:\WINDOWS\System32\USER32.dll
0x00007ffeac9d0000 - 0x00007ffeac9f6000 	C:\WINDOWS\System32\win32u.dll
0x00007ffea20d0000 - 0x00007ffea2363000 	C:\WINDOWS\WinSxS\amd64_microsoft.windows.common-controls_6595b64144ccf1df_6.0.22621.2506_none_270c5ae97388e100\COMCTL32.dll
0x00007ffeaef30000 - 0x00007ffeaef59000 	C:\WINDOWS\System32\GDI32.dll
0x00007ffeaee80000 - 0x00007ffeaef27000 	C:\WINDOWS\System32\msvcrt.dll
0x00007ffeacd80000 - 0x00007ffeace98000 	C:\WINDOWS\System32\gdi32full.dll
0x00007ffeac490000 - 0x00007ffeac52a000 	C:\WINDOWS\System32\msvcp_win.dll
0x00007ffeaed40000 - 0x00007ffeaed71000 	C:\WINDOWS\System32\IMM32.DLL
0x00007ffea31b0000 - 0x00007ffea31bc000 	C:\Program Files\JetBrains\IntelliJ IDEA Educational Edition 2022.2.2\jbr\bin\vcruntime140_1.dll
0x00007ffe85db0000 - 0x00007ffe85e3d000 	C:\Program Files\JetBrains\IntelliJ IDEA Educational Edition 2022.2.2\jbr\bin\msvcp140.dll
0x00007ffe61280000 - 0x00007ffe61ee9000 	C:\Program Files\JetBrains\IntelliJ IDEA Educational Edition 2022.2.2\jbr\bin\server\jvm.dll
0x00007ffeaec80000 - 0x00007ffeaed33000 	C:\WINDOWS\System32\ADVAPI32.dll
0x00007ffead790000 - 0x00007ffead838000 	C:\WINDOWS\System32\sechost.dll
0x00007ffeac530000 - 0x00007ffeac558000 	C:\WINDOWS\System32\bcrypt.dll
0x00007ffeada40000 - 0x00007ffeadb57000 	C:\WINDOWS\System32\RPCRT4.dll
0x00007ffeada30000 - 0x00007ffeada38000 	C:\WINDOWS\System32\PSAPI.DLL
0x00007ffea7870000 - 0x00007ffea78a4000 	C:\WINDOWS\SYSTEM32\WINMM.dll
0x00007ffea2e60000 - 0x00007ffea2e6a000 	C:\WINDOWS\SYSTEM32\VERSION.dll
0x00007ffe954f0000 - 0x00007ffe954f9000 	C:\WINDOWS\SYSTEM32\WSOCK32.dll
0x00007ffeaed80000 - 0x00007ffeaedf1000 	C:\WINDOWS\System32\WS2_32.dll
0x00007ffeab4d0000 - 0x00007ffeab4e8000 	C:\WINDOWS\SYSTEM32\kernel.appcore.dll
0x00007ffea6ca0000 - 0x00007ffea6caa000 	C:\Program Files\JetBrains\IntelliJ IDEA Educational Edition 2022.2.2\jbr\bin\jimage.dll
0x00007ffea9bc0000 - 0x00007ffea9df3000 	C:\WINDOWS\SYSTEM32\DBGHELP.DLL
0x00007ffeae6c0000 - 0x00007ffeaea49000 	C:\WINDOWS\System32\combase.dll
0x00007ffead6b0000 - 0x00007ffead787000 	C:\WINDOWS\System32\OLEAUT32.dll
0x00007ffea3b90000 - 0x00007ffea3bc2000 	C:\WINDOWS\SYSTEM32\dbgcore.DLL
0x00007ffeacd00000 - 0x00007ffeacd7a000 	C:\WINDOWS\System32\bcryptPrimitives.dll
0x00007ffea2ca0000 - 0x00007ffea2cae000 	C:\Program Files\JetBrains\IntelliJ IDEA Educational Edition 2022.2.2\jbr\bin\instrument.dll
0x00007ffea69c0000 - 0x00007ffea69e5000 	C:\Program Files\JetBrains\IntelliJ IDEA Educational Edition 2022.2.2\jbr\bin\java.dll
0x00007ffea6c80000 - 0x00007ffea6c98000 	C:\Program Files\JetBrains\IntelliJ IDEA Educational Edition 2022.2.2\jbr\bin\zip.dll
0x00007ffeade60000 - 0x00007ffeae6bb000 	C:\WINDOWS\System32\SHELL32.dll
0x00007ffeaa3f0000 - 0x00007ffeaace6000 	C:\WINDOWS\SYSTEM32\windows.storage.dll
0x00007ffeaa2b0000 - 0x00007ffeaa3ee000 	C:\WINDOWS\SYSTEM32\wintypes.dll
0x00007ffead520000 - 0x00007ffead613000 	C:\WINDOWS\System32\SHCORE.dll
0x00007ffeadc20000 - 0x00007ffeadc7e000 	C:\WINDOWS\System32\shlwapi.dll
0x00007ffeac3c0000 - 0x00007ffeac3e6000 	C:\WINDOWS\SYSTEM32\profapi.dll
0x00007ffea6ad0000 - 0x00007ffea6ae9000 	C:\Program Files\JetBrains\IntelliJ IDEA Educational Edition 2022.2.2\jbr\bin\net.dll
0x00007ffea7300000 - 0x00007ffea7437000 	C:\WINDOWS\SYSTEM32\WINHTTP.dll
0x00007ffeab950000 - 0x00007ffeab9b9000 	C:\WINDOWS\system32\mswsock.dll
0x00007ffea6860000 - 0x00007ffea6876000 	C:\Program Files\JetBrains\IntelliJ IDEA Educational Edition 2022.2.2\jbr\bin\nio.dll
0x00007ffea2a00000 - 0x00007ffea2a1a000 	C:\Program Files\JetBrains\IntelliJ IDEA Educational Edition 2022.2.2\bin\breakgen64.dll
0x00007ffea6b60000 - 0x00007ffea6b70000 	C:\Program Files\JetBrains\IntelliJ IDEA Educational Edition 2022.2.2\jbr\bin\verify.dll
0x00007ffea4790000 - 0x00007ffea4799000 	C:\Program Files\JetBrains\IntelliJ IDEA Educational Edition 2022.2.2\jbr\bin\management.dll
0x00007ffea46d0000 - 0x00007ffea46db000 	C:\Program Files\JetBrains\IntelliJ IDEA Educational Edition 2022.2.2\jbr\bin\management_ext.dll
0x00007ffe93a30000 - 0x00007ffe93a47000 	C:\WINDOWS\system32\napinsp.dll
0x00007ffe93100000 - 0x00007ffe9311b000 	C:\WINDOWS\system32\pnrpnsp.dll
0x00007ffeaafc0000 - 0x00007ffeab0b9000 	C:\WINDOWS\SYSTEM32\DNSAPI.dll
0x00007ffeaaf90000 - 0x00007ffeaafbd000 	C:\WINDOWS\SYSTEM32\IPHLPAPI.DLL
0x00007ffeadb60000 - 0x00007ffeadb69000 	C:\WINDOWS\System32\NSI.dll
0x00007ffe930a0000 - 0x00007ffe930b1000 	C:\WINDOWS\System32\winrnr.dll
0x00007ffe93080000 - 0x00007ffe93095000 	C:\WINDOWS\system32\wshbth.dll
0x00007ffe93020000 - 0x00007ffe93041000 	C:\WINDOWS\system32\nlansp_c.dll
0x00007ffea60c0000 - 0x00007ffea60ca000 	C:\Windows\System32\rasadhlp.dll
0x00007ffea60d0000 - 0x00007ffea6153000 	C:\WINDOWS\System32\fwpuclnt.dll
0x00007ffeabc10000 - 0x00007ffeabc2b000 	C:\WINDOWS\SYSTEM32\CRYPTSP.dll
0x00007ffeab430000 - 0x00007ffeab465000 	C:\WINDOWS\system32\rsaenh.dll
0x00007ffeabab0000 - 0x00007ffeabadc000 	C:\WINDOWS\SYSTEM32\USERENV.dll
0x00007ffeabc30000 - 0x00007ffeabc3c000 	C:\WINDOWS\SYSTEM32\CRYPTBASE.dll
0x00007ffea72d0000 - 0x00007ffea72e9000 	C:\WINDOWS\SYSTEM32\dhcpcsvc6.DLL
0x00007ffea71f0000 - 0x00007ffea720f000 	C:\WINDOWS\SYSTEM32\dhcpcsvc.DLL
0x00007ffea46c0000 - 0x00007ffea46cd000 	C:\Program Files\JetBrains\IntelliJ IDEA Educational Edition 2022.2.2\jbr\bin\sunmscapi.dll
0x00007ffeaca00000 - 0x00007ffeacb66000 	C:\WINDOWS\System32\CRYPT32.dll
0x00007ffeabe50000 - 0x00007ffeabe7e000 	C:\WINDOWS\SYSTEM32\ncrypt.dll
0x00007ffeabe10000 - 0x00007ffeabe47000 	C:\WINDOWS\SYSTEM32\NTASN1.dll
0x00007ffea4370000 - 0x00007ffea4378000 	C:\WINDOWS\system32\wshunix.dll

dbghelp: loaded successfully - version: 4.0.5 - missing functions: none
symbol engine: initialized successfully - sym options: 0x614 - pdb path: .;C:\Program Files\JetBrains\IntelliJ IDEA Educational Edition 2022.2.2\jbr\bin;C:\WINDOWS\SYSTEM32;C:\WINDOWS\WinSxS\amd64_microsoft.windows.common-controls_6595b64144ccf1df_6.0.22621.2506_none_270c5ae97388e100;C:\Program Files\JetBrains\IntelliJ IDEA Educational Edition 2022.2.2\jbr\bin\server;C:\Program Files\JetBrains\IntelliJ IDEA Educational Edition 2022.2.2\bin

VM Arguments:
jvm_args: -javaagent:C:\Program Files\JetBrains\IntelliJ IDEA Educational Edition 2022.2.2\lib\idea_rt.jar=13722:C:\Program Files\JetBrains\IntelliJ IDEA Educational Edition 2022.2.2\bin -Dfile.encoding=UTF-8 
java_command: com.proyectojwt.ProyectoJwtApplication
java_class_path (initial): D:\a\Proyecto-JWT-Backend-master\Proyecto-JWT-Backend-master\target\classes;C:\Users\PCMovil\.m2\repository\org\springframework\boot\spring-boot-starter-data-jpa\2.7.15\spring-boot-starter-data-jpa-2.7.15.jar;C:\Users\PCMovil\.m2\repository\org\springframework\boot\spring-boot-starter-aop\2.7.15\spring-boot-starter-aop-2.7.15.jar;C:\Users\PCMovil\.m2\repository\org\aspectj\aspectjweaver\1.9.7\aspectjweaver-1.9.7.jar;C:\Users\PCMovil\.m2\repository\org\springframework\boot\spring-boot-starter-jdbc\2.7.15\spring-boot-starter-jdbc-2.7.15.jar;C:\Users\PCMovil\.m2\repository\com\zaxxer\HikariCP\4.0.3\HikariCP-4.0.3.jar;C:\Users\PCMovil\.m2\repository\org\springframework\spring-jdbc\5.3.29\spring-jdbc-5.3.29.jar;C:\Users\PCMovil\.m2\repository\jakarta\transaction\jakarta.transaction-api\1.3.3\jakarta.transaction-api-1.3.3.jar;C:\Users\PCMovil\.m2\repository\jakarta\persistence\jakarta.persistence-api\2.2.3\jakarta.persistence-api-2.2.3.jar;C:\Users\PCMovil\.m2\repository\org\hibernate\hibernate-core\5.6.15.Final\hibernate-core-5.6.15.Final.jar;C:\Users\PCMovil\.m2\repository\org\jboss\logging\jboss-logging\3.4.3.Final\jboss-logging-3.4.3.Final.jar;C:\Users\PCMovil\.m2\repository\net\bytebuddy\byte-buddy\1.12.23\byte-buddy-1.12.23.jar;C:\Users\PCMovil\.m2\repository\antlr\antlr\2.7.7\antlr-2.7.7.jar;C:\Users\PCMovil\.m2\repository\org\jboss\jandex\2.4.2.Final\jandex-2.4.2.Final.jar;C:\Users\PCMovil\.m2\repository\com\fasterxml\classmate\1.5.1\classmate-1.5.1.jar;C:\Users\PCMovil\.m2\repository\org\hibernate\common\hibernate-commons-annotations\5.1.2.Final\hibernate-commons-annotations-5.1.2.Final.jar;C:\Users\PCMovil\.m2\repository\org\glassfish\jaxb\jaxb-runtime\2.3.8\jaxb-runtime-2.3.8.jar;C:\Users\PCMovil\.m2\repository\org\glassfish\jaxb\txw2\2.3.8\txw2-2.3.8.jar;C:\Users\PCMovil\.m2\repository\com\sun\istack\istack-commons-runtime\3.0.12\istack-commons-runtime-3.0.12.jar;C:\Users\PCMovil\.m2\repository\com\sun\activation\jakarta.activation
Launcher Type: SUN_STANDARD

[Global flags]
     intx CICompilerCount                          = 4                                         {product} {ergonomic}
     uint ConcGCThreads                            = 2                                         {product} {ergonomic}
     uint G1ConcRefinementThreads                  = 8                                         {product} {ergonomic}
   size_t G1HeapRegionSize                         = 1048576                                   {product} {ergonomic}
    uintx GCDrainStackTargetSize                   = 64                                        {product} {ergonomic}
   size_t InitialHeapSize                          = 132120576                                 {product} {ergonomic}
   size_t MarkStackSize                            = 4194304                                   {product} {ergonomic}
   size_t MaxHeapSize                              = 2095054848                                {product} {ergonomic}
   size_t MaxNewSize                               = 1256194048                                {product} {ergonomic}
   size_t MinHeapDeltaBytes                        = 1048576                                   {product} {ergonomic}
   size_t MinHeapSize                              = 8388608                                   {product} {ergonomic}
    uintx NonNMethodCodeHeapSize                   = 5839372                                {pd product} {ergonomic}
    uintx NonProfiledCodeHeapSize                  = 122909434                              {pd product} {ergonomic}
    uintx ProfiledCodeHeapSize                     = 122909434                              {pd product} {ergonomic}
    uintx ReservedCodeCacheSize                    = 251658240                              {pd product} {ergonomic}
     bool SegmentedCodeCache                       = true                                      {product} {ergonomic}
   size_t SoftMaxHeapSize                          = 2095054848                             {manageable} {ergonomic}
     bool UseCompressedClassPointers               = true                           {product lp64_product} {ergonomic}
     bool UseCompressedOops                        = true                           {product lp64_product} {ergonomic}
     bool UseG1GC                                  = true                                      {product} {ergonomic}
     bool UseLargePagesIndividualAllocation        = false                                  {pd product} {ergonomic}

Logging:
Log output configuration:
 #0: stdout all=warning uptime,level,tags
 #1: stderr all=off uptime,level,tags

Environment Variables:
JAVA_HOME=C:\Program Files (x86)\Java\jre-1.8
PATH=C:\Program Files\OpenLogic\jdk-8.0.382.05-hotspot\bin;C:\Program Files (x86)\Common Files\Oracle\Java\javapath;C:\Windows\System32\HWAudioDriverLibs;C:\Windows\system32;C:\Windows;C:\Windows\System32\Wbem;C:\Windows\System32\WindowsPowerShell\v1.0\;C:\Windows\System32\OpenSSH\;C:\Windows\system32\config\systemprofile\AppData\Local\Microsoft\WindowsApps;C:\Program Files\PuTTY\;C:\WINDOWS\system32;C:\WINDOWS;C:\WINDOWS\System32\Wbem;C:\WINDOWS\System32\WindowsPowerShell\v1.0\;C:\WINDOWS\System32\OpenSSH\;C:\Program Files\Oberthur Technologies\AuthentIC Webpack\Dlls;C:\Program Files (x86)\Oberthur Technologies\AuthentIC Webpack\Dlls;C:\Program Files\nodejs\;C:\Program Files (x86)\Java\jre-1.8\bin;C:\Program Files\Git\cmd;C:\Users\PCMovil\AppData\Local\Microsoft\WindowsApps;C:\Program Files (x86)\Nmap;C:\Users\PCMovil\AppData\Local\Programs\Microsoft VS Code\bin;C:\Users\PCMovil\AppData\Roaming\npm;C:\Users\PCMovil\AppData\Local\GitHubDesktop\bin
USERNAME=PCMovil
OS=Windows_NT
PROCESSOR_IDENTIFIER=Intel64 Family 6 Model 140 Stepping 1, GenuineIntel
TMP=C:\Users\PCMovil\AppData\Local\Temp
TEMP=C:\Users\PCMovil\AppData\Local\Temp



---------------  S Y S T E M  ---------------

OS:
 Windows 11 , 64 bit Build 22621 (10.0.22621.3085)
OS uptime: 4 days 10:02 hours

CPU: total 8 (initial active 8) (4 cores per cpu, 2 threads per core) family 6 model 140 stepping 1 microcode 0x8a, cx8, cmov, fxsr, ht, mmx, 3dnowpref, sse, sse2, sse3, ssse3, sse4.1, sse4.2, popcnt, lzcnt, tsc, tscinvbit, avx, avx2, aes, erms, clmul, bmi1, bmi2, adx, avx512f, avx512dq, avx512cd, avx512bw, avx512vl, sha, fma, vzeroupper, avx512_vpopcntdq, avx512_vpclmulqdq, avx512_vaes, avx512_vnni, clflush, clflushopt, clwb, avx512_vbmi2, avx512_vbmi

Memory: 4k page, system-wide physical 7991M (737M free)
TotalPageFile size 10039M (AvailPageFile size 6M)
current process WorkingSet (physical memory assigned to process): 202M, peak: 264M
current process commit charge ("private bytes"): 288M, peak: 301M

vm_info: OpenJDK 64-Bit Server VM (17.0.4.1+7-b469.62) for windows-amd64 JRE (17.0.4.1+7-b469.62), built on 2022-09-22 by "builduser" with MS VC++ 16.10 / 16.11 (VS2019)

END.
