#
# There is insufficient memory for the Java Runtime Environment to continue.
# Native memory allocation (malloc) failed to allocate 1035136 bytes for Chunk::new
# Possible reasons:
#   The system is out of physical RAM or swap space
#   The process is running with CompressedOops enabled, and the Java Heap may be blocking the growth of the native heap
# Possible solutions:
#   Reduce memory load on the system
#   Increase physical memory or swap space
#   Check if swap backing store is full
#   Decrease Java heap size (-Xmx/-Xms)
#   Decrease number of Java threads
#   Decrease Java thread stack sizes (-Xss)
#   Set larger code cache with -XX:ReservedCodeCacheSize=
#   JVM is running with Unscaled Compressed Oops mode in which the Java heap is
#     placed in the first 4GB address space. The Java Heap base address is the
#     maximum limit for the native heap growth. Please use -XX:HeapBaseMinAddress
#     to set the Java Heap base and to place the Java Heap above 4GB virtual address.
# This output file may be truncated or incomplete.
#
#  Out of Memory Error (arena.cpp:189), pid=2888, tid=14800
#
# JRE version: OpenJDK Runtime Environment JBR-17.0.4.1+7-469.62-jcef (17.0.4.1+7) (build 17.0.4.1+7-b469.62)
# Java VM: OpenJDK 64-Bit Server VM JBR-17.0.4.1+7-469.62-jcef (17.0.4.1+7-b469.62, mixed mode, tiered, compressed oops, compressed class ptrs, g1 gc, windows-amd64)
# No core dump will be written. Minidumps are not enabled by default on client versions of Windows
#

---------------  S U M M A R Y ------------

Command Line: -javaagent:C:\Program Files\JetBrains\IntelliJ IDEA Educational Edition 2022.2.2\lib\idea_rt.jar=41762:C:\Program Files\JetBrains\IntelliJ IDEA Educational Edition 2022.2.2\bin -Dfile.encoding=UTF-8 com.proyectojwt.ProyectoJwtApplication

Host: 11th Gen Intel(R) Core(TM) i5-1135G7 @ 2.40GHz, 8 cores, 7G,  Windows 11 , 64 bit Build 22621 (10.0.22621.3085)
Time: Tue Jan 30 14:42:56 2024 Hora est. Pacífico, Sudamérica elapsed time: 38.330450 seconds (0d 0h 0m 38s)

---------------  T H R E A D  ---------------

Current thread (0x00000207fb8428e0):  JavaThread "C2 CompilerThread0" daemon [_thread_in_native, id=14800, stack(0x0000001094a00000,0x0000001094b00000)]


Current CompileTask:
C2:  38330 5335       4       org.springframework.beans.factory.support.AbstractBeanFactory::isTypeMatch (607 bytes)

Stack: [0x0000001094a00000,0x0000001094b00000]
Native frames: (J=compiled Java code, j=interpreted, Vv=VM code, C=native code)
V  [jvm.dll+0x68356a]
V  [jvm.dll+0x83fab4]
V  [jvm.dll+0x84125e]
V  [jvm.dll+0x8418c3]
V  [jvm.dll+0x249735]
V  [jvm.dll+0xabd5c]
V  [jvm.dll+0xac32c]
V  [jvm.dll+0x2b096f]
V  [jvm.dll+0x589bb7]
V  [jvm.dll+0x223fe2]
V  [jvm.dll+0x2243bf]
V  [jvm.dll+0x21dc95]
V  [jvm.dll+0x21b15b]
V  [jvm.dll+0x1a4dfd]
V  [jvm.dll+0x22acd8]
V  [jvm.dll+0x228d89]
V  [jvm.dll+0x7f53ac]
V  [jvm.dll+0x7ef8da]
V  [jvm.dll+0x6823a5]
C  [ucrtbase.dll+0x29363]
C  [KERNEL32.DLL+0x1257d]
C  [ntdll.dll+0x5aa58]


---------------  P R O C E S S  ---------------

Threads class SMR info:
_java_thread_list=0x00000207fd98fe90, length=33, elements={
0x00000207facb9b20, 0x00000207facba5e0, 0x00000207fb830260, 0x00000207fb83b740,
0x00000207fb83e010, 0x00000207fb841cf0, 0x00000207fb8428e0, 0x00000207fb8435d0,
0x00000207fb865000, 0x00000207fb8f5430, 0x00000207fbbfe550, 0x00000207fbbfea20,
0x0000020792f34a80, 0x000002078fdc7ff0, 0x00000207fdb7baf0, 0x00000207fdb7a7b0,
0x00000207fdb7c960, 0x00000207fdb7ce30, 0x00000207fdb7b150, 0x00000207fdb7bfc0,
0x00000207fdb7ac80, 0x00000207fdb7b620, 0x00000207fdb7c490, 0x000002078f9b0030,
0x000002078f9ad4e0, 0x000002078f9ad010, 0x000002078f9b0500, 0x000002078f9af1c0,
0x000002078f9acb40, 0x000002078f9b39f0, 0x000002078f9b3ec0, 0x000002078f9ad9b0,
0x00000207fbc110b0
}

Java Threads: ( => current thread )
  0x00000207facb9b20 JavaThread "Reference Handler" daemon [_thread_blocked, id=10064, stack(0x0000001094400000,0x0000001094500000)]
  0x00000207facba5e0 JavaThread "Finalizer" daemon [_thread_blocked, id=19104, stack(0x0000001094500000,0x0000001094600000)]
  0x00000207fb830260 JavaThread "Signal Dispatcher" daemon [_thread_blocked, id=1008, stack(0x0000001094600000,0x0000001094700000)]
  0x00000207fb83b740 JavaThread "Attach Listener" daemon [_thread_blocked, id=11820, stack(0x0000001094700000,0x0000001094800000)]
  0x00000207fb83e010 JavaThread "Service Thread" daemon [_thread_blocked, id=13652, stack(0x0000001094800000,0x0000001094900000)]
  0x00000207fb841cf0 JavaThread "Monitor Deflation Thread" daemon [_thread_blocked, id=17084, stack(0x0000001094900000,0x0000001094a00000)]
=>0x00000207fb8428e0 JavaThread "C2 CompilerThread0" daemon [_thread_in_native, id=14800, stack(0x0000001094a00000,0x0000001094b00000)]
  0x00000207fb8435d0 JavaThread "C1 CompilerThread0" daemon [_thread_in_native, id=17292, stack(0x0000001094b00000,0x0000001094c00000)]
  0x00000207fb865000 JavaThread "Sweeper thread" daemon [_thread_blocked, id=10236, stack(0x0000001094c00000,0x0000001094d00000)]
  0x00000207fb8f5430 JavaThread "Common-Cleaner" daemon [_thread_blocked, id=19224, stack(0x0000001094d00000,0x0000001094e00000)]
  0x00000207fbbfe550 JavaThread "Monitor Ctrl-Break" daemon [_thread_in_native, id=14396, stack(0x0000001094f00000,0x0000001095000000)]
  0x00000207fbbfea20 JavaThread "Notification Thread" daemon [_thread_blocked, id=16656, stack(0x0000001095000000,0x0000001095100000)]
  0x0000020792f34a80 JavaThread "mysql-cj-abandoned-connection-cleanup" daemon [_thread_blocked, id=820, stack(0x0000001095c00000,0x0000001095d00000)]
  0x000002078fdc7ff0 JavaThread "HikariPool-1 housekeeper" daemon [_thread_blocked, id=7700, stack(0x0000001096000000,0x0000001096100000)]
  0x00000207fdb7baf0 JavaThread "Catalina-utility-1" [_thread_blocked, id=18564, stack(0x0000001096200000,0x0000001096300000)]
  0x00000207fdb7a7b0 JavaThread "Catalina-utility-2" [_thread_blocked, id=12688, stack(0x0000001096300000,0x0000001096400000)]
  0x00000207fdb7c960 JavaThread "container-0" [_thread_blocked, id=7792, stack(0x0000001096400000,0x0000001096500000)]
  0x00000207fdb7ce30 JavaThread "File Watcher" daemon [_thread_blocked, id=17552, stack(0x0000001096500000,0x0000001096600000)]
  0x00000207fdb7b150 JavaThread "Live Reload Server" daemon [_thread_in_native, id=17612, stack(0x0000001096700000,0x0000001096800000)]
  0x00000207fdb7bfc0 JavaThread "http-nio-10.4.7.20-8080-exec-1" daemon [_thread_in_native, id=4304, stack(0x0000001096600000,0x0000001096700000)]
  0x00000207fdb7ac80 JavaThread "http-nio-10.4.7.20-8080-exec-2" daemon [_thread_blocked, id=16300, stack(0x0000001096800000,0x0000001096900000)]
  0x00000207fdb7b620 JavaThread "http-nio-10.4.7.20-8080-exec-3" daemon [_thread_blocked, id=3388, stack(0x0000001096900000,0x0000001096a00000)]
  0x00000207fdb7c490 JavaThread "http-nio-10.4.7.20-8080-exec-4" daemon [_thread_blocked, id=14332, stack(0x0000001096a00000,0x0000001096b00000)]
  0x000002078f9b0030 JavaThread "http-nio-10.4.7.20-8080-exec-5" daemon [_thread_blocked, id=2472, stack(0x0000001096b00000,0x0000001096c00000)]
  0x000002078f9ad4e0 JavaThread "http-nio-10.4.7.20-8080-exec-6" daemon [_thread_blocked, id=10656, stack(0x0000001096c00000,0x0000001096d00000)]
  0x000002078f9ad010 JavaThread "http-nio-10.4.7.20-8080-exec-7" daemon [_thread_blocked, id=11008, stack(0x0000001096d00000,0x0000001096e00000)]
  0x000002078f9b0500 JavaThread "http-nio-10.4.7.20-8080-exec-8" daemon [_thread_blocked, id=11060, stack(0x0000001096e00000,0x0000001096f00000)]
  0x000002078f9af1c0 JavaThread "http-nio-10.4.7.20-8080-exec-9" daemon [_thread_blocked, id=4536, stack(0x0000001096f00000,0x0000001097000000)]
  0x000002078f9acb40 JavaThread "http-nio-10.4.7.20-8080-exec-10" daemon [_thread_blocked, id=19272, stack(0x0000001097000000,0x0000001097100000)]
  0x000002078f9b39f0 JavaThread "http-nio-10.4.7.20-8080-Poller" daemon [_thread_in_native, id=17104, stack(0x0000001097100000,0x0000001097200000)]
  0x000002078f9b3ec0 JavaThread "http-nio-10.4.7.20-8080-Acceptor" daemon [_thread_in_native, id=6976, stack(0x0000001097200000,0x0000001097300000)]
  0x000002078f9ad9b0 JavaThread "DestroyJavaVM" [_thread_blocked, id=16824, stack(0x0000001093d00000,0x0000001093e00000)]
  0x00000207fbc110b0 JavaThread "C2 CompilerThread1" daemon [_thread_in_native, id=15868, stack(0x0000001095300000,0x0000001095400000)]

Other Threads:
  0x00000207facb2040 VMThread "VM Thread" [stack: 0x0000001094300000,0x0000001094400000] [id=10676]
  0x00000207fbd6c630 WatcherThread [stack: 0x0000001095100000,0x0000001095200000] [id=3376]
  0x00000207efdbb5b0 GCTaskThread "GC Thread#0" [stack: 0x0000001093e00000,0x0000001093f00000] [id=5972]
  0x00000207fd8cf4f0 GCTaskThread "GC Thread#1" [stack: 0x0000001095500000,0x0000001095600000] [id=14496]
  0x00000207fd8cf7a0 GCTaskThread "GC Thread#2" [stack: 0x0000001095600000,0x0000001095700000] [id=17180]
  0x00000207fd8cfa50 GCTaskThread "GC Thread#3" [stack: 0x0000001095700000,0x0000001095800000] [id=1620]
  0x00000207fd8cfd00 GCTaskThread "GC Thread#4" [stack: 0x0000001095800000,0x0000001095900000] [id=3000]
  0x00000207fd8cffb0 GCTaskThread "GC Thread#5" [stack: 0x0000001095900000,0x0000001095a00000] [id=8228]
  0x00000207fd6e3540 GCTaskThread "GC Thread#6" [stack: 0x0000001095a00000,0x0000001095b00000] [id=13044]
  0x00000207fd6da020 GCTaskThread "GC Thread#7" [stack: 0x0000001095d00000,0x0000001095e00000] [id=11140]
  0x00000207efdcbdc0 ConcurrentGCThread "G1 Main Marker" [stack: 0x0000001093f00000,0x0000001094000000] [id=12600]
  0x00000207efdcc6e0 ConcurrentGCThread "G1 Conc#0" [stack: 0x0000001094000000,0x0000001094100000] [id=3348]
  0x00000207fdac7870 ConcurrentGCThread "G1 Conc#1" [stack: 0x0000001095e00000,0x0000001095f00000] [id=3064]
  0x00000207fab0c120 ConcurrentGCThread "G1 Refine#0" [stack: 0x0000001094100000,0x0000001094200000] [id=2288]
  0x00000207fd90a900 ConcurrentGCThread "G1 Refine#1" [stack: 0x0000001095b00000,0x0000001095c00000] [id=17240]
  0x00000207fab0c950 ConcurrentGCThread "G1 Service" [stack: 0x0000001094200000,0x0000001094300000] [id=2292]

Threads with active compile tasks:
C2 CompilerThread0    38340 5335       4       org.springframework.beans.factory.support.AbstractBeanFactory::isTypeMatch (607 bytes)
C1 CompilerThread0    38340 5395       3       java.net.URLStreamHandler::setURL (73 bytes)
C2 CompilerThread1    38340 5334 % !   4       org.springframework.beans.factory.support.DefaultListableBeanFactory::doGetBeanNamesForType @ 20 (528 bytes)

VM state: not at safepoint (normal execution)

VM Mutex/Monitor currently owned by a thread: None

Heap address: 0x0000000083200000, size: 1998 MB, Compressed Oops mode: 32-bit

CDS archive(s) not mapped
Compressed class space mapped at: 0x0000000100000000-0x0000000140000000, reserved size: 1073741824
Narrow klass base: 0x0000000000000000, Narrow klass shift: 3, Narrow klass range: 0x140000000

GC Precious Log:
 CPUs: 8 total, 8 available
 Memory: 7991M
 Large Page Support: Disabled
 NUMA Support: Disabled
 Compressed Oops: Enabled (32-bit)
 Heap Region Size: 1M
 Heap Min Capacity: 8M
 Heap Initial Capacity: 126M
 Heap Max Capacity: 1998M
 Pre-touch: Disabled
 Parallel Workers: 8
 Concurrent Workers: 2
 Concurrent Refinement Workers: 8
 Periodic GC: Disabled

Heap:
 garbage-first heap   total 75776K, used 43522K [0x0000000083200000, 0x0000000100000000)
  region size 1024K, 21 young (21504K), 5 survivors (5120K)
 Metaspace       used 70977K, committed 71360K, reserved 1114112K
  class space    used 9485K, committed 9664K, reserved 1048576K

Heap Regions: E=young(eden), S=young(survivor), O=old, HS=humongous(starts), HC=humongous(continues), CS=collection set, F=free, OA=open archive, CA=closed archive, TAMS=top-at-mark-start (previous, next)
|   0|0x0000000083200000, 0x0000000083300000, 0x0000000083300000|100%|HS|  |TAMS 0x0000000083300000, 0x0000000083200000| Complete 
|   1|0x0000000083300000, 0x0000000083400000, 0x0000000083400000|100%| O|  |TAMS 0x0000000083400000, 0x0000000083300000| Untracked 
|   2|0x0000000083400000, 0x0000000083500000, 0x0000000083500000|100%| O|  |TAMS 0x0000000083500000, 0x0000000083400000| Untracked 
|   3|0x0000000083500000, 0x0000000083600000, 0x0000000083600000|100%| O|  |TAMS 0x0000000083600000, 0x0000000083500000| Untracked 
|   4|0x0000000083600000, 0x0000000083700000, 0x0000000083700000|100%| O|  |TAMS 0x0000000083700000, 0x0000000083600000| Untracked 
|   5|0x0000000083700000, 0x0000000083800000, 0x0000000083800000|100%| O|  |TAMS 0x0000000083800000, 0x0000000083700000| Untracked 
|   6|0x0000000083800000, 0x0000000083900000, 0x0000000083900000|100%| O|  |TAMS 0x0000000083900000, 0x0000000083800000| Untracked 
|   7|0x0000000083900000, 0x0000000083a00000, 0x0000000083a00000|100%| O|  |TAMS 0x0000000083a00000, 0x0000000083900000| Untracked 
|   8|0x0000000083a00000, 0x0000000083b00000, 0x0000000083b00000|100%| O|  |TAMS 0x0000000083b00000, 0x0000000083a00000| Untracked 
|   9|0x0000000083b00000, 0x0000000083c00000, 0x0000000083c00000|100%| O|  |TAMS 0x0000000083c00000, 0x0000000083b00000| Untracked 
|  10|0x0000000083c00000, 0x0000000083d00000, 0x0000000083d00000|100%| O|  |TAMS 0x0000000083d00000, 0x0000000083c00000| Untracked 
|  11|0x0000000083d00000, 0x0000000083e00000, 0x0000000083e00000|100%| O|  |TAMS 0x0000000083e00000, 0x0000000083d00000| Untracked 
|  12|0x0000000083e00000, 0x0000000083f00000, 0x0000000083f00000|100%| O|  |TAMS 0x0000000083f00000, 0x0000000083e00000| Untracked 
|  13|0x0000000083f00000, 0x0000000084000000, 0x0000000084000000|100%| O|  |TAMS 0x0000000084000000, 0x0000000083f00000| Untracked 
|  14|0x0000000084000000, 0x0000000084100000, 0x0000000084100000|100%| O|  |TAMS 0x0000000084100000, 0x0000000084000000| Untracked 
|  15|0x0000000084100000, 0x0000000084200000, 0x0000000084200000|100%| O|  |TAMS 0x0000000084200000, 0x0000000084100000| Untracked 
|  16|0x0000000084200000, 0x0000000084300000, 0x0000000084300000|100%| O|  |TAMS 0x0000000084300000, 0x0000000084200000| Untracked 
|  17|0x0000000084300000, 0x0000000084400000, 0x0000000084400000|100%| O|  |TAMS 0x0000000084400000, 0x0000000084300000| Untracked 
|  18|0x0000000084400000, 0x0000000084500000, 0x0000000084500000|100%| O|  |TAMS 0x0000000084500000, 0x0000000084400000| Untracked 
|  19|0x0000000084500000, 0x0000000084600000, 0x0000000084600000|100%| O|  |TAMS 0x0000000084600000, 0x0000000084500000| Untracked 
|  20|0x0000000084600000, 0x0000000084700000, 0x0000000084700000|100%| O|  |TAMS 0x0000000084634400, 0x0000000084600000| Untracked 
|  21|0x0000000084700000, 0x0000000084800000, 0x0000000084800000|100%| O|  |TAMS 0x0000000084700000, 0x0000000084700000| Untracked 
|  22|0x0000000084800000, 0x0000000084880a00, 0x0000000084900000| 50%| O|  |TAMS 0x0000000084800000, 0x0000000084800000| Untracked 
|  23|0x0000000084900000, 0x0000000084900000, 0x0000000084a00000|  0%| F|  |TAMS 0x0000000084900000, 0x0000000084900000| Untracked 
|  24|0x0000000084a00000, 0x0000000084a00000, 0x0000000084b00000|  0%| F|  |TAMS 0x0000000084a00000, 0x0000000084a00000| Untracked 
|  25|0x0000000084b00000, 0x0000000084b00000, 0x0000000084c00000|  0%| F|  |TAMS 0x0000000084b00000, 0x0000000084b00000| Untracked 
|  26|0x0000000084c00000, 0x0000000084c00000, 0x0000000084d00000|  0%| F|  |TAMS 0x0000000084c00000, 0x0000000084c00000| Untracked 
|  27|0x0000000084d00000, 0x0000000084d00000, 0x0000000084e00000|  0%| F|  |TAMS 0x0000000084d00000, 0x0000000084d00000| Untracked 
|  28|0x0000000084e00000, 0x0000000084e00000, 0x0000000084f00000|  0%| F|  |TAMS 0x0000000084e00000, 0x0000000084e00000| Untracked 
|  29|0x0000000084f00000, 0x0000000084f00000, 0x0000000085000000|  0%| F|  |TAMS 0x0000000084f00000, 0x0000000084f00000| Untracked 
|  30|0x0000000085000000, 0x0000000085000000, 0x0000000085100000|  0%| F|  |TAMS 0x0000000085000000, 0x0000000085000000| Untracked 
|  31|0x0000000085100000, 0x0000000085200000, 0x0000000085200000|100%| S|CS|TAMS 0x0000000085100000, 0x0000000085100000| Complete 
|  32|0x0000000085200000, 0x0000000085200000, 0x0000000085300000|  0%| F|  |TAMS 0x0000000085200000, 0x0000000085200000| Untracked 
|  33|0x0000000085300000, 0x0000000085300000, 0x0000000085400000|  0%| F|  |TAMS 0x0000000085300000, 0x0000000085300000| Untracked 
|  34|0x0000000085400000, 0x0000000085400000, 0x0000000085500000|  0%| F|  |TAMS 0x0000000085400000, 0x0000000085400000| Untracked 
|  35|0x0000000085500000, 0x0000000085500000, 0x0000000085600000|  0%| F|  |TAMS 0x0000000085500000, 0x0000000085500000| Untracked 
|  36|0x0000000085600000, 0x0000000085600000, 0x0000000085700000|  0%| F|  |TAMS 0x0000000085600000, 0x0000000085600000| Untracked 
|  37|0x0000000085700000, 0x0000000085800000, 0x0000000085800000|100%| S|CS|TAMS 0x0000000085700000, 0x0000000085700000| Complete 
|  38|0x0000000085800000, 0x0000000085900000, 0x0000000085900000|100%| S|CS|TAMS 0x0000000085800000, 0x0000000085800000| Complete 
|  39|0x0000000085900000, 0x0000000085a00000, 0x0000000085a00000|100%| S|CS|TAMS 0x0000000085900000, 0x0000000085900000| Complete 
|  40|0x0000000085a00000, 0x0000000085b00000, 0x0000000085b00000|100%| S|CS|TAMS 0x0000000085a00000, 0x0000000085a00000| Complete 
|  41|0x0000000085b00000, 0x0000000085b00000, 0x0000000085c00000|  0%| F|  |TAMS 0x0000000085b00000, 0x0000000085b00000| Untracked 
|  42|0x0000000085c00000, 0x0000000085c00000, 0x0000000085d00000|  0%| F|  |TAMS 0x0000000085c00000, 0x0000000085c00000| Untracked 
|  43|0x0000000085d00000, 0x0000000085d00000, 0x0000000085e00000|  0%| F|  |TAMS 0x0000000085d00000, 0x0000000085d00000| Untracked 
|  44|0x0000000085e00000, 0x0000000085e00000, 0x0000000085f00000|  0%| F|  |TAMS 0x0000000085e00000, 0x0000000085e00000| Untracked 
|  45|0x0000000085f00000, 0x0000000085f00000, 0x0000000086000000|  0%| F|  |TAMS 0x0000000085f00000, 0x0000000085f00000| Untracked 
|  46|0x0000000086000000, 0x0000000086000000, 0x0000000086100000|  0%| F|  |TAMS 0x0000000086000000, 0x0000000086000000| Untracked 
|  47|0x0000000086100000, 0x0000000086100000, 0x0000000086200000|  0%| F|  |TAMS 0x0000000086100000, 0x0000000086100000| Untracked 
|  48|0x0000000086200000, 0x0000000086200000, 0x0000000086300000|  0%| F|  |TAMS 0x0000000086200000, 0x0000000086200000| Untracked 
|  49|0x0000000086300000, 0x0000000086300000, 0x0000000086400000|  0%| F|  |TAMS 0x0000000086300000, 0x0000000086300000| Untracked 
|  50|0x0000000086400000, 0x0000000086400000, 0x0000000086500000|  0%| F|  |TAMS 0x0000000086400000, 0x0000000086400000| Untracked 
|  51|0x0000000086500000, 0x0000000086500000, 0x0000000086600000|  0%| F|  |TAMS 0x0000000086500000, 0x0000000086500000| Untracked 
|  52|0x0000000086600000, 0x0000000086600000, 0x0000000086700000|  0%| F|  |TAMS 0x0000000086600000, 0x0000000086600000| Untracked 
|  53|0x0000000086700000, 0x0000000086700000, 0x0000000086800000|  0%| F|  |TAMS 0x0000000086700000, 0x0000000086700000| Untracked 
|  54|0x0000000086800000, 0x0000000086800000, 0x0000000086900000|  0%| F|  |TAMS 0x0000000086800000, 0x0000000086800000| Untracked 
|  55|0x0000000086900000, 0x0000000086900000, 0x0000000086a00000|  0%| F|  |TAMS 0x0000000086900000, 0x0000000086900000| Untracked 
|  56|0x0000000086a00000, 0x0000000086a00000, 0x0000000086b00000|  0%| F|  |TAMS 0x0000000086a00000, 0x0000000086a00000| Untracked 
|  57|0x0000000086b00000, 0x0000000086b00000, 0x0000000086c00000|  0%| F|  |TAMS 0x0000000086b00000, 0x0000000086b00000| Untracked 
|  58|0x0000000086c00000, 0x0000000086cdcee0, 0x0000000086d00000| 86%| E|  |TAMS 0x0000000086c00000, 0x0000000086c00000| Complete 
|  59|0x0000000086d00000, 0x0000000086e00000, 0x0000000086e00000|100%| E|CS|TAMS 0x0000000086d00000, 0x0000000086d00000| Complete 
|  60|0x0000000086e00000, 0x0000000086f00000, 0x0000000086f00000|100%| E|CS|TAMS 0x0000000086e00000, 0x0000000086e00000| Complete 
|  61|0x0000000086f00000, 0x0000000087000000, 0x0000000087000000|100%| E|CS|TAMS 0x0000000086f00000, 0x0000000086f00000| Complete 
|  62|0x0000000087000000, 0x0000000087100000, 0x0000000087100000|100%| E|CS|TAMS 0x0000000087000000, 0x0000000087000000| Complete 
|  63|0x0000000087100000, 0x0000000087200000, 0x0000000087200000|100%| E|CS|TAMS 0x0000000087100000, 0x0000000087100000| Complete 
|  64|0x0000000087200000, 0x0000000087300000, 0x0000000087300000|100%| E|CS|TAMS 0x0000000087200000, 0x0000000087200000| Complete 
|  65|0x0000000087300000, 0x0000000087400000, 0x0000000087400000|100%| E|CS|TAMS 0x0000000087300000, 0x0000000087300000| Complete 
|  66|0x0000000087400000, 0x0000000087500000, 0x0000000087500000|100%| E|CS|TAMS 0x0000000087400000, 0x0000000087400000| Complete 
|  67|0x0000000087500000, 0x0000000087600000, 0x0000000087600000|100%| E|CS|TAMS 0x0000000087500000, 0x0000000087500000| Complete 
|  68|0x0000000087600000, 0x0000000087700000, 0x0000000087700000|100%| E|CS|TAMS 0x0000000087600000, 0x0000000087600000| Complete 
|  69|0x0000000087700000, 0x0000000087800000, 0x0000000087800000|100%| E|CS|TAMS 0x0000000087700000, 0x0000000087700000| Complete 
|  70|0x0000000087800000, 0x0000000087900000, 0x0000000087900000|100%| E|CS|TAMS 0x0000000087800000, 0x0000000087800000| Complete 
| 123|0x000000008ad00000, 0x000000008ae00000, 0x000000008ae00000|100%| E|CS|TAMS 0x000000008ad00000, 0x000000008ad00000| Complete 
| 124|0x000000008ae00000, 0x000000008af00000, 0x000000008af00000|100%| E|CS|TAMS 0x000000008ae00000, 0x000000008ae00000| Complete 
| 125|0x000000008af00000, 0x000000008b000000, 0x000000008b000000|100%| E|CS|TAMS 0x000000008af00000, 0x000000008af00000| Complete 

Card table byte_map: [0x00000207f3bc0000,0x00000207f3fb0000] _byte_map_base: 0x00000207f37a7000

Marking Bits (Prev, Next): (CMBitMap*) 0x00000207efdbbb10, (CMBitMap*) 0x00000207efdbbad0
 Prev Bits: [0x00000207f62e0000, 0x00000207f8218000)
 Next Bits: [0x00000207f43a0000, 0x00000207f62d8000)

Polling page: 0x00000207ef510000

Metaspace:

Usage:
  Non-class:     60.07 MB used.
      Class:      9.27 MB used.
       Both:     69.33 MB used.

Virtual space:
  Non-class space:       64.00 MB reserved,      60.25 MB ( 94%) committed,  8 nodes.
      Class space:        1.00 GB reserved,       9.44 MB ( <1%) committed,  1 nodes.
             Both:        1.06 GB reserved,      69.69 MB (  6%) committed. 

Chunk freelists:
   Non-Class:  3.78 MB
       Class:  2.53 MB
        Both:  6.31 MB

MaxMetaspaceSize: unlimited
CompressedClassSpaceSize: 1.00 GB
Initial GC threshold: 21.00 MB
Current GC threshold: 98.38 MB
CDS: off
MetaspaceReclaimPolicy: balanced
 - commit_granule_bytes: 65536.
 - commit_granule_words: 8192.
 - virtual_space_node_default_size: 1048576.
 - enlarge_chunks_in_place: 1.
 - new_chunks_are_fully_committed: 0.
 - uncommit_free_chunks: 1.
 - use_allocation_guard: 0.
 - handle_deallocations: 1.


Internal statistics:

num_allocs_failed_limit: 9.
num_arena_births: 370.
num_arena_deaths: 0.
num_vsnodes_births: 9.
num_vsnodes_deaths: 0.
num_space_committed: 1115.
num_space_uncommitted: 0.
num_chunks_returned_to_freelist: 9.
num_chunks_taken_from_freelist: 2601.
num_chunk_merges: 9.
num_chunk_splits: 1895.
num_chunks_enlarged: 1564.
num_purges: 0.
num_inconsistent_stats: 0.

CodeHeap 'non-profiled nmethods': size=120000Kb used=3373Kb max_used=3373Kb free=116626Kb
 bounds [0x0000020787ad0000, 0x0000020787e20000, 0x000002078f000000]
CodeHeap 'profiled nmethods': size=120000Kb used=9207Kb max_used=9571Kb free=110793Kb
 bounds [0x00000207805a0000, 0x0000020780f00000, 0x0000020787ad0000]
CodeHeap 'non-nmethods': size=5760Kb used=1310Kb max_used=1356Kb free=4449Kb
 bounds [0x0000020780000000, 0x0000020780270000, 0x00000207805a0000]
 total_blobs=5268 nmethods=4649 adapters=531
 compilation: enabled
              stopped_count=0, restarted_count=0
 full_count=0

Compilation events (20 events):
Event: 38.277 Thread 0x00000207fb8435d0 5367   !   3       org.apache.tomcat.util.http.parser.HttpParser::isToken (9 bytes)
Event: 38.277 Thread 0x00000207fb8435d0 nmethod 5367 0x0000020780971f10 code [0x00000207809720a0, 0x0000020780972218]
Event: 38.277 Thread 0x00000207fb8435d0 5368   !   3       java.nio.charset.CharsetDecoder::decode (275 bytes)
Event: 38.278 Thread 0x00000207fb8435d0 nmethod 5368 0x0000020780970090 code [0x00000207809703c0, 0x00000207809718a8]
Event: 38.278 Thread 0x00000207fb8435d0 5370       3       java.lang.String::indexOf (64 bytes)
Event: 38.278 Thread 0x00000207fb8435d0 nmethod 5370 0x000002078096f810 code [0x000002078096fa20, 0x000002078096fee8]
Event: 38.278 Thread 0x00000207fb8435d0 5369       3       org.apache.catalina.connector.RequestFacade::checkFacade (24 bytes)
Event: 38.278 Thread 0x00000207fb8435d0 nmethod 5369 0x000002078096f310 code [0x000002078096f4c0, 0x000002078096f718]
Event: 38.278 Thread 0x00000207fb8435d0 5371       3       java.util.regex.Pattern$$Lambda$72/0x0000000100153d80::is (9 bytes)
Event: 38.279 Thread 0x00000207fb8435d0 nmethod 5371 0x000002078096ee10 code [0x000002078096efa0, 0x000002078096f178]
Event: 38.279 Thread 0x00000207fb8435d0 5372       3       java.util.regex.Pattern::lambda$Single$7 (11 bytes)
Event: 38.279 Thread 0x00000207fb8435d0 nmethod 5372 0x000002078060c990 code [0x000002078060cb20, 0x000002078060cc78]
Event: 38.301 Thread 0x00000207fb8435d0 5374       3       java.util.concurrent.ConcurrentHashMap::size (31 bytes)
Event: 38.301 Thread 0x00000207fb8435d0 nmethod 5374 0x000002078060c510 code [0x000002078060c6c0, 0x000002078060c908]
Event: 38.309 Thread 0x00000207fb8435d0 5376       1       com.fasterxml.jackson.databind.JavaType::getRawClass (5 bytes)
Event: 38.309 Thread 0x00000207fb8435d0 nmethod 5376 0x0000020787e1a890 code [0x0000020787e1aa20, 0x0000020787e1aaf8]
Event: 38.320 Thread 0x00000207fb8435d0 5378       1       org.apache.catalina.util.LifecycleBase::getState (5 bytes)
Event: 38.320 Thread 0x00000207fb8435d0 nmethod 5378 0x0000020787e1ae90 code [0x0000020787e1b020, 0x0000020787e1b0f8]
Event: 38.329 Thread 0x00000207fb8435d0 5379       3       java.io.FileDescriptor::valid (25 bytes)
Event: 38.329 Thread 0x00000207fb8435d0 nmethod 5379 0x000002078060c110 code [0x000002078060c2a0, 0x000002078060c458]

GC Heap History (20 events):
Event: 1.996 GC heap before
{Heap before GC invocations=9 (full 0):
 garbage-first heap   total 37888K, used 27948K [0x0000000083200000, 0x0000000100000000)
  region size 1024K, 17 young (17408K), 3 survivors (3072K)
 Metaspace       used 35077K, committed 35328K, reserved 1081344K
  class space    used 4254K, committed 4352K, reserved 1048576K
}
Event: 1.998 GC heap after
{Heap after GC invocations=10 (full 0):
 garbage-first heap   total 37888K, used 14753K [0x0000000083200000, 0x0000000100000000)
  region size 1024K, 3 young (3072K), 3 survivors (3072K)
 Metaspace       used 35077K, committed 35328K, reserved 1081344K
  class space    used 4254K, committed 4352K, reserved 1048576K
}
Event: 2.077 GC heap before
{Heap before GC invocations=10 (full 0):
 garbage-first heap   total 37888K, used 18849K [0x0000000083200000, 0x0000000100000000)
  region size 1024K, 8 young (8192K), 3 survivors (3072K)
 Metaspace       used 35778K, committed 35968K, reserved 1081344K
  class space    used 4375K, committed 4480K, reserved 1048576K
}
Event: 2.080 GC heap after
{Heap after GC invocations=11 (full 0):
 garbage-first heap   total 37888K, used 15526K [0x0000000083200000, 0x0000000100000000)
  region size 1024K, 1 young (1024K), 1 survivors (1024K)
 Metaspace       used 35778K, committed 35968K, reserved 1081344K
  class space    used 4375K, committed 4480K, reserved 1048576K
}
Event: 2.367 GC heap before
{Heap before GC invocations=12 (full 0):
 garbage-first heap   total 37888K, used 28838K [0x0000000083200000, 0x0000000100000000)
  region size 1024K, 14 young (14336K), 1 survivors (1024K)
 Metaspace       used 38425K, committed 38656K, reserved 1089536K
  class space    used 4788K, committed 4864K, reserved 1048576K
}
Event: 2.369 GC heap after
{Heap after GC invocations=13 (full 0):
 garbage-first heap   total 37888K, used 16647K [0x0000000083200000, 0x0000000100000000)
  region size 1024K, 2 young (2048K), 2 survivors (2048K)
 Metaspace       used 38425K, committed 38656K, reserved 1089536K
  class space    used 4788K, committed 4864K, reserved 1048576K
}
Event: 2.387 GC heap before
{Heap before GC invocations=13 (full 0):
 garbage-first heap   total 37888K, used 16647K [0x0000000083200000, 0x0000000100000000)
  region size 1024K, 3 young (3072K), 2 survivors (2048K)
 Metaspace       used 38713K, committed 39040K, reserved 1089536K
  class space    used 4819K, committed 4992K, reserved 1048576K
}
Event: 2.389 GC heap after
{Heap after GC invocations=14 (full 0):
 garbage-first heap   total 37888K, used 16728K [0x0000000083200000, 0x0000000100000000)
  region size 1024K, 1 young (1024K), 1 survivors (1024K)
 Metaspace       used 38713K, committed 39040K, reserved 1089536K
  class space    used 4819K, committed 4992K, reserved 1048576K
}
Event: 2.567 GC heap before
{Heap before GC invocations=14 (full 0):
 garbage-first heap   total 37888K, used 29016K [0x0000000083200000, 0x0000000100000000)
  region size 1024K, 13 young (13312K), 1 survivors (1024K)
 Metaspace       used 40603K, committed 40960K, reserved 1089536K
  class space    used 5016K, committed 5184K, reserved 1048576K
}
Event: 2.569 GC heap after
{Heap after GC invocations=15 (full 0):
 garbage-first heap   total 75776K, used 17520K [0x0000000083200000, 0x0000000100000000)
  region size 1024K, 2 young (2048K), 2 survivors (2048K)
 Metaspace       used 40603K, committed 40960K, reserved 1089536K
  class space    used 5016K, committed 5184K, reserved 1048576K
}
Event: 3.353 GC heap before
{Heap before GC invocations=15 (full 0):
 garbage-first heap   total 75776K, used 56432K [0x0000000083200000, 0x0000000100000000)
  region size 1024K, 40 young (40960K), 2 survivors (2048K)
 Metaspace       used 48972K, committed 49280K, reserved 1097728K
  class space    used 6185K, committed 6336K, reserved 1048576K
}
Event: 3.358 GC heap after
{Heap after GC invocations=16 (full 0):
 garbage-first heap   total 75776K, used 20815K [0x0000000083200000, 0x0000000100000000)
  region size 1024K, 5 young (5120K), 5 survivors (5120K)
 Metaspace       used 48972K, committed 49280K, reserved 1097728K
  class space    used 6185K, committed 6336K, reserved 1048576K
}
Event: 4.064 GC heap before
{Heap before GC invocations=16 (full 0):
 garbage-first heap   total 75776K, used 56655K [0x0000000083200000, 0x0000000100000000)
  region size 1024K, 40 young (40960K), 5 survivors (5120K)
 Metaspace       used 58995K, committed 59328K, reserved 1105920K
  class space    used 7782K, committed 7936K, reserved 1048576K
}
Event: 4.069 GC heap after
{Heap after GC invocations=17 (full 0):
 garbage-first heap   total 75776K, used 22608K [0x0000000083200000, 0x0000000100000000)
  region size 1024K, 2 young (2048K), 2 survivors (2048K)
 Metaspace       used 58995K, committed 59328K, reserved 1105920K
  class space    used 7782K, committed 7936K, reserved 1048576K
}
Event: 4.201 GC heap before
{Heap before GC invocations=17 (full 0):
 garbage-first heap   total 75776K, used 30800K [0x0000000083200000, 0x0000000100000000)
  region size 1024K, 11 young (11264K), 2 survivors (2048K)
 Metaspace       used 59876K, committed 60160K, reserved 1105920K
  class space    used 7924K, committed 8064K, reserved 1048576K
}
Event: 4.204 GC heap after
{Heap after GC invocations=18 (full 0):
 garbage-first heap   total 75776K, used 23206K [0x0000000083200000, 0x0000000100000000)
  region size 1024K, 3 young (3072K), 3 survivors (3072K)
 Metaspace       used 59876K, committed 60160K, reserved 1105920K
  class space    used 7924K, committed 8064K, reserved 1048576K
}
Event: 4.740 GC heap before
{Heap before GC invocations=19 (full 0):
 garbage-first heap   total 75776K, used 58022K [0x0000000083200000, 0x0000000100000000)
  region size 1024K, 37 young (37888K), 3 survivors (3072K)
 Metaspace       used 64511K, committed 64896K, reserved 1105920K
  class space    used 8605K, committed 8832K, reserved 1048576K
}
Event: 4.744 GC heap after
{Heap after GC invocations=20 (full 0):
 garbage-first heap   total 75776K, used 25398K [0x0000000083200000, 0x0000000100000000)
  region size 1024K, 5 young (5120K), 5 survivors (5120K)
 Metaspace       used 64511K, committed 64896K, reserved 1105920K
  class space    used 8605K, committed 8832K, reserved 1048576K
}
Event: 5.261 GC heap before
{Heap before GC invocations=20 (full 0):
 garbage-first heap   total 75776K, used 59190K [0x0000000083200000, 0x0000000100000000)
  region size 1024K, 38 young (38912K), 5 survivors (5120K)
 Metaspace       used 67910K, committed 68224K, reserved 1114112K
  class space    used 9103K, committed 9280K, reserved 1048576K
}
Event: 5.267 GC heap after
{Heap after GC invocations=21 (full 0):
 garbage-first heap   total 75776K, used 28162K [0x0000000083200000, 0x0000000100000000)
  region size 1024K, 5 young (5120K), 5 survivors (5120K)
 Metaspace       used 67910K, committed 68224K, reserved 1114112K
  class space    used 9103K, committed 9280K, reserved 1048576K
}

Deoptimization events (20 events):
Event: 38.214 Thread 0x00000207fdb7ac80 Uncommon trap: trap_request=0xffffff45 fr.pc=0x0000020787d8a2c0 relative=0x0000000000001140
Event: 38.214 Thread 0x00000207fdb7ac80 Uncommon trap: reason=unstable_if action=reinterpret pc=0x0000020787d8a2c0 method=jdk.internal.jimage.ImageLocation.verifyName(Ljava/lang/String;Ljava/lang/String;IIIIIILjdk/internal/jimage/ImageStrings;)Z @ 2 c2
Event: 38.214 Thread 0x00000207fdb7ac80 DEOPT PACKING pc=0x0000020787d8a2c0 sp=0x00000010968fd710
Event: 38.214 Thread 0x00000207fdb7ac80 DEOPT UNPACKING pc=0x0000020780055c23 sp=0x00000010968fd698 mode 2
Event: 38.228 Thread 0x00000207fdb7ac80 Uncommon trap: trap_request=0xffffff45 fr.pc=0x0000020787b766d0 relative=0x00000000000001d0
Event: 38.228 Thread 0x00000207fdb7ac80 Uncommon trap: reason=unstable_if action=reinterpret pc=0x0000020787b766d0 method=java.lang.String.indexOf(Ljava/lang/String;)I @ 10 c2
Event: 38.228 Thread 0x00000207fdb7ac80 DEOPT PACKING pc=0x0000020787b766d0 sp=0x00000010968fe0e0
Event: 38.228 Thread 0x00000207fdb7ac80 DEOPT UNPACKING pc=0x0000020780055c23 sp=0x00000010968fe070 mode 2
Event: 38.268 Thread 0x00000207fdb7ac80 Uncommon trap: trap_request=0xffffff45 fr.pc=0x0000020787d97fdc relative=0x000000000000005c
Event: 38.268 Thread 0x00000207fdb7ac80 Uncommon trap: reason=unstable_if action=reinterpret pc=0x0000020787d97fdc method=java.util.Objects.equals(Ljava/lang/Object;Ljava/lang/Object;)Z @ 6 c2
Event: 38.268 Thread 0x00000207fdb7ac80 DEOPT PACKING pc=0x0000020787d97fdc sp=0x00000010968fc480
Event: 38.268 Thread 0x00000207fdb7ac80 DEOPT UNPACKING pc=0x0000020780055c23 sp=0x00000010968fc420 mode 2
Event: 38.301 Thread 0x00000207fdb7bfc0 Uncommon trap: trap_request=0xffffffde fr.pc=0x0000020787bc000c relative=0x00000000000012cc
Event: 38.301 Thread 0x00000207fdb7bfc0 Uncommon trap: reason=class_check action=maybe_recompile pc=0x0000020787bc000c method=java.util.concurrent.ConcurrentHashMap.putVal(Ljava/lang/Object;Ljava/lang/Object;Z)Ljava/lang/Object; @ 159 c2
Event: 38.301 Thread 0x00000207fdb7bfc0 DEOPT PACKING pc=0x0000020787bc000c sp=0x00000010966fc520
Event: 38.301 Thread 0x00000207fdb7bfc0 DEOPT UNPACKING pc=0x0000020780055c23 sp=0x00000010966fc4b0 mode 2
Event: 38.301 Thread 0x00000207fdb7bfc0 Uncommon trap: trap_request=0xffffffde fr.pc=0x0000020787bc000c relative=0x00000000000012cc
Event: 38.301 Thread 0x00000207fdb7bfc0 Uncommon trap: reason=class_check action=maybe_recompile pc=0x0000020787bc000c method=java.util.concurrent.ConcurrentHashMap.putVal(Ljava/lang/Object;Ljava/lang/Object;Z)Ljava/lang/Object; @ 159 c2
Event: 38.301 Thread 0x00000207fdb7bfc0 DEOPT PACKING pc=0x0000020787bc000c sp=0x00000010966fc760
Event: 38.301 Thread 0x00000207fdb7bfc0 DEOPT UNPACKING pc=0x0000020780055c23 sp=0x00000010966fc6f0 mode 2

Classes unloaded (0 events):
No events

Classes redefined (0 events):
No events

Internal exceptions (20 events):
Event: 4.770 Thread 0x00000207fd588020 Exception <a 'java/lang/ClassNotFoundException'{0x00000000878435a0}: org/springframework/security/config/annotation/web/configuration/WebSecurityConfigurationCustomizer> (0x00000000878435a0) 
thrown [s\src\hotspot\share\classfile\systemDictionary.cpp, line 256]
Event: 4.771 Thread 0x00000207fd588020 Exception <a 'java/lang/ClassNotFoundException'{0x0000000087850910}: org/springframework/context/annotation/ImportAwareCustomizer> (0x0000000087850910) 
thrown [s\src\hotspot\share\classfile\systemDictionary.cpp, line 256]
Event: 4.771 Thread 0x00000207fd588020 Exception <a 'java/lang/ClassNotFoundException'{0x0000000087855b68}: org/springframework/beans/factory/AwareCustomizer> (0x0000000087855b68) 
thrown [s\src\hotspot\share\classfile\systemDictionary.cpp, line 256]
Event: 4.771 Thread 0x00000207fd588020 Exception <a 'java/lang/ClassNotFoundException'{0x000000008785a218}: org/springframework/beans/factory/BeanClassLoaderAwareCustomizer> (0x000000008785a218) 
thrown [s\src\hotspot\share\classfile\systemDictionary.cpp, line 256]
Event: 4.771 Thread 0x00000207fd588020 Exception <a 'java/lang/ClassNotFoundException'{0x000000008785f450}: org/springframework/beans/factory/AwareCustomizer> (0x000000008785f450) 
thrown [s\src\hotspot\share\classfile\systemDictionary.cpp, line 256]
Event: 4.867 Thread 0x00000207fd588020 Exception <a 'java/lang/NoSuchMethodError'{0x00000000872688f8}: 'java.lang.Object java.lang.invoke.Invokers$Holder.invoker(java.lang.Object, java.lang.Object, java.lang.Object, java.lang.Object)'> (0x00000000872688f8) 
thrown [s\src\hotspot\share\interpreter\linkResolver.cpp, line 771]
Event: 4.869 Thread 0x00000207fd588020 Exception <a 'java/lang/NoSuchMethodError'{0x0000000087272b00}: 'int java.lang.invoke.DirectMethodHandle$Holder.invokeSpecial(java.lang.Object, java.lang.Object, java.lang.Object, int)'> (0x0000000087272b00) 
thrown [s\src\hotspot\share\interpreter\linkResolver.cpp, line 771]
Event: 4.871 Thread 0x00000207fd588020 Exception <a 'java/lang/NoSuchMethodError'{0x000000008728c398}: 'void java.lang.invoke.DelegatingMethodHandle$Holder.reinvoke_L(java.lang.Object, java.lang.Object, int)'> (0x000000008728c398) 
thrown [s\src\hotspot\share\interpreter\linkResolver.cpp, line 771]
Event: 4.872 Thread 0x00000207fd588020 Exception <a 'java/lang/NoSuchMethodError'{0x000000008729a0c8}: 'java.lang.Object java.lang.invoke.Invokers$Holder.invokeExact_MT(java.lang.Object, java.lang.Object, java.lang.Object, java.lang.Object)'> (0x000000008729a0c8) 
thrown [s\src\hotspot\share\interpreter\linkResolver.cpp, line 771]
Event: 4.897 Thread 0x00000207fd588020 Exception <a 'java/lang/NoSuchMethodError'{0x0000000087180998}: 'java.lang.Object java.lang.invoke.DirectMethodHandle$Holder.invokeInterface(java.lang.Object, java.lang.Object, java.lang.Object, java.lang.Object)'> (0x0000000087180998) 
thrown [s\src\hotspot\share\interpreter\linkResolver.cpp, line 771]
Event: 5.019 Thread 0x00000207fd588020 Exception <a 'java/lang/NoSuchMethodError'{0x000000008697d330}: 'void java.lang.invoke.DirectMethodHandle$Holder.invokeVirtual(java.lang.Object, java.lang.Object, int)'> (0x000000008697d330) 
thrown [s\src\hotspot\share\interpreter\linkResolver.cpp, line 771]
Event: 5.022 Thread 0x00000207fd588020 Exception <a 'java/lang/NoSuchMethodError'{0x0000000086998190}: 'void java.lang.invoke.DirectMethodHandle$Holder.invokeVirtual(java.lang.Object, java.lang.Object, long)'> (0x0000000086998190) 
thrown [s\src\hotspot\share\interpreter\linkResolver.cpp, line 771]
Event: 5.147 Thread 0x00000207fd588020 Exception <a 'java/lang/IncompatibleClassChangeError'{0x00000000862ff9d0}: Found class java.lang.Object, but interface was expected> (0x00000000862ff9d0) 
thrown [s\src\hotspot\share\interpreter\linkResolver.cpp, line 838]
Event: 5.184 Thread 0x00000207fd588020 Exception <a 'java/lang/NoSuchMethodError'{0x0000000085f314e0}: 'int java.lang.invoke.DirectMethodHandle$Holder.invokeStaticInit(java.lang.Object, java.lang.Object, java.lang.Object, java.lang.Object)'> (0x0000000085f314e0) 
thrown [s\src\hotspot\share\interpreter\linkResolver.cpp, line 771]
Event: 5.250 Thread 0x00000207fd588020 Implicit null exception at 0x0000020787c1e75a to 0x0000020787c1e98c
Event: 5.338 Thread 0x00000207fd588020 Exception <a 'java/lang/NoSuchMethodError'{0x00000000878fc9c0}: 'java.lang.Object java.lang.invoke.DirectMethodHandle$Holder.invokeSpecial(java.lang.Object, java.lang.Object, int, java.lang.Object, int, java.lang.Object)'> (0x00000000878fc9c0) 
thrown [s\src\hotspot\share\interpreter\linkResolver.cpp, line 771]
Event: 5.338 Thread 0x00000207fd588020 Exception <a 'java/lang/NoSuchMethodError'{0x00000000877050b8}: 'java.lang.Object java.lang.invoke.DirectMethodHandle$Holder.newInvokeSpecial(java.lang.Object, java.lang.Object, int, java.lang.Object, int)'> (0x00000000877050b8) 
thrown [s\src\hotspot\share\interpreter\linkResolver.cpp, line 771]
Event: 5.339 Thread 0x00000207fd588020 Exception <a 'java/lang/NoSuchMethodError'{0x00000000877091b8}: 'java.lang.Object java.lang.invoke.DirectMethodHandle$Holder.invokeSpecial(java.lang.Object, java.lang.Object, java.lang.Object, int, java.lang.Object, int)'> (0x00000000877091b8) 
thrown [s\src\hotspot\share\interpreter\linkResolver.cpp, line 771]
Event: 5.340 Thread 0x00000207fd588020 Exception <a 'java/lang/NoSuchMethodError'{0x0000000087713058}: 'void java.lang.invoke.DirectMethodHandle$Holder.invokeVirtual(java.lang.Object, java.lang.Object)'> (0x0000000087713058) 
thrown [s\src\hotspot\share\interpreter\linkResolver.cpp, line 771]
Event: 38.326 Thread 0x00000207fdb7bfc0 Exception <a 'sun/nio/fs/WindowsException'{0x0000000086c5d968}> (0x0000000086c5d968) 
thrown [s\src\hotspot\share\prims\jni.cpp, line 517]

VM Operations (20 events):
Event: 5.261 Executing VM operation: G1CollectForAllocation
Event: 5.267 Executing VM operation: G1CollectForAllocation done
Event: 5.381 Executing VM operation: HandshakeAllThreads
Event: 5.381 Executing VM operation: HandshakeAllThreads done
Event: 6.383 Executing VM operation: Cleanup
Event: 6.383 Executing VM operation: Cleanup done
Event: 11.436 Executing VM operation: Cleanup
Event: 11.436 Executing VM operation: Cleanup done
Event: 15.465 Executing VM operation: Cleanup
Event: 15.465 Executing VM operation: Cleanup done
Event: 26.608 Executing VM operation: Cleanup
Event: 26.608 Executing VM operation: Cleanup done
Event: 33.675 Executing VM operation: Cleanup
Event: 33.675 Executing VM operation: Cleanup done
Event: 38.205 Executing VM operation: HandshakeAllThreads
Event: 38.205 Executing VM operation: HandshakeAllThreads done
Event: 38.205 Executing VM operation: Cleanup
Event: 38.205 Executing VM operation: Cleanup done
Event: 38.316 Executing VM operation: HandshakeAllThreads
Event: 38.316 Executing VM operation: HandshakeAllThreads done

Events (20 events):
Event: 38.327 loading class sun/nio/fs/WindowsFileSystem$2
Event: 38.327 loading class java/nio/file/PathMatcher
Event: 38.327 loading class java/nio/file/PathMatcher done
Event: 38.327 loading class sun/nio/fs/WindowsFileSystem$2 done
Event: 38.327 loading class java/nio/file/Files$1
Event: 38.327 loading class java/nio/file/Files$1 done
Event: 38.327 loading class javax/crypto/CryptoPermissions
Event: 38.327 loading class javax/crypto/CryptoPermissions done
Event: 38.328 loading class javax/crypto/CryptoPolicyParser
Event: 38.328 loading class javax/crypto/CryptoPolicyParser done
Event: 38.328 loading class javax/crypto/CryptoPolicyParser$GrantEntry
Event: 38.328 loading class javax/crypto/CryptoPolicyParser$GrantEntry done
Event: 38.328 loading class javax/crypto/CryptoPolicyParser$CryptoPermissionEntry
Event: 38.328 loading class javax/crypto/CryptoPolicyParser$CryptoPermissionEntry done
Event: 38.329 loading class javax/crypto/CryptoAllPermission
Event: 38.329 loading class javax/crypto/CryptoPermission
Event: 38.329 loading class javax/crypto/CryptoPermission done
Event: 38.329 loading class javax/crypto/CryptoAllPermission done
Event: 38.329 loading class javax/crypto/CryptoAllPermissionCollection
Event: 38.329 loading class javax/crypto/CryptoAllPermissionCollection done


Dynamic libraries:
0x00007ff740f10000 - 0x00007ff740f1a000 	C:\Program Files\JetBrains\IntelliJ IDEA Educational Edition 2022.2.2\jbr\bin\java.exe
0x00007ffeaf150000 - 0x00007ffeaf367000 	C:\WINDOWS\SYSTEM32\ntdll.dll
0x00007ffead350000 - 0x00007ffead414000 	C:\WINDOWS\System32\KERNEL32.DLL
0x00007ffeac620000 - 0x00007ffeac9c6000 	C:\WINDOWS\System32\KERNELBASE.dll
0x00007ffeacbe0000 - 0x00007ffeaccf1000 	C:\WINDOWS\System32\ucrtbase.dll
0x00007ffea2d50000 - 0x00007ffea2d67000 	C:\Program Files\JetBrains\IntelliJ IDEA Educational Edition 2022.2.2\jbr\bin\jli.dll
0x00007ffea46c0000 - 0x00007ffea46db000 	C:\Program Files\JetBrains\IntelliJ IDEA Educational Edition 2022.2.2\jbr\bin\VCRUNTIME140.dll
0x00007ffeaef60000 - 0x00007ffeaf10e000 	C:\WINDOWS\System32\USER32.dll
0x00007ffeac9d0000 - 0x00007ffeac9f6000 	C:\WINDOWS\System32\win32u.dll
0x00007ffea20d0000 - 0x00007ffea2363000 	C:\WINDOWS\WinSxS\amd64_microsoft.windows.common-controls_6595b64144ccf1df_6.0.22621.2506_none_270c5ae97388e100\COMCTL32.dll
0x00007ffeaee80000 - 0x00007ffeaef27000 	C:\WINDOWS\System32\msvcrt.dll
0x00007ffeaef30000 - 0x00007ffeaef59000 	C:\WINDOWS\System32\GDI32.dll
0x00007ffeacd80000 - 0x00007ffeace98000 	C:\WINDOWS\System32\gdi32full.dll
0x00007ffeac490000 - 0x00007ffeac52a000 	C:\WINDOWS\System32\msvcp_win.dll
0x00007ffeaed40000 - 0x00007ffeaed71000 	C:\WINDOWS\System32\IMM32.DLL
0x00007ffea4790000 - 0x00007ffea479c000 	C:\Program Files\JetBrains\IntelliJ IDEA Educational Edition 2022.2.2\jbr\bin\vcruntime140_1.dll
0x00007ffe88640000 - 0x00007ffe886cd000 	C:\Program Files\JetBrains\IntelliJ IDEA Educational Edition 2022.2.2\jbr\bin\msvcp140.dll
0x00007ffe61280000 - 0x00007ffe61ee9000 	C:\Program Files\JetBrains\IntelliJ IDEA Educational Edition 2022.2.2\jbr\bin\server\jvm.dll
0x00007ffeaec80000 - 0x00007ffeaed33000 	C:\WINDOWS\System32\ADVAPI32.dll
0x00007ffead790000 - 0x00007ffead838000 	C:\WINDOWS\System32\sechost.dll
0x00007ffeac530000 - 0x00007ffeac558000 	C:\WINDOWS\System32\bcrypt.dll
0x00007ffeada40000 - 0x00007ffeadb57000 	C:\WINDOWS\System32\RPCRT4.dll
0x00007ffeada30000 - 0x00007ffeada38000 	C:\WINDOWS\System32\PSAPI.DLL
0x00007ffea2e60000 - 0x00007ffea2e6a000 	C:\WINDOWS\SYSTEM32\VERSION.dll
0x00007ffea7870000 - 0x00007ffea78a4000 	C:\WINDOWS\SYSTEM32\WINMM.dll
0x00007ffe954f0000 - 0x00007ffe954f9000 	C:\WINDOWS\SYSTEM32\WSOCK32.dll
0x00007ffeaed80000 - 0x00007ffeaedf1000 	C:\WINDOWS\System32\WS2_32.dll
0x00007ffeab4d0000 - 0x00007ffeab4e8000 	C:\WINDOWS\SYSTEM32\kernel.appcore.dll
0x00007ffea79a0000 - 0x00007ffea79aa000 	C:\Program Files\JetBrains\IntelliJ IDEA Educational Edition 2022.2.2\jbr\bin\jimage.dll
0x00007ffea9bc0000 - 0x00007ffea9df3000 	C:\WINDOWS\SYSTEM32\DBGHELP.DLL
0x00007ffeae6c0000 - 0x00007ffeaea49000 	C:\WINDOWS\System32\combase.dll
0x00007ffead6b0000 - 0x00007ffead787000 	C:\WINDOWS\System32\OLEAUT32.dll
0x00007ffea3b90000 - 0x00007ffea3bc2000 	C:\WINDOWS\SYSTEM32\dbgcore.DLL
0x00007ffeacd00000 - 0x00007ffeacd7a000 	C:\WINDOWS\System32\bcryptPrimitives.dll
0x00007ffea6b60000 - 0x00007ffea6b6e000 	C:\Program Files\JetBrains\IntelliJ IDEA Educational Edition 2022.2.2\jbr\bin\instrument.dll
0x00007ffea6c80000 - 0x00007ffea6ca5000 	C:\Program Files\JetBrains\IntelliJ IDEA Educational Edition 2022.2.2\jbr\bin\java.dll
0x00007ffea7000000 - 0x00007ffea7018000 	C:\Program Files\JetBrains\IntelliJ IDEA Educational Edition 2022.2.2\jbr\bin\zip.dll
0x00007ffeade60000 - 0x00007ffeae6bb000 	C:\WINDOWS\System32\SHELL32.dll
0x00007ffeaa3f0000 - 0x00007ffeaace6000 	C:\WINDOWS\SYSTEM32\windows.storage.dll
0x00007ffeaa2b0000 - 0x00007ffeaa3ee000 	C:\WINDOWS\SYSTEM32\wintypes.dll
0x00007ffead520000 - 0x00007ffead613000 	C:\WINDOWS\System32\SHCORE.dll
0x00007ffeadc20000 - 0x00007ffeadc7e000 	C:\WINDOWS\System32\shlwapi.dll
0x00007ffeac3c0000 - 0x00007ffeac3e6000 	C:\WINDOWS\SYSTEM32\profapi.dll
0x00007ffea6ad0000 - 0x00007ffea6ae9000 	C:\Program Files\JetBrains\IntelliJ IDEA Educational Edition 2022.2.2\jbr\bin\net.dll
0x00007ffea7300000 - 0x00007ffea7437000 	C:\WINDOWS\SYSTEM32\WINHTTP.dll
0x00007ffeab950000 - 0x00007ffeab9b9000 	C:\WINDOWS\system32\mswsock.dll
0x00007ffea69d0000 - 0x00007ffea69e6000 	C:\Program Files\JetBrains\IntelliJ IDEA Educational Edition 2022.2.2\jbr\bin\nio.dll
0x00007ffea6a10000 - 0x00007ffea6a2a000 	C:\Program Files\JetBrains\IntelliJ IDEA Educational Edition 2022.2.2\bin\breakgen64.dll
0x00007ffe9f7d0000 - 0x00007ffe9f7e0000 	C:\Program Files\JetBrains\IntelliJ IDEA Educational Edition 2022.2.2\jbr\bin\verify.dll
0x00007ffe9e100000 - 0x00007ffe9e109000 	C:\Program Files\JetBrains\IntelliJ IDEA Educational Edition 2022.2.2\jbr\bin\management.dll
0x00007ffe9d5e0000 - 0x00007ffe9d5eb000 	C:\Program Files\JetBrains\IntelliJ IDEA Educational Edition 2022.2.2\jbr\bin\management_ext.dll
0x00007ffe93a30000 - 0x00007ffe93a47000 	C:\WINDOWS\system32\napinsp.dll
0x00007ffe93100000 - 0x00007ffe9311b000 	C:\WINDOWS\system32\pnrpnsp.dll
0x00007ffeaafc0000 - 0x00007ffeab0b9000 	C:\WINDOWS\SYSTEM32\DNSAPI.dll
0x00007ffeaaf90000 - 0x00007ffeaafbd000 	C:\WINDOWS\SYSTEM32\IPHLPAPI.DLL
0x00007ffeadb60000 - 0x00007ffeadb69000 	C:\WINDOWS\System32\NSI.dll
0x00007ffe930a0000 - 0x00007ffe930b1000 	C:\WINDOWS\System32\winrnr.dll
0x00007ffe93080000 - 0x00007ffe93095000 	C:\WINDOWS\system32\wshbth.dll
0x00007ffe93020000 - 0x00007ffe93041000 	C:\WINDOWS\system32\nlansp_c.dll
0x00007ffea60c0000 - 0x00007ffea60ca000 	C:\Windows\System32\rasadhlp.dll
0x00007ffea60d0000 - 0x00007ffea6153000 	C:\WINDOWS\System32\fwpuclnt.dll
0x00007ffeabc10000 - 0x00007ffeabc2b000 	C:\WINDOWS\SYSTEM32\CRYPTSP.dll
0x00007ffeab430000 - 0x00007ffeab465000 	C:\WINDOWS\system32\rsaenh.dll
0x00007ffeabab0000 - 0x00007ffeabadc000 	C:\WINDOWS\SYSTEM32\USERENV.dll
0x00007ffeabc30000 - 0x00007ffeabc3c000 	C:\WINDOWS\SYSTEM32\CRYPTBASE.dll
0x00007ffea72d0000 - 0x00007ffea72e9000 	C:\WINDOWS\SYSTEM32\dhcpcsvc6.DLL
0x00007ffea71f0000 - 0x00007ffea720f000 	C:\WINDOWS\SYSTEM32\dhcpcsvc.DLL
0x00007ffea6200000 - 0x00007ffea620d000 	C:\Program Files\JetBrains\IntelliJ IDEA Educational Edition 2022.2.2\jbr\bin\sunmscapi.dll
0x00007ffeaca00000 - 0x00007ffeacb66000 	C:\WINDOWS\System32\CRYPT32.dll
0x00007ffeabe50000 - 0x00007ffeabe7e000 	C:\WINDOWS\SYSTEM32\ncrypt.dll
0x00007ffeabe10000 - 0x00007ffeabe47000 	C:\WINDOWS\SYSTEM32\NTASN1.dll
0x00007ffea61f0000 - 0x00007ffea61f8000 	C:\WINDOWS\system32\wshunix.dll

dbghelp: loaded successfully - version: 4.0.5 - missing functions: none
symbol engine: initialized successfully - sym options: 0x614 - pdb path: .;C:\Program Files\JetBrains\IntelliJ IDEA Educational Edition 2022.2.2\jbr\bin;C:\WINDOWS\SYSTEM32;C:\WINDOWS\WinSxS\amd64_microsoft.windows.common-controls_6595b64144ccf1df_6.0.22621.2506_none_270c5ae97388e100;C:\Program Files\JetBrains\IntelliJ IDEA Educational Edition 2022.2.2\jbr\bin\server;C:\Program Files\JetBrains\IntelliJ IDEA Educational Edition 2022.2.2\bin

VM Arguments:
jvm_args: -javaagent:C:\Program Files\JetBrains\IntelliJ IDEA Educational Edition 2022.2.2\lib\idea_rt.jar=41762:C:\Program Files\JetBrains\IntelliJ IDEA Educational Edition 2022.2.2\bin -Dfile.encoding=UTF-8 
java_command: com.proyectojwt.ProyectoJwtApplication
java_class_path (initial): D:\a\Proyecto-JWT-Backend-master\Proyecto-JWT-Backend-master\target\classes;C:\Users\PCMovil\.m2\repository\org\springframework\boot\spring-boot-starter-data-jpa\2.7.15\spring-boot-starter-data-jpa-2.7.15.jar;C:\Users\PCMovil\.m2\repository\org\springframework\boot\spring-boot-starter-aop\2.7.15\spring-boot-starter-aop-2.7.15.jar;C:\Users\PCMovil\.m2\repository\org\aspectj\aspectjweaver\1.9.7\aspectjweaver-1.9.7.jar;C:\Users\PCMovil\.m2\repository\org\springframework\boot\spring-boot-starter-jdbc\2.7.15\spring-boot-starter-jdbc-2.7.15.jar;C:\Users\PCMovil\.m2\repository\com\zaxxer\HikariCP\4.0.3\HikariCP-4.0.3.jar;C:\Users\PCMovil\.m2\repository\org\springframework\spring-jdbc\5.3.29\spring-jdbc-5.3.29.jar;C:\Users\PCMovil\.m2\repository\jakarta\transaction\jakarta.transaction-api\1.3.3\jakarta.transaction-api-1.3.3.jar;C:\Users\PCMovil\.m2\repository\jakarta\persistence\jakarta.persistence-api\2.2.3\jakarta.persistence-api-2.2.3.jar;C:\Users\PCMovil\.m2\repository\org\hibernate\hibernate-core\5.6.15.Final\hibernate-core-5.6.15.Final.jar;C:\Users\PCMovil\.m2\repository\org\jboss\logging\jboss-logging\3.4.3.Final\jboss-logging-3.4.3.Final.jar;C:\Users\PCMovil\.m2\repository\net\bytebuddy\byte-buddy\1.12.23\byte-buddy-1.12.23.jar;C:\Users\PCMovil\.m2\repository\antlr\antlr\2.7.7\antlr-2.7.7.jar;C:\Users\PCMovil\.m2\repository\org\jboss\jandex\2.4.2.Final\jandex-2.4.2.Final.jar;C:\Users\PCMovil\.m2\repository\com\fasterxml\classmate\1.5.1\classmate-1.5.1.jar;C:\Users\PCMovil\.m2\repository\org\hibernate\common\hibernate-commons-annotations\5.1.2.Final\hibernate-commons-annotations-5.1.2.Final.jar;C:\Users\PCMovil\.m2\repository\org\glassfish\jaxb\jaxb-runtime\2.3.8\jaxb-runtime-2.3.8.jar;C:\Users\PCMovil\.m2\repository\org\glassfish\jaxb\txw2\2.3.8\txw2-2.3.8.jar;C:\Users\PCMovil\.m2\repository\com\sun\istack\istack-commons-runtime\3.0.12\istack-commons-runtime-3.0.12.jar;C:\Users\PCMovil\.m2\repository\com\sun\activation\jakarta.activation
Launcher Type: SUN_STANDARD

[Global flags]
     intx CICompilerCount                          = 4                                         {product} {ergonomic}
     uint ConcGCThreads                            = 2                                         {product} {ergonomic}
     uint G1ConcRefinementThreads                  = 8                                         {product} {ergonomic}
   size_t G1HeapRegionSize                         = 1048576                                   {product} {ergonomic}
    uintx GCDrainStackTargetSize                   = 64                                        {product} {ergonomic}
   size_t InitialHeapSize                          = 132120576                                 {product} {ergonomic}
   size_t MarkStackSize                            = 4194304                                   {product} {ergonomic}
   size_t MaxHeapSize                              = 2095054848                                {product} {ergonomic}
   size_t MaxNewSize                               = 1256194048                                {product} {ergonomic}
   size_t MinHeapDeltaBytes                        = 1048576                                   {product} {ergonomic}
   size_t MinHeapSize                              = 8388608                                   {product} {ergonomic}
    uintx NonNMethodCodeHeapSize                   = 5839372                                {pd product} {ergonomic}
    uintx NonProfiledCodeHeapSize                  = 122909434                              {pd product} {ergonomic}
    uintx ProfiledCodeHeapSize                     = 122909434                              {pd product} {ergonomic}
    uintx ReservedCodeCacheSize                    = 251658240                              {pd product} {ergonomic}
     bool SegmentedCodeCache                       = true                                      {product} {ergonomic}
   size_t SoftMaxHeapSize                          = 2095054848                             {manageable} {ergonomic}
     bool UseCompressedClassPointers               = true                           {product lp64_product} {ergonomic}
     bool UseCompressedOops                        = true                           {product lp64_product} {ergonomic}
     bool UseG1GC                                  = true                                      {product} {ergonomic}
     bool UseLargePagesIndividualAllocation        = false                                  {pd product} {ergonomic}

Logging:
Log output configuration:
 #0: stdout all=warning uptime,level,tags
 #1: stderr all=off uptime,level,tags

Environment Variables:
JAVA_HOME=C:\Program Files (x86)\Java\jre-1.8
PATH=C:\Program Files\OpenLogic\jdk-8.0.382.05-hotspot\bin;C:\Program Files (x86)\Common Files\Oracle\Java\javapath;C:\Windows\System32\HWAudioDriverLibs;C:\Windows\system32;C:\Windows;C:\Windows\System32\Wbem;C:\Windows\System32\WindowsPowerShell\v1.0\;C:\Windows\System32\OpenSSH\;C:\Windows\system32\config\systemprofile\AppData\Local\Microsoft\WindowsApps;C:\Program Files\PuTTY\;C:\WINDOWS\system32;C:\WINDOWS;C:\WINDOWS\System32\Wbem;C:\WINDOWS\System32\WindowsPowerShell\v1.0\;C:\WINDOWS\System32\OpenSSH\;C:\Program Files\Oberthur Technologies\AuthentIC Webpack\Dlls;C:\Program Files (x86)\Oberthur Technologies\AuthentIC Webpack\Dlls;C:\Program Files\nodejs\;C:\Program Files (x86)\Java\jre-1.8\bin;C:\Program Files\Git\cmd;C:\Users\PCMovil\AppData\Local\Microsoft\WindowsApps;C:\Program Files (x86)\Nmap;C:\Users\PCMovil\AppData\Local\Programs\Microsoft VS Code\bin;C:\Users\PCMovil\AppData\Roaming\npm;C:\Users\PCMovil\AppData\Local\GitHubDesktop\bin
USERNAME=PCMovil
OS=Windows_NT
PROCESSOR_IDENTIFIER=Intel64 Family 6 Model 140 Stepping 1, GenuineIntel
TMP=C:\Users\PCMovil\AppData\Local\Temp
TEMP=C:\Users\PCMovil\AppData\Local\Temp



---------------  S Y S T E M  ---------------

OS:
 Windows 11 , 64 bit Build 22621 (10.0.22621.3085)
OS uptime: 4 days 14:38 hours

CPU: total 8 (initial active 8) (4 cores per cpu, 2 threads per core) family 6 model 140 stepping 1 microcode 0x8a, cx8, cmov, fxsr, ht, mmx, 3dnowpref, sse, sse2, sse3, ssse3, sse4.1, sse4.2, popcnt, lzcnt, tsc, tscinvbit, avx, avx2, aes, erms, clmul, bmi1, bmi2, adx, avx512f, avx512dq, avx512cd, avx512bw, avx512vl, sha, fma, vzeroupper, avx512_vpopcntdq, avx512_vpclmulqdq, avx512_vaes, avx512_vnni, clflush, clflushopt, clwb, avx512_vbmi2, avx512_vbmi

Memory: 4k page, system-wide physical 7991M (652M free)
TotalPageFile size 10039M (AvailPageFile size 5M)
current process WorkingSet (physical memory assigned to process): 258M, peak: 289M
current process commit charge ("private bytes"): 298M, peak: 320M

vm_info: OpenJDK 64-Bit Server VM (17.0.4.1+7-b469.62) for windows-amd64 JRE (17.0.4.1+7-b469.62), built on 2022-09-22 by "builduser" with MS VC++ 16.10 / 16.11 (VS2019)

END.
